[2022-07-21T22:23:48.247Z] Log level: Info
[2022-07-21T22:23:48.254Z] [info] Validating found git in: git
[2022-07-21T22:23:48.291Z] [info] Using git 2.25.1 from git
[2022-07-21T22:23:48.312Z] > git rev-parse --show-toplevel [5ms]
[2022-07-21T22:23:48.321Z] > git rev-parse --git-dir --git-common-dir [1ms]
[2022-07-21T22:23:48.327Z] [info] Open repository: /home/diedose/coding/2022_portfolio
[2022-07-21T22:23:48.335Z] > git status -z -uall [1ms]
[2022-07-21T22:23:48.343Z] > git symbolic-ref --short HEAD [1ms]
[2022-07-21T22:23:48.363Z] > git for-each-ref --format=%(refname)%00%(upstream:short)%00%(objectname)%00%(upstream:track)%00%(upstream:remotename)%00%(upstream:remoteref) refs/heads/main refs/remotes/main [14ms]
[2022-07-21T22:23:48.384Z] > git for-each-ref --sort -committerdate --format %(refname) %(objectname) %(*objectname) [13ms]
[2022-07-21T22:23:48.385Z] > git remote --verbose [8ms]
[2022-07-21T22:23:48.395Z] > git config --get commit.template [0ms]
[2022-07-21T22:23:48.406Z] > git status -z -uall [2ms]
[2022-07-21T22:23:48.415Z] > git symbolic-ref --short HEAD [4ms]
[2022-07-21T22:23:48.797Z] > git for-each-ref --format=%(refname)%00%(upstream:short)%00%(objectname)%00%(upstream:track)%00%(upstream:remotename)%00%(upstream:remoteref) refs/heads/main refs/remotes/main [376ms]
[2022-07-21T22:23:48.830Z] > git remote --verbose [6ms]
[2022-07-21T22:23:48.831Z] > git for-each-ref --sort -committerdate --format %(refname) %(objectname) %(*objectname) [19ms]
[2022-07-21T22:23:49.106Z] > git check-ignore -v -z --stdin [48ms]
[2022-07-21T22:23:49.108Z] > git show --textconv :src/router/index.js [12ms]
[2022-07-21T22:23:49.108Z] > git config --get commit.template [81ms]
[2022-07-21T22:23:49.112Z] > git ls-files --stage -- /home/diedose/coding/2022_portfolio/src/router/index.js [8ms]
[2022-07-21T22:24:44.488Z] > git check-ignore -v -z --stdin [1ms]
[2022-07-21T22:24:46.634Z] > git show --textconv :src/App.vue [8ms]
[2022-07-21T22:24:46.636Z] > git ls-files --stage -- /home/diedose/coding/2022_portfolio/src/App.vue [2ms]
[2022-07-21T22:24:49.273Z] > git status -z -uall [0ms]
[2022-07-21T22:24:49.280Z] > git symbolic-ref --short HEAD [1ms]
[2022-07-21T22:24:49.286Z] > git for-each-ref --format=%(refname)%00%(upstream:short)%00%(objectname)%00%(upstream:track)%00%(upstream:remotename)%00%(upstream:remoteref) refs/heads/main refs/remotes/main [0ms]
[2022-07-21T22:24:49.298Z] > git remote --verbose [2ms]
[2022-07-21T22:24:49.298Z] > git for-each-ref --sort -committerdate --format %(refname) %(objectname) %(*objectname) [7ms]
[2022-07-21T22:24:49.309Z] > git config --get commit.template [1ms]
[2022-07-21T22:25:08.373Z] > git show --textconv :src/App.vue [5ms]
[2022-07-21T22:25:08.374Z] > git ls-files --stage -- /home/diedose/coding/2022_portfolio/src/App.vue [2ms]
[2022-07-21T22:25:10.305Z] > git status -z -uall [2ms]
[2022-07-21T22:25:10.311Z] > git symbolic-ref --short HEAD [1ms]
[2022-07-21T22:25:10.317Z] > git for-each-ref --format=%(refname)%00%(upstream:short)%00%(objectname)%00%(upstream:track)%00%(upstream:remotename)%00%(upstream:remoteref) refs/heads/main refs/remotes/main [0ms]
[2022-07-21T22:25:10.328Z] > git remote --verbose [0ms]
[2022-07-21T22:25:10.329Z] > git for-each-ref --sort -committerdate --format %(refname) %(objectname) %(*objectname) [6ms]
[2022-07-21T22:25:10.336Z] > git config --get commit.template [1ms]
