[2022-07-21T22:50:09.331Z] Log level: Info
[2022-07-21T22:50:09.336Z] [info] Validating found git in: git
[2022-07-21T22:50:09.370Z] [info] Using git 2.25.1 from git
[2022-07-21T22:50:09.390Z] > git rev-parse --show-toplevel [6ms]
[2022-07-21T22:50:09.400Z] > git rev-parse --git-dir --git-common-dir [3ms]
[2022-07-21T22:50:09.406Z] [info] Open repository: /home/diedose/coding/2022_portfolio
[2022-07-21T22:50:09.423Z] > git status -z -uall [10ms]
[2022-07-21T22:50:09.689Z] > git symbolic-ref --short HEAD [261ms]
[2022-07-21T22:50:09.713Z] > git for-each-ref --format=%(refname)%00%(upstream:short)%00%(objectname)%00%(upstream:track)%00%(upstream:remotename)%00%(upstream:remoteref) refs/heads/main refs/remotes/main [19ms]
[2022-07-21T22:50:09.787Z] > git remote --verbose [62ms]
[2022-07-21T22:50:09.788Z] > git for-each-ref --sort -committerdate --format %(refname) %(objectname) %(*objectname) [70ms]
[2022-07-21T22:50:09.806Z] > git config --get commit.template [1ms]
[2022-07-21T22:50:09.819Z] > git status -z -uall [5ms]
[2022-07-21T22:50:09.826Z] > git symbolic-ref --short HEAD [1ms]
[2022-07-21T22:50:09.832Z] > git for-each-ref --format=%(refname)%00%(upstream:short)%00%(objectname)%00%(upstream:track)%00%(upstream:remotename)%00%(upstream:remoteref) refs/heads/main refs/remotes/main [1ms]
[2022-07-21T22:50:09.844Z] > git remote --verbose [1ms]
[2022-07-21T22:50:09.845Z] > git for-each-ref --sort -committerdate --format %(refname) %(objectname) %(*objectname) [7ms]
[2022-07-21T22:50:09.869Z] > git config --get commit.template [17ms]
[2022-07-21T22:50:09.943Z] > git check-ignore -v -z --stdin [2ms]
[2022-07-21T22:50:17.721Z] > git show --textconv :README.md [73ms]
[2022-07-21T22:50:17.721Z] > git ls-files --stage -- /home/diedose/coding/2022_portfolio/README.md [67ms]
[2022-07-21T22:50:17.755Z] > git cat-file -s 8a600c2f3325e10de472d65a0bae6d972b8c4464 [27ms]
[2022-07-21T22:50:18.476Z] > git show --textconv :src/App.vue [8ms]
[2022-07-21T22:50:18.476Z] > git ls-files --stage -- /home/diedose/coding/2022_portfolio/src/App.vue [1ms]
[2022-07-21T22:50:18.483Z] > git cat-file -s e864195002371619c22d0454351235745b2a4f3f [1ms]
[2022-07-21T22:51:44.397Z] > git status -z -uall [1ms]
[2022-07-21T22:51:44.403Z] > git symbolic-ref --short HEAD [1ms]
[2022-07-21T22:51:44.409Z] > git for-each-ref --format=%(refname)%00%(upstream:short)%00%(objectname)%00%(upstream:track)%00%(upstream:remotename)%00%(upstream:remoteref) refs/heads/main refs/remotes/main [1ms]
[2022-07-21T22:51:44.417Z] > git remote --verbose [0ms]
[2022-07-21T22:51:44.418Z] > git for-each-ref --sort -committerdate --format %(refname) %(objectname) %(*objectname) [5ms]
[2022-07-21T22:51:44.427Z] > git config --get commit.template [1ms]
