[2022-07-21T22:00:22.087Z] Log level: Info
[2022-07-21T22:00:22.092Z] [info] Validating found git in: git
[2022-07-21T22:00:22.127Z] [info] Using git 2.25.1 from git
[2022-07-21T22:00:22.161Z] > git rev-parse --show-toplevel [21ms]
[2022-07-21T22:00:22.176Z] > git rev-parse --git-dir --git-common-dir [3ms]
[2022-07-21T22:00:22.184Z] [info] Open repository: /home/diedose/coding/2022_portfolio
[2022-07-21T22:00:22.195Z] > git status -z -uall [4ms]
[2022-07-21T22:00:22.200Z] > git symbolic-ref --short HEAD [1ms]
[2022-07-21T22:00:22.205Z] > git for-each-ref --format=%(refname)%00%(upstream:short)%00%(objectname)%00%(upstream:track)%00%(upstream:remotename)%00%(upstream:remoteref) refs/heads/main refs/remotes/main [1ms]
[2022-07-21T22:00:22.212Z] > git remote --verbose [1ms]
[2022-07-21T22:00:22.213Z] > git for-each-ref --sort -committerdate --format %(refname) %(objectname) %(*objectname) [5ms]
[2022-07-21T22:00:22.223Z] > git config --get commit.template [1ms]
[2022-07-21T22:00:22.230Z] > git status -z -uall [1ms]
[2022-07-21T22:00:22.235Z] > git symbolic-ref --short HEAD [2ms]
[2022-07-21T22:00:22.247Z] > git for-each-ref --format=%(refname)%00%(upstream:short)%00%(objectname)%00%(upstream:track)%00%(upstream:remotename)%00%(upstream:remoteref) refs/heads/main refs/remotes/main [7ms]
[2022-07-21T22:00:22.260Z] > git for-each-ref --sort -committerdate --format %(refname) %(objectname) %(*objectname) [9ms]
[2022-07-21T22:00:22.260Z] > git remote --verbose [5ms]
[2022-07-21T22:00:22.683Z] > git config --get commit.template [417ms]
[2022-07-21T22:00:22.841Z] > git check-ignore -v -z --stdin [43ms]
[2022-07-21T22:00:22.844Z] > git show --textconv :src/App.vue [22ms]
[2022-07-21T22:00:22.844Z] > git ls-files --stage -- /home/diedose/coding/2022_portfolio/src/App.vue [16ms]
[2022-07-21T22:00:46.457Z] > git status -z -uall [1ms]
[2022-07-21T22:00:46.465Z] > git symbolic-ref --short HEAD [1ms]
[2022-07-21T22:00:46.472Z] > git for-each-ref --format=%(refname)%00%(upstream:short)%00%(objectname)%00%(upstream:track)%00%(upstream:remotename)%00%(upstream:remoteref) refs/heads/main refs/remotes/main [1ms]
[2022-07-21T22:00:46.485Z] > git remote --verbose [1ms]
[2022-07-21T22:00:46.486Z] > git for-each-ref --sort -committerdate --format %(refname) %(objectname) %(*objectname) [8ms]
[2022-07-21T22:00:46.495Z] > git config --get commit.template [1ms]
[2022-07-21T22:01:23.505Z] > git status -z -uall [1ms]
[2022-07-21T22:01:23.511Z] > git symbolic-ref --short HEAD [1ms]
[2022-07-21T22:01:23.516Z] > git for-each-ref --format=%(refname)%00%(upstream:short)%00%(objectname)%00%(upstream:track)%00%(upstream:remotename)%00%(upstream:remoteref) refs/heads/main refs/remotes/main [1ms]
[2022-07-21T22:01:23.525Z] > git remote --verbose [1ms]
[2022-07-21T22:01:23.525Z] > git for-each-ref --sort -committerdate --format %(refname) %(objectname) %(*objectname) [5ms]
[2022-07-21T22:01:23.533Z] > git config --get commit.template [1ms]
[2022-07-21T22:01:47.054Z] > git status -z -uall [1ms]
[2022-07-21T22:01:47.061Z] > git symbolic-ref --short HEAD [1ms]
[2022-07-21T22:01:47.067Z] > git for-each-ref --format=%(refname)%00%(upstream:short)%00%(objectname)%00%(upstream:track)%00%(upstream:remotename)%00%(upstream:remoteref) refs/heads/main refs/remotes/main [1ms]
[2022-07-21T22:01:47.078Z] > git remote --verbose [1ms]
[2022-07-21T22:01:47.078Z] > git for-each-ref --sort -committerdate --format %(refname) %(objectname) %(*objectname) [6ms]
[2022-07-21T22:01:47.086Z] > git config --get commit.template [1ms]
