[2022-07-21T22:02:40.450Z] Log level: Info
[2022-07-21T22:02:40.455Z] [info] Validating found git in: git
[2022-07-21T22:02:40.477Z] [info] Using git 2.25.1 from git
[2022-07-21T22:02:40.497Z] > git rev-parse --show-toplevel [6ms]
[2022-07-21T22:02:40.505Z] > git rev-parse --git-dir --git-common-dir [1ms]
[2022-07-21T22:02:40.510Z] [info] Open repository: /home/diedose/coding/2022_portfolio
[2022-07-21T22:02:40.518Z] > git status -z -uall [2ms]
[2022-07-21T22:02:40.524Z] > git symbolic-ref --short HEAD [2ms]
[2022-07-21T22:02:40.529Z] > git for-each-ref --format=%(refname)%00%(upstream:short)%00%(objectname)%00%(upstream:track)%00%(upstream:remotename)%00%(upstream:remoteref) refs/heads/main refs/remotes/main [1ms]
[2022-07-21T22:02:40.540Z] > git remote --verbose [2ms]
[2022-07-21T22:02:40.540Z] > git for-each-ref --sort -committerdate --format %(refname) %(objectname) %(*objectname) [6ms]
[2022-07-21T22:02:40.549Z] > git config --get commit.template [1ms]
[2022-07-21T22:02:40.556Z] > git status -z -uall [1ms]
[2022-07-21T22:02:40.561Z] > git symbolic-ref --short HEAD [0ms]
[2022-07-21T22:02:40.566Z] > git for-each-ref --format=%(refname)%00%(upstream:short)%00%(objectname)%00%(upstream:track)%00%(upstream:remotename)%00%(upstream:remoteref) refs/heads/main refs/remotes/main [1ms]
[2022-07-21T22:02:40.574Z] > git for-each-ref --sort -committerdate --format %(refname) %(objectname) %(*objectname) [4ms]
[2022-07-21T22:02:40.574Z] > git remote --verbose [1ms]
[2022-07-21T22:02:40.581Z] > git config --get commit.template [1ms]
[2022-07-21T22:02:41.148Z] > git check-ignore -v -z --stdin [10ms]
[2022-07-21T22:02:41.340Z] > git show --textconv :src/App.vue [18ms]
[2022-07-21T22:02:41.340Z] > git ls-files --stage -- /home/diedose/coding/2022_portfolio/src/App.vue [13ms]
[2022-07-21T22:02:46.345Z] > git status -z -uall [1ms]
[2022-07-21T22:02:46.352Z] > git symbolic-ref --short HEAD [0ms]
[2022-07-21T22:02:46.360Z] > git for-each-ref --format=%(refname)%00%(upstream:short)%00%(objectname)%00%(upstream:track)%00%(upstream:remotename)%00%(upstream:remoteref) refs/heads/main refs/remotes/main [1ms]
[2022-07-21T22:02:46.374Z] > git remote --verbose [1ms]
[2022-07-21T22:02:46.374Z] > git for-each-ref --sort -committerdate --format %(refname) %(objectname) %(*objectname) [8ms]
[2022-07-21T22:02:46.384Z] > git config --get commit.template [0ms]
[2022-07-21T22:04:40.987Z] > git status -z -uall [1ms]
[2022-07-21T22:04:40.992Z] > git symbolic-ref --short HEAD [1ms]
[2022-07-21T22:04:40.997Z] > git for-each-ref --format=%(refname)%00%(upstream:short)%00%(objectname)%00%(upstream:track)%00%(upstream:remotename)%00%(upstream:remoteref) refs/heads/main refs/remotes/main [1ms]
[2022-07-21T22:04:41.006Z] > git remote --verbose [1ms]
[2022-07-21T22:04:41.006Z] > git for-each-ref --sort -committerdate --format %(refname) %(objectname) %(*objectname) [5ms]
[2022-07-21T22:04:41.014Z] > git config --get commit.template [0ms]
[2022-07-21T22:04:47.753Z] > git status -z -uall [1ms]
[2022-07-21T22:04:47.758Z] > git symbolic-ref --short HEAD [1ms]
[2022-07-21T22:04:47.763Z] > git for-each-ref --format=%(refname)%00%(upstream:short)%00%(objectname)%00%(upstream:track)%00%(upstream:remotename)%00%(upstream:remoteref) refs/heads/main refs/remotes/main [1ms]
[2022-07-21T22:04:47.771Z] > git remote --verbose [0ms]
[2022-07-21T22:04:47.772Z] > git for-each-ref --sort -committerdate --format %(refname) %(objectname) %(*objectname) [4ms]
[2022-07-21T22:04:47.779Z] > git config --get commit.template [1ms]
[2022-07-21T22:04:52.786Z] > git status -z -uall [1ms]
[2022-07-21T22:04:52.791Z] > git symbolic-ref --short HEAD [1ms]
[2022-07-21T22:04:52.796Z] > git for-each-ref --format=%(refname)%00%(upstream:short)%00%(objectname)%00%(upstream:track)%00%(upstream:remotename)%00%(upstream:remoteref) refs/heads/main refs/remotes/main [1ms]
[2022-07-21T22:04:52.806Z] > git remote --verbose [1ms]
[2022-07-21T22:04:52.806Z] > git for-each-ref --sort -committerdate --format %(refname) %(objectname) %(*objectname) [5ms]
[2022-07-21T22:04:52.813Z] > git config --get commit.template [1ms]
[2022-07-21T22:05:29.601Z] > git check-ignore -v -z --stdin [1ms]
[2022-07-21T22:05:31.197Z] > git check-ignore -v -z --stdin [1ms]
[2022-07-21T22:05:42.395Z] > git show --textconv :src/App.vue [6ms]
[2022-07-21T22:05:42.396Z] > git ls-files --stage -- /home/diedose/coding/2022_portfolio/src/App.vue [1ms]
[2022-07-21T22:05:49.436Z] > git status -z -uall [1ms]
[2022-07-21T22:05:49.443Z] > git symbolic-ref --short HEAD [1ms]
[2022-07-21T22:05:49.449Z] > git for-each-ref --format=%(refname)%00%(upstream:short)%00%(objectname)%00%(upstream:track)%00%(upstream:remotename)%00%(upstream:remoteref) refs/heads/main refs/remotes/main [1ms]
[2022-07-21T22:05:49.459Z] > git for-each-ref --sort -committerdate --format %(refname) %(objectname) %(*objectname) [5ms]
[2022-07-21T22:05:49.459Z] > git remote --verbose [0ms]
[2022-07-21T22:05:49.468Z] > git config --get commit.template [1ms]
