[2022-07-21T22:28:02.057Z] Log level: Info
[2022-07-21T22:28:02.062Z] [info] Validating found git in: git
[2022-07-21T22:28:02.084Z] [info] Using git 2.25.1 from git
[2022-07-21T22:28:02.098Z] > git rev-parse --show-toplevel [4ms]
[2022-07-21T22:28:02.105Z] > git rev-parse --git-dir --git-common-dir [1ms]
[2022-07-21T22:28:02.112Z] [info] Open repository: /home/diedose/coding/2022_portfolio
[2022-07-21T22:28:02.126Z] > git status -z -uall [6ms]
[2022-07-21T22:28:02.131Z] > git symbolic-ref --short HEAD [1ms]
[2022-07-21T22:28:02.140Z] > git for-each-ref --format=%(refname)%00%(upstream:short)%00%(objectname)%00%(upstream:track)%00%(upstream:remotename)%00%(upstream:remoteref) refs/heads/main refs/remotes/main [2ms]
[2022-07-21T22:28:02.156Z] > git remote --verbose [1ms]
[2022-07-21T22:28:02.156Z] > git for-each-ref --sort -committerdate --format %(refname) %(objectname) %(*objectname) [8ms]
[2022-07-21T22:28:02.169Z] > git config --get commit.template [4ms]
[2022-07-21T22:28:02.177Z] > git status -z -uall [1ms]
[2022-07-21T22:28:02.184Z] > git symbolic-ref --short HEAD [1ms]
[2022-07-21T22:28:02.190Z] > git for-each-ref --format=%(refname)%00%(upstream:short)%00%(objectname)%00%(upstream:track)%00%(upstream:remotename)%00%(upstream:remoteref) refs/heads/main refs/remotes/main [1ms]
[2022-07-21T22:28:02.201Z] > git for-each-ref --sort -committerdate --format %(refname) %(objectname) %(*objectname) [7ms]
[2022-07-21T22:28:02.201Z] > git remote --verbose [2ms]
[2022-07-21T22:28:02.224Z] > git config --get commit.template [15ms]
[2022-07-21T22:28:02.717Z] > git check-ignore -v -z --stdin [11ms]
[2022-07-21T22:28:02.955Z] > git show --textconv :src/App.vue [8ms]
[2022-07-21T22:28:02.956Z] > git ls-files --stage -- /home/diedose/coding/2022_portfolio/src/App.vue [2ms]
[2022-07-21T22:29:24.245Z] > git status -z -uall [1ms]
[2022-07-21T22:29:24.250Z] > git symbolic-ref --short HEAD [1ms]
[2022-07-21T22:29:24.254Z] > git for-each-ref --format=%(refname)%00%(upstream:short)%00%(objectname)%00%(upstream:track)%00%(upstream:remotename)%00%(upstream:remoteref) refs/heads/main refs/remotes/main [1ms]
[2022-07-21T22:29:24.260Z] > git for-each-ref --sort -committerdate --format %(refname) %(objectname) %(*objectname) [3ms]
[2022-07-21T22:29:24.261Z] > git remote --verbose [1ms]
[2022-07-21T22:29:24.267Z] > git config --get commit.template [1ms]
