[2022-07-22T01:52:08.604Z] Log level: Info
[2022-07-22T01:52:08.608Z] [info] Validating found git in: git
[2022-07-22T01:52:08.633Z] [info] Using git 2.25.1 from git
[2022-07-22T01:52:08.649Z] > git rev-parse --show-toplevel [3ms]
[2022-07-22T01:52:08.660Z] > git rev-parse --git-dir --git-common-dir [3ms]
[2022-07-22T01:52:08.669Z] [info] Open repository: /home/diedose/coding/2022_portfolio
[2022-07-22T01:52:08.681Z] > git status -z -uall [2ms]
[2022-07-22T01:52:08.686Z] > git symbolic-ref --short HEAD [1ms]
[2022-07-22T01:52:08.693Z] > git for-each-ref --format=%(refname)%00%(upstream:short)%00%(objectname)%00%(upstream:track)%00%(upstream:remotename)%00%(upstream:remoteref) refs/heads/main refs/remotes/main [2ms]
[2022-07-22T01:52:08.705Z] > git remote --verbose [3ms]
[2022-07-22T01:52:08.705Z] > git for-each-ref --sort -committerdate --format %(refname) %(objectname) %(*objectname) [7ms]
[2022-07-22T01:52:08.727Z] > git config --get commit.template [11ms]
[2022-07-22T01:52:08.741Z] > git status -z -uall [4ms]
[2022-07-22T01:52:08.760Z] > git symbolic-ref --short HEAD [12ms]
[2022-07-22T01:52:08.786Z] > git for-each-ref --format=%(refname)%00%(upstream:short)%00%(objectname)%00%(upstream:track)%00%(upstream:remotename)%00%(upstream:remoteref) refs/heads/main refs/remotes/main [20ms]
[2022-07-22T01:52:08.799Z] > git remote --verbose [3ms]
[2022-07-22T01:52:08.799Z] > git for-each-ref --sort -committerdate --format %(refname) %(objectname) %(*objectname) [8ms]
[2022-07-22T01:52:08.809Z] > git config --get commit.template [1ms]
[2022-07-22T01:52:09.453Z] > git check-ignore -v -z --stdin [24ms]
[2022-07-22T01:52:09.455Z] > git show --textconv :src/main.js [17ms]
[2022-07-22T01:52:09.455Z] > git ls-files --stage -- /home/diedose/coding/2022_portfolio/src/main.js [12ms]
[2022-07-22T01:52:09.462Z] > git cat-file -s eedade80bfb8466db3eba40502ec70f5cd16d257 [2ms]
[2022-07-22T01:52:16.569Z] > git status -z -uall [1ms]
[2022-07-22T01:52:16.575Z] > git symbolic-ref --short HEAD [1ms]
[2022-07-22T01:52:16.581Z] > git for-each-ref --format=%(refname)%00%(upstream:short)%00%(objectname)%00%(upstream:track)%00%(upstream:remotename)%00%(upstream:remoteref) refs/heads/main refs/remotes/main [1ms]
[2022-07-22T01:52:16.592Z] > git remote --verbose [1ms]
[2022-07-22T01:52:16.592Z] > git for-each-ref --sort -committerdate --format %(refname) %(objectname) %(*objectname) [6ms]
[2022-07-22T01:52:16.600Z] > git config --get commit.template [1ms]
[2022-07-22T01:52:46.622Z] > git rev-parse --show-toplevel [8ms]
[2022-07-22T01:52:46.622Z] fatal: not a git repository (or any of the parent directories): .git
[2022-07-22T01:52:59.064Z] > git show --textconv :.eslintrc.js [5ms]
[2022-07-22T01:52:59.064Z] > git ls-files --stage -- /home/diedose/coding/2022_portfolio/.eslintrc.js [1ms]
[2022-07-22T01:52:59.070Z] > git cat-file -s 162bddade0c145c8b8c9ab23fbc5e8d472072a61 [1ms]
[2022-07-22T01:52:59.311Z] > git check-ignore -v -z --stdin [1ms]
[2022-07-22T01:52:59.880Z] > git status -z -uall [1ms]
[2022-07-22T01:52:59.886Z] > git symbolic-ref --short HEAD [1ms]
[2022-07-22T01:52:59.893Z] > git for-each-ref --format=%(refname)%00%(upstream:short)%00%(objectname)%00%(upstream:track)%00%(upstream:remotename)%00%(upstream:remoteref) refs/heads/main refs/remotes/main [1ms]
[2022-07-22T01:52:59.906Z] > git remote --verbose [2ms]
[2022-07-22T01:52:59.906Z] > git for-each-ref --sort -committerdate --format %(refname) %(objectname) %(*objectname) [7ms]
[2022-07-22T01:52:59.915Z] > git config --get commit.template [0ms]
