[2022-07-21T22:07:20.801Z] Log level: Info
[2022-07-21T22:07:20.807Z] [info] Validating found git in: git
[2022-07-21T22:07:20.834Z] [info] Using git 2.25.1 from git
[2022-07-21T22:07:20.851Z] > git rev-parse --show-toplevel [3ms]
[2022-07-21T22:07:20.859Z] > git rev-parse --git-dir --git-common-dir [2ms]
[2022-07-21T22:07:20.866Z] [info] Open repository: /home/diedose/coding/2022_portfolio
[2022-07-21T22:07:20.874Z] > git status -z -uall [2ms]
[2022-07-21T22:07:20.878Z] > git symbolic-ref --short HEAD [1ms]
[2022-07-21T22:07:20.885Z] > git for-each-ref --format=%(refname)%00%(upstream:short)%00%(objectname)%00%(upstream:track)%00%(upstream:remotename)%00%(upstream:remoteref) refs/heads/main refs/remotes/main [2ms]
[2022-07-21T22:07:20.897Z] > git remote --verbose [4ms]
[2022-07-21T22:07:20.897Z] > git for-each-ref --sort -committerdate --format %(refname) %(objectname) %(*objectname) [8ms]
[2022-07-21T22:07:20.906Z] > git config --get commit.template [1ms]
[2022-07-21T22:07:20.914Z] > git status -z -uall [1ms]
[2022-07-21T22:07:20.918Z] > git symbolic-ref --short HEAD [0ms]
[2022-07-21T22:07:20.923Z] > git for-each-ref --format=%(refname)%00%(upstream:short)%00%(objectname)%00%(upstream:track)%00%(upstream:remotename)%00%(upstream:remoteref) refs/heads/main refs/remotes/main [1ms]
[2022-07-21T22:07:20.931Z] > git for-each-ref --sort -committerdate --format %(refname) %(objectname) %(*objectname) [4ms]
[2022-07-21T22:07:20.931Z] > git remote --verbose [1ms]
[2022-07-21T22:07:20.946Z] > git config --get commit.template [9ms]
[2022-07-21T22:07:21.467Z] > git check-ignore -v -z --stdin [24ms]
[2022-07-21T22:07:21.468Z] > git show --textconv :src/App.vue [17ms]
[2022-07-21T22:07:21.468Z] > git ls-files --stage -- /home/diedose/coding/2022_portfolio/src/App.vue [11ms]
[2022-07-21T22:07:28.788Z] > git status -z -uall [0ms]
[2022-07-21T22:07:28.795Z] > git symbolic-ref --short HEAD [1ms]
[2022-07-21T22:07:28.802Z] > git for-each-ref --format=%(refname)%00%(upstream:short)%00%(objectname)%00%(upstream:track)%00%(upstream:remotename)%00%(upstream:remoteref) refs/heads/main refs/remotes/main [0ms]
[2022-07-21T22:07:28.816Z] > git remote --verbose [1ms]
[2022-07-21T22:07:28.816Z] > git for-each-ref --sort -committerdate --format %(refname) %(objectname) %(*objectname) [7ms]
[2022-07-21T22:07:28.826Z] > git config --get commit.template [1ms]
