[2022-07-22T02:12:40.165Z] Log level: Info
[2022-07-22T02:12:40.171Z] [info] Validating found git in: git
[2022-07-22T02:12:40.295Z] [info] Using git 2.25.1 from git
[2022-07-22T02:12:40.317Z] > git rev-parse --show-toplevel [10ms]
[2022-07-22T02:12:40.327Z] > git rev-parse --git-dir --git-common-dir [1ms]
[2022-07-22T02:12:40.334Z] [info] Open repository: /home/diedose
[2022-07-22T02:12:40.950Z] > git show --textconv :coding/2022_portfolio/README.md [12ms]
[2022-07-22T02:12:40.950Z] > git ls-files --stage -- /home/diedose/coding/2022_portfolio/README.md [7ms]
[2022-07-22T02:12:40.984Z] > git status -z -uall [643ms]
[2022-07-22T02:12:41.228Z] > git check-ignore -v -z --stdin [1ms]
[2022-07-22T02:12:44.258Z] > git symbolic-ref --short HEAD [0ms]
[2022-07-22T02:12:44.263Z] > git for-each-ref --format=%(refname)%00%(upstream:short)%00%(objectname)%00%(upstream:track)%00%(upstream:remotename)%00%(upstream:remoteref) refs/heads/main refs/remotes/main [1ms]
[2022-07-22T02:12:44.272Z] > git remote --verbose [1ms]
[2022-07-22T02:12:44.273Z] > git for-each-ref --sort -committerdate --format %(refname) %(objectname) %(*objectname) [5ms]
[2022-07-22T02:12:44.366Z] > git config --get commit.template [1ms]
[2022-07-22T02:12:45.896Z] > git status -z -uall [1522ms]
[2022-07-22T02:12:45.896Z] > git symbolic-ref --short HEAD [5ms]
[2022-07-22T02:12:45.905Z] > git for-each-ref --format=%(refname)%00%(upstream:short)%00%(objectname)%00%(upstream:track)%00%(upstream:remotename)%00%(upstream:remoteref) refs/heads/main refs/remotes/main [2ms]
[2022-07-22T02:12:45.928Z] > git remote --verbose [5ms]
[2022-07-22T02:12:45.929Z] > git for-each-ref --sort -committerdate --format %(refname) %(objectname) %(*objectname) [14ms]
[2022-07-22T02:12:48.826Z] > git config --get commit.template [2720ms]
[2022-07-22T02:13:28.830Z] > git check-ignore -v -z --stdin [1ms]
