[2022-07-21 22:48:27.948] [exthost] [info] Extension host with pid 13938 started
[2022-07-21 22:48:27.960] [exthost] [info] Lock '/home/diedose/.vscode-server/data/User/workspaceStorage/3dde7d9f156cca2998e0d86f3eb9e854/vscode.lock': Lock acquired.
[2022-07-21 22:48:27.973] [exthost] [info] ExtensionService#_doActivateExtension vscode.debug-auto-launch, startup: true, activationEvent: '*'
[2022-07-21 22:48:27.977] [exthost] [info] ExtensionService#_doActivateExtension vscode.git-base, startup: true, activationEvent: '*'
[2022-07-21 22:48:27.979] [exthost] [info] ExtensionService#_doActivateExtension vscode.ipynb, startup: true, activationEvent: '*'
[2022-07-21 22:48:27.997] [exthost] [info] ExtensionService#_doActivateExtension vscode.github, startup: true, activationEvent: '*'
[2022-07-21 22:48:28.008] [exthost] [info] ExtensionService#_doActivateExtension vscode.emmet, startup: false, activationEvent: 'onStartupFinished'
[2022-07-21 22:48:28.018] [exthost] [info] ExtensionService#_doActivateExtension vscode.merge-conflict, startup: false, activationEvent: 'onStartupFinished'
[2022-07-21 22:48:28.021] [exthost] [info] Eager extensions activated
[2022-07-21 22:51:35.774] [exthost] [info] ExtensionService#_doActivateExtension vscode.git, startup: false, activationEvent: 'api', root cause: vscode.github
[2022-07-21 22:54:44.909] [exthost] [info] ExtensionService#_doActivateExtension vscode.extension-editing, startup: false, activationEvent: 'onLanguage:markdown'
[2022-07-21 22:54:44.918] [exthost] [info] ExtensionService#_doActivateExtension vscode.markdown-language-features, startup: false, activationEvent: 'onLanguage:markdown'
[2022-07-21 22:54:45.120] [exthost] [info] ExtensionService#_doActivateExtension vscode.markdown-math, startup: false, activationEvent: 'api', root cause: vscode.markdown-language-features
[2022-07-21 23:48:58.357] [exthost] [info] ExtensionService#_doActivateExtension vscode.html-language-features, startup: false, activationEvent: 'onLanguage:html'
[2022-07-21 23:50:22.848] [exthost] [info] ExtensionService#_doActivateExtension vscode.configuration-editing, startup: false, activationEvent: 'onLanguage:jsonc'
[2022-07-21 23:50:22.852] [exthost] [info] ExtensionService#_doActivateExtension vscode.json-language-features, startup: false, activationEvent: 'onLanguage:jsonc'
[2022-07-21 23:50:22.900] [exthost] [info] ExtensionService#_doActivateExtension vscode.typescript-language-features, startup: false, activationEvent: 'onLanguage:jsonc'
[2022-07-21 23:50:55.593] [exthost] [info] Extension host terminating: received terminate message from renderer
[2022-07-21 23:50:55.593] [exthost] [info] Lock '/home/diedose/.vscode-server/data/User/workspaceStorage/3dde7d9f156cca2998e0d86f3eb9e854/vscode.lock': Marking the lockfile as scheduled to be released in 6000 ms.
[2022-07-21 23:50:55.610] [exthost] [info] Extension host with pid 13938 exiting with code 0
