[2022-07-21T22:52:07.811Z] Log level: Info
[2022-07-21T22:52:07.819Z] [info] Validating found git in: git
[2022-07-21T22:52:07.845Z] [info] Using git 2.25.1 from git
[2022-07-21T22:52:07.863Z] > git rev-parse --show-toplevel [5ms]
[2022-07-21T22:52:07.874Z] > git rev-parse --git-dir --git-common-dir [3ms]
[2022-07-21T22:52:07.880Z] [info] Open repository: /home/diedose/coding/2022_portfolio
[2022-07-21T22:52:07.890Z] > git status -z -uall [4ms]
[2022-07-21T22:52:07.901Z] > git symbolic-ref --short HEAD [7ms]
[2022-07-21T22:52:07.922Z] > git for-each-ref --format=%(refname)%00%(upstream:short)%00%(objectname)%00%(upstream:track)%00%(upstream:remotename)%00%(upstream:remoteref) refs/heads/main refs/remotes/main [16ms]
[2022-07-21T22:52:07.940Z] > git remote --verbose [4ms]
[2022-07-21T22:52:07.941Z] > git for-each-ref --sort -committerdate --format %(refname) %(objectname) %(*objectname) [11ms]
[2022-07-21T22:52:07.955Z] > git config --get commit.template [6ms]
[2022-07-21T22:52:07.967Z] > git status -z -uall [4ms]
[2022-07-21T22:52:07.972Z] > git symbolic-ref --short HEAD [1ms]
[2022-07-21T22:52:08.229Z] > git for-each-ref --format=%(refname)%00%(upstream:short)%00%(objectname)%00%(upstream:track)%00%(upstream:remotename)%00%(upstream:remoteref) refs/heads/main refs/remotes/main [252ms]
[2022-07-21T22:52:08.333Z] > git remote --verbose [97ms]
[2022-07-21T22:52:08.333Z] > git for-each-ref --sort -committerdate --format %(refname) %(objectname) %(*objectname) [101ms]
[2022-07-21T22:52:08.522Z] > git show --textconv :src/App.vue [172ms]
[2022-07-21T22:52:08.523Z] > git check-ignore -v -z --stdin [23ms]
[2022-07-21T22:52:08.524Z] > git ls-files --stage -- /home/diedose/coding/2022_portfolio/src/App.vue [169ms]
[2022-07-21T22:52:08.531Z] > git config --get commit.template [191ms]
[2022-07-21T22:52:08.536Z] > git cat-file -s e864195002371619c22d0454351235745b2a4f3f [6ms]
[2022-07-21T22:52:18.512Z] > git status -z -uall [1ms]
[2022-07-21T22:52:18.520Z] > git symbolic-ref --short HEAD [1ms]
[2022-07-21T22:52:18.527Z] > git for-each-ref --format=%(refname)%00%(upstream:short)%00%(objectname)%00%(upstream:track)%00%(upstream:remotename)%00%(upstream:remoteref) refs/heads/main refs/remotes/main [0ms]
[2022-07-21T22:52:18.541Z] > git remote --verbose [1ms]
[2022-07-21T22:52:18.542Z] > git for-each-ref --sort -committerdate --format %(refname) %(objectname) %(*objectname) [8ms]
[2022-07-21T22:52:18.553Z] > git config --get commit.template [1ms]
[2022-07-21T22:52:23.562Z] > git status -z -uall [1ms]
[2022-07-21T22:52:23.569Z] > git symbolic-ref --short HEAD [1ms]
[2022-07-21T22:52:23.576Z] > git for-each-ref --format=%(refname)%00%(upstream:short)%00%(objectname)%00%(upstream:track)%00%(upstream:remotename)%00%(upstream:remoteref) refs/heads/main refs/remotes/main [1ms]
[2022-07-21T22:52:23.587Z] > git remote --verbose [0ms]
[2022-07-21T22:52:23.588Z] > git for-each-ref --sort -committerdate --format %(refname) %(objectname) %(*objectname) [6ms]
[2022-07-21T22:52:23.596Z] > git config --get commit.template [1ms]
[2022-07-21T22:52:31.568Z] > git status -z -uall [1ms]
[2022-07-21T22:52:31.574Z] > git symbolic-ref --short HEAD [1ms]
[2022-07-21T22:52:31.580Z] > git for-each-ref --format=%(refname)%00%(upstream:short)%00%(objectname)%00%(upstream:track)%00%(upstream:remotename)%00%(upstream:remoteref) refs/heads/main refs/remotes/main [1ms]
[2022-07-21T22:52:31.589Z] > git remote --verbose [1ms]
[2022-07-21T22:52:31.590Z] > git for-each-ref --sort -committerdate --format %(refname) %(objectname) %(*objectname) [5ms]
[2022-07-21T22:52:31.597Z] > git config --get commit.template [0ms]
[2022-07-21T22:52:37.110Z] > git show --textconv :README.md [71ms]
[2022-07-21T22:52:37.111Z] > git ls-files --stage -- /home/diedose/coding/2022_portfolio/README.md [66ms]
[2022-07-21T22:52:37.145Z] > git cat-file -s 8a600c2f3325e10de472d65a0bae6d972b8c4464 [27ms]
[2022-07-21T22:52:38.013Z] > git show --textconv :src/App.vue [7ms]
[2022-07-21T22:52:38.014Z] > git ls-files --stage -- /home/diedose/coding/2022_portfolio/src/App.vue [1ms]
[2022-07-21T22:52:38.022Z] > git cat-file -s e864195002371619c22d0454351235745b2a4f3f [2ms]
[2022-07-21T22:52:45.355Z] > git show --textconv :src/App.vue [9ms]
[2022-07-21T22:52:45.355Z] > git ls-files --stage -- /home/diedose/coding/2022_portfolio/src/App.vue [1ms]
[2022-07-21T22:52:45.365Z] > git cat-file -s e864195002371619c22d0454351235745b2a4f3f [3ms]
[2022-07-21T22:52:46.293Z] > git show --textconv :src/main.js [76ms]
[2022-07-21T22:52:46.293Z] > git ls-files --stage -- /home/diedose/coding/2022_portfolio/src/main.js [3ms]
[2022-07-21T22:52:46.305Z] > git cat-file -s eedade80bfb8466db3eba40502ec70f5cd16d257 [2ms]
[2022-07-21T22:52:50.450Z] > git status -z -uall [1ms]
[2022-07-21T22:52:50.457Z] > git symbolic-ref --short HEAD [1ms]
[2022-07-21T22:52:50.463Z] > git for-each-ref --format=%(refname)%00%(upstream:short)%00%(objectname)%00%(upstream:track)%00%(upstream:remotename)%00%(upstream:remoteref) refs/heads/main refs/remotes/main [0ms]
[2022-07-21T22:52:50.476Z] > git remote --verbose [1ms]
[2022-07-21T22:52:50.477Z] > git for-each-ref --sort -committerdate --format %(refname) %(objectname) %(*objectname) [8ms]
[2022-07-21T22:52:50.486Z] > git config --get commit.template [1ms]
[2022-07-21T22:52:55.496Z] > git status -z -uall [1ms]
[2022-07-21T22:52:55.504Z] > git symbolic-ref --short HEAD [1ms]
[2022-07-21T22:52:55.511Z] > git for-each-ref --format=%(refname)%00%(upstream:short)%00%(objectname)%00%(upstream:track)%00%(upstream:remotename)%00%(upstream:remoteref) refs/heads/main refs/remotes/main [1ms]
[2022-07-21T22:52:55.524Z] > git remote --verbose [1ms]
[2022-07-21T22:52:55.524Z] > git for-each-ref --sort -committerdate --format %(refname) %(objectname) %(*objectname) [7ms]
[2022-07-21T22:52:55.533Z] > git config --get commit.template [0ms]
[2022-07-21T22:53:01.257Z] > git show --textconv :src/App.vue [7ms]
[2022-07-21T22:53:01.257Z] > git ls-files --stage -- /home/diedose/coding/2022_portfolio/src/App.vue [0ms]
[2022-07-21T22:53:01.264Z] > git cat-file -s e864195002371619c22d0454351235745b2a4f3f [1ms]
[2022-07-21T22:53:01.458Z] > git status -z -uall [1ms]
[2022-07-21T22:53:01.465Z] > git symbolic-ref --short HEAD [1ms]
[2022-07-21T22:53:01.472Z] > git for-each-ref --format=%(refname)%00%(upstream:short)%00%(objectname)%00%(upstream:track)%00%(upstream:remotename)%00%(upstream:remoteref) refs/heads/main refs/remotes/main [1ms]
[2022-07-21T22:53:01.485Z] > git remote --verbose [2ms]
[2022-07-21T22:53:01.485Z] > git for-each-ref --sort -committerdate --format %(refname) %(objectname) %(*objectname) [7ms]
[2022-07-21T22:53:01.493Z] > git config --get commit.template [0ms]
[2022-07-21T22:53:19.221Z] > git show --textconv :src/App.vue [5ms]
[2022-07-21T22:53:19.222Z] > git ls-files --stage -- /home/diedose/coding/2022_portfolio/src/App.vue [1ms]
[2022-07-21T22:53:19.228Z] > git cat-file -s e864195002371619c22d0454351235745b2a4f3f [1ms]
