0 verbose cli /home/diedose/.nvm/versions/node/v16.16.0/bin/node /home/diedose/.nvm/versions/node/v16.16.0/bin/npm
1 info using npm@8.11.0
2 info using node@v16.16.0
3 timing npm:load:whichnode Completed in 0ms
4 timing config:load:defaults Completed in 1ms
5 timing config:load:file:/home/diedose/.nvm/versions/node/v16.16.0/lib/node_modules/npm/npmrc Completed in 1ms
6 timing config:load:builtin Completed in 1ms
7 timing config:load:cli Completed in 2ms
8 timing config:load:env Completed in 0ms
9 timing config:load:file:/home/diedose/coding/2022_portfolio/.npmrc Completed in 0ms
10 timing config:load:project Completed in 3ms
11 timing config:load:file:/home/diedose/.npmrc Completed in 1ms
12 timing config:load:user Completed in 1ms
13 timing config:load:file:/home/diedose/.nvm/versions/node/v16.16.0/etc/npmrc Completed in 0ms
14 timing config:load:global Completed in 0ms
15 timing config:load:validate Completed in 1ms
16 timing config:load:credentials Completed in 0ms
17 timing config:load:setEnvs Completed in 1ms
18 timing config:load Completed in 10ms
19 timing npm:load:configload Completed in 10ms
20 timing npm:load:mkdirpcache Completed in 3ms
21 timing npm:load:mkdirplogs Completed in 1ms
22 verbose title npm install
23 verbose argv "install" "--loglevel" "error" "--legacy-peer-deps"
24 timing npm:load:setTitle Completed in 1ms
25 timing config:load:flatten Completed in 2ms
26 timing npm:load:display Completed in 3ms
27 verbose logfile logs-max:10 dir:/home/diedose/.npm/_logs
28 verbose logfile /home/diedose/.npm/_logs/2022-07-22T02_10_49_837Z-debug-0.log
29 timing npm:load:logFile Completed in 3ms
30 timing npm:load:timers Completed in 0ms
31 timing npm:load:configScope Completed in 0ms
32 timing npm:load Completed in 22ms
33 timing arborist:ctor Completed in 1ms
34 silly logfile start cleaning logs, removing 2 files
35 silly logfile done cleaning log files
36 timing idealTree:init Completed in 436ms
37 timing idealTree:userRequests Completed in 0ms
38 silly idealTree buildDeps
39 silly fetch manifest vue@^2.6.14
40 timing arborist:ctor Completed in 1ms
41 http fetch GET 200 https://registry.npmjs.org/vue 359ms (cache hit)
42 silly fetch manifest @babel/eslint-parser@^7.12.16
43 http fetch GET 200 https://registry.npmjs.org/@babel%2feslint-parser 101ms (cache revalidated)
44 silly fetch manifest eslint@^7.32.0
45 http fetch GET 200 https://registry.npmjs.org/eslint 46ms (cache revalidated)
46 silly fetch manifest eslint-plugin-vue@^8.0.3
47 http fetch GET 200 https://registry.npmjs.org/eslint-plugin-vue 219ms (cache revalidated)
48 silly fetch manifest vue-template-compiler@^2.6.14
49 http fetch GET 200 https://registry.npmjs.org/vue-template-compiler 78ms (cache miss)
50 silly placeDep ROOT @babel/eslint-parser@7.18.9 OK for: 2022_portfolio@0.1.0 want: ^7.12.16
51 silly placeDep ROOT eslint@7.32.0 OK for: 2022_portfolio@0.1.0 want: ^7.32.0
52 silly placeDep ROOT eslint-plugin-vue@8.7.1 OK for: 2022_portfolio@0.1.0 want: ^8.0.3
53 silly placeDep ROOT vue@2.7.7 OK for: 2022_portfolio@0.1.0 want: ^2.6.14
54 silly placeDep ROOT vue-template-compiler@2.7.7 OK for: 2022_portfolio@0.1.0 want: ^2.6.14
55 silly fetch manifest eslint-visitor-keys@^2.1.0
56 silly fetch manifest @babel/code-frame@7.12.11
57 silly fetch manifest @eslint/eslintrc@^0.4.3
58 silly fetch manifest @humanwhocodes/config-array@^0.5.0
59 silly fetch manifest chalk@^4.0.0
60 silly fetch manifest cross-spawn@^7.0.2
61 silly fetch manifest doctrine@^3.0.0
62 silly fetch manifest enquirer@^2.3.5
63 silly fetch manifest escape-string-regexp@^4.0.0
64 silly fetch manifest eslint-utils@^2.1.0
65 silly fetch manifest eslint-visitor-keys@^2.0.0
66 silly fetch manifest espree@^7.3.1
67 silly fetch manifest esquery@^1.4.0
68 silly fetch manifest file-entry-cache@^6.0.1
69 silly fetch manifest functional-red-black-tree@^1.0.1
70 silly fetch manifest glob-parent@^5.1.2
71 silly fetch manifest globals@^13.6.0
72 silly fetch manifest ignore@^4.0.6
73 silly fetch manifest imurmurhash@^0.1.4
74 silly fetch manifest js-yaml@^3.13.1
75 silly fetch manifest json-stable-stringify-without-jsonify@^1.0.1
76 silly fetch manifest levn@^0.4.1
77 silly fetch manifest lodash.merge@^4.6.2
78 silly fetch manifest natural-compare@^1.4.0
79 silly fetch manifest optionator@^0.9.1
80 silly fetch manifest progress@^2.0.0
81 silly fetch manifest regexpp@^3.1.0
82 silly fetch manifest semver@^7.2.1
83 silly fetch manifest strip-json-comments@^3.1.0
84 silly fetch manifest table@^6.0.9
85 silly fetch manifest text-table@^0.2.0
86 silly fetch manifest v8-compile-cache@^2.0.3
87 silly fetch manifest eslint-utils@^3.0.0
88 silly fetch manifest semver@^7.3.5
89 silly fetch manifest vue-eslint-parser@^8.0.1
90 silly fetch manifest @vue/compiler-sfc@2.7.7
91 silly fetch manifest csstype@^3.1.0
92 silly fetch manifest de-indent@^1.0.2
93 http fetch GET 200 https://registry.npmjs.org/@babel%2fcode-frame 108ms (cache hit)
94 http fetch GET 200 https://registry.npmjs.org/chalk 106ms (cache hit)
95 http fetch GET 200 https://registry.npmjs.org/cross-spawn 107ms (cache hit)
96 http fetch GET 200 https://registry.npmjs.org/escape-string-regexp 107ms (cache hit)
97 http fetch GET 200 https://registry.npmjs.org/globals 105ms (cache hit)
98 http fetch GET 200 https://registry.npmjs.org/ignore 105ms (cache hit)
99 http fetch GET 200 https://registry.npmjs.org/imurmurhash 105ms (cache hit)
100 http fetch GET 200 https://registry.npmjs.org/glob-parent 108ms (cache hit)
101 http fetch GET 200 https://registry.npmjs.org/js-yaml 105ms (cache hit)
102 http fetch GET 200 https://registry.npmjs.org/lodash.merge 105ms (cache hit)
103 http fetch GET 200 https://registry.npmjs.org/semver 102ms (cache hit)
104 http fetch GET 200 https://registry.npmjs.org/semver 100ms (cache hit)
105 http fetch GET 200 https://registry.npmjs.org/@vue%2fcompiler-sfc 101ms (cache hit)
106 http fetch GET 200 https://registry.npmjs.org/csstype 102ms (cache hit)
107 http fetch GET 200 https://registry.npmjs.org/eslint-visitor-keys 125ms (cache revalidated)
108 http fetch GET 200 https://registry.npmjs.org/de-indent 105ms (cache miss)
109 http fetch GET 200 https://registry.npmjs.org/regexpp 119ms (cache revalidated)
110 http fetch GET 200 https://registry.npmjs.org/eslint-visitor-keys 149ms (cache revalidated)
111 http fetch GET 200 https://registry.npmjs.org/eslint-utils 160ms (cache revalidated)
112 http fetch GET 200 https://registry.npmjs.org/doctrine 162ms (cache revalidated)
113 http fetch GET 200 https://registry.npmjs.org/espree 162ms (cache revalidated)
114 http fetch GET 200 https://registry.npmjs.org/functional-red-black-tree 162ms (cache revalidated)
115 http fetch GET 200 https://registry.npmjs.org/json-stable-stringify-without-jsonify 159ms (cache revalidated)
116 http fetch GET 200 https://registry.npmjs.org/natural-compare 158ms (cache revalidated)
117 http fetch GET 200 https://registry.npmjs.org/text-table 153ms (cache revalidated)
118 http fetch GET 200 https://registry.npmjs.org/table 155ms (cache revalidated)
119 http fetch GET 200 https://registry.npmjs.org/progress 158ms (cache revalidated)
120 http fetch GET 200 https://registry.npmjs.org/enquirer 170ms (cache revalidated)
121 http fetch GET 200 https://registry.npmjs.org/esquery 172ms (cache revalidated)
122 http fetch GET 200 https://registry.npmjs.org/strip-json-comments 165ms (cache revalidated)
123 http fetch GET 200 https://registry.npmjs.org/@eslint%2feslintrc 180ms (cache revalidated)
124 http fetch GET 200 https://registry.npmjs.org/levn 172ms (cache revalidated)
125 http fetch GET 200 https://registry.npmjs.org/file-entry-cache 179ms (cache revalidated)
126 http fetch GET 200 https://registry.npmjs.org/eslint-utils 167ms (cache revalidated)
127 http fetch GET 200 https://registry.npmjs.org/@humanwhocodes%2fconfig-array 183ms (cache revalidated)
128 http fetch GET 200 https://registry.npmjs.org/optionator 177ms (cache revalidated)
129 http fetch GET 200 https://registry.npmjs.org/v8-compile-cache 188ms (cache revalidated)
130 http fetch GET 200 https://registry.npmjs.org/vue-eslint-parser 841ms (cache revalidated)
131 timing idealTree:#root Completed in 1715ms
132 silly placeDep ROOT eslint-visitor-keys@2.1.0 OK for: @babel/eslint-parser@7.18.9 want: ^2.1.0
133 timing idealTree:node_modules/@babel/eslint-parser Completed in 2ms
134 silly placeDep node_modules/eslint @babel/code-frame@7.12.11 OK for: eslint@7.32.0 want: 7.12.11
135 silly placeDep ROOT @eslint/eslintrc@0.4.3 OK for: eslint@7.32.0 want: ^0.4.3
136 silly placeDep ROOT @humanwhocodes/config-array@0.5.0 OK for: eslint@7.32.0 want: ^0.5.0
137 silly placeDep node_modules/eslint chalk@4.1.2 OK for: eslint@7.32.0 want: ^4.0.0
138 silly placeDep node_modules/eslint cross-spawn@7.0.3 OK for: eslint@7.32.0 want: ^7.0.2
139 silly placeDep ROOT doctrine@3.0.0 OK for: eslint@7.32.0 want: ^3.0.0
140 silly placeDep ROOT enquirer@2.3.6 OK for: eslint@7.32.0 want: ^2.3.5
141 silly placeDep node_modules/eslint escape-string-regexp@4.0.0 OK for: eslint@7.32.0 want: ^4.0.0
142 silly placeDep ROOT eslint-utils@2.1.0 OK for: eslint@7.32.0 want: ^2.1.0
143 silly placeDep ROOT espree@7.3.1 OK for: eslint@7.32.0 want: ^7.3.1
144 silly placeDep ROOT esquery@1.4.0 OK for: eslint@7.32.0 want: ^1.4.0
145 silly placeDep ROOT file-entry-cache@6.0.1 OK for: eslint@7.32.0 want: ^6.0.1
146 silly placeDep ROOT functional-red-black-tree@1.0.1 OK for: eslint@7.32.0 want: ^1.0.1
147 silly placeDep node_modules/eslint glob-parent@5.1.2 OK for: eslint@7.32.0 want: ^5.1.2
148 silly placeDep node_modules/eslint globals@13.17.0 OK for: eslint@7.32.0 want: ^13.6.0
149 silly placeDep node_modules/eslint ignore@4.0.6 OK for: eslint@7.32.0 want: ^4.0.6
150 silly placeDep ROOT imurmurhash@0.1.4 OK for: eslint@7.32.0 want: ^0.1.4
151 silly placeDep ROOT js-yaml@3.14.1 OK for: eslint@7.32.0 want: ^3.13.1
152 silly placeDep ROOT json-stable-stringify-without-jsonify@1.0.1 OK for: eslint@7.32.0 want: ^1.0.1
153 silly placeDep ROOT levn@0.4.1 OK for: eslint@7.32.0 want: ^0.4.1
154 silly placeDep ROOT lodash.merge@4.6.2 OK for: eslint@7.32.0 want: ^4.6.2
155 silly placeDep ROOT natural-compare@1.4.0 OK for: eslint@7.32.0 want: ^1.4.0
156 silly placeDep ROOT optionator@0.9.1 OK for: eslint@7.32.0 want: ^0.9.1
157 silly placeDep ROOT progress@2.0.3 OK for: eslint@7.32.0 want: ^2.0.0
158 silly placeDep ROOT regexpp@3.2.0 OK for: eslint@7.32.0 want: ^3.1.0
159 silly placeDep node_modules/eslint semver@7.3.7 OK for: eslint@7.32.0 want: ^7.2.1
160 silly placeDep ROOT strip-json-comments@3.1.1 OK for: eslint@7.32.0 want: ^3.1.0
161 silly placeDep ROOT table@6.8.0 OK for: eslint@7.32.0 want: ^6.0.9
162 silly placeDep ROOT text-table@0.2.0 OK for: eslint@7.32.0 want: ^0.2.0
163 silly placeDep ROOT v8-compile-cache@2.3.0 OK for: eslint@7.32.0 want: ^2.0.3
164 silly fetch manifest globals@^13.9.0
165 silly fetch manifest @humanwhocodes/object-schema@^1.2.0
166 silly fetch manifest ansi-styles@^4.1.0
167 silly fetch manifest supports-color@^7.1.0
168 silly fetch manifest path-key@^3.1.0
169 silly fetch manifest shebang-command@^2.0.0
170 silly fetch manifest which@^2.0.1
171 silly fetch manifest ansi-colors@^4.1.1
172 silly fetch manifest eslint-visitor-keys@^1.1.0
173 silly fetch manifest acorn@^7.4.0
174 silly fetch manifest acorn-jsx@^5.3.1
175 silly fetch manifest eslint-visitor-keys@^1.3.0
176 silly fetch manifest estraverse@^5.1.0
177 silly fetch manifest flat-cache@^3.0.4
178 silly fetch manifest type-fest@^0.20.2
179 silly fetch manifest argparse@^1.0.7
180 silly fetch manifest esprima@^4.0.0
181 silly fetch manifest prelude-ls@^1.2.1
182 silly fetch manifest type-check@~0.4.0
183 silly fetch manifest deep-is@^0.1.3
184 silly fetch manifest word-wrap@^1.2.3
185 silly fetch manifest type-check@^0.4.0
186 silly fetch manifest fast-levenshtein@^2.0.6
187 silly fetch manifest ajv@^8.0.1
188 silly fetch manifest lodash.truncate@^4.4.2
189 silly fetch manifest slice-ansi@^4.0.0
190 http fetch GET 200 https://registry.npmjs.org/ansi-styles 56ms (cache hit)
191 http fetch GET 200 https://registry.npmjs.org/supports-color 57ms (cache hit)
192 http fetch GET 200 https://registry.npmjs.org/shebang-command 57ms (cache hit)
193 http fetch GET 200 https://registry.npmjs.org/which 56ms (cache hit)
194 http fetch GET 200 https://registry.npmjs.org/path-key 57ms (cache hit)
195 http fetch GET 200 https://registry.npmjs.org/estraverse 55ms (cache hit)
196 http fetch GET 200 https://registry.npmjs.org/type-fest 52ms (cache hit)
197 http fetch GET 200 https://registry.npmjs.org/argparse 53ms (cache hit)
198 http fetch GET 200 https://registry.npmjs.org/acorn 58ms (cache hit)
199 http fetch GET 200 https://registry.npmjs.org/esprima 55ms (cache hit)
200 http fetch GET 200 https://registry.npmjs.org/ajv 52ms (cache hit)
201 http fetch GET 200 https://registry.npmjs.org/acorn-jsx 66ms (cache revalidated)
202 http fetch GET 200 https://registry.npmjs.org/ansi-colors 67ms (cache revalidated)
203 http fetch GET 200 https://registry.npmjs.org/type-check 69ms (cache revalidated)
204 http fetch GET 200 https://registry.npmjs.org/deep-is 69ms (cache revalidated)
205 http fetch GET 200 https://registry.npmjs.org/type-check 69ms (cache revalidated)
206 http fetch GET 200 https://registry.npmjs.org/word-wrap 71ms (cache revalidated)
207 http fetch GET 200 https://registry.npmjs.org/fast-levenshtein 71ms (cache revalidated)
208 http fetch GET 200 https://registry.npmjs.org/@humanwhocodes%2fobject-schema 86ms (cache revalidated)
209 http fetch GET 200 https://registry.npmjs.org/lodash.truncate 75ms (cache revalidated)
210 http fetch GET 200 https://registry.npmjs.org/flat-cache 84ms (cache revalidated)
211 http fetch GET 200 https://registry.npmjs.org/slice-ansi 77ms (cache revalidated)
212 http fetch GET 200 https://registry.npmjs.org/prelude-ls 82ms (cache revalidated)
213 timing idealTree:node_modules/eslint Completed in 117ms
214 silly placeDep node_modules/@eslint/eslintrc globals@13.17.0 OK for: @eslint/eslintrc@0.4.3 want: ^13.9.0
215 silly placeDep node_modules/@eslint/eslintrc ignore@4.0.6 OK for: @eslint/eslintrc@0.4.3 want: ^4.0.6
216 timing idealTree:node_modules/@eslint/eslintrc Completed in 3ms
217 silly placeDep ROOT @humanwhocodes/object-schema@1.2.1 OK for: @humanwhocodes/config-array@0.5.0 want: ^1.2.0
218 timing idealTree:node_modules/@humanwhocodes/config-array Completed in 1ms
219 timing idealTree:node_modules/@humanwhocodes/object-schema Completed in 0ms
220 timing idealTree:node_modules/doctrine Completed in 0ms
221 silly placeDep ROOT ansi-colors@4.1.3 OK for: enquirer@2.3.6 want: ^4.1.1
222 timing idealTree:node_modules/enquirer Completed in 1ms
223 timing idealTree:node_modules/ansi-colors Completed in 0ms
224 silly placeDep node_modules/eslint-plugin-vue eslint-utils@3.0.0 OK for: eslint-plugin-vue@8.7.1 want: ^3.0.0
225 silly placeDep node_modules/eslint-plugin-vue semver@7.3.7 OK for: eslint-plugin-vue@8.7.1 want: ^7.3.5
226 silly placeDep ROOT vue-eslint-parser@8.3.0 OK for: eslint-plugin-vue@8.7.1 want: ^8.0.1
227 silly fetch manifest eslint-scope@^7.0.0
228 silly fetch manifest eslint-visitor-keys@^3.1.0
229 silly fetch manifest espree@^9.0.0
230 http fetch GET 200 https://registry.npmjs.org/eslint-scope 3ms (cache hit)
231 timing idealTree:node_modules/eslint-plugin-vue Completed in 8ms
232 silly placeDep node_modules/eslint-utils eslint-visitor-keys@1.3.0 OK for: eslint-utils@2.1.0 want: ^1.1.0
233 timing idealTree:node_modules/eslint-utils Completed in 1ms
234 timing idealTree:node_modules/eslint-visitor-keys Completed in 0ms
235 silly placeDep node_modules/espree acorn@7.4.1 OK for: espree@7.3.1 want: ^7.4.0
236 silly placeDep ROOT acorn-jsx@5.3.2 OK for: espree@7.3.1 want: ^5.3.1
237 silly placeDep node_modules/espree eslint-visitor-keys@1.3.0 OK for: espree@7.3.1 want: ^1.3.0
238 timing idealTree:node_modules/espree Completed in 2ms
239 timing idealTree:node_modules/acorn-jsx Completed in 0ms
240 silly placeDep node_modules/esquery estraverse@5.3.0 OK for: esquery@1.4.0 want: ^5.1.0
241 timing idealTree:node_modules/esquery Completed in 1ms
242 silly placeDep ROOT flat-cache@3.0.4 OK for: file-entry-cache@6.0.1 want: ^3.0.4
243 silly fetch manifest flatted@^3.1.0
244 http fetch GET 200 https://registry.npmjs.org/flatted 58ms (cache revalidated)
245 timing idealTree:node_modules/file-entry-cache Completed in 62ms
246 silly placeDep ROOT flatted@3.2.6 OK for: flat-cache@3.0.4 want: ^3.1.0
247 timing idealTree:node_modules/flat-cache Completed in 1ms
248 timing idealTree:node_modules/flatted Completed in 0ms
249 timing idealTree:node_modules/functional-red-black-tree Completed in 0ms
250 timing idealTree:node_modules/imurmurhash Completed in 0ms
251 silly placeDep ROOT argparse@1.0.10 OK for: js-yaml@3.14.1 want: ^1.0.7
252 silly placeDep ROOT esprima@4.0.1 OK for: js-yaml@3.14.1 want: ^4.0.0
253 silly fetch manifest sprintf-js@~1.0.2
254 http fetch GET 200 https://registry.npmjs.org/sprintf-js 4ms (cache hit)
255 timing idealTree:node_modules/js-yaml Completed in 6ms
256 silly placeDep ROOT sprintf-js@1.0.3 OK for: argparse@1.0.10 want: ~1.0.2
257 timing idealTree:node_modules/argparse Completed in 1ms
258 timing idealTree:node_modules/esprima Completed in 0ms
259 timing idealTree:node_modules/json-stable-stringify-without-jsonify Completed in 0ms
260 silly placeDep ROOT prelude-ls@1.2.1 OK for: levn@0.4.1 want: ^1.2.1
261 silly placeDep ROOT type-check@0.4.0 OK for: levn@0.4.1 want: ~0.4.0
262 timing idealTree:node_modules/levn Completed in 1ms
263 timing idealTree:node_modules/lodash.merge Completed in 0ms
264 timing idealTree:node_modules/natural-compare Completed in 0ms
265 silly placeDep ROOT deep-is@0.1.4 OK for: optionator@0.9.1 want: ^0.1.3
266 silly placeDep ROOT fast-levenshtein@2.0.6 OK for: optionator@0.9.1 want: ^2.0.6
267 silly placeDep ROOT word-wrap@1.2.3 OK for: optionator@0.9.1 want: ^1.2.3
268 timing idealTree:node_modules/optionator Completed in 4ms
269 timing idealTree:node_modules/deep-is Completed in 0ms
270 timing idealTree:node_modules/fast-levenshtein Completed in 0ms
271 timing idealTree:node_modules/prelude-ls Completed in 0ms
272 timing idealTree:node_modules/progress Completed in 0ms
273 timing idealTree:node_modules/regexpp Completed in 0ms
274 timing idealTree:node_modules/sprintf-js Completed in 0ms
275 timing idealTree:node_modules/strip-json-comments Completed in 0ms
276 silly placeDep node_modules/table ajv@8.11.0 OK for: table@6.8.0 want: ^8.0.1
277 silly placeDep ROOT lodash.truncate@4.4.2 OK for: table@6.8.0 want: ^4.4.2
278 silly placeDep ROOT slice-ansi@4.0.0 OK for: table@6.8.0 want: ^4.0.0
279 silly fetch manifest json-schema-traverse@^1.0.0
280 silly fetch manifest ansi-styles@^4.0.0
281 silly fetch manifest astral-regex@^2.0.0
282 http fetch GET 200 https://registry.npmjs.org/json-schema-traverse 7ms (cache hit)
283 http fetch GET 200 https://registry.npmjs.org/astral-regex 36ms (cache revalidated)
284 timing idealTree:node_modules/table Completed in 41ms
285 timing idealTree:node_modules/lodash.truncate Completed in 0ms
286 silly placeDep node_modules/slice-ansi ansi-styles@4.3.0 OK for: slice-ansi@4.0.0 want: ^4.0.0
287 silly placeDep ROOT astral-regex@2.0.0 OK for: slice-ansi@4.0.0 want: ^2.0.0
288 silly fetch manifest color-convert@^2.0.1
289 http fetch GET 200 https://registry.npmjs.org/color-convert 3ms (cache hit)
290 timing idealTree:node_modules/slice-ansi Completed in 6ms
291 timing idealTree:node_modules/astral-regex Completed in 0ms
292 timing idealTree:node_modules/text-table Completed in 0ms
293 timing idealTree:node_modules/type-check Completed in 0ms
294 timing idealTree:node_modules/v8-compile-cache Completed in 0ms
295 silly placeDep ROOT @vue/compiler-sfc@2.7.7 OK for: vue@2.7.7 want: 2.7.7
296 silly placeDep ROOT csstype@3.1.0 OK for: vue@2.7.7 want: ^3.1.0
297 timing idealTree:node_modules/vue Completed in 3ms
298 timing idealTree:node_modules/@vue/compiler-sfc Completed in 0ms
299 timing idealTree:node_modules/csstype Completed in 0ms
300 silly placeDep node_modules/vue-eslint-parser eslint-scope@7.1.1 OK for: vue-eslint-parser@8.3.0 want: ^7.0.0
301 silly placeDep node_modules/vue-eslint-parser eslint-visitor-keys@3.3.0 OK for: vue-eslint-parser@8.3.0 want: ^3.1.0
302 silly placeDep node_modules/vue-eslint-parser espree@9.3.2 OK for: vue-eslint-parser@8.3.0 want: ^9.0.0
303 silly placeDep node_modules/vue-eslint-parser semver@7.3.7 OK for: vue-eslint-parser@8.3.0 want: ^7.3.5
304 silly fetch manifest estraverse@^5.2.0
305 timing idealTree:node_modules/vue-eslint-parser Completed in 3ms
306 silly placeDep ROOT de-indent@1.0.2 OK for: vue-template-compiler@2.7.7 want: ^1.0.2
307 timing idealTree:node_modules/vue-template-compiler Completed in 1ms
308 timing idealTree:node_modules/de-indent Completed in 0ms
309 timing idealTree:node_modules/word-wrap Completed in 0ms
310 silly placeDep node_modules/@eslint/eslintrc type-fest@0.20.2 OK for: globals@13.17.0 want: ^0.20.2
311 timing idealTree:node_modules/@eslint/eslintrc/node_modules/globals Completed in 1ms
312 timing idealTree:node_modules/@eslint/eslintrc/node_modules/ignore Completed in 0ms
313 timing idealTree:node_modules/@eslint/eslintrc/node_modules/type-fest Completed in 0ms
314 timing idealTree:node_modules/eslint-plugin-vue/node_modules/eslint-utils Completed in 0ms
315 timing idealTree:node_modules/eslint-plugin-vue/node_modules/semver Completed in 0ms
316 timing idealTree:node_modules/eslint-utils/node_modules/eslint-visitor-keys Completed in 0ms
317 timing idealTree:node_modules/eslint/node_modules/@babel/code-frame Completed in 0ms
318 silly placeDep node_modules/eslint ansi-styles@4.3.0 OK for: chalk@4.1.2 want: ^4.1.0
319 silly placeDep node_modules/eslint supports-color@7.2.0 OK for: chalk@4.1.2 want: ^7.1.0
320 silly fetch manifest has-flag@^4.0.0
321 http fetch GET 200 https://registry.npmjs.org/has-flag 4ms (cache hit)
322 timing idealTree:node_modules/eslint/node_modules/chalk Completed in 7ms
323 silly placeDep node_modules/eslint color-convert@2.0.1 OK for: ansi-styles@4.3.0 want: ^2.0.1
324 silly fetch manifest color-name@~1.1.4
325 http fetch GET 200 https://registry.npmjs.org/color-name 3ms (cache hit)
326 timing idealTree:node_modules/eslint/node_modules/ansi-styles Completed in 4ms
327 silly placeDep node_modules/eslint color-name@1.1.4 OK for: color-convert@2.0.1 want: ~1.1.4
328 timing idealTree:node_modules/eslint/node_modules/color-convert Completed in 1ms
329 timing idealTree:node_modules/eslint/node_modules/color-name Completed in 0ms
330 silly placeDep node_modules/eslint path-key@3.1.1 OK for: cross-spawn@7.0.3 want: ^3.1.0
331 silly placeDep node_modules/eslint shebang-command@2.0.0 OK for: cross-spawn@7.0.3 want: ^2.0.0
332 silly placeDep node_modules/eslint which@2.0.2 OK for: cross-spawn@7.0.3 want: ^2.0.1
333 silly fetch manifest shebang-regex@^3.0.0
334 http fetch GET 200 https://registry.npmjs.org/shebang-regex 2ms (cache hit)
335 timing idealTree:node_modules/eslint/node_modules/cross-spawn Completed in 5ms
336 timing idealTree:node_modules/eslint/node_modules/escape-string-regexp Completed in 0ms
337 timing idealTree:node_modules/eslint/node_modules/glob-parent Completed in 0ms
338 silly placeDep node_modules/eslint type-fest@0.20.2 OK for: globals@13.17.0 want: ^0.20.2
339 timing idealTree:node_modules/eslint/node_modules/globals Completed in 1ms
340 timing idealTree:node_modules/eslint/node_modules/ignore Completed in 0ms
341 timing idealTree:node_modules/eslint/node_modules/path-key Completed in 0ms
342 timing idealTree:node_modules/eslint/node_modules/semver Completed in 0ms
343 silly placeDep node_modules/eslint shebang-regex@3.0.0 OK for: shebang-command@2.0.0 want: ^3.0.0
344 timing idealTree:node_modules/eslint/node_modules/shebang-command Completed in 1ms
345 timing idealTree:node_modules/eslint/node_modules/shebang-regex Completed in 0ms
346 silly placeDep node_modules/eslint has-flag@4.0.0 OK for: supports-color@7.2.0 want: ^4.0.0
347 timing idealTree:node_modules/eslint/node_modules/supports-color Completed in 1ms
348 timing idealTree:node_modules/eslint/node_modules/has-flag Completed in 0ms
349 timing idealTree:node_modules/eslint/node_modules/type-fest Completed in 0ms
350 timing idealTree:node_modules/eslint/node_modules/which Completed in 0ms
351 timing idealTree:node_modules/espree/node_modules/acorn Completed in 0ms
352 timing idealTree:node_modules/espree/node_modules/eslint-visitor-keys Completed in 0ms
353 timing idealTree:node_modules/esquery/node_modules/estraverse Completed in 0ms
354 silly placeDep node_modules/slice-ansi color-convert@2.0.1 OK for: ansi-styles@4.3.0 want: ^2.0.1
355 timing idealTree:node_modules/slice-ansi/node_modules/ansi-styles Completed in 1ms
356 silly placeDep node_modules/slice-ansi color-name@1.1.4 OK for: color-convert@2.0.1 want: ~1.1.4
357 timing idealTree:node_modules/slice-ansi/node_modules/color-convert Completed in 0ms
358 timing idealTree:node_modules/slice-ansi/node_modules/color-name Completed in 0ms
359 silly placeDep node_modules/table json-schema-traverse@1.0.0 OK for: ajv@8.11.0 want: ^1.0.0
360 timing idealTree:node_modules/table/node_modules/ajv Completed in 1ms
361 timing idealTree:node_modules/table/node_modules/json-schema-traverse Completed in 0ms
362 silly placeDep node_modules/vue-eslint-parser estraverse@5.3.0 OK for: eslint-scope@7.1.1 want: ^5.2.0
363 timing idealTree:node_modules/vue-eslint-parser/node_modules/eslint-scope Completed in 0ms
364 timing idealTree:node_modules/vue-eslint-parser/node_modules/eslint-visitor-keys Completed in 0ms
365 timing idealTree:node_modules/vue-eslint-parser/node_modules/espree Completed in 0ms
366 timing idealTree:node_modules/vue-eslint-parser/node_modules/estraverse Completed in 0ms
367 timing idealTree:node_modules/vue-eslint-parser/node_modules/semver Completed in 0ms
368 timing idealTree:buildDeps Completed in 2009ms
369 timing idealTree:fixDepFlags Completed in 6ms
370 timing idealTree Completed in 2460ms
371 timing reify:loadTrees Completed in 2462ms
372 timing reify:diffTrees Completed in 11ms
373 silly reify moves {}
374 timing reify:retireShallow Completed in 1ms
375 timing reify:createSparse Completed in 19ms
376 timing reify:loadBundles Completed in 0ms
377 silly audit bulk request {
377 silly audit   '@achrinza/node-ipc': [ '9.2.5' ],
377 silly audit   '@ampproject/remapping': [ '2.2.0' ],
377 silly audit   '@babel/code-frame': [ '7.18.6', '7.12.11' ],
377 silly audit   '@babel/compat-data': [ '7.18.8' ],
377 silly audit   '@babel/core': [ '7.18.9' ],
377 silly audit   '@babel/generator': [ '7.18.9' ],
377 silly audit   '@jridgewell/gen-mapping': [ '0.3.2', '0.1.1' ],
377 silly audit   '@babel/helper-annotate-as-pure': [ '7.18.6' ],
377 silly audit   '@babel/helper-builder-binary-assignment-operator-visitor': [ '7.18.9' ],
377 silly audit   '@babel/helper-compilation-targets': [ '7.18.9' ],
377 silly audit   '@babel/helper-create-class-features-plugin': [ '7.18.9' ],
377 silly audit   '@babel/helper-create-regexp-features-plugin': [ '7.18.6' ],
377 silly audit   '@babel/helper-define-polyfill-provider': [ '0.3.1' ],
377 silly audit   '@babel/helper-environment-visitor': [ '7.18.9' ],
377 silly audit   '@babel/helper-explode-assignable-expression': [ '7.18.6' ],
377 silly audit   '@babel/helper-function-name': [ '7.18.9' ],
377 silly audit   '@babel/helper-hoist-variables': [ '7.18.6' ],
377 silly audit   '@babel/helper-member-expression-to-functions': [ '7.18.9' ],
377 silly audit   '@babel/helper-module-imports': [ '7.18.6' ],
377 silly audit   '@babel/helper-module-transforms': [ '7.18.9' ],
377 silly audit   '@babel/helper-optimise-call-expression': [ '7.18.6' ],
377 silly audit   '@babel/helper-plugin-utils': [ '7.18.9' ],
377 silly audit   '@babel/helper-remap-async-to-generator': [ '7.18.9' ],
377 silly audit   '@babel/helper-replace-supers': [ '7.18.9' ],
377 silly audit   '@babel/helper-simple-access': [ '7.18.6' ],
377 silly audit   '@babel/helper-skip-transparent-expression-wrappers': [ '7.18.9' ],
377 silly audit   '@babel/helper-split-export-declaration': [ '7.18.6' ],
377 silly audit   '@babel/helper-validator-identifier': [ '7.18.6' ],
377 silly audit   '@babel/helper-validator-option': [ '7.18.6' ],
377 silly audit   '@babel/helper-wrap-function': [ '7.18.9' ],
377 silly audit   '@babel/helpers': [ '7.18.9' ],
377 silly audit   '@babel/highlight': [ '7.18.6' ],
377 silly audit   '@babel/parser': [ '7.18.9' ],
377 silly audit   '@babel/plugin-bugfix-safari-id-destructuring-collision-in-function-expression': [ '7.18.6' ],
377 silly audit   '@babel/plugin-bugfix-v8-spread-parameters-in-optional-chaining': [ '7.18.9' ],
377 silly audit   '@babel/plugin-proposal-async-generator-functions': [ '7.18.6' ],
377 silly audit   '@babel/plugin-proposal-class-properties': [ '7.18.6' ],
377 silly audit   '@babel/plugin-proposal-class-static-block': [ '7.18.6' ],
377 silly audit   '@babel/plugin-proposal-decorators': [ '7.18.9' ],
377 silly audit   '@babel/plugin-proposal-dynamic-import': [ '7.18.6' ],
377 silly audit   '@babel/plugin-proposal-export-namespace-from': [ '7.18.9' ],
377 silly audit   '@babel/plugin-proposal-json-strings': [ '7.18.6' ],
377 silly audit   '@babel/plugin-proposal-logical-assignment-operators': [ '7.18.9' ],
377 silly audit   '@babel/plugin-proposal-nullish-coalescing-operator': [ '7.18.6' ],
377 silly audit   '@babel/plugin-proposal-numeric-separator': [ '7.18.6' ],
377 silly audit   '@babel/plugin-proposal-object-rest-spread': [ '7.18.9' ],
377 silly audit   '@babel/plugin-proposal-optional-catch-binding': [ '7.18.6' ],
377 silly audit   '@babel/plugin-proposal-optional-chaining': [ '7.18.9' ],
377 silly audit   '@babel/plugin-proposal-private-methods': [ '7.18.6' ],
377 silly audit   '@babel/plugin-proposal-private-property-in-object': [ '7.18.6' ],
377 silly audit   '@babel/plugin-proposal-unicode-property-regex': [ '7.18.6' ],
377 silly audit   '@babel/plugin-syntax-async-generators': [ '7.8.4' ],
377 silly audit   '@babel/plugin-syntax-class-properties': [ '7.12.13' ],
377 silly audit   '@babel/plugin-syntax-class-static-block': [ '7.14.5' ],
377 silly audit   '@babel/plugin-syntax-decorators': [ '7.18.6' ],
377 silly audit   '@babel/plugin-syntax-dynamic-import': [ '7.8.3' ],
377 silly audit   '@babel/plugin-syntax-export-namespace-from': [ '7.8.3' ],
377 silly audit   '@babel/plugin-syntax-import-assertions': [ '7.18.6' ],
377 silly audit   '@babel/plugin-syntax-json-strings': [ '7.8.3' ],
377 silly audit   '@babel/plugin-syntax-jsx': [ '7.18.6' ],
377 silly audit   '@babel/plugin-syntax-logical-assignment-operators': [ '7.10.4' ],
377 silly audit   '@babel/plugin-syntax-nullish-coalescing-operator': [ '7.8.3' ],
377 silly audit   '@babel/plugin-syntax-numeric-separator': [ '7.10.4' ],
377 silly audit   '@babel/plugin-syntax-object-rest-spread': [ '7.8.3' ],
377 silly audit   '@babel/plugin-syntax-optional-catch-binding': [ '7.8.3' ],
377 silly audit   '@babel/plugin-syntax-optional-chaining': [ '7.8.3' ],
377 silly audit   '@babel/plugin-syntax-private-property-in-object': [ '7.14.5' ],
377 silly audit   '@babel/plugin-syntax-top-level-await': [ '7.14.5' ],
377 silly audit   '@babel/plugin-transform-arrow-functions': [ '7.18.6' ],
377 silly audit   '@babel/plugin-transform-async-to-generator': [ '7.18.6' ],
377 silly audit   '@babel/plugin-transform-block-scoped-functions': [ '7.18.6' ],
377 silly audit   '@babel/plugin-transform-block-scoping': [ '7.18.9' ],
377 silly audit   '@babel/plugin-transform-classes': [ '7.18.9' ],
377 silly audit   '@babel/plugin-transform-computed-properties': [ '7.18.9' ],
377 silly audit   '@babel/plugin-transform-destructuring': [ '7.18.9' ],
377 silly audit   '@babel/plugin-transform-dotall-regex': [ '7.18.6' ],
377 silly audit   '@babel/plugin-transform-duplicate-keys': [ '7.18.9' ],
377 silly audit   '@babel/plugin-transform-exponentiation-operator': [ '7.18.6' ],
377 silly audit   '@babel/plugin-transform-for-of': [ '7.18.8' ],
377 silly audit   '@babel/plugin-transform-function-name': [ '7.18.9' ],
377 silly audit   '@babel/plugin-transform-literals': [ '7.18.9' ],
377 silly audit   '@babel/plugin-transform-member-expression-literals': [ '7.18.6' ],
377 silly audit   '@babel/plugin-transform-modules-amd': [ '7.18.6' ],
377 silly audit   '@babel/plugin-transform-modules-commonjs': [ '7.18.6' ],
377 silly audit   '@babel/plugin-transform-modules-systemjs': [ '7.18.9' ],
377 silly audit   '@babel/plugin-transform-modules-umd': [ '7.18.6' ],
377 silly audit   '@babel/plugin-transform-named-capturing-groups-regex': [ '7.18.6' ],
377 silly audit   '@babel/plugin-transform-new-target': [ '7.18.6' ],
377 silly audit   '@babel/plugin-transform-object-super': [ '7.18.6' ],
377 silly audit   '@babel/plugin-transform-parameters': [ '7.18.8' ],
377 silly audit   '@babel/plugin-transform-property-literals': [ '7.18.6' ],
377 silly audit   '@babel/plugin-transform-regenerator': [ '7.18.6' ],
377 silly audit   '@babel/plugin-transform-reserved-words': [ '7.18.6' ],
377 silly audit   '@babel/plugin-transform-runtime': [ '7.18.9' ],
377 silly audit   '@babel/plugin-transform-shorthand-properties': [ '7.18.6' ],
377 silly audit   '@babel/plugin-transform-spread': [ '7.18.9' ],
377 silly audit   '@babel/plugin-transform-sticky-regex': [ '7.18.6' ],
377 silly audit   '@babel/plugin-transform-template-literals': [ '7.18.9' ],
377 silly audit   '@babel/plugin-transform-typeof-symbol': [ '7.18.9' ],
377 silly audit   '@babel/plugin-transform-unicode-escapes': [ '7.18.6' ],
377 silly audit   '@babel/plugin-transform-unicode-regex': [ '7.18.6' ],
377 silly audit   '@babel/preset-env': [ '7.18.9' ],
377 silly audit   '@babel/preset-modules': [ '0.1.5' ],
377 silly audit   '@babel/runtime': [ '7.18.9' ],
377 silly audit   '@babel/template': [ '7.18.6' ],
377 silly audit   '@babel/traverse': [ '7.18.9' ],
377 silly audit   '@babel/types': [ '7.18.9' ],
377 silly audit   '@hapi/hoek': [ '9.3.0' ],
377 silly audit   '@hapi/topo': [ '5.1.0' ],
377 silly audit   '@jridgewell/resolve-uri': [ '3.1.0' ],
377 silly audit   '@jridgewell/set-array': [ '1.1.2' ],
377 silly audit   '@jridgewell/source-map': [ '0.3.2' ],
377 silly audit   '@jridgewell/sourcemap-codec': [ '1.4.14' ],
377 silly audit   '@jridgewell/trace-mapping': [ '0.3.14' ],
377 silly audit   '@leichtgewicht/ip-codec': [ '2.0.4' ],
377 silly audit   '@node-ipc/js-queue': [ '2.0.3' ],
377 silly audit   '@nodelib/fs.scandir': [ '2.1.5' ],
377 silly audit   '@nodelib/fs.stat': [ '2.0.5' ],
377 silly audit   '@nodelib/fs.walk': [ '1.2.8' ],
377 silly audit   '@polka/url': [ '1.0.0-next.21' ],
377 silly audit   '@sideway/address': [ '4.1.4' ],
377 silly audit   '@sideway/formula': [ '3.0.0' ],
377 silly audit   '@sideway/pinpoint': [ '2.0.0' ],
377 silly audit   '@soda/friendly-errors-webpack-plugin': [ '1.8.1' ],
377 silly audit   'ansi-styles': [ '4.3.0', '3.2.1' ],
377 silly audit   chalk: [ '3.0.0', '4.1.2', '2.4.2' ],
377 silly audit   'color-convert': [ '2.0.1', '1.9.3' ],
377 silly audit   'color-name': [ '1.1.4', '1.1.3' ],
377 silly audit   'has-flag': [ '4.0.0', '3.0.0' ],
377 silly audit   'supports-color': [ '7.2.0', '8.1.1', '5.5.0' ],
377 silly audit   '@soda/get-current-script': [ '1.0.2' ],
377 silly audit   '@trysound/sax': [ '0.2.0' ],
377 silly audit   '@types/body-parser': [ '1.19.2' ],
377 silly audit   '@types/bonjour': [ '3.5.10' ],
377 silly audit   '@types/connect': [ '3.4.35' ],
377 silly audit   '@types/connect-history-api-fallback': [ '1.3.5' ],
377 silly audit   '@types/eslint': [ '8.4.5' ],
377 silly audit   '@types/eslint-scope': [ '3.7.4' ],
377 silly audit   '@types/estree': [ '1.0.0', '0.0.51' ],
377 silly audit   '@types/express': [ '4.17.13' ],
377 silly audit   '@types/express-serve-static-core': [ '4.17.29' ],
377 silly audit   '@types/html-minifier-terser': [ '6.1.0' ],
377 silly audit   '@types/http-proxy': [ '1.17.9' ],
377 silly audit   '@types/json-schema': [ '7.0.11' ],
377 silly audit   '@types/mime': [ '1.3.2' ],
377 silly audit   '@types/minimist': [ '1.2.2' ],
377 silly audit   '@types/node': [ '18.0.6' ],
377 silly audit   '@types/normalize-package-data': [ '2.4.1' ],
377 silly audit   '@types/parse-json': [ '4.0.0' ],
377 silly audit   '@types/qs': [ '6.9.7' ],
377 silly audit   '@types/range-parser': [ '1.2.4' ],
377 silly audit   '@types/retry': [ '0.12.0' ],
377 silly audit   '@types/serve-index': [ '1.9.1' ],
377 silly audit   '@types/serve-static': [ '1.13.10' ],
377 silly audit   '@types/sockjs': [ '0.3.33' ],
377 silly audit   '@types/ws': [ '8.5.3' ],
377 silly audit   '@vue/babel-helper-vue-jsx-merge-props': [ '1.2.1' ],
377 silly audit   '@vue/babel-helper-vue-transform-on': [ '1.0.2' ],
377 silly audit   '@vue/babel-plugin-jsx': [ '1.1.1' ],
377 silly audit   '@vue/babel-plugin-transform-vue-jsx': [ '1.2.1' ],
377 silly audit   'html-tags': [ '2.0.0', '3.2.0' ],
377 silly audit   '@vue/babel-preset-app': [ '5.0.8' ],
377 silly audit   semver: [ '7.3.7', '7.0.0', '5.7.1', '6.3.0' ],
377 silly audit   '@vue/babel-preset-jsx': [ '1.3.1' ],
377 silly audit   '@vue/babel-sugar-composition-api-inject-h': [ '1.3.0' ],
377 silly audit   '@vue/babel-sugar-composition-api-render-instance': [ '1.3.0' ],
377 silly audit   '@vue/babel-sugar-functional-vue': [ '1.2.2' ],
377 silly audit   '@vue/babel-sugar-inject-h': [ '1.2.2' ],
377 silly audit   '@vue/babel-sugar-v-model': [ '1.3.0' ],
377 silly audit   camelcase: [ '5.3.1', '6.3.0' ],
377 silly audit   '@vue/babel-sugar-v-on': [ '1.3.0' ],
377 silly audit   '@vue/cli-overlay': [ '5.0.8' ],
377 silly audit   '@vue/cli-plugin-babel': [ '5.0.8' ],
377 silly audit   '@vue/cli-plugin-eslint': [ '5.0.8' ],
377 silly audit   '@vue/cli-plugin-router': [ '5.0.8' ],
377 silly audit   '@vue/cli-plugin-vuex': [ '5.0.8' ],
377 silly audit   '@vue/cli-service': [ '5.0.8' ],
377 silly audit   '@vue/cli-shared-utils': [ '5.0.8' ],
377 silly audit   '@vue/component-compiler-utils': [ '3.3.0' ],
377 silly audit   'hash-sum': [ '1.0.2', '2.0.0' ],
377 silly audit   'lru-cache': [ '4.1.5', '6.0.0' ],
377 silly audit   picocolors: [ '0.2.1', '1.0.0' ],
377 silly audit   postcss: [ '7.0.39', '8.4.14' ],
377 silly audit   yallist: [ '2.1.2', '4.0.0' ],
377 silly audit   'vue-loader': [ '15.10.0', '17.0.0' ],
377 silly audit   '@vue/web-component-wrapper': [ '1.3.0' ],
377 silly audit   '@webassemblyjs/ast': [ '1.11.1' ],
377 silly audit   '@webassemblyjs/floating-point-hex-parser': [ '1.11.1' ],
377 silly audit   '@webassemblyjs/helper-api-error': [ '1.11.1' ],
377 silly audit   '@webassemblyjs/helper-buffer': [ '1.11.1' ],
377 silly audit   '@webassemblyjs/helper-numbers': [ '1.11.1' ],
377 silly audit   '@webassemblyjs/helper-wasm-bytecode': [ '1.11.1' ],
377 silly audit   '@webassemblyjs/helper-wasm-section': [ '1.11.1' ],
377 silly audit   '@webassemblyjs/ieee754': [ '1.11.1' ],
377 silly audit   '@webassemblyjs/leb128': [ '1.11.1' ],
377 silly audit   '@webassemblyjs/utf8': [ '1.11.1' ],
377 silly audit   '@webassemblyjs/wasm-edit': [ '1.11.1' ],
377 silly audit   '@webassemblyjs/wasm-gen': [ '1.11.1' ],
377 silly audit   '@webassemblyjs/wasm-opt': [ '1.11.1' ],
377 silly audit   '@webassemblyjs/wasm-parser': [ '1.11.1' ],
377 silly audit   '@webassemblyjs/wast-printer': [ '1.11.1' ],
377 silly audit   '@xtuc/ieee754': [ '1.2.0' ],
377 silly audit   '@xtuc/long': [ '4.2.2' ],
377 silly audit   accepts: [ '1.3.8' ],
377 silly audit   acorn: [ '8.8.0', '7.4.1' ],
377 silly audit   'acorn-import-assertions': [ '1.8.0' ],
377 silly audit   'acorn-walk': [ '8.2.0' ],
377 silly audit   address: [ '1.2.0' ],
377 silly audit   ajv: [ '6.12.6', '8.11.0' ],
377 silly audit   'ajv-formats': [ '2.1.1' ],
377 silly audit   'json-schema-traverse': [ '1.0.0', '0.4.1' ],
377 silly audit   'ajv-keywords': [ '3.5.2', '5.1.0' ],
377 silly audit   'ansi-escapes': [ '3.2.0' ],
377 silly audit   'ansi-html-community': [ '0.0.8' ],
377 silly audit   'ansi-regex': [ '5.0.1', '3.0.1' ],
377 silly audit   'any-promise': [ '1.3.0' ],
377 silly audit   anymatch: [ '3.1.2' ],
377 silly audit   arch: [ '2.2.0' ],
377 silly audit   'array-flatten': [ '2.1.2', '1.1.1' ],
377 silly audit   'array-union': [ '2.1.0' ],
377 silly audit   async: [ '2.6.4' ],
377 silly audit   'at-least-node': [ '1.0.0' ],
377 silly audit   autoprefixer: [ '10.4.7' ],
377 silly audit   'babel-loader': [ '8.2.5' ],
377 silly audit   'loader-utils': [ '2.0.2', '1.4.0' ],
377 silly audit   'babel-plugin-dynamic-import-node': [ '2.3.3' ],
377 silly audit   'babel-plugin-polyfill-corejs2': [ '0.3.1' ],
377 silly audit   'babel-plugin-polyfill-corejs3': [ '0.5.2' ],
377 silly audit   'babel-plugin-polyfill-regenerator': [ '0.3.1' ],
377 silly audit   'balanced-match': [ '1.0.2' ],
377 silly audit   'base64-js': [ '1.5.1' ],
377 silly audit   batch: [ '0.6.1' ],
377 silly audit   'big.js': [ '5.2.2' ],
377 silly audit   'binary-extensions': [ '2.2.0' ],
377 silly audit   bl: [ '4.1.0' ],
377 silly audit   bluebird: [ '3.7.2' ],
377 silly audit   'body-parser': [ '1.20.0' ],
377 silly audit   bytes: [ '3.1.2', '3.0.0' ],
377 silly audit   debug: [ '2.6.9', '4.3.4', '3.2.7' ],
377 silly audit   ms: [ '2.0.0', '2.1.2', '2.1.3' ],
377 silly audit   'bonjour-service': [ '1.0.13' ],
377 silly audit   boolbase: [ '1.0.0' ],
377 silly audit   'brace-expansion': [ '1.1.11' ],
377 silly audit   braces: [ '3.0.2' ],
377 silly audit   browserslist: [ '4.21.2' ],
377 silly audit   buffer: [ '5.7.1' ],
377 silly audit   'buffer-from': [ '1.1.2' ],
377 silly audit   'call-bind': [ '1.0.2' ],
377 silly audit   callsites: [ '3.1.0' ],
377 silly audit   'camel-case': [ '4.1.2' ],
377 silly audit   'caniuse-api': [ '3.0.0' ],
377 silly audit   'caniuse-lite': [ '1.0.30001368' ],
377 silly audit   'case-sensitive-paths-webpack-plugin': [ '2.4.0' ],
377 silly audit   chokidar: [ '3.5.3' ],
377 silly audit   'glob-parent': [ '5.1.2', '6.0.2' ],
377 silly audit   'chrome-trace-event': [ '1.0.3' ],
377 silly audit   'ci-info': [ '1.6.0' ],
377 silly audit   'clean-css': [ '5.3.1' ],
377 silly audit   'cli-cursor': [ '3.1.0', '2.1.0' ],
377 silly audit   'cli-highlight': [ '2.1.11' ],
377 silly audit   'cli-spinners': [ '2.6.1' ],
377 silly audit   clipboardy: [ '2.3.0' ],
377 silly audit   cliui: [ '7.0.4' ],
377 silly audit   clone: [ '1.0.4' ],
377 silly audit   'clone-deep': [ '4.0.1' ],
377 silly audit   colord: [ '2.9.2' ],
377 silly audit   colorette: [ '2.0.19' ],
377 silly audit   commander: [ '8.3.0', '7.2.0', '2.20.3' ],
377 silly audit   commondir: [ '1.0.1' ],
377 silly audit   compressible: [ '2.0.18' ],
377 silly audit   compression: [ '1.7.4' ],
377 silly audit   'concat-map': [ '0.0.1' ],
377 silly audit   'connect-history-api-fallback': [ '2.0.0' ],
377 silly audit   consolidate: [ '0.15.1' ],
377 silly audit   'content-disposition': [ '0.5.4' ],
377 silly audit   'safe-buffer': [ '5.2.1', '5.1.2' ],
377 silly audit   'content-type': [ '1.0.4' ],
377 silly audit   'convert-source-map': [ '1.8.0' ],
377 silly audit   cookie: [ '0.5.0' ],
377 silly audit   'cookie-signature': [ '1.0.6' ],
377 silly audit   'copy-webpack-plugin': [ '9.1.0' ],
377 silly audit   'schema-utils': [ '3.1.1', '4.0.0', '2.7.1' ],
377 silly audit   'core-js': [ '3.23.5' ],
377 silly audit   'core-js-compat': [ '3.23.5' ],
377 silly audit   'core-util-is': [ '1.0.3' ],
377 silly audit   cosmiconfig: [ '7.0.1' ],
377 silly audit   'cross-spawn': [ '6.0.5', '7.0.3', '5.1.0' ],
377 silly audit   'css-declaration-sorter': [ '6.3.0' ],
377 silly audit   'css-loader': [ '6.7.1' ],
377 silly audit   'css-minimizer-webpack-plugin': [ '3.4.1' ],
377 silly audit   'css-select': [ '4.3.0' ],
377 silly audit   'css-tree': [ '1.1.3' ],
377 silly audit   'css-what': [ '6.1.0' ],
377 silly audit   cssesc: [ '3.0.0' ],
377 silly audit   cssnano: [ '5.1.12' ],
377 silly audit   'cssnano-preset-default': [ '5.2.12' ],
377 silly audit   'cssnano-utils': [ '3.1.0' ],
377 silly audit   csso: [ '4.2.0' ],
377 silly audit   deepmerge: [ '1.5.2' ],
377 silly audit   'default-gateway': [ '6.0.3' ],
377 silly audit   execa: [ '5.1.1', '1.0.0', '0.8.0' ],
377 silly audit   'get-stream': [ '6.0.1', '4.1.0', '3.0.0' ],
377 silly audit   'is-stream': [ '2.0.1', '1.1.0' ],
377 silly audit   'npm-run-path': [ '4.0.1', '2.0.2' ],
377 silly audit   'path-key': [ '3.1.1', '2.0.1' ],
377 silly audit   'shebang-command': [ '2.0.0', '1.2.0' ],
377 silly audit   'shebang-regex': [ '3.0.0', '1.0.0' ],
377 silly audit   which: [ '2.0.2', '1.3.1' ],
377 silly audit   defaults: [ '1.0.3' ],
377 silly audit   'define-lazy-prop': [ '2.0.0' ],
377 silly audit   'define-properties': [ '1.1.4' ],
377 silly audit   depd: [ '2.0.0', '1.1.2' ],
377 silly audit   destroy: [ '1.2.0' ],
377 silly audit   'detect-node': [ '2.1.0' ],
377 silly audit   'dir-glob': [ '3.0.1' ],
377 silly audit   'dns-equal': [ '1.0.0' ],
377 silly audit   'dns-packet': [ '5.4.0' ],
377 silly audit   'dom-converter': [ '0.2.0' ],
377 silly audit   'dom-serializer': [ '1.4.1' ],
377 silly audit   domelementtype: [ '2.3.0' ],
377 silly audit   domhandler: [ '4.3.1' ],
377 silly audit   domutils: [ '2.8.0' ],
377 silly audit   'dot-case': [ '3.0.4' ],
377 silly audit   dotenv: [ '10.0.0' ],
377 silly audit   'dotenv-expand': [ '5.1.0' ],
377 silly audit   duplexer: [ '0.1.2' ],
377 silly audit   'easy-stack': [ '1.0.1' ],
377 silly audit   'ee-first': [ '1.1.1' ],
377 silly audit   'electron-to-chromium': [ '1.4.198' ],
377 silly audit   'emoji-regex': [ '8.0.0' ],
377 silly audit   'emojis-list': [ '3.0.0' ],
377 silly audit   encodeurl: [ '1.0.2' ],
377 silly audit   'end-of-stream': [ '1.4.4' ],
377 silly audit   'enhanced-resolve': [ '5.10.0' ],
377 silly audit   entities: [ '2.2.0' ],
377 silly audit   'error-ex': [ '1.3.2' ],
377 silly audit   'error-stack-parser': [ '2.1.4' ],
377 silly audit   'es-module-lexer': [ '0.9.3' ],
377 silly audit   escalade: [ '3.1.1' ],
377 silly audit   'escape-html': [ '1.0.3' ],
377 silly audit   'escape-string-regexp': [ '1.0.5', '4.0.0' ],
377 silly audit   'eslint-scope': [ '5.1.1', '7.1.1' ],
377 silly audit   'eslint-webpack-plugin': [ '3.2.0' ],
377 silly audit   'jest-worker': [ '28.1.3', '27.5.1' ],
377 silly audit   esrecurse: [ '4.3.0' ],
377 silly audit   estraverse: [ '5.3.0', '4.3.0' ],
377 silly audit   esutils: [ '2.0.3' ],
377 silly audit   etag: [ '1.8.1' ],
377 silly audit   'event-pubsub': [ '4.3.0' ],
377 silly audit   eventemitter3: [ '4.0.7' ],
377 silly audit   events: [ '3.3.0' ],
377 silly audit   express: [ '4.18.1' ],
377 silly audit   'fast-deep-equal': [ '3.1.3' ],
377 silly audit   'fast-glob': [ '3.2.11' ],
377 silly audit   'fast-json-stable-stringify': [ '2.1.0' ],
377 silly audit   fastq: [ '1.13.0' ],
377 silly audit   'faye-websocket': [ '0.11.4' ],
377 silly audit   figures: [ '2.0.0' ],
377 silly audit   'fill-range': [ '7.0.1' ],
377 silly audit   finalhandler: [ '1.2.0' ],
377 silly audit   'find-cache-dir': [ '3.3.2' ],
377 silly audit   'find-up': [ '4.1.0' ],
377 silly audit   'follow-redirects': [ '1.15.1' ],
377 silly audit   forwarded: [ '0.2.0' ],
377 silly audit   'fraction.js': [ '4.2.0' ],
377 silly audit   fresh: [ '0.5.2' ],
377 silly audit   'fs-extra': [ '9.1.0' ],
377 silly audit   'fs-monkey': [ '1.0.3' ],
377 silly audit   'fs.realpath': [ '1.0.0' ],
377 silly audit   fsevents: [ '2.3.2' ],
377 silly audit   'function-bind': [ '1.1.1' ],
377 silly audit   gensync: [ '1.0.0-beta.2' ],
377 silly audit   'get-caller-file': [ '2.0.5' ],
377 silly audit   'get-intrinsic': [ '1.1.2' ],
377 silly audit   glob: [ '7.2.3' ],
377 silly audit   'glob-to-regexp': [ '0.4.1' ],
377 silly audit   globals: [ '11.12.0', '13.17.0' ],
377 silly audit   globby: [ '11.1.0' ],
377 silly audit   'graceful-fs': [ '4.2.10' ],
377 silly audit   'gzip-size': [ '6.0.0' ],
377 silly audit   'handle-thing': [ '2.0.1' ],
377 silly audit   has: [ '1.0.3' ],
377 silly audit   'has-property-descriptors': [ '1.0.0' ],
377 silly audit   'has-symbols': [ '1.0.3' ],
377 silly audit   he: [ '1.2.0' ],
377 silly audit   'highlight.js': [ '10.7.3' ],
377 silly audit   'hosted-git-info': [ '2.8.9' ],
377 silly audit   'hpack.js': [ '2.1.6' ],
377 silly audit   'readable-stream': [ '2.3.7', '3.6.0' ],
377 silly audit   string_decoder: [ '1.1.1', '1.3.0' ],
377 silly audit   'html-entities': [ '2.3.3' ],
377 silly audit   'html-minifier-terser': [ '6.1.0' ],
377 silly audit   'html-webpack-plugin': [ '5.5.0' ],
377 silly audit   htmlparser2: [ '6.1.0' ],
377 silly audit   'http-deceiver': [ '1.2.7' ],
377 silly audit   'http-errors': [ '2.0.0', '1.6.3' ],
377 silly audit   'http-parser-js': [ '0.5.8' ],
377 silly audit   'http-proxy': [ '1.18.1' ],
377 silly audit   'http-proxy-middleware': [ '2.0.6' ],
377 silly audit   'human-signals': [ '2.1.0' ],
377 silly audit   'iconv-lite': [ '0.4.24' ],
377 silly audit   'icss-utils': [ '5.1.0' ],
377 silly audit   ieee754: [ '1.2.1' ],
377 silly audit   ignore: [ '5.2.0', '4.0.6' ],
377 silly audit   'import-fresh': [ '3.3.0' ],
377 silly audit   inflight: [ '1.0.6' ],
377 silly audit   inherits: [ '2.0.4', '2.0.3' ],
377 silly audit   'ipaddr.js': [ '2.0.1', '1.9.1' ],
377 silly audit   'is-arrayish': [ '0.2.1' ],
377 silly audit   'is-binary-path': [ '2.1.0' ],
377 silly audit   'is-ci': [ '1.2.1' ],
377 silly audit   'is-core-module': [ '2.9.0' ],
377 silly audit   'is-docker': [ '2.2.1' ],
377 silly audit   'is-extglob': [ '2.1.1' ],
377 silly audit   'is-file-esm': [ '1.0.0' ],
377 silly audit   'is-fullwidth-code-point': [ '3.0.0', '2.0.0' ],
377 silly audit   'is-glob': [ '4.0.3' ],
377 silly audit   'is-interactive': [ '1.0.0' ],
377 silly audit   'is-number': [ '7.0.0' ],
377 silly audit   'is-plain-obj': [ '3.0.0' ],
377 silly audit   'is-plain-object': [ '2.0.4' ],
377 silly audit   'is-unicode-supported': [ '0.1.0' ],
377 silly audit   'is-wsl': [ '2.2.0' ],
377 silly audit   isarray: [ '1.0.0' ],
377 silly audit   isexe: [ '2.0.0' ],
377 silly audit   isobject: [ '3.0.1' ],
377 silly audit   'javascript-stringify': [ '2.1.0' ],
377 silly audit   joi: [ '17.6.0' ],
377 silly audit   'js-message': [ '1.0.7' ],
377 silly audit   'js-tokens': [ '4.0.0' ],
377 silly audit   jsesc: [ '2.5.2', '0.5.0' ],
377 silly audit   'json-parse-better-errors': [ '1.0.2' ],
377 silly audit   'json-parse-even-better-errors': [ '2.3.1' ],
377 silly audit   json5: [ '2.2.1', '1.0.1' ],
377 silly audit   jsonfile: [ '6.1.0' ],
377 silly audit   'kind-of': [ '6.0.3' ],
377 silly audit   klona: [ '2.0.5' ],
377 silly audit   'launch-editor': [ '2.4.0' ],
377 silly audit   'launch-editor-middleware': [ '2.4.0' ],
377 silly audit   lilconfig: [ '2.0.6' ],
377 silly audit   'lines-and-columns': [ '1.2.4' ],
377 silly audit   'loader-runner': [ '4.3.0' ],
377 silly audit   'locate-path': [ '5.0.0' ],
377 silly audit   lodash: [ '4.17.21' ],
377 silly audit   'lodash.debounce': [ '4.0.8' ],
377 silly audit   'lodash.defaultsdeep': [ '4.6.1' ],
377 silly audit   'lodash.kebabcase': [ '4.1.1' ],
377 silly audit   'lodash.mapvalues': [ '4.6.0' ],
377 silly audit   'lodash.memoize': [ '4.1.2' ],
377 silly audit   'lodash.uniq': [ '4.5.0' ],
377 silly audit   'log-symbols': [ '4.1.0' ],
377 silly audit   'log-update': [ '2.3.0' ],
377 silly audit   'mimic-fn': [ '1.2.0', '2.1.0' ],
377 silly audit   onetime: [ '2.0.1', '5.1.2' ],
377 silly audit   'restore-cursor': [ '2.0.0', '3.1.0' ],
377 silly audit   'string-width': [ '2.1.1', '4.2.3' ],
377 silly audit   'strip-ansi': [ '4.0.0', '6.0.1' ],
377 silly audit   'wrap-ansi': [ '3.0.1', '7.0.0' ],
377 silly audit   'lower-case': [ '2.0.2' ],
377 silly audit   'make-dir': [ '3.1.0' ],
377 silly audit   'mdn-data': [ '2.0.14' ],
377 silly audit   'media-typer': [ '0.3.0' ],
377 silly audit   memfs: [ '3.4.7' ],
377 silly audit   'merge-descriptors': [ '1.0.1' ],
377 silly audit   'merge-source-map': [ '1.1.0' ],
377 silly audit   'merge-stream': [ '2.0.0' ],
377 silly audit   merge2: [ '1.4.1' ],
377 silly audit   methods: [ '1.1.2' ],
377 silly audit   micromatch: [ '4.0.5' ],
377 silly audit   mime: [ '1.6.0' ],
377 silly audit   'mime-db': [ '1.52.0' ],
377 silly audit   'mime-types': [ '2.1.35' ],
377 silly audit   'mini-css-extract-plugin': [ '2.6.1' ],
377 silly audit   'minimalistic-assert': [ '1.0.1' ],
377 silly audit   minimatch: [ '3.1.2' ],
377 silly audit   minimist: [ '1.2.6' ],
377 silly audit   minipass: [ '3.3.4' ],
377 silly audit   mkdirp: [ '0.5.6' ],
377 silly audit   'module-alias': [ '2.2.2' ],
377 silly audit   mrmime: [ '1.0.1' ],
377 silly audit   'multicast-dns': [ '7.2.5' ],
377 silly audit   mz: [ '2.7.0' ],
377 silly audit   nanoid: [ '3.3.4' ],
377 silly audit   negotiator: [ '0.6.3' ],
377 silly audit   'neo-async': [ '2.6.2' ],
377 silly audit   'nice-try': [ '1.0.5' ],
377 silly audit   'no-case': [ '3.0.4' ],
377 silly audit   'node-fetch': [ '2.6.7' ],
377 silly audit   'node-forge': [ '1.3.1' ],
377 silly audit   'node-releases': [ '2.0.6' ],
377 silly audit   'normalize-package-data': [ '2.5.0' ],
377 silly audit   'normalize-path': [ '3.0.0', '1.0.0' ],
377 silly audit   'normalize-range': [ '0.1.2' ],
377 silly audit   'normalize-url': [ '6.1.0' ],
377 silly audit   'nth-check': [ '2.1.1' ],
377 silly audit   'object-assign': [ '4.1.1' ],
377 silly audit   'object-inspect': [ '1.12.2' ],
377 silly audit   'object-keys': [ '1.1.1' ],
377 silly audit   'object.assign': [ '4.1.2' ],
377 silly audit   obuf: [ '1.1.2' ],
377 silly audit   'on-finished': [ '2.4.1' ],
377 silly audit   'on-headers': [ '1.0.2' ],
377 silly audit   once: [ '1.4.0' ],
377 silly audit   open: [ '8.4.0' ],
377 silly audit   opener: [ '1.5.2' ],
377 silly audit   ora: [ '5.4.1' ],
377 silly audit   'p-finally': [ '1.0.0' ],
377 silly audit   'p-limit': [ '2.3.0' ],
377 silly audit   'p-locate': [ '4.1.0' ],
377 silly audit   'p-retry': [ '4.6.2' ],
377 silly audit   'p-try': [ '2.2.0' ],
377 silly audit   'param-case': [ '3.0.4' ],
377 silly audit   'parent-module': [ '1.0.1' ],
377 silly audit   'parse-json': [ '5.2.0' ],
377 silly audit   parse5: [ '5.1.1', '6.0.1' ],
377 silly audit   'parse5-htmlparser2-tree-adapter': [ '6.0.1' ],
377 silly audit   parseurl: [ '1.3.3' ],
377 silly audit   'pascal-case': [ '3.1.2' ],
377 silly audit   'path-exists': [ '4.0.0' ],
377 silly audit   'path-is-absolute': [ '1.0.1' ],
377 silly audit   'path-parse': [ '1.0.7' ],
377 silly audit   'path-to-regexp': [ '0.1.7' ],
377 silly audit   'path-type': [ '4.0.0' ],
377 silly audit   picomatch: [ '2.3.1' ],
377 silly audit   'pkg-dir': [ '4.2.0' ],
377 silly audit   portfinder: [ '1.0.28' ],
377 silly audit   'postcss-calc': [ '8.2.4' ],
377 silly audit   'postcss-colormin': [ '5.3.0' ],
377 silly audit   'postcss-convert-values': [ '5.1.2' ],
377 silly audit   'postcss-discard-comments': [ '5.1.2' ],
377 silly audit   'postcss-discard-duplicates': [ '5.1.0' ],
377 silly audit   'postcss-discard-empty': [ '5.1.1' ],
377 silly audit   'postcss-discard-overridden': [ '5.1.0' ],
377 silly audit   'postcss-loader': [ '6.2.1' ],
377 silly audit   'postcss-merge-longhand': [ '5.1.6' ],
377 silly audit   'postcss-merge-rules': [ '5.1.2' ],
377 silly audit   'postcss-minify-font-values': [ '5.1.0' ],
377 silly audit   'postcss-minify-gradients': [ '5.1.1' ],
377 silly audit   'postcss-minify-params': [ '5.1.3' ],
377 silly audit   'postcss-minify-selectors': [ '5.2.1' ],
377 silly audit   'postcss-modules-extract-imports': [ '3.0.0' ],
377 silly audit   'postcss-modules-local-by-default': [ '4.0.0' ],
377 silly audit   'postcss-modules-scope': [ '3.0.0' ],
377 silly audit   'postcss-modules-values': [ '4.0.0' ],
377 silly audit   'postcss-normalize-charset': [ '5.1.0' ],
377 silly audit   'postcss-normalize-display-values': [ '5.1.0' ],
377 silly audit   'postcss-normalize-positions': [ '5.1.1' ],
377 silly audit   'postcss-normalize-repeat-style': [ '5.1.1' ],
377 silly audit   'postcss-normalize-string': [ '5.1.0' ],
377 silly audit   'postcss-normalize-timing-functions': [ '5.1.0' ],
377 silly audit   'postcss-normalize-unicode': [ '5.1.0' ],
377 silly audit   'postcss-normalize-url': [ '5.1.0' ],
377 silly audit   'postcss-normalize-whitespace': [ '5.1.1' ],
377 silly audit   'postcss-ordered-values': [ '5.1.3' ],
377 silly audit   'postcss-reduce-initial': [ '5.1.0' ],
377 silly audit   'postcss-reduce-transforms': [ '5.1.0' ],
377 silly audit   'postcss-selector-parser': [ '6.0.10' ],
377 silly audit   'postcss-svgo': [ '5.1.0' ],
377 silly audit   'postcss-unique-selectors': [ '5.1.1' ],
377 silly audit   'postcss-value-parser': [ '4.2.0' ],
377 silly audit   prettier: [ '2.7.1' ],
377 silly audit   'pretty-error': [ '4.0.0' ],
377 silly audit   'process-nextick-args': [ '2.0.1' ],
377 silly audit   'progress-webpack-plugin': [ '1.0.16' ],
377 silly audit   'proxy-addr': [ '2.0.7' ],
377 silly audit   pseudomap: [ '1.0.2' ],
377 silly audit   pump: [ '3.0.0' ],
377 silly audit   punycode: [ '2.1.1' ],
377 silly audit   qs: [ '6.10.3' ],
377 silly audit   'queue-microtask': [ '1.2.3' ],
377 silly audit   randombytes: [ '2.1.0' ],
377 silly audit   'range-parser': [ '1.2.1' ],
377 silly audit   'raw-body': [ '2.5.1' ],
377 silly audit   'read-pkg': [ '5.2.0' ],
377 silly audit   'read-pkg-up': [ '7.0.1' ],
377 silly audit   'type-fest': [ '0.8.1', '0.6.0', '0.20.2' ],
377 silly audit   readdirp: [ '3.6.0' ],
377 silly audit   regenerate: [ '1.4.2' ],
377 silly audit   'regenerate-unicode-properties': [ '10.0.1' ],
377 silly audit   'regenerator-runtime': [ '0.13.9' ],
377 silly audit   'regenerator-transform': [ '0.15.0' ],
377 silly audit   'regexpu-core': [ '5.1.0' ],
377 silly audit   regjsgen: [ '0.6.0' ],
377 silly audit   regjsparser: [ '0.8.4' ],
377 silly audit   relateurl: [ '0.2.7' ],
377 silly audit   renderkid: [ '3.0.0' ],
377 silly audit   'require-directory': [ '2.1.1' ],
377 silly audit   'require-from-string': [ '2.0.2' ],
377 silly audit   'requires-port': [ '1.0.0' ],
377 silly audit   resolve: [ '1.22.1' ],
377 silly audit   'resolve-from': [ '4.0.0' ],
377 silly audit   retry: [ '0.13.1' ],
377 silly audit   reusify: [ '1.0.4' ],
377 silly audit   rimraf: [ '3.0.2' ],
377 silly audit   'run-parallel': [ '1.2.0' ],
377 silly audit   'safer-buffer': [ '2.1.2' ],
377 silly audit   'select-hose': [ '2.0.0' ],
377 silly audit   selfsigned: [ '2.0.1' ],
377 silly audit   send: [ '0.18.0' ],
377 silly audit   'serialize-javascript': [ '6.0.0' ],
377 silly audit   'serve-index': [ '1.9.1' ],
377 silly audit   setprototypeof: [ '1.1.0', '1.2.0' ],
377 silly audit   statuses: [ '1.5.0', '2.0.1' ],
377 silly audit   'serve-static': [ '1.15.0' ],
377 silly audit   'shallow-clone': [ '3.0.1' ],
377 silly audit   'shell-quote': [ '1.7.3' ],
377 silly audit   'side-channel': [ '1.0.4' ],
377 silly audit   'signal-exit': [ '3.0.7' ],
377 silly audit   sirv: [ '1.0.19' ],
377 silly audit   slash: [ '3.0.0' ],
377 silly audit   sockjs: [ '0.3.24' ],
377 silly audit   'source-map': [ '0.6.1' ],
377 silly audit   'source-map-js': [ '1.0.2' ],
377 silly audit   'source-map-support': [ '0.5.21' ],
377 silly audit   'spdx-correct': [ '3.1.1' ],
377 silly audit   'spdx-exceptions': [ '2.3.0' ],
377 silly audit   'spdx-expression-parse': [ '3.0.1' ],
377 silly audit   'spdx-license-ids': [ '3.0.11' ],
377 silly audit   spdy: [ '4.0.2' ],
377 silly audit   'spdy-transport': [ '3.0.0' ],
377 silly audit   ssri: [ '8.0.1' ],
377 silly audit   stable: [ '0.1.8' ],
377 silly audit   stackframe: [ '1.3.4' ],
377 silly audit   'strip-eof': [ '1.0.0' ],
377 silly audit   'strip-final-newline': [ '2.0.0' ],
377 silly audit   'strip-indent': [ '2.0.0' ],
377 silly audit   stylehacks: [ '5.1.0' ],
377 silly audit   'supports-preserve-symlinks-flag': [ '1.0.0' ],
377 silly audit   'svg-tags': [ '1.0.0' ],
377 silly audit   svgo: [ '2.8.0' ],
377 silly audit   tapable: [ '2.2.1' ],
377 silly audit   terser: [ '5.14.2' ],
377 silly audit   'terser-webpack-plugin': [ '5.3.3' ],
377 silly audit   thenify: [ '3.3.1' ],
377 silly audit   'thenify-all': [ '1.6.0' ],
377 silly audit   'thread-loader': [ '3.0.4' ],
377 silly audit   thunky: [ '1.1.0' ],
377 silly audit   'to-fast-properties': [ '2.0.0' ],
377 silly audit   'to-regex-range': [ '5.0.1' ],
377 silly audit   toidentifier: [ '1.0.1' ],
377 silly audit   totalist: [ '1.1.0' ],
377 silly audit   tr46: [ '0.0.3' ],
377 silly audit   tslib: [ '2.4.0' ],
377 silly audit   'type-is': [ '1.6.18' ],
377 silly audit   'unicode-canonical-property-names-ecmascript': [ '2.0.0' ],
377 silly audit   'unicode-match-property-ecmascript': [ '2.0.0' ],
377 silly audit   'unicode-match-property-value-ecmascript': [ '2.0.0' ],
377 silly audit   'unicode-property-aliases-ecmascript': [ '2.0.0' ],
377 silly audit   universalify: [ '2.0.0' ],
377 silly audit   unpipe: [ '1.0.0' ],
377 silly audit   'update-browserslist-db': [ '1.0.5' ],
377 silly audit   'uri-js': [ '4.4.1' ],
377 silly audit   'util-deprecate': [ '1.0.2' ],
377 silly audit   utila: [ '0.4.0' ],
377 silly audit   'utils-merge': [ '1.0.1' ],
377 silly audit   uuid: [ '8.3.2' ],
377 silly audit   'validate-npm-package-license': [ '3.0.4' ],
377 silly audit   vary: [ '1.1.2' ],
377 silly audit   'vue-hot-reload-api': [ '2.3.4' ],
377 silly audit   'vue-style-loader': [ '4.1.3' ],
377 silly audit   'vue-template-es2015-compiler': [ '1.9.1' ],
377 silly audit   watchpack: [ '2.4.0' ],
377 silly audit   wbuf: [ '1.7.3' ],
377 silly audit   wcwidth: [ '1.0.1' ],
377 silly audit   'webidl-conversions': [ '3.0.1' ],
377 silly audit   webpack: [ '5.73.0' ],
377 silly audit   'webpack-bundle-analyzer': [ '4.5.0' ],
377 silly audit   'webpack-chain': [ '6.5.1' ],
377 silly audit   'webpack-dev-middleware': [ '5.3.3' ],
377 silly audit   'webpack-dev-server': [ '4.9.3' ],
377 silly audit   ws: [ '8.8.1', '7.5.9' ],
377 silly audit   'webpack-merge': [ '5.8.0' ],
377 silly audit   'webpack-sources': [ '3.2.3' ],
377 silly audit   'webpack-virtual-modules': [ '0.4.4' ],
377 silly audit   'websocket-driver': [ '0.7.4' ],
377 silly audit   'websocket-extensions': [ '0.1.4' ],
377 silly audit   'whatwg-fetch': [ '3.6.2' ],
377 silly audit   'whatwg-url': [ '5.0.0' ],
377 silly audit   wildcard: [ '2.0.0' ],
377 silly audit   wrappy: [ '1.0.2' ],
377 silly audit   y18n: [ '5.0.8' ],
377 silly audit   yaml: [ '1.10.2' ],
377 silly audit   yargs: [ '16.2.0' ],
377 silly audit   'yargs-parser': [ '20.2.9' ],
377 silly audit   yorkie: [ '2.0.0' ],
377 silly audit   '@babel/eslint-parser': [ '7.18.9' ],
377 silly audit   eslint: [ '7.32.0' ],
377 silly audit   'eslint-plugin-vue': [ '8.7.1' ],
377 silly audit   vue: [ '2.7.7' ],
377 silly audit   'vue-template-compiler': [ '2.7.7' ],
377 silly audit   'eslint-visitor-keys': [ '2.1.0', '1.3.0', '3.3.0' ],
377 silly audit   '@eslint/eslintrc': [ '0.4.3' ],
377 silly audit   '@humanwhocodes/config-array': [ '0.5.0' ],
377 silly audit   doctrine: [ '3.0.0' ],
377 silly audit   enquirer: [ '2.3.6' ],
377 silly audit   'eslint-utils': [ '2.1.0', '3.0.0' ],
377 silly audit   espree: [ '7.3.1', '9.3.2' ],
377 silly audit   esquery: [ '1.4.0' ],
377 silly audit   'file-entry-cache': [ '6.0.1' ],
377 silly audit   'functional-red-black-tree': [ '1.0.1' ],
377 silly audit   imurmurhash: [ '0.1.4' ],
377 silly audit   'js-yaml': [ '3.14.1' ],
377 silly audit   'json-stable-stringify-without-jsonify': [ '1.0.1' ],
377 silly audit   levn: [ '0.4.1' ],
377 silly audit   'lodash.merge': [ '4.6.2' ],
377 silly audit   'natural-compare': [ '1.4.0' ],
377 silly audit   optionator: [ '0.9.1' ],
377 silly audit   progress: [ '2.0.3' ],
377 silly audit   regexpp: [ '3.2.0' ],
377 silly audit   'strip-json-comments': [ '3.1.1' ],
377 silly audit   table: [ '6.8.0' ],
377 silly audit   'text-table': [ '0.2.0' ],
377 silly audit   'v8-compile-cache': [ '2.3.0' ],
377 silly audit   '@humanwhocodes/object-schema': [ '1.2.1' ],
377 silly audit   'ansi-colors': [ '4.1.3' ],
377 silly audit   'vue-eslint-parser': [ '8.3.0' ],
377 silly audit   'acorn-jsx': [ '5.3.2' ],
377 silly audit   'flat-cache': [ '3.0.4' ],
377 silly audit   flatted: [ '3.2.6' ],
377 silly audit   argparse: [ '1.0.10' ],
377 silly audit   esprima: [ '4.0.1' ],
377 silly audit   'sprintf-js': [ '1.0.3' ],
377 silly audit   'prelude-ls': [ '1.2.1' ],
377 silly audit   'type-check': [ '0.4.0' ],
377 silly audit   'deep-is': [ '0.1.4' ],
377 silly audit   'fast-levenshtein': [ '2.0.6' ],
377 silly audit   'word-wrap': [ '1.2.3' ],
377 silly audit   'lodash.truncate': [ '4.4.2' ],
377 silly audit   'slice-ansi': [ '4.0.0' ],
377 silly audit   'astral-regex': [ '2.0.0' ],
377 silly audit   '@vue/compiler-sfc': [ '2.7.7' ],
377 silly audit   csstype: [ '3.1.0' ],
377 silly audit   'de-indent': [ '1.0.2' ]
377 silly audit }
378 verbose reify failed optional dependency /home/diedose/coding/2022_portfolio/node_modules/fsevents
379 silly reify mark deleted [ '/home/diedose/coding/2022_portfolio/node_modules/fsevents' ]
380 timing reifyNode:node_modules/fsevents Completed in 10ms
381 silly tarball no local data for de-indent@https://registry.npmjs.org/de-indent/-/de-indent-1.0.2.tgz. Extracting by manifest.
382 silly tarball no local data for vue-template-compiler@https://registry.npmjs.org/vue-template-compiler/-/vue-template-compiler-2.7.7.tgz. Extracting by manifest.
383 http fetch POST 200 https://registry.npmjs.org/-/npm/v1/security/advisories/bulk 269ms
384 timing auditReport:getReport Completed in 276ms
385 silly audit report {}
386 timing auditReport:init Completed in 0ms
387 timing reify:audit Completed in 277ms
388 timing reifyNode:node_modules/natural-compare Completed in 362ms
389 timing reifyNode:node_modules/slice-ansi Completed in 371ms
390 timing reifyNode:node_modules/fast-levenshtein Completed in 371ms
391 timing reifyNode:node_modules/imurmurhash Completed in 371ms
392 timing reifyNode:node_modules/slice-ansi/node_modules/color-name Completed in 376ms
393 timing reifyNode:node_modules/eslint/node_modules/color-name Completed in 372ms
394 timing reifyNode:node_modules/eslint/node_modules/shebang-command Completed in 373ms
395 timing reifyNode:node_modules/astral-regex Completed in 379ms
396 timing reifyNode:node_modules/lodash.truncate Completed in 380ms
397 timing reifyNode:node_modules/word-wrap Completed in 380ms
398 timing reifyNode:node_modules/strip-json-comments Completed in 378ms
399 timing reifyNode:node_modules/eslint/node_modules/has-flag Completed in 380ms
400 timing reifyNode:node_modules/eslint/node_modules/shebang-regex Completed in 381ms
401 timing reifyNode:node_modules/eslint/node_modules/path-key Completed in 381ms
402 timing reifyNode:node_modules/eslint/node_modules/supports-color Completed in 380ms
403 timing reifyNode:node_modules/eslint/node_modules/escape-string-regexp Completed in 379ms
404 timing reifyNode:node_modules/eslint/node_modules/glob-parent Completed in 380ms
405 timing reifyNode:node_modules/eslint/node_modules/@babel/code-frame Completed in 379ms
406 timing reifyNode:node_modules/slice-ansi/node_modules/ansi-styles Completed in 390ms
407 timing reifyNode:node_modules/eslint/node_modules/ansi-styles Completed in 386ms
408 timing reifyNode:node_modules/v8-compile-cache Completed in 392ms
409 timing reifyNode:node_modules/file-entry-cache Completed in 393ms
410 timing reifyNode:node_modules/@humanwhocodes/config-array Completed in 392ms
411 timing reifyNode:node_modules/eslint/node_modules/which Completed in 394ms
412 timing reifyNode:node_modules/type-check Completed in 399ms
413 timing reifyNode:node_modules/acorn-jsx Completed in 400ms
414 timing reifyNode:node_modules/lodash.merge Completed in 399ms
415 timing reifyNode:node_modules/ansi-colors Completed in 404ms
416 timing reifyNode:node_modules/progress Completed in 403ms
417 timing reifyNode:node_modules/levn Completed in 404ms
418 timing reifyNode:node_modules/eslint-visitor-keys Completed in 403ms
419 timing reifyNode:node_modules/slice-ansi/node_modules/color-convert Completed in 408ms
420 timing reifyNode:node_modules/espree/node_modules/eslint-visitor-keys Completed in 405ms
421 timing reifyNode:node_modules/eslint-utils/node_modules/eslint-visitor-keys Completed in 405ms
422 timing reifyNode:node_modules/eslint/node_modules/color-convert Completed in 404ms
423 timing reifyNode:node_modules/vue-eslint-parser/node_modules/estraverse Completed in 411ms
424 timing reifyNode:node_modules/esquery/node_modules/estraverse Completed in 409ms
425 timing reifyNode:node_modules/@eslint/eslintrc/node_modules/globals Completed in 410ms
426 timing reifyNode:node_modules/eslint/node_modules/globals Completed in 409ms
427 timing reifyNode:node_modules/deep-is Completed in 415ms
428 timing reifyNode:node_modules/flat-cache Completed in 415ms
429 timing reifyNode:node_modules/optionator Completed in 413ms
430 timing reifyNode:node_modules/functional-red-black-tree Completed in 414ms
431 timing reifyNode:node_modules/@eslint/eslintrc/node_modules/ignore Completed in 415ms
432 timing reifyNode:node_modules/eslint/node_modules/ignore Completed in 414ms
433 timing reifyNode:node_modules/eslint/node_modules/chalk Completed in 412ms
434 http fetch GET 200 https://registry.npmjs.org/de-indent/-/de-indent-1.0.2.tgz 372ms (cache miss)
435 timing reifyNode:node_modules/de-indent Completed in 426ms
436 timing reifyNode:node_modules/eslint/node_modules/cross-spawn Completed in 420ms
437 timing reifyNode:node_modules/vue-eslint-parser/node_modules/eslint-visitor-keys Completed in 433ms
438 timing reifyNode:node_modules/prelude-ls Completed in 435ms
439 timing reifyNode:node_modules/text-table Completed in 445ms
440 timing reifyNode:node_modules/espree Completed in 444ms
441 timing reifyNode:node_modules/doctrine Completed in 444ms
442 timing reifyNode:node_modules/vue-eslint-parser/node_modules/espree Completed in 450ms
443 timing reifyNode:node_modules/json-stable-stringify-without-jsonify Completed in 452ms
444 timing reifyNode:node_modules/table/node_modules/json-schema-traverse Completed in 453ms
445 timing reifyNode:node_modules/@humanwhocodes/object-schema Completed in 458ms
446 timing reifyNode:node_modules/sprintf-js Completed in 464ms
447 timing reifyNode:node_modules/regexpp Completed in 467ms
448 timing reifyNode:node_modules/flatted Completed in 472ms
449 timing reifyNode:node_modules/vue-eslint-parser/node_modules/eslint-scope Completed in 472ms
450 timing reifyNode:node_modules/esprima Completed in 475ms
451 timing reifyNode:node_modules/eslint-utils Completed in 474ms
452 timing reifyNode:node_modules/@babel/eslint-parser Completed in 471ms
453 timing reifyNode:node_modules/eslint-plugin-vue/node_modules/eslint-utils Completed in 478ms
454 timing reifyNode:node_modules/argparse Completed in 510ms
455 timing reifyNode:node_modules/@vue/compiler-sfc Completed in 514ms
456 timing reifyNode:node_modules/@eslint/eslintrc Completed in 511ms
457 timing reifyNode:node_modules/@eslint/eslintrc/node_modules/type-fest Completed in 522ms
458 timing reifyNode:node_modules/eslint/node_modules/type-fest Completed in 521ms
459 timing reifyNode:node_modules/vue-eslint-parser/node_modules/semver Completed in 533ms
460 timing reifyNode:node_modules/eslint-plugin-vue/node_modules/semver Completed in 530ms
461 timing reifyNode:node_modules/eslint/node_modules/semver Completed in 529ms
462 timing reifyNode:node_modules/enquirer Completed in 538ms
463 timing reifyNode:node_modules/vue-eslint-parser Completed in 543ms
464 timing reifyNode:node_modules/esquery Completed in 550ms
465 timing reifyNode:node_modules/js-yaml Completed in 550ms
466 timing reifyNode:node_modules/csstype Completed in 555ms
467 timing reifyNode:node_modules/espree/node_modules/acorn Completed in 558ms
468 http fetch GET 200 https://registry.npmjs.org/vue-template-compiler/-/vue-template-compiler-2.7.7.tgz 506ms (cache miss)
469 timing reifyNode:node_modules/vue-template-compiler Completed in 560ms
470 timing reifyNode:node_modules/table Completed in 592ms
471 timing reifyNode:node_modules/eslint-plugin-vue Completed in 695ms
472 timing reifyNode:node_modules/table/node_modules/ajv Completed in 787ms
473 timing reifyNode:node_modules/vue Completed in 791ms
474 timing reifyNode:node_modules/eslint Completed in 795ms
475 timing reify:unpack Completed in 801ms
476 timing reify:unretire Completed in 0ms
477 timing build:queue Completed in 3ms
478 timing build:link:node_modules/eslint Completed in 4ms
479 timing build:link:node_modules/esprima Completed in 4ms
480 timing build:link:node_modules/js-yaml Completed in 4ms
481 timing build:link:node_modules/eslint-plugin-vue/node_modules/semver Completed in 4ms
482 timing build:link:node_modules/espree/node_modules/acorn Completed in 3ms
483 timing build:link:node_modules/eslint/node_modules/semver Completed in 3ms
484 timing build:link:node_modules/vue-eslint-parser/node_modules/semver Completed in 3ms
485 timing build:link:node_modules/eslint/node_modules/which Completed in 3ms
486 timing build:link Completed in 5ms
487 timing build:deps Completed in 9ms
488 timing build Completed in 9ms
489 timing reify:build Completed in 10ms
490 timing reify:trash Completed in 0ms
491 timing reify:save Completed in 151ms
492 timing reify Completed in 3540ms
493 silly ADD node_modules/de-indent
494 silly ADD node_modules/csstype
495 silly ADD node_modules/@vue/compiler-sfc
496 silly ADD node_modules/astral-regex
497 silly ADD node_modules/slice-ansi
498 silly ADD node_modules/slice-ansi/node_modules/color-name
499 silly ADD node_modules/slice-ansi/node_modules/color-convert
500 silly ADD node_modules/slice-ansi/node_modules/ansi-styles
501 silly ADD node_modules/lodash.truncate
502 silly ADD node_modules/word-wrap
503 silly ADD node_modules/fast-levenshtein
504 silly ADD node_modules/deep-is
505 silly ADD node_modules/type-check
506 silly ADD node_modules/prelude-ls
507 silly ADD node_modules/sprintf-js
508 silly ADD node_modules/esprima
509 silly ADD node_modules/argparse
510 silly ADD node_modules/flatted
511 silly ADD node_modules/flat-cache
512 silly ADD node_modules/acorn-jsx
513 silly ADD node_modules/vue-eslint-parser
514 silly ADD node_modules/vue-eslint-parser/node_modules/estraverse
515 silly ADD node_modules/vue-eslint-parser/node_modules/semver
516 silly ADD node_modules/vue-eslint-parser/node_modules/espree
517 silly ADD node_modules/vue-eslint-parser/node_modules/eslint-visitor-keys
518 silly ADD node_modules/vue-eslint-parser/node_modules/eslint-scope
519 silly ADD node_modules/ansi-colors
520 silly ADD node_modules/@humanwhocodes/object-schema
521 silly ADD node_modules/v8-compile-cache
522 silly ADD node_modules/text-table
523 silly ADD node_modules/table
524 silly ADD node_modules/table/node_modules/json-schema-traverse
525 silly ADD node_modules/table/node_modules/ajv
526 silly ADD node_modules/strip-json-comments
527 silly ADD node_modules/regexpp
528 silly ADD node_modules/progress
529 silly ADD node_modules/optionator
530 silly ADD node_modules/natural-compare
531 silly ADD node_modules/lodash.merge
532 silly ADD node_modules/levn
533 silly ADD node_modules/json-stable-stringify-without-jsonify
534 silly ADD node_modules/js-yaml
535 silly ADD node_modules/imurmurhash
536 silly ADD node_modules/functional-red-black-tree
537 silly ADD node_modules/file-entry-cache
538 silly ADD node_modules/esquery
539 silly ADD node_modules/esquery/node_modules/estraverse
540 silly ADD node_modules/espree
541 silly ADD node_modules/espree/node_modules/eslint-visitor-keys
542 silly ADD node_modules/espree/node_modules/acorn
543 silly ADD node_modules/eslint-utils
544 silly ADD node_modules/eslint-utils/node_modules/eslint-visitor-keys
545 silly ADD node_modules/enquirer
546 silly ADD node_modules/doctrine
547 silly ADD node_modules/@humanwhocodes/config-array
548 silly ADD node_modules/@eslint/eslintrc
549 silly ADD node_modules/@eslint/eslintrc/node_modules/type-fest
550 silly ADD node_modules/@eslint/eslintrc/node_modules/ignore
551 silly ADD node_modules/@eslint/eslintrc/node_modules/globals
552 silly ADD node_modules/eslint-visitor-keys
553 silly ADD node_modules/vue-template-compiler
554 silly ADD node_modules/vue
555 silly ADD node_modules/eslint-plugin-vue
556 silly ADD node_modules/eslint-plugin-vue/node_modules/semver
557 silly ADD node_modules/eslint-plugin-vue/node_modules/eslint-utils
558 silly ADD node_modules/eslint
559 silly ADD node_modules/eslint/node_modules/has-flag
560 silly ADD node_modules/eslint/node_modules/shebang-regex
561 silly ADD node_modules/eslint/node_modules/type-fest
562 silly ADD node_modules/eslint/node_modules/which
563 silly ADD node_modules/eslint/node_modules/shebang-command
564 silly ADD node_modules/eslint/node_modules/path-key
565 silly ADD node_modules/eslint/node_modules/color-name
566 silly ADD node_modules/eslint/node_modules/color-convert
567 silly ADD node_modules/eslint/node_modules/supports-color
568 silly ADD node_modules/eslint/node_modules/ansi-styles
569 silly ADD node_modules/eslint/node_modules/semver
570 silly ADD node_modules/eslint/node_modules/ignore
571 silly ADD node_modules/eslint/node_modules/globals
572 silly ADD node_modules/eslint/node_modules/glob-parent
573 silly ADD node_modules/eslint/node_modules/escape-string-regexp
574 silly ADD node_modules/eslint/node_modules/cross-spawn
575 silly ADD node_modules/eslint/node_modules/chalk
576 silly ADD node_modules/eslint/node_modules/@babel/code-frame
577 silly ADD node_modules/@babel/eslint-parser
578 silly ADD
579 timing command:install Completed in 3550ms
580 verbose exit 0
581 timing npm Completed in 3610ms
582 info ok
