[2022-07-21T22:30:17.296Z] Log level: Info
[2022-07-21T22:30:17.301Z] [info] Validating found git in: git
[2022-07-21T22:30:17.323Z] [info] Using git 2.25.1 from git
[2022-07-21T22:30:17.341Z] > git rev-parse --show-toplevel [5ms]
[2022-07-21T22:30:17.352Z] > git rev-parse --git-dir --git-common-dir [1ms]
[2022-07-21T22:30:17.357Z] [info] Open repository: /home/diedose/coding/2022_portfolio
[2022-07-21T22:30:17.375Z] > git status -z -uall [11ms]
[2022-07-21T22:30:17.385Z] > git symbolic-ref --short HEAD [4ms]
[2022-07-21T22:30:17.393Z] > git for-each-ref --format=%(refname)%00%(upstream:short)%00%(objectname)%00%(upstream:track)%00%(upstream:remotename)%00%(upstream:remoteref) refs/heads/main refs/remotes/main [4ms]
[2022-07-21T22:30:17.404Z] > git remote --verbose [3ms]
[2022-07-21T22:30:17.405Z] > git for-each-ref --sort -committerdate --format %(refname) %(objectname) %(*objectname) [7ms]
[2022-07-21T22:30:17.414Z] > git config --get commit.template [0ms]
[2022-07-21T22:30:17.422Z] > git status -z -uall [1ms]
[2022-07-21T22:30:17.428Z] > git symbolic-ref --short HEAD [1ms]
[2022-07-21T22:30:17.433Z] > git for-each-ref --format=%(refname)%00%(upstream:short)%00%(objectname)%00%(upstream:track)%00%(upstream:remotename)%00%(upstream:remoteref) refs/heads/main refs/remotes/main [1ms]
[2022-07-21T22:30:17.441Z] > git remote --verbose [1ms]
[2022-07-21T22:30:17.442Z] > git for-each-ref --sort -committerdate --format %(refname) %(objectname) %(*objectname) [5ms]
[2022-07-21T22:30:17.448Z] > git config --get commit.template [1ms]
[2022-07-21T22:30:17.794Z] > git show --textconv :src/App.vue [26ms]
[2022-07-21T22:30:17.794Z] > git ls-files --stage -- /home/diedose/coding/2022_portfolio/src/App.vue [19ms]
[2022-07-21T22:30:17.891Z] > git check-ignore -v -z --stdin [2ms]
[2022-07-21T22:30:38.398Z] > git status -z -uall [1ms]
[2022-07-21T22:30:38.402Z] > git symbolic-ref --short HEAD [1ms]
[2022-07-21T22:30:38.406Z] > git for-each-ref --format=%(refname)%00%(upstream:short)%00%(objectname)%00%(upstream:track)%00%(upstream:remotename)%00%(upstream:remoteref) refs/heads/main refs/remotes/main [1ms]
[2022-07-21T22:30:38.414Z] > git remote --verbose [1ms]
[2022-07-21T22:30:38.415Z] > git for-each-ref --sort -committerdate --format %(refname) %(objectname) %(*objectname) [5ms]
[2022-07-21T22:30:38.422Z] > git config --get commit.template [1ms]
[2022-07-21T22:31:05.352Z] > git check-ignore -v -z --stdin [1ms]
[2022-07-21T22:31:06.548Z] > git show --textconv :src/App.vue [5ms]
[2022-07-21T22:31:06.548Z] > git ls-files --stage -- /home/diedose/coding/2022_portfolio/src/App.vue [1ms]
[2022-07-21T22:31:11.691Z] > git status -z -uall [1ms]
[2022-07-21T22:31:11.697Z] > git symbolic-ref --short HEAD [1ms]
[2022-07-21T22:31:11.703Z] > git for-each-ref --format=%(refname)%00%(upstream:short)%00%(objectname)%00%(upstream:track)%00%(upstream:remotename)%00%(upstream:remoteref) refs/heads/main refs/remotes/main [1ms]
[2022-07-21T22:31:11.713Z] > git remote --verbose [1ms]
[2022-07-21T22:31:11.713Z] > git for-each-ref --sort -committerdate --format %(refname) %(objectname) %(*objectname) [6ms]
[2022-07-21T22:31:11.721Z] > git config --get commit.template [1ms]
[2022-07-21T22:31:16.729Z] > git status -z -uall [1ms]
[2022-07-21T22:31:16.735Z] > git symbolic-ref --short HEAD [0ms]
[2022-07-21T22:31:16.743Z] > git for-each-ref --format=%(refname)%00%(upstream:short)%00%(objectname)%00%(upstream:track)%00%(upstream:remotename)%00%(upstream:remoteref) refs/heads/main refs/remotes/main [1ms]
[2022-07-21T22:31:16.756Z] > git remote --verbose [0ms]
[2022-07-21T22:31:16.757Z] > git for-each-ref --sort -committerdate --format %(refname) %(objectname) %(*objectname) [8ms]
[2022-07-21T22:31:16.764Z] > git config --get commit.template [0ms]
[2022-07-21T22:31:22.426Z] > git status -z -uall [1ms]
[2022-07-21T22:31:22.432Z] > git symbolic-ref --short HEAD [1ms]
[2022-07-21T22:31:22.437Z] > git for-each-ref --format=%(refname)%00%(upstream:short)%00%(objectname)%00%(upstream:track)%00%(upstream:remotename)%00%(upstream:remoteref) refs/heads/main refs/remotes/main [1ms]
[2022-07-21T22:31:22.445Z] > git remote --verbose [1ms]
[2022-07-21T22:31:22.445Z] > git for-each-ref --sort -committerdate --format %(refname) %(objectname) %(*objectname) [4ms]
[2022-07-21T22:31:22.454Z] > git config --get commit.template [2ms]
[2022-07-21T22:31:29.772Z] > git status -z -uall [0ms]
[2022-07-21T22:31:29.777Z] > git symbolic-ref --short HEAD [0ms]
[2022-07-21T22:31:29.782Z] > git for-each-ref --format=%(refname)%00%(upstream:short)%00%(objectname)%00%(upstream:track)%00%(upstream:remotename)%00%(upstream:remoteref) refs/heads/main refs/remotes/main [0ms]
[2022-07-21T22:31:29.791Z] > git remote --verbose [1ms]
[2022-07-21T22:31:29.791Z] > git for-each-ref --sort -committerdate --format %(refname) %(objectname) %(*objectname) [5ms]
[2022-07-21T22:31:29.797Z] > git config --get commit.template [0ms]
[2022-07-21T22:31:34.804Z] > git status -z -uall [0ms]
[2022-07-21T22:31:34.810Z] > git symbolic-ref --short HEAD [1ms]
[2022-07-21T22:31:34.815Z] > git for-each-ref --format=%(refname)%00%(upstream:short)%00%(objectname)%00%(upstream:track)%00%(upstream:remotename)%00%(upstream:remoteref) refs/heads/main refs/remotes/main [1ms]
[2022-07-21T22:31:34.826Z] > git remote --verbose [1ms]
[2022-07-21T22:31:34.826Z] > git for-each-ref --sort -committerdate --format %(refname) %(objectname) %(*objectname) [6ms]
[2022-07-21T22:31:34.833Z] > git config --get commit.template [1ms]
[2022-07-21T22:31:39.839Z] > git status -z -uall [1ms]
[2022-07-21T22:31:39.845Z] > git symbolic-ref --short HEAD [1ms]
[2022-07-21T22:31:39.850Z] > git for-each-ref --format=%(refname)%00%(upstream:short)%00%(objectname)%00%(upstream:track)%00%(upstream:remotename)%00%(upstream:remoteref) refs/heads/main refs/remotes/main [0ms]
[2022-07-21T22:31:39.860Z] > git remote --verbose [1ms]
[2022-07-21T22:31:39.860Z] > git for-each-ref --sort -committerdate --format %(refname) %(objectname) %(*objectname) [5ms]
[2022-07-21T22:31:39.867Z] > git config --get commit.template [0ms]
[2022-07-21T22:31:47.946Z] > git status -z -uall [1ms]
[2022-07-21T22:31:47.951Z] > git symbolic-ref --short HEAD [0ms]
[2022-07-21T22:31:47.956Z] > git for-each-ref --format=%(refname)%00%(upstream:short)%00%(objectname)%00%(upstream:track)%00%(upstream:remotename)%00%(upstream:remoteref) refs/heads/main refs/remotes/main [0ms]
[2022-07-21T22:31:47.964Z] > git remote --verbose [0ms]
[2022-07-21T22:31:47.964Z] > git for-each-ref --sort -committerdate --format %(refname) %(objectname) %(*objectname) [4ms]
[2022-07-21T22:31:47.972Z] > git config --get commit.template [1ms]
[2022-07-21T22:31:55.086Z] > git show --textconv :src/App.vue [7ms]
[2022-07-21T22:31:55.086Z] > git ls-files --stage -- /home/diedose/coding/2022_portfolio/src/App.vue [1ms]
