[2022-07-22T02:14:30.017Z] Log level: Info
[2022-07-22T02:14:30.021Z] [info] Validating found git in: git
[2022-07-22T02:14:30.138Z] [info] Using git 2.25.1 from git
[2022-07-22T02:14:30.191Z] > git rev-parse --show-toplevel [36ms]
[2022-07-22T02:14:30.206Z] > git rev-parse --git-dir --git-common-dir [8ms]
[2022-07-22T02:14:30.215Z] [info] Open repository: /home/diedose
[2022-07-22T02:14:30.821Z] > git check-ignore -v -z --stdin [29ms]
[2022-07-22T02:14:30.822Z] > git show --textconv :coding/2022_portfolio/README.md [21ms]
[2022-07-22T02:14:30.823Z] > git ls-files --stage -- /home/diedose/coding/2022_portfolio/README.md [17ms]
[2022-07-22T02:14:30.861Z] > git status -z -uall [639ms]
[2022-07-22T02:14:32.132Z] > git ls-files --stage -- /home/diedose/coding/2022_portfolio/README.md [2ms]
[2022-07-22T02:14:32.137Z] > git cat-file -s 144d1a76f3baab30d8b758a00555fa83fbb6e18b [0ms]
[2022-07-22T02:14:32.150Z] > git show --textconv :coding/2022_portfolio/README.md [2ms]
[2022-07-22T02:14:36.463Z] > git symbolic-ref --short HEAD [0ms]
[2022-07-22T02:14:36.468Z] > git for-each-ref --format=%(refname)%00%(upstream:short)%00%(objectname)%00%(upstream:track)%00%(upstream:remotename)%00%(upstream:remoteref) refs/heads/main refs/remotes/main [1ms]
[2022-07-22T02:14:36.477Z] > git remote --verbose [1ms]
[2022-07-22T02:14:36.477Z] > git for-each-ref --sort -committerdate --format %(refname) %(objectname) %(*objectname) [5ms]
[2022-07-22T02:14:38.161Z] > git config --get commit.template [17ms]
[2022-07-22T02:14:38.270Z] > git status -z -uall [96ms]
[2022-07-22T02:14:38.270Z] > git symbolic-ref --short HEAD [1ms]
[2022-07-22T02:14:38.278Z] > git for-each-ref --format=%(refname)%00%(upstream:short)%00%(objectname)%00%(upstream:track)%00%(upstream:remotename)%00%(upstream:remoteref) refs/heads/main refs/remotes/main [1ms]
[2022-07-22T02:14:38.290Z] > git remote --verbose [1ms]
[2022-07-22T02:14:38.290Z] > git for-each-ref --sort -committerdate --format %(refname) %(objectname) %(*objectname) [6ms]
[2022-07-22T02:14:38.383Z] > git config --get commit.template [1ms]
[2022-07-22T02:14:40.965Z] > git check-ignore -v -z --stdin [8ms]
