[2022-07-22T01:53:11.625Z] Log level: Info
[2022-07-22T01:53:11.634Z] [info] Validating found git in: git
[2022-07-22T01:53:11.691Z] [info] Using git 2.25.1 from git
[2022-07-22T01:53:11.722Z] > git rev-parse --show-toplevel [15ms]
[2022-07-22T01:53:11.737Z] > git rev-parse --git-dir --git-common-dir [4ms]
[2022-07-22T01:53:11.750Z] [info] Open repository: /home/diedose/coding/2022_portfolio
[2022-07-22T01:53:11.771Z] > git status -z -uall [9ms]
[2022-07-22T01:53:11.786Z] > git symbolic-ref --short HEAD [8ms]
[2022-07-22T01:53:12.197Z] > git for-each-ref --format=%(refname)%00%(upstream:short)%00%(objectname)%00%(upstream:track)%00%(upstream:remotename)%00%(upstream:remoteref) refs/heads/main refs/remotes/main [404ms]
[2022-07-22T01:53:12.308Z] > git remote --verbose [99ms]
[2022-07-22T01:53:12.308Z] > git for-each-ref --sort -committerdate --format %(refname) %(objectname) %(*objectname) [105ms]
[2022-07-22T01:53:12.528Z] > git check-ignore -v -z --stdin [208ms]
[2022-07-22T01:53:12.531Z] > git show --textconv :.eslintrc.js [182ms]
[2022-07-22T01:53:12.531Z] > git ls-files --stage -- /home/diedose/coding/2022_portfolio/.eslintrc.js [175ms]
[2022-07-22T01:53:12.538Z] > git config --get commit.template [212ms]
[2022-07-22T01:53:12.549Z] > git status -z -uall [5ms]
[2022-07-22T01:53:12.554Z] > git cat-file -s 162bddade0c145c8b8c9ab23fbc5e8d472072a61 [17ms]
[2022-07-22T01:53:12.556Z] > git symbolic-ref --short HEAD [2ms]
[2022-07-22T01:53:12.596Z] > git for-each-ref --format=%(refname)%00%(upstream:short)%00%(objectname)%00%(upstream:track)%00%(upstream:remotename)%00%(upstream:remoteref) refs/heads/main refs/remotes/main [35ms]
[2022-07-22T01:53:12.636Z] > git remote --verbose [30ms]
[2022-07-22T01:53:12.636Z] > git for-each-ref --sort -committerdate --format %(refname) %(objectname) %(*objectname) [35ms]
[2022-07-22T01:53:12.666Z] > git config --get commit.template [8ms]
[2022-07-22T01:53:23.306Z] > git rev-parse --show-toplevel [4ms]
[2022-07-22T01:53:23.306Z] fatal: not a git repository (or any of the parent directories): .git
[2022-07-22T01:53:24.328Z] > git status -z -uall [1ms]
[2022-07-22T01:53:24.334Z] > git symbolic-ref --short HEAD [1ms]
[2022-07-22T01:53:24.342Z] > git for-each-ref --format=%(refname)%00%(upstream:short)%00%(objectname)%00%(upstream:track)%00%(upstream:remotename)%00%(upstream:remoteref) refs/heads/main refs/remotes/main [1ms]
[2022-07-22T01:53:24.353Z] > git remote --verbose [0ms]
[2022-07-22T01:53:24.354Z] > git for-each-ref --sort -committerdate --format %(refname) %(objectname) %(*objectname) [7ms]
[2022-07-22T01:53:24.362Z] > git config --get commit.template [1ms]
[2022-07-22T01:53:25.498Z] > git show --textconv :src/main.js [11ms]
[2022-07-22T01:53:25.499Z] > git ls-files --stage -- /home/diedose/coding/2022_portfolio/src/main.js [6ms]
[2022-07-22T01:53:25.505Z] > git cat-file -s eedade80bfb8466db3eba40502ec70f5cd16d257 [1ms]
[2022-07-22T01:53:39.980Z] > git status -z -uall [0ms]
[2022-07-22T01:53:39.987Z] > git symbolic-ref --short HEAD [0ms]
[2022-07-22T01:53:39.994Z] > git for-each-ref --format=%(refname)%00%(upstream:short)%00%(objectname)%00%(upstream:track)%00%(upstream:remotename)%00%(upstream:remoteref) refs/heads/main refs/remotes/main [0ms]
[2022-07-22T01:53:40.007Z] > git remote --verbose [1ms]
[2022-07-22T01:53:40.007Z] > git for-each-ref --sort -committerdate --format %(refname) %(objectname) %(*objectname) [7ms]
[2022-07-22T01:53:40.017Z] > git config --get commit.template [0ms]
[2022-07-22T01:53:49.511Z] > git status -z -uall [1ms]
[2022-07-22T01:53:49.520Z] > git symbolic-ref --short HEAD [1ms]
[2022-07-22T01:53:49.528Z] > git for-each-ref --format=%(refname)%00%(upstream:short)%00%(objectname)%00%(upstream:track)%00%(upstream:remotename)%00%(upstream:remoteref) refs/heads/main refs/remotes/main [1ms]
[2022-07-22T01:53:49.543Z] > git remote --verbose [1ms]
[2022-07-22T01:53:49.543Z] > git for-each-ref --sort -committerdate --format %(refname) %(objectname) %(*objectname) [8ms]
[2022-07-22T01:53:49.555Z] > git config --get commit.template [1ms]
[2022-07-22T01:55:07.305Z] > git status -z -uall [1ms]
[2022-07-22T01:55:07.311Z] > git symbolic-ref --short HEAD [1ms]
[2022-07-22T01:55:07.318Z] > git for-each-ref --format=%(refname)%00%(upstream:short)%00%(objectname)%00%(upstream:track)%00%(upstream:remotename)%00%(upstream:remoteref) refs/heads/main refs/remotes/main [1ms]
[2022-07-22T01:55:07.328Z] > git remote --verbose [0ms]
[2022-07-22T01:55:07.329Z] > git for-each-ref --sort -committerdate --format %(refname) %(objectname) %(*objectname) [6ms]
[2022-07-22T01:55:07.337Z] > git config --get commit.template [0ms]
[2022-07-22T01:55:44.622Z] > git status -z -uall [1ms]
[2022-07-22T01:55:44.628Z] > git symbolic-ref --short HEAD [1ms]
[2022-07-22T01:55:44.637Z] > git for-each-ref --format=%(refname)%00%(upstream:short)%00%(objectname)%00%(upstream:track)%00%(upstream:remotename)%00%(upstream:remoteref) refs/heads/main refs/remotes/main [3ms]
[2022-07-22T01:55:44.649Z] > git remote --verbose [1ms]
[2022-07-22T01:55:44.649Z] > git for-each-ref --sort -committerdate --format %(refname) %(objectname) %(*objectname) [7ms]
[2022-07-22T01:55:44.657Z] > git config --get commit.template [1ms]
[2022-07-22T01:55:47.453Z] > git show --textconv :src/components/HelloWorld.vue [12ms]
[2022-07-22T01:55:47.453Z] > git ls-files --stage -- /home/diedose/coding/2022_portfolio/src/components/HelloWorld.vue [1ms]
[2022-07-22T01:55:47.468Z] > git cat-file -s 1b8faac1521345513353e96050dd24d94610d432 [3ms]
[2022-07-22T01:55:49.666Z] > git status -z -uall [1ms]
[2022-07-22T01:55:49.676Z] > git symbolic-ref --short HEAD [0ms]
[2022-07-22T01:55:49.688Z] > git for-each-ref --format=%(refname)%00%(upstream:short)%00%(objectname)%00%(upstream:track)%00%(upstream:remotename)%00%(upstream:remoteref) refs/heads/main refs/remotes/main [2ms]
[2022-07-22T01:55:49.749Z] > git remote --verbose [3ms]
[2022-07-22T01:55:49.749Z] > git for-each-ref --sort -committerdate --format %(refname) %(objectname) %(*objectname) [52ms]
[2022-07-22T01:55:49.761Z] > git config --get commit.template [2ms]
[2022-07-22T01:55:54.770Z] > git status -z -uall [2ms]
[2022-07-22T01:55:54.778Z] > git symbolic-ref --short HEAD [1ms]
[2022-07-22T01:55:54.784Z] > git for-each-ref --format=%(refname)%00%(upstream:short)%00%(objectname)%00%(upstream:track)%00%(upstream:remotename)%00%(upstream:remoteref) refs/heads/main refs/remotes/main [1ms]
[2022-07-22T01:55:54.795Z] > git remote --verbose [1ms]
[2022-07-22T01:55:54.795Z] > git for-each-ref --sort -committerdate --format %(refname) %(objectname) %(*objectname) [6ms]
[2022-07-22T01:55:54.803Z] > git config --get commit.template [1ms]
[2022-07-22T01:56:03.357Z] > git status -z -uall [1ms]
[2022-07-22T01:56:03.363Z] > git symbolic-ref --short HEAD [1ms]
[2022-07-22T01:56:03.369Z] > git for-each-ref --format=%(refname)%00%(upstream:short)%00%(objectname)%00%(upstream:track)%00%(upstream:remotename)%00%(upstream:remoteref) refs/heads/main refs/remotes/main [1ms]
[2022-07-22T01:56:03.381Z] > git remote --verbose [1ms]
[2022-07-22T01:56:03.381Z] > git for-each-ref --sort -committerdate --format %(refname) %(objectname) %(*objectname) [6ms]
[2022-07-22T01:56:03.390Z] > git config --get commit.template [0ms]
[2022-07-22T01:56:11.467Z] > git show --textconv :src/main.js [8ms]
[2022-07-22T01:56:11.467Z] > git ls-files --stage -- /home/diedose/coding/2022_portfolio/src/main.js [0ms]
[2022-07-22T01:56:11.475Z] > git cat-file -s eedade80bfb8466db3eba40502ec70f5cd16d257 [1ms]
[2022-07-22T01:56:21.382Z] > git status -z -uall [11ms]
[2022-07-22T01:56:21.388Z] > git symbolic-ref --short HEAD [0ms]
[2022-07-22T01:56:21.395Z] > git for-each-ref --format=%(refname)%00%(upstream:short)%00%(objectname)%00%(upstream:track)%00%(upstream:remotename)%00%(upstream:remoteref) refs/heads/main refs/remotes/main [1ms]
[2022-07-22T01:56:21.406Z] > git remote --verbose [1ms]
[2022-07-22T01:56:21.406Z] > git for-each-ref --sort -committerdate --format %(refname) %(objectname) %(*objectname) [6ms]
[2022-07-22T01:56:21.415Z] > git config --get commit.template [1ms]
[2022-07-22T01:56:21.479Z] > git ls-files --stage -- /home/diedose/coding/2022_portfolio/src/main.js [1ms]
[2022-07-22T01:56:21.488Z] > git cat-file -s b670de8b8da51390e540d5bf69fb76cd63d53268 [3ms]
[2022-07-22T01:56:21.500Z] > git show --textconv :src/main.js [1ms]
[2022-07-22T01:56:24.838Z] > git show --textconv :.gitignore [12ms]
[2022-07-22T01:56:24.838Z] > git ls-files --stage -- /home/diedose/coding/2022_portfolio/.gitignore [1ms]
[2022-07-22T01:56:24.846Z] > git cat-file -s 38adffa64e8300a31b749218081149e1fe3deaaa [1ms]
[2022-07-22T01:56:26.961Z] > git show --textconv :src/main.js [8ms]
[2022-07-22T01:56:26.961Z] > git ls-files --stage -- /home/diedose/coding/2022_portfolio/src/main.js [0ms]
[2022-07-22T01:56:26.969Z] > git cat-file -s b670de8b8da51390e540d5bf69fb76cd63d53268 [1ms]
[2022-07-22T01:56:48.412Z] > git status -z -uall [1ms]
[2022-07-22T01:56:48.419Z] > git symbolic-ref --short HEAD [0ms]
[2022-07-22T01:56:48.433Z] > git for-each-ref --format=%(refname)%00%(upstream:short)%00%(objectname)%00%(upstream:track)%00%(upstream:remotename)%00%(upstream:remoteref) refs/heads/main refs/remotes/main [7ms]
[2022-07-22T01:56:48.445Z] > git remote --verbose [1ms]
[2022-07-22T01:56:48.445Z] > git for-each-ref --sort -committerdate --format %(refname) %(objectname) %(*objectname) [7ms]
[2022-07-22T01:56:48.454Z] > git config --get commit.template [1ms]
[2022-07-22T01:56:48.518Z] > git ls-files --stage -- /home/diedose/coding/2022_portfolio/src/main.js [0ms]
[2022-07-22T01:56:48.524Z] > git cat-file -s b670de8b8da51390e540d5bf69fb76cd63d53268 [1ms]
[2022-07-22T01:56:48.537Z] > git show --textconv :src/main.js [2ms]
[2022-07-22T01:56:52.177Z] > git ls-files --stage -- /home/diedose/coding/2022_portfolio/src/main.js [1ms]
[2022-07-22T01:56:52.183Z] > git cat-file -s b670de8b8da51390e540d5bf69fb76cd63d53268 [1ms]
[2022-07-22T01:56:52.193Z] > git show --textconv :src/main.js [0ms]
[2022-07-22T01:56:53.462Z] > git status -z -uall [0ms]
[2022-07-22T01:56:53.470Z] > git symbolic-ref --short HEAD [0ms]
[2022-07-22T01:56:53.478Z] > git for-each-ref --format=%(refname)%00%(upstream:short)%00%(objectname)%00%(upstream:track)%00%(upstream:remotename)%00%(upstream:remoteref) refs/heads/main refs/remotes/main [1ms]
[2022-07-22T01:56:53.490Z] > git remote --verbose [1ms]
[2022-07-22T01:56:53.490Z] > git for-each-ref --sort -committerdate --format %(refname) %(objectname) %(*objectname) [7ms]
[2022-07-22T01:56:53.499Z] > git config --get commit.template [1ms]
[2022-07-22T01:56:58.507Z] > git status -z -uall [1ms]
[2022-07-22T01:56:58.514Z] > git symbolic-ref --short HEAD [0ms]
[2022-07-22T01:56:58.520Z] > git for-each-ref --format=%(refname)%00%(upstream:short)%00%(objectname)%00%(upstream:track)%00%(upstream:remotename)%00%(upstream:remoteref) refs/heads/main refs/remotes/main [0ms]
[2022-07-22T01:56:58.533Z] > git remote --verbose [1ms]
[2022-07-22T01:56:58.533Z] > git for-each-ref --sort -committerdate --format %(refname) %(objectname) %(*objectname) [7ms]
[2022-07-22T01:56:58.540Z] > git config --get commit.template [0ms]
[2022-07-22T01:57:00.309Z] > git ls-files --stage -- /home/diedose/coding/2022_portfolio/src/main.js [1ms]
[2022-07-22T01:57:00.316Z] > git cat-file -s b670de8b8da51390e540d5bf69fb76cd63d53268 [0ms]
[2022-07-22T01:57:00.328Z] > git show --textconv :src/main.js [1ms]
[2022-07-22T01:57:03.548Z] > git status -z -uall [0ms]
[2022-07-22T01:57:03.554Z] > git symbolic-ref --short HEAD [0ms]
[2022-07-22T01:57:03.560Z] > git for-each-ref --format=%(refname)%00%(upstream:short)%00%(objectname)%00%(upstream:track)%00%(upstream:remotename)%00%(upstream:remoteref) refs/heads/main refs/remotes/main [0ms]
[2022-07-22T01:57:03.572Z] > git remote --verbose [1ms]
[2022-07-22T01:57:03.572Z] > git for-each-ref --sort -committerdate --format %(refname) %(objectname) %(*objectname) [7ms]
[2022-07-22T01:57:03.580Z] > git config --get commit.template [1ms]
[2022-07-22T01:57:05.065Z] > git ls-files --stage -- /home/diedose/coding/2022_portfolio/src/main.js [0ms]
[2022-07-22T01:57:05.071Z] > git cat-file -s b670de8b8da51390e540d5bf69fb76cd63d53268 [0ms]
[2022-07-22T01:57:05.083Z] > git show --textconv :src/main.js [1ms]
[2022-07-22T01:57:08.587Z] > git status -z -uall [1ms]
[2022-07-22T01:57:08.593Z] > git symbolic-ref --short HEAD [0ms]
[2022-07-22T01:57:08.599Z] > git for-each-ref --format=%(refname)%00%(upstream:short)%00%(objectname)%00%(upstream:track)%00%(upstream:remotename)%00%(upstream:remoteref) refs/heads/main refs/remotes/main [1ms]
[2022-07-22T01:57:08.610Z] > git remote --verbose [1ms]
[2022-07-22T01:57:08.610Z] > git for-each-ref --sort -committerdate --format %(refname) %(objectname) %(*objectname) [6ms]
[2022-07-22T01:57:08.618Z] > git config --get commit.template [1ms]
[2022-07-22T01:57:13.945Z] > git show --textconv :README.md [74ms]
[2022-07-22T01:57:13.947Z] > git ls-files --stage -- /home/diedose/coding/2022_portfolio/README.md [68ms]
[2022-07-22T01:57:13.994Z] > git cat-file -s 144d1a76f3baab30d8b758a00555fa83fbb6e18b [39ms]
[2022-07-22T01:58:27.029Z] > git show --textconv :src/App.vue [7ms]
[2022-07-22T01:58:27.030Z] > git ls-files --stage -- /home/diedose/coding/2022_portfolio/src/App.vue [1ms]
[2022-07-22T01:58:27.038Z] > git cat-file -s 57791b068f01d9cc87418b51fc8711c0d0d2645c [2ms]
[2022-07-22T01:58:27.380Z] > git show --textconv :src/components/HelloWorld.vue [7ms]
[2022-07-22T01:58:27.380Z] > git ls-files --stage -- /home/diedose/coding/2022_portfolio/src/components/HelloWorld.vue [1ms]
[2022-07-22T01:58:27.388Z] > git cat-file -s 2bec451fe96457ee50b6c7a01db991080227130f [1ms]
[2022-07-22T01:58:29.146Z] > git show --textconv :src/components/HelloWorld.vue [9ms]
[2022-07-22T01:58:29.146Z] > git ls-files --stage -- /home/diedose/coding/2022_portfolio/src/components/HelloWorld.vue [1ms]
[2022-07-22T01:58:29.153Z] > git cat-file -s 2bec451fe96457ee50b6c7a01db991080227130f [1ms]
[2022-07-22T01:59:24.716Z] > git show --textconv :package.json [10ms]
[2022-07-22T01:59:24.717Z] > git ls-files --stage -- /home/diedose/coding/2022_portfolio/package.json [1ms]
[2022-07-22T01:59:24.726Z] > git cat-file -s 58b54b5e79eb566fe8d4e0620df591c8e6bd5a59 [2ms]
[2022-07-22T01:59:59.438Z] > git status -z -uall [1ms]
[2022-07-22T01:59:59.446Z] > git symbolic-ref --short HEAD [1ms]
[2022-07-22T01:59:59.454Z] > git for-each-ref --format=%(refname)%00%(upstream:short)%00%(objectname)%00%(upstream:track)%00%(upstream:remotename)%00%(upstream:remoteref) refs/heads/main refs/remotes/main [1ms]
[2022-07-22T01:59:59.468Z] > git remote --verbose [2ms]
[2022-07-22T01:59:59.468Z] > git for-each-ref --sort -committerdate --format %(refname) %(objectname) %(*objectname) [8ms]
[2022-07-22T01:59:59.477Z] > git config --get commit.template [0ms]
[2022-07-22T02:02:00.368Z] > git show --textconv :vue.config.js [7ms]
[2022-07-22T02:02:00.369Z] > git ls-files --stage -- /home/diedose/coding/2022_portfolio/vue.config.js [1ms]
[2022-07-22T02:02:00.376Z] > git cat-file -s 910e297e0f53483455d2aa432887c3b7975d6c11 [1ms]
[2022-07-22T02:02:02.931Z] > git show --textconv :src/components/HelloWorld.vue [13ms]
[2022-07-22T02:02:02.931Z] > git ls-files --stage -- /home/diedose/coding/2022_portfolio/src/components/HelloWorld.vue [3ms]
[2022-07-22T02:02:02.941Z] > git cat-file -s 2bec451fe96457ee50b6c7a01db991080227130f [2ms]
[2022-07-22T02:03:02.575Z] > git check-ignore -v -z --stdin [1ms]
[2022-07-22T02:03:04.139Z] > git check-ignore -v -z --stdin [1ms]
[2022-07-22T02:03:09.176Z] > git check-ignore -v -z --stdin [1ms]
[2022-07-22T02:03:09.757Z] > git check-ignore -v -z --stdin [1ms]
[2022-07-22T02:05:52.943Z] > git status -z -uall [1ms]
[2022-07-22T02:05:52.949Z] > git symbolic-ref --short HEAD [0ms]
[2022-07-22T02:05:52.956Z] > git for-each-ref --format=%(refname)%00%(upstream:short)%00%(objectname)%00%(upstream:track)%00%(upstream:remotename)%00%(upstream:remoteref) refs/heads/main refs/remotes/main [1ms]
[2022-07-22T02:05:52.967Z] > git remote --verbose [0ms]
[2022-07-22T02:05:52.967Z] > git for-each-ref --sort -committerdate --format %(refname) %(objectname) %(*objectname) [6ms]
[2022-07-22T02:05:52.976Z] > git config --get commit.template [1ms]
[2022-07-22T02:06:13.156Z] > git show --textconv :vue.config.js [8ms]
[2022-07-22T02:06:13.157Z] > git ls-files --stage -- /home/diedose/coding/2022_portfolio/vue.config.js [1ms]
[2022-07-22T02:06:13.165Z] > git cat-file -s 910e297e0f53483455d2aa432887c3b7975d6c11 [1ms]
[2022-07-22T02:06:17.583Z] > git show --textconv :src/components/HelloWorld.vue [7ms]
[2022-07-22T02:06:17.583Z] > git ls-files --stage -- /home/diedose/coding/2022_portfolio/src/components/HelloWorld.vue [1ms]
[2022-07-22T02:06:17.590Z] > git cat-file -s 2bec451fe96457ee50b6c7a01db991080227130f [1ms]
[2022-07-22T02:07:18.053Z] > git show --textconv :src/main.js [8ms]
[2022-07-22T02:07:18.053Z] > git ls-files --stage -- /home/diedose/coding/2022_portfolio/src/main.js [1ms]
[2022-07-22T02:07:18.060Z] > git cat-file -s b670de8b8da51390e540d5bf69fb76cd63d53268 [0ms]
[2022-07-22T02:07:18.815Z] > git show --textconv :src/App.vue [8ms]
[2022-07-22T02:07:18.815Z] > git ls-files --stage -- /home/diedose/coding/2022_portfolio/src/App.vue [0ms]
[2022-07-22T02:07:18.824Z] > git cat-file -s 57791b068f01d9cc87418b51fc8711c0d0d2645c [1ms]
[2022-07-22T02:07:20.469Z] > git show --textconv :src/main.js [7ms]
[2022-07-22T02:07:20.470Z] > git ls-files --stage -- /home/diedose/coding/2022_portfolio/src/main.js [1ms]
[2022-07-22T02:07:20.477Z] > git cat-file -s b670de8b8da51390e540d5bf69fb76cd63d53268 [1ms]
[2022-07-22T02:07:40.169Z] > git status -z -uall [1ms]
[2022-07-22T02:07:40.175Z] > git symbolic-ref --short HEAD [0ms]
[2022-07-22T02:07:40.182Z] > git for-each-ref --format=%(refname)%00%(upstream:short)%00%(objectname)%00%(upstream:track)%00%(upstream:remotename)%00%(upstream:remoteref) refs/heads/main refs/remotes/main [1ms]
[2022-07-22T02:07:40.193Z] > git remote --verbose [1ms]
[2022-07-22T02:07:40.193Z] > git for-each-ref --sort -committerdate --format %(refname) %(objectname) %(*objectname) [6ms]
[2022-07-22T02:07:40.202Z] > git config --get commit.template [0ms]
[2022-07-22T02:10:51.068Z] > git status -z -uall [365ms]
[2022-07-22T02:10:51.073Z] > git check-ignore -v -z --stdin [8ms]
[2022-07-22T02:10:56.912Z] > git symbolic-ref --short HEAD [1ms]
[2022-07-22T02:10:56.919Z] > git for-each-ref --format=%(refname)%00%(upstream:short)%00%(objectname)%00%(upstream:track)%00%(upstream:remotename)%00%(upstream:remoteref) refs/heads/main refs/remotes/main [0ms]
[2022-07-22T02:10:56.934Z] > git remote --verbose [0ms]
[2022-07-22T02:10:56.934Z] > git for-each-ref --sort -committerdate --format %(refname) %(objectname) %(*objectname) [8ms]
[2022-07-22T02:10:58.640Z] > git config --get commit.template [1590ms]
