[Info  - 3:53:12 AM] ESLint server is starting
[Info  - 3:53:12 AM] ESLint server running in node v16.13.2
[Info  - 3:53:12 AM] ESLint server is running.
[Info  - 3:53:13 AM] ESLint library loaded from: /home/diedose/coding/2022_portfolio/node_modules/eslint/lib/api.js
[Error - 3:53:13 AM] ESLint stack trace:
[Error - 3:53:13 AM] Error: Failed to load config "standard" to extend from.
Referenced from: /home/diedose/coding/2022_portfolio/.eslintrc.js
    at configInvalidError (/home/diedose/coding/2022_portfolio/node_modules/@eslint/eslintrc/dist/eslintrc.cjs:2624:9)
    at ConfigArrayFactory._loadExtendedShareableConfig (/home/diedose/coding/2022_portfolio/node_modules/@eslint/eslintrc/dist/eslintrc.cjs:3242:23)
    at ConfigArrayFactory._loadExtends (/home/diedose/coding/2022_portfolio/node_modules/@eslint/eslintrc/dist/eslintrc.cjs:3119:25)
    at ConfigArrayFactory._normalizeObjectConfigDataBody (/home/diedose/coding/2022_portfolio/node_modules/@eslint/eslintrc/dist/eslintrc.cjs:3058:25)
    at _normalizeObjectConfigDataBody.next (<anonymous>)
    at ConfigArrayFactory._normalizeObjectConfigData (/home/diedose/coding/2022_portfolio/node_modules/@eslint/eslintrc/dist/eslintrc.cjs:3003:20)
    at _normalizeObjectConfigData.next (<anonymous>)
    at ConfigArrayFactory.loadInDirectory (/home/diedose/coding/2022_portfolio/node_modules/@eslint/eslintrc/dist/eslintrc.cjs:2849:28)
    at CascadingConfigArrayFactory._loadConfigInAncestors (/home/diedose/coding/2022_portfolio/node_modules/@eslint/eslintrc/dist/eslintrc.cjs:3833:46)
    at CascadingConfigArrayFactory.getConfigArrayForFile (/home/diedose/coding/2022_portfolio/node_modules/@eslint/eslintrc/dist/eslintrc.cjs:3754:18)
[Info  - 3:53:23 AM] ESLint library loaded from: /home/diedose/2022_portfolio/node_modules/eslint/lib/api.js
[Error - 4:10:49 AM] Cannot read config file: /home/diedose/coding/2022_portfolio/node_modules/eslint-plugin-vue/lib/configs/base.js Error: ENOENT: no such file or directory, open '/home/diedose/coding/2022_portfolio/node_modules/eslint-plugin-vue/lib/configs/base.js' Referenced from: /home/diedose/coding/2022_portfolio/node_modules/eslint-plugin-vue/lib/index.js
[Info  - 4:10:49 AM] 
Failed to load the ESLint library for the document /home/diedose/coding/2022_portfolio/src/main.js

To use ESLint please install eslint by running npm install eslint in the workspace folder 2022_portfolio
or globally using 'npm install -g eslint'. You need to reopen the workspace after installing eslint.

If you are using yarn or pnpm instead of npm set the setting `eslint.packageManager` to either `yarn` or `pnpm`
Alternatively you can disable ESLint for the workspace folder 2022_portfolio by executing the 'Disable ESLint' command.
[Info  - 4:10:49 AM] 
Failed to load the ESLint library for the document /home/diedose/coding/2022_portfolio/src/components/HelloWorld.vue

To use ESLint please install eslint by running npm install eslint in the workspace folder 2022_portfolio
or globally using 'npm install -g eslint'. You need to reopen the workspace after installing eslint.

If you are using yarn or pnpm instead of npm set the setting `eslint.packageManager` to either `yarn` or `pnpm`
Alternatively you can disable ESLint for the workspace folder 2022_portfolio by executing the 'Disable ESLint' command.
[Info  - 4:10:49 AM] 
Failed to load the ESLint library for the document /home/diedose/coding/2022_portfolio/src/App.vue

To use ESLint please install eslint by running npm install eslint in the workspace folder 2022_portfolio
or globally using 'npm install -g eslint'. You need to reopen the workspace after installing eslint.

If you are using yarn or pnpm instead of npm set the setting `eslint.packageManager` to either `yarn` or `pnpm`
Alternatively you can disable ESLint for the workspace folder 2022_portfolio by executing the 'Disable ESLint' command.
[Info  - 4:10:58 AM] ESLint server stopped.
Uncaught exception received.
Error: Request window/showMessageRequest failed with message: Canceled
    at /home/diedose/.vscode-server/extensions/dbaeumer.vscode-eslint-2.2.6/server/out/eslintServer.js:1:53686
    at /home/diedose/.vscode-server/extensions/dbaeumer.vscode-eslint-2.2.6/server/out/eslintServer.js:1:53980
    at Immediate.<anonymous> (/home/diedose/.vscode-server/extensions/dbaeumer.vscode-eslint-2.2.6/server/out/eslintServer.js:1:54342)
    at processImmediate (node:internal/timers:464:21)
