[2022-07-21T22:27:03.233Z] Log level: Info
[2022-07-21T22:27:03.240Z] [info] Validating found git in: git
[2022-07-21T22:27:03.284Z] [info] Using git 2.25.1 from git
[2022-07-21T22:27:03.311Z] > git rev-parse --show-toplevel [10ms]
[2022-07-21T22:27:03.318Z] > git rev-parse --git-dir --git-common-dir [2ms]
[2022-07-21T22:27:03.325Z] [info] Open repository: /home/diedose/coding/2022_portfolio
[2022-07-21T22:27:03.334Z] > git status -z -uall [3ms]
[2022-07-21T22:27:03.342Z] > git symbolic-ref --short HEAD [2ms]
[2022-07-21T22:27:03.349Z] > git for-each-ref --format=%(refname)%00%(upstream:short)%00%(objectname)%00%(upstream:track)%00%(upstream:remotename)%00%(upstream:remoteref) refs/heads/main refs/remotes/main [3ms]
[2022-07-21T22:27:03.359Z] > git remote --verbose [3ms]
[2022-07-21T22:27:03.360Z] > git for-each-ref --sort -committerdate --format %(refname) %(objectname) %(*objectname) [7ms]
[2022-07-21T22:27:03.372Z] > git config --get commit.template [3ms]
[2022-07-21T22:27:03.393Z] > git status -z -uall [16ms]
[2022-07-21T22:27:03.400Z] > git symbolic-ref --short HEAD [2ms]
[2022-07-21T22:27:03.406Z] > git for-each-ref --format=%(refname)%00%(upstream:short)%00%(objectname)%00%(upstream:track)%00%(upstream:remotename)%00%(upstream:remoteref) refs/heads/main refs/remotes/main [1ms]
[2022-07-21T22:27:03.413Z] > git remote --verbose [1ms]
[2022-07-21T22:27:03.413Z] > git for-each-ref --sort -committerdate --format %(refname) %(objectname) %(*objectname) [4ms]
[2022-07-21T22:27:03.450Z] > git config --get commit.template [30ms]
[2022-07-21T22:27:04.042Z] > git check-ignore -v -z --stdin [22ms]
[2022-07-21T22:27:04.130Z] > git show --textconv :src/App.vue [23ms]
[2022-07-21T22:27:04.130Z] > git ls-files --stage -- /home/diedose/coding/2022_portfolio/src/App.vue [18ms]
[2022-07-21T22:27:08.003Z] > git status -z -uall [1ms]
[2022-07-21T22:27:08.010Z] > git symbolic-ref --short HEAD [1ms]
[2022-07-21T22:27:08.016Z] > git for-each-ref --format=%(refname)%00%(upstream:short)%00%(objectname)%00%(upstream:track)%00%(upstream:remotename)%00%(upstream:remoteref) refs/heads/main refs/remotes/main [1ms]
[2022-07-21T22:27:08.027Z] > git remote --verbose [1ms]
[2022-07-21T22:27:08.028Z] > git for-each-ref --sort -committerdate --format %(refname) %(objectname) %(*objectname) [7ms]
[2022-07-21T22:27:08.036Z] > git config --get commit.template [1ms]
[2022-07-21T22:27:36.593Z] > git show --textconv :src/App.vue [5ms]
[2022-07-21T22:27:36.595Z] > git ls-files --stage -- /home/diedose/coding/2022_portfolio/src/App.vue [2ms]
