Error: Failed to load plugin 'vue' declared in 'CLIOptions': The argument 'filename' must be a file URL object, file URL string, or absolute path string. Received '' 
TypeError: Failed to load plugin 'vue' declared in 'CLIOptions': The argument 'filename' must be a file URL object, file URL string, or absolute path string. Received ''
    at new NodeError (node:internal/errors:371:5)
    at createRequire (node:internal/modules/cjs/loader:1214:13)
    at Object.resolve (/home/diedose/coding/2022_portfolio/node_modules/@eslint/eslintrc/lib/shared/relative-module-resolver.js:23:16)
    at Object.ModuleResolver.resolve (/home/diedose/coding/2022_portfolio/node_modules/@rushstack/eslint-patch/src/modern-module-resolution.ts:227:34)
    at ConfigArrayFactory._loadPlugin (/home/diedose/coding/2022_portfolio/node_modules/@eslint/eslintrc/lib/config-array-factory.js:1051:33)
    at ConfigArrayFactory._loadPlugin (/home/diedose/coding/2022_portfolio/node_modules/@rushstack/eslint-patch/src/modern-module-resolution.ts:229:35)
    at /home/diedose/coding/2022_portfolio/node_modules/@eslint/eslintrc/lib/config-array-factory.js:942:33
    at Array.reduce (<anonymous>)
    at ConfigArrayFactory._loadPlugins (/home/diedose/coding/2022_portfolio/node_modules/@eslint/eslintrc/lib/config-array-factory.js:938:22)
    at ConfigArrayFactory._normalizeObjectConfigDataBody (/home/diedose/coding/2022_portfolio/node_modules/@eslint/eslintrc/lib/config-array-factory.js:738:44)
    at _normalizeObjectConfigDataBody.next (<anonymous>)
    at ConfigArrayFactory._normalizeObjectConfigData (/home/diedose/coding/2022_portfolio/node_modules/@eslint/eslintrc/lib/config-array-factory.js:678:20)
    at _normalizeObjectConfigData.next (<anonymous>)
    at ConfigArrayFactory.create (/home/diedose/coding/2022_portfolio/node_modules/@eslint/eslintrc/lib/config-array-factory.js:473:16)
    at createCLIConfigArray (/home/diedose/coding/2022_portfolio/node_modules/@eslint/eslintrc/lib/cascading-config-array-factory.js:168:47)
    at CascadingConfigArrayFactory.clearCache (/home/diedose/coding/2022_portfolio/node_modules/@eslint/eslintrc/lib/cascading-config-array-factory.js:340:32)
    at new ESLint (/home/diedose/coding/2022_portfolio/node_modules/eslint/lib/eslint/eslint.js:448:32)
    at Pge (/home/diedose/.vscode-server/extensions/rvest.vs-code-prettier-eslint-5.0.3/dist/extension.js:180:69)
    at /home/diedose/.vscode-server/extensions/rvest.vs-code-prettier-eslint-5.0.3/dist/extension.js:188:700
    at Lge (/home/diedose/.vscode-server/extensions/rvest.vs-code-prettier-eslint-5.0.3/dist/extension.js:180:1439)
    at processTicksAndRejections (node:internal/process/task_queues:96:5)
Error: Cannot find module 'eslint'
Require stack:
- /home/diedose/.vscode-server/extensions/rvest.vs-code-prettier-eslint-5.0.3/dist/extension.js
- /home/diedose/.vscode-server/bin/3b889b090b5ad5793f524b5d1d39fda662b96a2a/out/vs/loader.js
- /home/diedose/.vscode-server/bin/3b889b090b5ad5793f524b5d1d39fda662b96a2a/out/bootstrap-amd.js
- /home/diedose/.vscode-server/bin/3b889b090b5ad5793f524b5d1d39fda662b96a2a/out/bootstrap-fork.js 
Error: Cannot find module 'eslint'
Require stack:
- /home/diedose/.vscode-server/extensions/rvest.vs-code-prettier-eslint-5.0.3/dist/extension.js
- /home/diedose/.vscode-server/bin/3b889b090b5ad5793f524b5d1d39fda662b96a2a/out/vs/loader.js
- /home/diedose/.vscode-server/bin/3b889b090b5ad5793f524b5d1d39fda662b96a2a/out/bootstrap-amd.js
- /home/diedose/.vscode-server/bin/3b889b090b5ad5793f524b5d1d39fda662b96a2a/out/bootstrap-fork.js
    at Function.Module._resolveFilename (node:internal/modules/cjs/loader:933:15)
    at Function.resolve (node:internal/modules/cjs/helpers:108:19)
    at n4 (/home/diedose/.vscode-server/extensions/rvest.vs-code-prettier-eslint-5.0.3/dist/extension.js:204:36)
    at Lge (/home/diedose/.vscode-server/extensions/rvest.vs-code-prettier-eslint-5.0.3/dist/extension.js:180:599)
    at k0 (/home/diedose/.vscode-server/extensions/rvest.vs-code-prettier-eslint-5.0.3/dist/extension.js:204:6948)
    at /home/diedose/.vscode-server/extensions/rvest.vs-code-prettier-eslint-5.0.3/dist/extension.js:204:7802
    at Generator.next (<anonymous>)
    at /home/diedose/.vscode-server/extensions/rvest.vs-code-prettier-eslint-5.0.3/dist/extension.js:1:734
    at new Promise (<anonymous>)
    at M0 (/home/diedose/.vscode-server/extensions/rvest.vs-code-prettier-eslint-5.0.3/dist/extension.js:1:554)
    at gye (/home/diedose/.vscode-server/extensions/rvest.vs-code-prettier-eslint-5.0.3/dist/extension.js:204:7597)
    at Object.provideDocumentRangeFormattingEdits (/home/diedose/.vscode-server/extensions/rvest.vs-code-prettier-eslint-5.0.3/dist/extension.js:205:74)
    at $.provideDocumentRangeFormattingEdits (/home/diedose/.vscode-server/bin/3b889b090b5ad5793f524b5d1d39fda662b96a2a/out/vs/workbench/api/node/extensionHostProcess.js:87:45636)
    at /home/diedose/.vscode-server/bin/3b889b090b5ad5793f524b5d1d39fda662b96a2a/out/vs/workbench/api/node/extensionHostProcess.js:87:73548
    at te._withAdapter (/home/diedose/.vscode-server/bin/3b889b090b5ad5793f524b5d1d39fda662b96a2a/out/vs/workbench/api/node/extensionHostProcess.js:87:66659)
    at te.$provideDocumentRangeFormattingEdits (/home/diedose/.vscode-server/bin/3b889b090b5ad5793f524b5d1d39fda662b96a2a/out/vs/workbench/api/node/extensionHostProcess.js:87:73524)
    at s._doInvokeHandler (/home/diedose/.vscode-server/bin/3b889b090b5ad5793f524b5d1d39fda662b96a2a/out/vs/workbench/api/node/extensionHostProcess.js:95:13708)
    at s._invokeHandler (/home/diedose/.vscode-server/bin/3b889b090b5ad5793f524b5d1d39fda662b96a2a/out/vs/workbench/api/node/extensionHostProcess.js:95:13390)
    at s._receiveRequest (/home/diedose/.vscode-server/bin/3b889b090b5ad5793f524b5d1d39fda662b96a2a/out/vs/workbench/api/node/extensionHostProcess.js:95:12107)
    at s._receiveOneMessage (/home/diedose/.vscode-server/bin/3b889b090b5ad5793f524b5d1d39fda662b96a2a/out/vs/workbench/api/node/extensionHostProcess.js:95:10853)
    at /home/diedose/.vscode-server/bin/3b889b090b5ad5793f524b5d1d39fda662b96a2a/out/vs/workbench/api/node/extensionHostProcess.js:95:8957
    at b.invoke (/home/diedose/.vscode-server/bin/3b889b090b5ad5793f524b5d1d39fda662b96a2a/out/vs/workbench/api/node/extensionHostProcess.js:61:145)
    at v.deliver (/home/diedose/.vscode-server/bin/3b889b090b5ad5793f524b5d1d39fda662b96a2a/out/vs/workbench/api/node/extensionHostProcess.js:61:2266)
    at p.fire (/home/diedose/.vscode-server/bin/3b889b090b5ad5793f524b5d1d39fda662b96a2a/out/vs/workbench/api/node/extensionHostProcess.js:61:1844)
    at a.fire (/home/diedose/.vscode-server/bin/3b889b090b5ad5793f524b5d1d39fda662b96a2a/out/vs/workbench/api/node/extensionHostProcess.js:69:18976)
    at /home/diedose/.vscode-server/bin/3b889b090b5ad5793f524b5d1d39fda662b96a2a/out/vs/workbench/api/node/extensionHostProcess.js:111:34679
    at b.invoke (/home/diedose/.vscode-server/bin/3b889b090b5ad5793f524b5d1d39fda662b96a2a/out/vs/workbench/api/node/extensionHostProcess.js:61:145)
    at v.deliver (/home/diedose/.vscode-server/bin/3b889b090b5ad5793f524b5d1d39fda662b96a2a/out/vs/workbench/api/node/extensionHostProcess.js:61:2266)
    at p.fire (/home/diedose/.vscode-server/bin/3b889b090b5ad5793f524b5d1d39fda662b96a2a/out/vs/workbench/api/node/extensionHostProcess.js:61:1844)
    at a.fire (/home/diedose/.vscode-server/bin/3b889b090b5ad5793f524b5d1d39fda662b96a2a/out/vs/workbench/api/node/extensionHostProcess.js:69:18976)
    at r._receiveMessage (/home/diedose/.vscode-server/bin/3b889b090b5ad5793f524b5d1d39fda662b96a2a/out/vs/workbench/api/node/extensionHostProcess.js:69:23563)
    at /home/diedose/.vscode-server/bin/3b889b090b5ad5793f524b5d1d39fda662b96a2a/out/vs/workbench/api/node/extensionHostProcess.js:69:21097
    at b.invoke (/home/diedose/.vscode-server/bin/3b889b090b5ad5793f524b5d1d39fda662b96a2a/out/vs/workbench/api/node/extensionHostProcess.js:61:145)
    at v.deliver (/home/diedose/.vscode-server/bin/3b889b090b5ad5793f524b5d1d39fda662b96a2a/out/vs/workbench/api/node/extensionHostProcess.js:61:2266)
    at p.fire (/home/diedose/.vscode-server/bin/3b889b090b5ad5793f524b5d1d39fda662b96a2a/out/vs/workbench/api/node/extensionHostProcess.js:61:1844)
    at p.acceptChunk (/home/diedose/.vscode-server/bin/3b889b090b5ad5793f524b5d1d39fda662b96a2a/out/vs/workbench/api/node/extensionHostProcess.js:69:15807)
    at /home/diedose/.vscode-server/bin/3b889b090b5ad5793f524b5d1d39fda662b96a2a/out/vs/workbench/api/node/extensionHostProcess.js:69:14937
    at b.invoke (/home/diedose/.vscode-server/bin/3b889b090b5ad5793f524b5d1d39fda662b96a2a/out/vs/workbench/api/node/extensionHostProcess.js:61:145)
    at v.deliver (/home/diedose/.vscode-server/bin/3b889b090b5ad5793f524b5d1d39fda662b96a2a/out/vs/workbench/api/node/extensionHostProcess.js:61:2266)
    at p.fire (/home/diedose/.vscode-server/bin/3b889b090b5ad5793f524b5d1d39fda662b96a2a/out/vs/workbench/api/node/extensionHostProcess.js:61:1844)
    at f._processReadQueue (/home/diedose/.vscode-server/bin/3b889b090b5ad5793f524b5d1d39fda662b96a2a/out/vs/workbench/api/node/extensionHostProcess.js:111:21271)
    at f.acceptFrame (/home/diedose/.vscode-server/bin/3b889b090b5ad5793f524b5d1d39fda662b96a2a/out/vs/workbench/api/node/extensionHostProcess.js:111:20927)
    at v._acceptChunk (/home/diedose/.vscode-server/bin/3b889b090b5ad5793f524b5d1d39fda662b96a2a/out/vs/workbench/api/node/extensionHostProcess.js:111:18891)
    at /home/diedose/.vscode-server/bin/3b889b090b5ad5793f524b5d1d39fda662b96a2a/out/vs/workbench/api/node/extensionHostProcess.js:111:15880
    at Socket.R (/home/diedose/.vscode-server/bin/3b889b090b5ad5793f524b5d1d39fda662b96a2a/out/vs/workbench/api/node/extensionHostProcess.js:111:13763)
    at Socket.emit (node:events:390:28)
    at addChunk (node:internal/streams/readable:315:12)
    at readableAddChunk (node:internal/streams/readable:289:9)
    at Socket.Readable.push (node:internal/streams/readable:228:10)
    at TCP.onStreamRead (node:internal/stream_base_commons:199:23)
Error: Cannot find module 'eslint'
Require stack:
- /home/diedose/.vscode-server/extensions/rvest.vs-code-prettier-eslint-5.0.3/dist/extension.js
- /home/diedose/.vscode-server/bin/3b889b090b5ad5793f524b5d1d39fda662b96a2a/out/vs/loader.js
- /home/diedose/.vscode-server/bin/3b889b090b5ad5793f524b5d1d39fda662b96a2a/out/bootstrap-amd.js
- /home/diedose/.vscode-server/bin/3b889b090b5ad5793f524b5d1d39fda662b96a2a/out/bootstrap-fork.js 
Error: Cannot find module 'eslint'
Require stack:
- /home/diedose/.vscode-server/extensions/rvest.vs-code-prettier-eslint-5.0.3/dist/extension.js
- /home/diedose/.vscode-server/bin/3b889b090b5ad5793f524b5d1d39fda662b96a2a/out/vs/loader.js
- /home/diedose/.vscode-server/bin/3b889b090b5ad5793f524b5d1d39fda662b96a2a/out/bootstrap-amd.js
- /home/diedose/.vscode-server/bin/3b889b090b5ad5793f524b5d1d39fda662b96a2a/out/bootstrap-fork.js
    at Function.Module._resolveFilename (node:internal/modules/cjs/loader:933:15)
    at Function.resolve (node:internal/modules/cjs/helpers:108:19)
    at n4 (/home/diedose/.vscode-server/extensions/rvest.vs-code-prettier-eslint-5.0.3/dist/extension.js:204:36)
    at Lge (/home/diedose/.vscode-server/extensions/rvest.vs-code-prettier-eslint-5.0.3/dist/extension.js:180:599)
    at k0 (/home/diedose/.vscode-server/extensions/rvest.vs-code-prettier-eslint-5.0.3/dist/extension.js:204:6948)
    at /home/diedose/.vscode-server/extensions/rvest.vs-code-prettier-eslint-5.0.3/dist/extension.js:204:7802
    at Generator.next (<anonymous>)
    at /home/diedose/.vscode-server/extensions/rvest.vs-code-prettier-eslint-5.0.3/dist/extension.js:1:734
    at new Promise (<anonymous>)
    at M0 (/home/diedose/.vscode-server/extensions/rvest.vs-code-prettier-eslint-5.0.3/dist/extension.js:1:554)
    at gye (/home/diedose/.vscode-server/extensions/rvest.vs-code-prettier-eslint-5.0.3/dist/extension.js:204:7597)
    at Object.provideDocumentRangeFormattingEdits (/home/diedose/.vscode-server/extensions/rvest.vs-code-prettier-eslint-5.0.3/dist/extension.js:205:74)
    at $.provideDocumentRangeFormattingEdits (/home/diedose/.vscode-server/bin/3b889b090b5ad5793f524b5d1d39fda662b96a2a/out/vs/workbench/api/node/extensionHostProcess.js:87:45636)
    at /home/diedose/.vscode-server/bin/3b889b090b5ad5793f524b5d1d39fda662b96a2a/out/vs/workbench/api/node/extensionHostProcess.js:87:73548
    at te._withAdapter (/home/diedose/.vscode-server/bin/3b889b090b5ad5793f524b5d1d39fda662b96a2a/out/vs/workbench/api/node/extensionHostProcess.js:87:66659)
    at te.$provideDocumentRangeFormattingEdits (/home/diedose/.vscode-server/bin/3b889b090b5ad5793f524b5d1d39fda662b96a2a/out/vs/workbench/api/node/extensionHostProcess.js:87:73524)
    at s._doInvokeHandler (/home/diedose/.vscode-server/bin/3b889b090b5ad5793f524b5d1d39fda662b96a2a/out/vs/workbench/api/node/extensionHostProcess.js:95:13708)
    at s._invokeHandler (/home/diedose/.vscode-server/bin/3b889b090b5ad5793f524b5d1d39fda662b96a2a/out/vs/workbench/api/node/extensionHostProcess.js:95:13390)
    at s._receiveRequest (/home/diedose/.vscode-server/bin/3b889b090b5ad5793f524b5d1d39fda662b96a2a/out/vs/workbench/api/node/extensionHostProcess.js:95:12107)
    at s._receiveOneMessage (/home/diedose/.vscode-server/bin/3b889b090b5ad5793f524b5d1d39fda662b96a2a/out/vs/workbench/api/node/extensionHostProcess.js:95:10853)
    at /home/diedose/.vscode-server/bin/3b889b090b5ad5793f524b5d1d39fda662b96a2a/out/vs/workbench/api/node/extensionHostProcess.js:95:8957
    at b.invoke (/home/diedose/.vscode-server/bin/3b889b090b5ad5793f524b5d1d39fda662b96a2a/out/vs/workbench/api/node/extensionHostProcess.js:61:145)
    at v.deliver (/home/diedose/.vscode-server/bin/3b889b090b5ad5793f524b5d1d39fda662b96a2a/out/vs/workbench/api/node/extensionHostProcess.js:61:2266)
    at p.fire (/home/diedose/.vscode-server/bin/3b889b090b5ad5793f524b5d1d39fda662b96a2a/out/vs/workbench/api/node/extensionHostProcess.js:61:1844)
    at a.fire (/home/diedose/.vscode-server/bin/3b889b090b5ad5793f524b5d1d39fda662b96a2a/out/vs/workbench/api/node/extensionHostProcess.js:69:18976)
    at /home/diedose/.vscode-server/bin/3b889b090b5ad5793f524b5d1d39fda662b96a2a/out/vs/workbench/api/node/extensionHostProcess.js:111:34679
    at b.invoke (/home/diedose/.vscode-server/bin/3b889b090b5ad5793f524b5d1d39fda662b96a2a/out/vs/workbench/api/node/extensionHostProcess.js:61:145)
    at v.deliver (/home/diedose/.vscode-server/bin/3b889b090b5ad5793f524b5d1d39fda662b96a2a/out/vs/workbench/api/node/extensionHostProcess.js:61:2266)
    at p.fire (/home/diedose/.vscode-server/bin/3b889b090b5ad5793f524b5d1d39fda662b96a2a/out/vs/workbench/api/node/extensionHostProcess.js:61:1844)
    at a.fire (/home/diedose/.vscode-server/bin/3b889b090b5ad5793f524b5d1d39fda662b96a2a/out/vs/workbench/api/node/extensionHostProcess.js:69:18976)
    at r._receiveMessage (/home/diedose/.vscode-server/bin/3b889b090b5ad5793f524b5d1d39fda662b96a2a/out/vs/workbench/api/node/extensionHostProcess.js:69:23563)
    at /home/diedose/.vscode-server/bin/3b889b090b5ad5793f524b5d1d39fda662b96a2a/out/vs/workbench/api/node/extensionHostProcess.js:69:21097
    at b.invoke (/home/diedose/.vscode-server/bin/3b889b090b5ad5793f524b5d1d39fda662b96a2a/out/vs/workbench/api/node/extensionHostProcess.js:61:145)
    at v.deliver (/home/diedose/.vscode-server/bin/3b889b090b5ad5793f524b5d1d39fda662b96a2a/out/vs/workbench/api/node/extensionHostProcess.js:61:2266)
    at p.fire (/home/diedose/.vscode-server/bin/3b889b090b5ad5793f524b5d1d39fda662b96a2a/out/vs/workbench/api/node/extensionHostProcess.js:61:1844)
    at p.acceptChunk (/home/diedose/.vscode-server/bin/3b889b090b5ad5793f524b5d1d39fda662b96a2a/out/vs/workbench/api/node/extensionHostProcess.js:69:15807)
    at /home/diedose/.vscode-server/bin/3b889b090b5ad5793f524b5d1d39fda662b96a2a/out/vs/workbench/api/node/extensionHostProcess.js:69:14937
    at b.invoke (/home/diedose/.vscode-server/bin/3b889b090b5ad5793f524b5d1d39fda662b96a2a/out/vs/workbench/api/node/extensionHostProcess.js:61:145)
    at v.deliver (/home/diedose/.vscode-server/bin/3b889b090b5ad5793f524b5d1d39fda662b96a2a/out/vs/workbench/api/node/extensionHostProcess.js:61:2266)
    at p.fire (/home/diedose/.vscode-server/bin/3b889b090b5ad5793f524b5d1d39fda662b96a2a/out/vs/workbench/api/node/extensionHostProcess.js:61:1844)
    at f._processReadQueue (/home/diedose/.vscode-server/bin/3b889b090b5ad5793f524b5d1d39fda662b96a2a/out/vs/workbench/api/node/extensionHostProcess.js:111:21271)
    at f.acceptFrame (/home/diedose/.vscode-server/bin/3b889b090b5ad5793f524b5d1d39fda662b96a2a/out/vs/workbench/api/node/extensionHostProcess.js:111:20927)
    at v._acceptChunk (/home/diedose/.vscode-server/bin/3b889b090b5ad5793f524b5d1d39fda662b96a2a/out/vs/workbench/api/node/extensionHostProcess.js:111:18891)
    at /home/diedose/.vscode-server/bin/3b889b090b5ad5793f524b5d1d39fda662b96a2a/out/vs/workbench/api/node/extensionHostProcess.js:111:15880
    at Socket.R (/home/diedose/.vscode-server/bin/3b889b090b5ad5793f524b5d1d39fda662b96a2a/out/vs/workbench/api/node/extensionHostProcess.js:111:13763)
    at Socket.emit (node:events:390:28)
    at addChunk (node:internal/streams/readable:315:12)
    at readableAddChunk (node:internal/streams/readable:289:9)
    at Socket.Readable.push (node:internal/streams/readable:228:10)
    at TCP.onStreamRead (node:internal/stream_base_commons:199:23)
Error: Failed to load plugin 'vue' declared in 'CLIOptions': The argument 'filename' must be a file URL object, file URL string, or absolute path string. Received '' 
TypeError: Failed to load plugin 'vue' declared in 'CLIOptions': The argument 'filename' must be a file URL object, file URL string, or absolute path string. Received ''
    at new NodeError (node:internal/errors:371:5)
    at createRequire (node:internal/modules/cjs/loader:1214:13)
    at Object.resolve (/home/diedose/coding/2022_portfolio/node_modules/@eslint/eslintrc/lib/shared/relative-module-resolver.js:23:16)
    at Object.ModuleResolver.resolve (/home/diedose/coding/2022_portfolio/node_modules/@rushstack/eslint-patch/src/modern-module-resolution.ts:227:34)
    at ConfigArrayFactory._loadPlugin (/home/diedose/coding/2022_portfolio/node_modules/@eslint/eslintrc/lib/config-array-factory.js:1051:33)
    at ConfigArrayFactory._loadPlugin (/home/diedose/coding/2022_portfolio/node_modules/@rushstack/eslint-patch/src/modern-module-resolution.ts:229:35)
    at /home/diedose/coding/2022_portfolio/node_modules/@eslint/eslintrc/lib/config-array-factory.js:942:33
    at Array.reduce (<anonymous>)
    at ConfigArrayFactory._loadPlugins (/home/diedose/coding/2022_portfolio/node_modules/@eslint/eslintrc/lib/config-array-factory.js:938:22)
    at ConfigArrayFactory._normalizeObjectConfigDataBody (/home/diedose/coding/2022_portfolio/node_modules/@eslint/eslintrc/lib/config-array-factory.js:738:44)
    at _normalizeObjectConfigDataBody.next (<anonymous>)
    at ConfigArrayFactory._normalizeObjectConfigData (/home/diedose/coding/2022_portfolio/node_modules/@eslint/eslintrc/lib/config-array-factory.js:678:20)
    at _normalizeObjectConfigData.next (<anonymous>)
    at ConfigArrayFactory.create (/home/diedose/coding/2022_portfolio/node_modules/@eslint/eslintrc/lib/config-array-factory.js:473:16)
    at createCLIConfigArray (/home/diedose/coding/2022_portfolio/node_modules/@eslint/eslintrc/lib/cascading-config-array-factory.js:168:47)
    at CascadingConfigArrayFactory.clearCache (/home/diedose/coding/2022_portfolio/node_modules/@eslint/eslintrc/lib/cascading-config-array-factory.js:340:32)
    at new ESLint (/home/diedose/coding/2022_portfolio/node_modules/eslint/lib/eslint/eslint.js:448:32)
    at Pge (/home/diedose/.vscode-server/extensions/rvest.vs-code-prettier-eslint-5.0.3/dist/extension.js:180:69)
    at /home/diedose/.vscode-server/extensions/rvest.vs-code-prettier-eslint-5.0.3/dist/extension.js:188:700
    at Lge (/home/diedose/.vscode-server/extensions/rvest.vs-code-prettier-eslint-5.0.3/dist/extension.js:180:1439)
    at processTicksAndRejections (node:internal/process/task_queues:96:5)
Error: Failed to load plugin 'vue' declared in 'CLIOptions': The argument 'filename' must be a file URL object, file URL string, or absolute path string. Received '' 
TypeError: Failed to load plugin 'vue' declared in 'CLIOptions': The argument 'filename' must be a file URL object, file URL string, or absolute path string. Received ''
    at new NodeError (node:internal/errors:371:5)
    at createRequire (node:internal/modules/cjs/loader:1214:13)
    at Object.resolve (/home/diedose/coding/2022_portfolio/node_modules/@eslint/eslintrc/lib/shared/relative-module-resolver.js:23:16)
    at Object.ModuleResolver.resolve (/home/diedose/coding/2022_portfolio/node_modules/@rushstack/eslint-patch/src/modern-module-resolution.ts:227:34)
    at ConfigArrayFactory._loadPlugin (/home/diedose/coding/2022_portfolio/node_modules/@eslint/eslintrc/lib/config-array-factory.js:1051:33)
    at ConfigArrayFactory._loadPlugin (/home/diedose/coding/2022_portfolio/node_modules/@rushstack/eslint-patch/src/modern-module-resolution.ts:229:35)
    at /home/diedose/coding/2022_portfolio/node_modules/@eslint/eslintrc/lib/config-array-factory.js:942:33
    at Array.reduce (<anonymous>)
    at ConfigArrayFactory._loadPlugins (/home/diedose/coding/2022_portfolio/node_modules/@eslint/eslintrc/lib/config-array-factory.js:938:22)
    at ConfigArrayFactory._normalizeObjectConfigDataBody (/home/diedose/coding/2022_portfolio/node_modules/@eslint/eslintrc/lib/config-array-factory.js:738:44)
    at _normalizeObjectConfigDataBody.next (<anonymous>)
    at ConfigArrayFactory._normalizeObjectConfigData (/home/diedose/coding/2022_portfolio/node_modules/@eslint/eslintrc/lib/config-array-factory.js:678:20)
    at _normalizeObjectConfigData.next (<anonymous>)
    at ConfigArrayFactory.create (/home/diedose/coding/2022_portfolio/node_modules/@eslint/eslintrc/lib/config-array-factory.js:473:16)
    at createCLIConfigArray (/home/diedose/coding/2022_portfolio/node_modules/@eslint/eslintrc/lib/cascading-config-array-factory.js:168:47)
    at CascadingConfigArrayFactory.clearCache (/home/diedose/coding/2022_portfolio/node_modules/@eslint/eslintrc/lib/cascading-config-array-factory.js:340:32)
    at new ESLint (/home/diedose/coding/2022_portfolio/node_modules/eslint/lib/eslint/eslint.js:448:32)
    at Pge (/home/diedose/.vscode-server/extensions/rvest.vs-code-prettier-eslint-5.0.3/dist/extension.js:180:69)
    at /home/diedose/.vscode-server/extensions/rvest.vs-code-prettier-eslint-5.0.3/dist/extension.js:188:700
    at Lge (/home/diedose/.vscode-server/extensions/rvest.vs-code-prettier-eslint-5.0.3/dist/extension.js:180:1439)
    at processTicksAndRejections (node:internal/process/task_queues:96:5)
Error: Cannot find module 'eslint'
Require stack:
- /home/diedose/.vscode-server/extensions/rvest.vs-code-prettier-eslint-5.0.3/dist/extension.js
- /home/diedose/.vscode-server/bin/3b889b090b5ad5793f524b5d1d39fda662b96a2a/out/vs/loader.js
- /home/diedose/.vscode-server/bin/3b889b090b5ad5793f524b5d1d39fda662b96a2a/out/bootstrap-amd.js
- /home/diedose/.vscode-server/bin/3b889b090b5ad5793f524b5d1d39fda662b96a2a/out/bootstrap-fork.js 
Error: Cannot find module 'eslint'
Require stack:
- /home/diedose/.vscode-server/extensions/rvest.vs-code-prettier-eslint-5.0.3/dist/extension.js
- /home/diedose/.vscode-server/bin/3b889b090b5ad5793f524b5d1d39fda662b96a2a/out/vs/loader.js
- /home/diedose/.vscode-server/bin/3b889b090b5ad5793f524b5d1d39fda662b96a2a/out/bootstrap-amd.js
- /home/diedose/.vscode-server/bin/3b889b090b5ad5793f524b5d1d39fda662b96a2a/out/bootstrap-fork.js
    at Function.Module._resolveFilename (node:internal/modules/cjs/loader:933:15)
    at Function.resolve (node:internal/modules/cjs/helpers:108:19)
    at n4 (/home/diedose/.vscode-server/extensions/rvest.vs-code-prettier-eslint-5.0.3/dist/extension.js:204:36)
    at Lge (/home/diedose/.vscode-server/extensions/rvest.vs-code-prettier-eslint-5.0.3/dist/extension.js:180:599)
    at k0 (/home/diedose/.vscode-server/extensions/rvest.vs-code-prettier-eslint-5.0.3/dist/extension.js:204:6948)
    at /home/diedose/.vscode-server/extensions/rvest.vs-code-prettier-eslint-5.0.3/dist/extension.js:204:7802
    at Generator.next (<anonymous>)
    at /home/diedose/.vscode-server/extensions/rvest.vs-code-prettier-eslint-5.0.3/dist/extension.js:1:734
    at new Promise (<anonymous>)
    at M0 (/home/diedose/.vscode-server/extensions/rvest.vs-code-prettier-eslint-5.0.3/dist/extension.js:1:554)
    at gye (/home/diedose/.vscode-server/extensions/rvest.vs-code-prettier-eslint-5.0.3/dist/extension.js:204:7597)
    at Object.provideDocumentRangeFormattingEdits (/home/diedose/.vscode-server/extensions/rvest.vs-code-prettier-eslint-5.0.3/dist/extension.js:205:74)
    at $.provideDocumentRangeFormattingEdits (/home/diedose/.vscode-server/bin/3b889b090b5ad5793f524b5d1d39fda662b96a2a/out/vs/workbench/api/node/extensionHostProcess.js:87:45636)
    at /home/diedose/.vscode-server/bin/3b889b090b5ad5793f524b5d1d39fda662b96a2a/out/vs/workbench/api/node/extensionHostProcess.js:87:73548
    at te._withAdapter (/home/diedose/.vscode-server/bin/3b889b090b5ad5793f524b5d1d39fda662b96a2a/out/vs/workbench/api/node/extensionHostProcess.js:87:66659)
    at te.$provideDocumentRangeFormattingEdits (/home/diedose/.vscode-server/bin/3b889b090b5ad5793f524b5d1d39fda662b96a2a/out/vs/workbench/api/node/extensionHostProcess.js:87:73524)
    at s._doInvokeHandler (/home/diedose/.vscode-server/bin/3b889b090b5ad5793f524b5d1d39fda662b96a2a/out/vs/workbench/api/node/extensionHostProcess.js:95:13708)
    at s._invokeHandler (/home/diedose/.vscode-server/bin/3b889b090b5ad5793f524b5d1d39fda662b96a2a/out/vs/workbench/api/node/extensionHostProcess.js:95:13390)
    at s._receiveRequest (/home/diedose/.vscode-server/bin/3b889b090b5ad5793f524b5d1d39fda662b96a2a/out/vs/workbench/api/node/extensionHostProcess.js:95:12107)
    at s._receiveOneMessage (/home/diedose/.vscode-server/bin/3b889b090b5ad5793f524b5d1d39fda662b96a2a/out/vs/workbench/api/node/extensionHostProcess.js:95:10853)
    at /home/diedose/.vscode-server/bin/3b889b090b5ad5793f524b5d1d39fda662b96a2a/out/vs/workbench/api/node/extensionHostProcess.js:95:8957
    at b.invoke (/home/diedose/.vscode-server/bin/3b889b090b5ad5793f524b5d1d39fda662b96a2a/out/vs/workbench/api/node/extensionHostProcess.js:61:145)
    at v.deliver (/home/diedose/.vscode-server/bin/3b889b090b5ad5793f524b5d1d39fda662b96a2a/out/vs/workbench/api/node/extensionHostProcess.js:61:2266)
    at p.fire (/home/diedose/.vscode-server/bin/3b889b090b5ad5793f524b5d1d39fda662b96a2a/out/vs/workbench/api/node/extensionHostProcess.js:61:1844)
    at a.fire (/home/diedose/.vscode-server/bin/3b889b090b5ad5793f524b5d1d39fda662b96a2a/out/vs/workbench/api/node/extensionHostProcess.js:69:18976)
    at /home/diedose/.vscode-server/bin/3b889b090b5ad5793f524b5d1d39fda662b96a2a/out/vs/workbench/api/node/extensionHostProcess.js:111:34679
    at b.invoke (/home/diedose/.vscode-server/bin/3b889b090b5ad5793f524b5d1d39fda662b96a2a/out/vs/workbench/api/node/extensionHostProcess.js:61:145)
    at v.deliver (/home/diedose/.vscode-server/bin/3b889b090b5ad5793f524b5d1d39fda662b96a2a/out/vs/workbench/api/node/extensionHostProcess.js:61:2266)
    at p.fire (/home/diedose/.vscode-server/bin/3b889b090b5ad5793f524b5d1d39fda662b96a2a/out/vs/workbench/api/node/extensionHostProcess.js:61:1844)
    at a.fire (/home/diedose/.vscode-server/bin/3b889b090b5ad5793f524b5d1d39fda662b96a2a/out/vs/workbench/api/node/extensionHostProcess.js:69:18976)
    at r._receiveMessage (/home/diedose/.vscode-server/bin/3b889b090b5ad5793f524b5d1d39fda662b96a2a/out/vs/workbench/api/node/extensionHostProcess.js:69:23563)
    at /home/diedose/.vscode-server/bin/3b889b090b5ad5793f524b5d1d39fda662b96a2a/out/vs/workbench/api/node/extensionHostProcess.js:69:21097
    at b.invoke (/home/diedose/.vscode-server/bin/3b889b090b5ad5793f524b5d1d39fda662b96a2a/out/vs/workbench/api/node/extensionHostProcess.js:61:145)
    at v.deliver (/home/diedose/.vscode-server/bin/3b889b090b5ad5793f524b5d1d39fda662b96a2a/out/vs/workbench/api/node/extensionHostProcess.js:61:2266)
    at p.fire (/home/diedose/.vscode-server/bin/3b889b090b5ad5793f524b5d1d39fda662b96a2a/out/vs/workbench/api/node/extensionHostProcess.js:61:1844)
    at p.acceptChunk (/home/diedose/.vscode-server/bin/3b889b090b5ad5793f524b5d1d39fda662b96a2a/out/vs/workbench/api/node/extensionHostProcess.js:69:15807)
    at /home/diedose/.vscode-server/bin/3b889b090b5ad5793f524b5d1d39fda662b96a2a/out/vs/workbench/api/node/extensionHostProcess.js:69:14937
    at b.invoke (/home/diedose/.vscode-server/bin/3b889b090b5ad5793f524b5d1d39fda662b96a2a/out/vs/workbench/api/node/extensionHostProcess.js:61:145)
    at v.deliver (/home/diedose/.vscode-server/bin/3b889b090b5ad5793f524b5d1d39fda662b96a2a/out/vs/workbench/api/node/extensionHostProcess.js:61:2266)
    at p.fire (/home/diedose/.vscode-server/bin/3b889b090b5ad5793f524b5d1d39fda662b96a2a/out/vs/workbench/api/node/extensionHostProcess.js:61:1844)
    at f._processReadQueue (/home/diedose/.vscode-server/bin/3b889b090b5ad5793f524b5d1d39fda662b96a2a/out/vs/workbench/api/node/extensionHostProcess.js:111:21271)
    at f.acceptFrame (/home/diedose/.vscode-server/bin/3b889b090b5ad5793f524b5d1d39fda662b96a2a/out/vs/workbench/api/node/extensionHostProcess.js:111:20927)
    at v._acceptChunk (/home/diedose/.vscode-server/bin/3b889b090b5ad5793f524b5d1d39fda662b96a2a/out/vs/workbench/api/node/extensionHostProcess.js:111:18891)
    at /home/diedose/.vscode-server/bin/3b889b090b5ad5793f524b5d1d39fda662b96a2a/out/vs/workbench/api/node/extensionHostProcess.js:111:15880
    at Socket.R (/home/diedose/.vscode-server/bin/3b889b090b5ad5793f524b5d1d39fda662b96a2a/out/vs/workbench/api/node/extensionHostProcess.js:111:13763)
    at Socket.emit (node:events:390:28)
    at addChunk (node:internal/streams/readable:315:12)
    at readableAddChunk (node:internal/streams/readable:289:9)
    at Socket.Readable.push (node:internal/streams/readable:228:10)
    at TCP.onStreamRead (node:internal/stream_base_commons:199:23)
Error: Cannot find module 'eslint'
Require stack:
- /home/diedose/.vscode-server/extensions/rvest.vs-code-prettier-eslint-5.0.3/dist/extension.js
- /home/diedose/.vscode-server/bin/3b889b090b5ad5793f524b5d1d39fda662b96a2a/out/vs/loader.js
- /home/diedose/.vscode-server/bin/3b889b090b5ad5793f524b5d1d39fda662b96a2a/out/bootstrap-amd.js
- /home/diedose/.vscode-server/bin/3b889b090b5ad5793f524b5d1d39fda662b96a2a/out/bootstrap-fork.js 
Error: Cannot find module 'eslint'
Require stack:
- /home/diedose/.vscode-server/extensions/rvest.vs-code-prettier-eslint-5.0.3/dist/extension.js
- /home/diedose/.vscode-server/bin/3b889b090b5ad5793f524b5d1d39fda662b96a2a/out/vs/loader.js
- /home/diedose/.vscode-server/bin/3b889b090b5ad5793f524b5d1d39fda662b96a2a/out/bootstrap-amd.js
- /home/diedose/.vscode-server/bin/3b889b090b5ad5793f524b5d1d39fda662b96a2a/out/bootstrap-fork.js
    at Function.Module._resolveFilename (node:internal/modules/cjs/loader:933:15)
    at Function.resolve (node:internal/modules/cjs/helpers:108:19)
    at n4 (/home/diedose/.vscode-server/extensions/rvest.vs-code-prettier-eslint-5.0.3/dist/extension.js:204:36)
    at Lge (/home/diedose/.vscode-server/extensions/rvest.vs-code-prettier-eslint-5.0.3/dist/extension.js:180:599)
    at k0 (/home/diedose/.vscode-server/extensions/rvest.vs-code-prettier-eslint-5.0.3/dist/extension.js:204:6948)
    at /home/diedose/.vscode-server/extensions/rvest.vs-code-prettier-eslint-5.0.3/dist/extension.js:204:7802
    at Generator.next (<anonymous>)
    at /home/diedose/.vscode-server/extensions/rvest.vs-code-prettier-eslint-5.0.3/dist/extension.js:1:734
    at new Promise (<anonymous>)
    at M0 (/home/diedose/.vscode-server/extensions/rvest.vs-code-prettier-eslint-5.0.3/dist/extension.js:1:554)
    at gye (/home/diedose/.vscode-server/extensions/rvest.vs-code-prettier-eslint-5.0.3/dist/extension.js:204:7597)
    at Object.provideDocumentRangeFormattingEdits (/home/diedose/.vscode-server/extensions/rvest.vs-code-prettier-eslint-5.0.3/dist/extension.js:205:74)
    at $.provideDocumentRangeFormattingEdits (/home/diedose/.vscode-server/bin/3b889b090b5ad5793f524b5d1d39fda662b96a2a/out/vs/workbench/api/node/extensionHostProcess.js:87:45636)
    at /home/diedose/.vscode-server/bin/3b889b090b5ad5793f524b5d1d39fda662b96a2a/out/vs/workbench/api/node/extensionHostProcess.js:87:73548
    at te._withAdapter (/home/diedose/.vscode-server/bin/3b889b090b5ad5793f524b5d1d39fda662b96a2a/out/vs/workbench/api/node/extensionHostProcess.js:87:66659)
    at te.$provideDocumentRangeFormattingEdits (/home/diedose/.vscode-server/bin/3b889b090b5ad5793f524b5d1d39fda662b96a2a/out/vs/workbench/api/node/extensionHostProcess.js:87:73524)
    at s._doInvokeHandler (/home/diedose/.vscode-server/bin/3b889b090b5ad5793f524b5d1d39fda662b96a2a/out/vs/workbench/api/node/extensionHostProcess.js:95:13708)
    at s._invokeHandler (/home/diedose/.vscode-server/bin/3b889b090b5ad5793f524b5d1d39fda662b96a2a/out/vs/workbench/api/node/extensionHostProcess.js:95:13390)
    at s._receiveRequest (/home/diedose/.vscode-server/bin/3b889b090b5ad5793f524b5d1d39fda662b96a2a/out/vs/workbench/api/node/extensionHostProcess.js:95:12107)
    at s._receiveOneMessage (/home/diedose/.vscode-server/bin/3b889b090b5ad5793f524b5d1d39fda662b96a2a/out/vs/workbench/api/node/extensionHostProcess.js:95:10853)
    at /home/diedose/.vscode-server/bin/3b889b090b5ad5793f524b5d1d39fda662b96a2a/out/vs/workbench/api/node/extensionHostProcess.js:95:8957
    at b.invoke (/home/diedose/.vscode-server/bin/3b889b090b5ad5793f524b5d1d39fda662b96a2a/out/vs/workbench/api/node/extensionHostProcess.js:61:145)
    at v.deliver (/home/diedose/.vscode-server/bin/3b889b090b5ad5793f524b5d1d39fda662b96a2a/out/vs/workbench/api/node/extensionHostProcess.js:61:2266)
    at p.fire (/home/diedose/.vscode-server/bin/3b889b090b5ad5793f524b5d1d39fda662b96a2a/out/vs/workbench/api/node/extensionHostProcess.js:61:1844)
    at a.fire (/home/diedose/.vscode-server/bin/3b889b090b5ad5793f524b5d1d39fda662b96a2a/out/vs/workbench/api/node/extensionHostProcess.js:69:18976)
    at /home/diedose/.vscode-server/bin/3b889b090b5ad5793f524b5d1d39fda662b96a2a/out/vs/workbench/api/node/extensionHostProcess.js:111:34679
    at b.invoke (/home/diedose/.vscode-server/bin/3b889b090b5ad5793f524b5d1d39fda662b96a2a/out/vs/workbench/api/node/extensionHostProcess.js:61:145)
    at v.deliver (/home/diedose/.vscode-server/bin/3b889b090b5ad5793f524b5d1d39fda662b96a2a/out/vs/workbench/api/node/extensionHostProcess.js:61:2266)
    at p.fire (/home/diedose/.vscode-server/bin/3b889b090b5ad5793f524b5d1d39fda662b96a2a/out/vs/workbench/api/node/extensionHostProcess.js:61:1844)
    at a.fire (/home/diedose/.vscode-server/bin/3b889b090b5ad5793f524b5d1d39fda662b96a2a/out/vs/workbench/api/node/extensionHostProcess.js:69:18976)
    at r._receiveMessage (/home/diedose/.vscode-server/bin/3b889b090b5ad5793f524b5d1d39fda662b96a2a/out/vs/workbench/api/node/extensionHostProcess.js:69:23563)
    at /home/diedose/.vscode-server/bin/3b889b090b5ad5793f524b5d1d39fda662b96a2a/out/vs/workbench/api/node/extensionHostProcess.js:69:21097
    at b.invoke (/home/diedose/.vscode-server/bin/3b889b090b5ad5793f524b5d1d39fda662b96a2a/out/vs/workbench/api/node/extensionHostProcess.js:61:145)
    at v.deliver (/home/diedose/.vscode-server/bin/3b889b090b5ad5793f524b5d1d39fda662b96a2a/out/vs/workbench/api/node/extensionHostProcess.js:61:2266)
    at p.fire (/home/diedose/.vscode-server/bin/3b889b090b5ad5793f524b5d1d39fda662b96a2a/out/vs/workbench/api/node/extensionHostProcess.js:61:1844)
    at p.acceptChunk (/home/diedose/.vscode-server/bin/3b889b090b5ad5793f524b5d1d39fda662b96a2a/out/vs/workbench/api/node/extensionHostProcess.js:69:15807)
    at /home/diedose/.vscode-server/bin/3b889b090b5ad5793f524b5d1d39fda662b96a2a/out/vs/workbench/api/node/extensionHostProcess.js:69:14937
    at b.invoke (/home/diedose/.vscode-server/bin/3b889b090b5ad5793f524b5d1d39fda662b96a2a/out/vs/workbench/api/node/extensionHostProcess.js:61:145)
    at v.deliver (/home/diedose/.vscode-server/bin/3b889b090b5ad5793f524b5d1d39fda662b96a2a/out/vs/workbench/api/node/extensionHostProcess.js:61:2266)
    at p.fire (/home/diedose/.vscode-server/bin/3b889b090b5ad5793f524b5d1d39fda662b96a2a/out/vs/workbench/api/node/extensionHostProcess.js:61:1844)
    at f._processReadQueue (/home/diedose/.vscode-server/bin/3b889b090b5ad5793f524b5d1d39fda662b96a2a/out/vs/workbench/api/node/extensionHostProcess.js:111:21271)
    at f.acceptFrame (/home/diedose/.vscode-server/bin/3b889b090b5ad5793f524b5d1d39fda662b96a2a/out/vs/workbench/api/node/extensionHostProcess.js:111:20927)
    at v._acceptChunk (/home/diedose/.vscode-server/bin/3b889b090b5ad5793f524b5d1d39fda662b96a2a/out/vs/workbench/api/node/extensionHostProcess.js:111:18891)
    at /home/diedose/.vscode-server/bin/3b889b090b5ad5793f524b5d1d39fda662b96a2a/out/vs/workbench/api/node/extensionHostProcess.js:111:15880
    at Socket.R (/home/diedose/.vscode-server/bin/3b889b090b5ad5793f524b5d1d39fda662b96a2a/out/vs/workbench/api/node/extensionHostProcess.js:111:13763)
    at Socket.emit (node:events:390:28)
    at addChunk (node:internal/streams/readable:315:12)
    at readableAddChunk (node:internal/streams/readable:289:9)
    at Socket.Readable.push (node:internal/streams/readable:228:10)
    at TCP.onStreamRead (node:internal/stream_base_commons:199:23)
