[2022-07-21T22:07:42.270Z] Log level: Info
[2022-07-21T22:07:42.280Z] [info] Validating found git in: git
[2022-07-21T22:07:42.329Z] [info] Using git 2.25.1 from git
[2022-07-21T22:07:42.351Z] > git rev-parse --show-toplevel [5ms]
[2022-07-21T22:07:42.362Z] > git rev-parse --git-dir --git-common-dir [4ms]
[2022-07-21T22:07:42.368Z] [info] Open repository: /home/diedose/coding/2022_portfolio
[2022-07-21T22:07:42.383Z] > git status -z -uall [6ms]
[2022-07-21T22:07:42.672Z] > git symbolic-ref --short HEAD [283ms]
[2022-07-21T22:07:42.698Z] > git for-each-ref --format=%(refname)%00%(upstream:short)%00%(objectname)%00%(upstream:track)%00%(upstream:remotename)%00%(upstream:remoteref) refs/heads/main refs/remotes/main [22ms]
[2022-07-21T22:07:42.903Z] > git remote --verbose [177ms]
[2022-07-21T22:07:42.904Z] > git for-each-ref --sort -committerdate --format %(refname) %(objectname) %(*objectname) [196ms]
[2022-07-21T22:07:42.953Z] > git check-ignore -v -z --stdin [25ms]
[2022-07-21T22:07:42.954Z] > git show --textconv :src/App.vue [17ms]
[2022-07-21T22:07:42.954Z] > git config --get commit.template [3ms]
[2022-07-21T22:07:42.963Z] > git ls-files --stage -- /home/diedose/coding/2022_portfolio/src/App.vue [18ms]
[2022-07-21T22:07:42.973Z] > git status -z -uall [10ms]
[2022-07-21T22:07:42.989Z] > git symbolic-ref --short HEAD [8ms]
[2022-07-21T22:07:43.001Z] > git for-each-ref --format=%(refname)%00%(upstream:short)%00%(objectname)%00%(upstream:track)%00%(upstream:remotename)%00%(upstream:remoteref) refs/heads/main refs/remotes/main [3ms]
[2022-07-21T22:07:43.060Z] > git remote --verbose [38ms]
[2022-07-21T22:07:43.061Z] > git for-each-ref --sort -committerdate --format %(refname) %(objectname) %(*objectname) [46ms]
[2022-07-21T22:07:43.078Z] > git config --get commit.template [6ms]
[2022-07-21T22:07:48.089Z] > git status -z -uall [1ms]
[2022-07-21T22:07:48.094Z] > git symbolic-ref --short HEAD [0ms]
[2022-07-21T22:07:48.101Z] > git for-each-ref --format=%(refname)%00%(upstream:short)%00%(objectname)%00%(upstream:track)%00%(upstream:remotename)%00%(upstream:remoteref) refs/heads/main refs/remotes/main [1ms]
[2022-07-21T22:07:48.111Z] > git remote --verbose [1ms]
[2022-07-21T22:07:48.112Z] > git for-each-ref --sort -committerdate --format %(refname) %(objectname) %(*objectname) [6ms]
[2022-07-21T22:07:48.120Z] > git config --get commit.template [1ms]
[2022-07-21T22:09:44.823Z] > git show --textconv :src/App.vue [7ms]
[2022-07-21T22:09:44.824Z] > git ls-files --stage -- /home/diedose/coding/2022_portfolio/src/App.vue [2ms]
[2022-07-21T22:10:02.329Z] > git show --textconv :src/App.vue [10ms]
[2022-07-21T22:10:02.329Z] > git ls-files --stage -- /home/diedose/coding/2022_portfolio/src/App.vue [2ms]
[2022-07-21T22:10:04.642Z] > git status -z -uall [1ms]
[2022-07-21T22:10:04.649Z] > git symbolic-ref --short HEAD [1ms]
[2022-07-21T22:10:04.658Z] > git for-each-ref --format=%(refname)%00%(upstream:short)%00%(objectname)%00%(upstream:track)%00%(upstream:remotename)%00%(upstream:remoteref) refs/heads/main refs/remotes/main [1ms]
[2022-07-21T22:10:04.672Z] > git remote --verbose [1ms]
[2022-07-21T22:10:04.673Z] > git for-each-ref --sort -committerdate --format %(refname) %(objectname) %(*objectname) [9ms]
[2022-07-21T22:10:04.682Z] > git config --get commit.template [1ms]
[2022-07-21T22:10:09.690Z] > git status -z -uall [1ms]
[2022-07-21T22:10:09.696Z] > git symbolic-ref --short HEAD [0ms]
[2022-07-21T22:10:09.702Z] > git for-each-ref --format=%(refname)%00%(upstream:short)%00%(objectname)%00%(upstream:track)%00%(upstream:remotename)%00%(upstream:remoteref) refs/heads/main refs/remotes/main [0ms]
[2022-07-21T22:10:09.712Z] > git remote --verbose [0ms]
[2022-07-21T22:10:09.713Z] > git for-each-ref --sort -committerdate --format %(refname) %(objectname) %(*objectname) [6ms]
[2022-07-21T22:10:09.720Z] > git config --get commit.template [1ms]
