[2022-07-22T02:11:55.763Z] Log level: Info
[2022-07-22T02:11:55.770Z] [info] Validating found git in: git
[2022-07-22T02:11:55.824Z] [info] Using git 2.25.1 from git
[2022-07-22T02:11:56.304Z] > git rev-parse --show-toplevel [463ms]
[2022-07-22T02:11:56.338Z] > git rev-parse --git-dir --git-common-dir [10ms]
[2022-07-22T02:11:56.348Z] [info] Open repository: /home/diedose
[2022-07-22T02:11:56.536Z] > git status -z -uall [172ms]
[2022-07-22T02:11:56.536Z] > git symbolic-ref --short HEAD [2ms]
[2022-07-22T02:11:56.588Z] > git for-each-ref --format=%(refname)%00%(upstream:short)%00%(objectname)%00%(upstream:track)%00%(upstream:remotename)%00%(upstream:remoteref) refs/heads/main refs/remotes/main [43ms]
[2022-07-22T02:11:56.607Z] > git remote --verbose [5ms]
[2022-07-22T02:11:56.607Z] > git for-each-ref --sort -committerdate --format %(refname) %(objectname) %(*objectname) [12ms]
[2022-07-22T02:11:58.402Z] > git show --textconv :coding/2022_portfolio/src/main.js [22ms]
[2022-07-22T02:11:58.403Z] > git config --get commit.template [1655ms]
[2022-07-22T02:11:58.504Z] > git ls-files --stage -- /home/diedose/coding/2022_portfolio/src/main.js [117ms]
[2022-07-22T02:11:58.511Z] > git check-ignore -v -z --stdin [36ms]
[2022-07-22T02:11:58.534Z] > git status -z -uall [123ms]
[2022-07-22T02:11:58.535Z] > git symbolic-ref --short HEAD [3ms]
[2022-07-22T02:11:58.543Z] > git for-each-ref --format=%(refname)%00%(upstream:short)%00%(objectname)%00%(upstream:track)%00%(upstream:remotename)%00%(upstream:remoteref) refs/heads/main refs/remotes/main [1ms]
[2022-07-22T02:11:58.564Z] > git remote --verbose [9ms]
[2022-07-22T02:11:58.565Z] > git for-each-ref --sort -committerdate --format %(refname) %(objectname) %(*objectname) [15ms]
[2022-07-22T02:11:58.666Z] > git config --get commit.template [6ms]
