[2022-07-21T22:53:24.825Z] Log level: Info
[2022-07-21T22:53:24.832Z] [info] Validating found git in: git
[2022-07-21T22:53:24.886Z] [info] Using git 2.25.1 from git
[2022-07-21T22:53:24.919Z] > git rev-parse --show-toplevel [6ms]
[2022-07-21T22:53:24.931Z] > git rev-parse --git-dir --git-common-dir [2ms]
[2022-07-21T22:53:24.938Z] [info] Open repository: /home/diedose/coding/2022_portfolio
[2022-07-21T22:53:24.951Z] > git status -z -uall [2ms]
[2022-07-21T22:53:24.958Z] > git symbolic-ref --short HEAD [1ms]
[2022-07-21T22:53:24.964Z] > git for-each-ref --format=%(refname)%00%(upstream:short)%00%(objectname)%00%(upstream:track)%00%(upstream:remotename)%00%(upstream:remoteref) refs/heads/main refs/remotes/main [1ms]
[2022-07-21T22:53:24.977Z] > git remote --verbose [2ms]
[2022-07-21T22:53:24.977Z] > git for-each-ref --sort -committerdate --format %(refname) %(objectname) %(*objectname) [7ms]
[2022-07-21T22:53:24.988Z] > git config --get commit.template [1ms]
[2022-07-21T22:53:24.998Z] > git status -z -uall [2ms]
[2022-07-21T22:53:25.006Z] > git symbolic-ref --short HEAD [1ms]
[2022-07-21T22:53:25.016Z] > git for-each-ref --format=%(refname)%00%(upstream:short)%00%(objectname)%00%(upstream:track)%00%(upstream:remotename)%00%(upstream:remoteref) refs/heads/main refs/remotes/main [3ms]
[2022-07-21T22:53:25.031Z] > git remote --verbose [3ms]
[2022-07-21T22:53:25.032Z] > git for-each-ref --sort -committerdate --format %(refname) %(objectname) %(*objectname) [10ms]
[2022-07-21T22:53:25.361Z] > git config --get commit.template [311ms]
[2022-07-21T22:53:25.633Z] > git check-ignore -v -z --stdin [24ms]
[2022-07-21T22:53:25.656Z] > git show --textconv :src/App.vue [10ms]
[2022-07-21T22:53:25.656Z] > git ls-files --stage -- /home/diedose/coding/2022_portfolio/src/App.vue [4ms]
[2022-07-21T22:53:25.684Z] > git cat-file -s e864195002371619c22d0454351235745b2a4f3f [22ms]
[2022-07-21T22:53:30.175Z] > git status -z -uall [1ms]
[2022-07-21T22:53:30.182Z] > git symbolic-ref --short HEAD [0ms]
[2022-07-21T22:53:30.190Z] > git for-each-ref --format=%(refname)%00%(upstream:short)%00%(objectname)%00%(upstream:track)%00%(upstream:remotename)%00%(upstream:remoteref) refs/heads/main refs/remotes/main [1ms]
[2022-07-21T22:53:30.203Z] > git remote --verbose [1ms]
[2022-07-21T22:53:30.203Z] > git for-each-ref --sort -committerdate --format %(refname) %(objectname) %(*objectname) [7ms]
[2022-07-21T22:53:30.213Z] > git config --get commit.template [1ms]
[2022-07-21T22:53:35.221Z] > git status -z -uall [1ms]
[2022-07-21T22:53:35.228Z] > git symbolic-ref --short HEAD [0ms]
[2022-07-21T22:53:35.237Z] > git for-each-ref --format=%(refname)%00%(upstream:short)%00%(objectname)%00%(upstream:track)%00%(upstream:remotename)%00%(upstream:remoteref) refs/heads/main refs/remotes/main [1ms]
[2022-07-21T22:53:35.251Z] > git remote --verbose [1ms]
[2022-07-21T22:53:35.252Z] > git for-each-ref --sort -committerdate --format %(refname) %(objectname) %(*objectname) [8ms]
[2022-07-21T22:53:35.260Z] > git config --get commit.template [0ms]
[2022-07-21T22:53:48.271Z] > git show --textconv :src/App.vue [9ms]
[2022-07-21T22:53:48.272Z] > git ls-files --stage -- /home/diedose/coding/2022_portfolio/src/App.vue [2ms]
[2022-07-21T22:53:48.279Z] > git cat-file -s e864195002371619c22d0454351235745b2a4f3f [1ms]
[2022-07-21T22:53:50.633Z] > git status -z -uall [1ms]
[2022-07-21T22:53:50.639Z] > git symbolic-ref --short HEAD [1ms]
[2022-07-21T22:53:50.645Z] > git for-each-ref --format=%(refname)%00%(upstream:short)%00%(objectname)%00%(upstream:track)%00%(upstream:remotename)%00%(upstream:remoteref) refs/heads/main refs/remotes/main [1ms]
[2022-07-21T22:53:50.657Z] > git remote --verbose [2ms]
[2022-07-21T22:53:50.657Z] > git for-each-ref --sort -committerdate --format %(refname) %(objectname) %(*objectname) [7ms]
[2022-07-21T22:53:50.665Z] > git config --get commit.template [1ms]
[2022-07-21T22:53:53.543Z] > git show --textconv :src/main.js [108ms]
[2022-07-21T22:53:53.543Z] > git ls-files --stage -- /home/diedose/coding/2022_portfolio/src/main.js [5ms]
[2022-07-21T22:53:53.553Z] > git cat-file -s eedade80bfb8466db3eba40502ec70f5cd16d257 [2ms]
[2022-07-21T22:53:55.672Z] > git status -z -uall [1ms]
[2022-07-21T22:53:55.678Z] > git symbolic-ref --short HEAD [1ms]
[2022-07-21T22:53:55.684Z] > git for-each-ref --format=%(refname)%00%(upstream:short)%00%(objectname)%00%(upstream:track)%00%(upstream:remotename)%00%(upstream:remoteref) refs/heads/main refs/remotes/main [1ms]
[2022-07-21T22:53:55.694Z] > git remote --verbose [1ms]
[2022-07-21T22:53:55.695Z] > git for-each-ref --sort -committerdate --format %(refname) %(objectname) %(*objectname) [6ms]
[2022-07-21T22:53:55.703Z] > git config --get commit.template [1ms]
[2022-07-21T22:54:00.710Z] > git status -z -uall [1ms]
[2022-07-21T22:54:00.717Z] > git symbolic-ref --short HEAD [1ms]
[2022-07-21T22:54:00.724Z] > git for-each-ref --format=%(refname)%00%(upstream:short)%00%(objectname)%00%(upstream:track)%00%(upstream:remotename)%00%(upstream:remoteref) refs/heads/main refs/remotes/main [2ms]
[2022-07-21T22:54:00.734Z] > git remote --verbose [1ms]
[2022-07-21T22:54:00.734Z] > git for-each-ref --sort -committerdate --format %(refname) %(objectname) %(*objectname) [5ms]
[2022-07-21T22:54:00.743Z] > git config --get commit.template [0ms]
[2022-07-21T22:54:09.037Z] > git show --textconv :src/App.vue [8ms]
[2022-07-21T22:54:09.038Z] > git ls-files --stage -- /home/diedose/coding/2022_portfolio/src/App.vue [2ms]
[2022-07-21T22:54:09.045Z] > git cat-file -s e864195002371619c22d0454351235745b2a4f3f [1ms]
[2022-07-21T22:54:12.607Z] > git status -z -uall [1ms]
[2022-07-21T22:54:12.614Z] > git symbolic-ref --short HEAD [1ms]
[2022-07-21T22:54:12.621Z] > git for-each-ref --format=%(refname)%00%(upstream:short)%00%(objectname)%00%(upstream:track)%00%(upstream:remotename)%00%(upstream:remoteref) refs/heads/main refs/remotes/main [2ms]
[2022-07-21T22:54:12.632Z] > git remote --verbose [1ms]
[2022-07-21T22:54:12.632Z] > git for-each-ref --sort -committerdate --format %(refname) %(objectname) %(*objectname) [5ms]
[2022-07-21T22:54:12.640Z] > git config --get commit.template [0ms]
[2022-07-21T22:54:15.137Z] > git show --textconv :src/main.js [7ms]
[2022-07-21T22:54:15.138Z] > git ls-files --stage -- /home/diedose/coding/2022_portfolio/src/main.js [1ms]
[2022-07-21T22:54:15.145Z] > git cat-file -s eedade80bfb8466db3eba40502ec70f5cd16d257 [1ms]
[2022-07-21T22:54:51.566Z] > git status -z -uall [1ms]
[2022-07-21T22:54:51.573Z] > git symbolic-ref --short HEAD [0ms]
[2022-07-21T22:54:51.580Z] > git for-each-ref --format=%(refname)%00%(upstream:short)%00%(objectname)%00%(upstream:track)%00%(upstream:remotename)%00%(upstream:remoteref) refs/heads/main refs/remotes/main [1ms]
[2022-07-21T22:54:51.592Z] > git remote --verbose [1ms]
[2022-07-21T22:54:51.592Z] > git for-each-ref --sort -committerdate --format %(refname) %(objectname) %(*objectname) [6ms]
[2022-07-21T22:54:51.602Z] > git config --get commit.template [2ms]
[2022-07-21T22:54:52.971Z] > git show --textconv :src/App.vue [8ms]
[2022-07-21T22:54:52.971Z] > git ls-files --stage -- /home/diedose/coding/2022_portfolio/src/App.vue [0ms]
[2022-07-21T22:54:52.980Z] > git cat-file -s e864195002371619c22d0454351235745b2a4f3f [2ms]
[2022-07-21T22:55:05.093Z] > git status -z -uall [1ms]
[2022-07-21T22:55:05.100Z] > git symbolic-ref --short HEAD [1ms]
[2022-07-21T22:55:05.106Z] > git for-each-ref --format=%(refname)%00%(upstream:short)%00%(objectname)%00%(upstream:track)%00%(upstream:remotename)%00%(upstream:remoteref) refs/heads/main refs/remotes/main [1ms]
[2022-07-21T22:55:05.117Z] > git remote --verbose [1ms]
[2022-07-21T22:55:05.117Z] > git for-each-ref --sort -committerdate --format %(refname) %(objectname) %(*objectname) [6ms]
[2022-07-21T22:55:05.125Z] > git config --get commit.template [1ms]
[2022-07-21T22:55:12.703Z] > git show --textconv :src/main.js [6ms]
[2022-07-21T22:55:12.704Z] > git ls-files --stage -- /home/diedose/coding/2022_portfolio/src/main.js [1ms]
[2022-07-21T22:55:12.710Z] > git cat-file -s eedade80bfb8466db3eba40502ec70f5cd16d257 [0ms]
[2022-07-21T22:55:32.250Z] > git show --textconv :.eslintrc.js [9ms]
[2022-07-21T22:55:32.251Z] > git ls-files --stage -- /home/diedose/coding/2022_portfolio/.eslintrc.js [2ms]
[2022-07-21T22:55:50.078Z] > git show --textconv :src/App.vue [6ms]
[2022-07-21T22:55:50.078Z] > git ls-files --stage -- /home/diedose/coding/2022_portfolio/src/App.vue [1ms]
[2022-07-21T22:55:50.085Z] > git cat-file -s e864195002371619c22d0454351235745b2a4f3f [1ms]
[2022-07-21T22:56:24.427Z] > git show --textconv :.eslintrc.js [6ms]
[2022-07-21T22:56:24.428Z] > git ls-files --stage -- /home/diedose/coding/2022_portfolio/.eslintrc.js [2ms]
[2022-07-21T22:56:31.996Z] > git show --textconv :vite.config.js [6ms]
[2022-07-21T22:56:31.997Z] > git ls-files --stage -- /home/diedose/coding/2022_portfolio/vite.config.js [1ms]
[2022-07-21T22:56:32.003Z] > git cat-file -s de5cb31c632332a5867502004ce2ade73d9df29f [1ms]
[2022-07-21T22:56:37.189Z] > git show --textconv :package.json [12ms]
[2022-07-21T22:56:37.189Z] > git ls-files --stage -- /home/diedose/coding/2022_portfolio/package.json [5ms]
[2022-07-21T22:56:37.200Z] > git cat-file -s d56bbedae615abf61a33999dd8fae953b08ba91d [5ms]
[2022-07-21T22:56:46.618Z] > git show --textconv :src/main.js [8ms]
[2022-07-21T22:56:46.619Z] > git ls-files --stage -- /home/diedose/coding/2022_portfolio/src/main.js [2ms]
[2022-07-21T22:56:46.626Z] > git cat-file -s eedade80bfb8466db3eba40502ec70f5cd16d257 [0ms]
[2022-07-21T22:57:56.069Z] > git show --textconv :package.json [7ms]
[2022-07-21T22:57:56.070Z] > git ls-files --stage -- /home/diedose/coding/2022_portfolio/package.json [2ms]
[2022-07-21T22:57:56.077Z] > git cat-file -s d56bbedae615abf61a33999dd8fae953b08ba91d [1ms]
[2022-07-21T22:57:59.534Z] > git show --textconv :.eslintrc.js [8ms]
[2022-07-21T22:57:59.534Z] > git ls-files --stage -- /home/diedose/coding/2022_portfolio/.eslintrc.js [1ms]
[2022-07-21T22:58:08.784Z] > git show --textconv :.eslintrc.js [8ms]
[2022-07-21T22:58:08.785Z] > git ls-files --stage -- /home/diedose/coding/2022_portfolio/.eslintrc.js [2ms]
[2022-07-21T23:00:05.286Z] > git show --textconv :README.md [68ms]
[2022-07-21T23:00:05.286Z] > git ls-files --stage -- /home/diedose/coding/2022_portfolio/README.md [62ms]
[2022-07-21T23:00:05.315Z] > git cat-file -s 8a600c2f3325e10de472d65a0bae6d972b8c4464 [23ms]
[2022-07-21T23:00:05.605Z] > git show --textconv :src/main.js [8ms]
[2022-07-21T23:00:05.605Z] > git ls-files --stage -- /home/diedose/coding/2022_portfolio/src/main.js [1ms]
[2022-07-21T23:00:05.613Z] > git cat-file -s eedade80bfb8466db3eba40502ec70f5cd16d257 [1ms]
[2022-07-21T23:00:10.812Z] > git show --textconv :src/main.js [6ms]
[2022-07-21T23:00:10.813Z] > git ls-files --stage -- /home/diedose/coding/2022_portfolio/src/main.js [1ms]
[2022-07-21T23:00:10.820Z] > git cat-file -s eedade80bfb8466db3eba40502ec70f5cd16d257 [1ms]
[2022-07-21T23:00:17.144Z] > git show --textconv :src/App.vue [8ms]
[2022-07-21T23:00:17.145Z] > git ls-files --stage -- /home/diedose/coding/2022_portfolio/src/App.vue [2ms]
[2022-07-21T23:00:17.152Z] > git cat-file -s e864195002371619c22d0454351235745b2a4f3f [1ms]
[2022-07-21T23:00:31.659Z] > git status -z -uall [1ms]
[2022-07-21T23:00:31.666Z] > git symbolic-ref --short HEAD [1ms]
[2022-07-21T23:00:31.673Z] > git for-each-ref --format=%(refname)%00%(upstream:short)%00%(objectname)%00%(upstream:track)%00%(upstream:remotename)%00%(upstream:remoteref) refs/heads/main refs/remotes/main [1ms]
[2022-07-21T23:00:31.684Z] > git remote --verbose [1ms]
[2022-07-21T23:00:31.684Z] > git for-each-ref --sort -committerdate --format %(refname) %(objectname) %(*objectname) [6ms]
[2022-07-21T23:00:31.692Z] > git config --get commit.template [0ms]
[2022-07-21T23:01:10.370Z] > git show --textconv :.eslintrc.js [8ms]
[2022-07-21T23:01:10.371Z] > git ls-files --stage -- /home/diedose/coding/2022_portfolio/.eslintrc.js [1ms]
[2022-07-21T23:02:55.345Z] > git show --textconv :src/App.vue [7ms]
[2022-07-21T23:02:55.346Z] > git ls-files --stage -- /home/diedose/coding/2022_portfolio/src/App.vue [1ms]
[2022-07-21T23:02:55.354Z] > git cat-file -s e864195002371619c22d0454351235745b2a4f3f [1ms]
[2022-07-21T23:02:58.235Z] > git status -z -uall [1ms]
[2022-07-21T23:02:58.242Z] > git symbolic-ref --short HEAD [0ms]
[2022-07-21T23:02:58.250Z] > git for-each-ref --format=%(refname)%00%(upstream:short)%00%(objectname)%00%(upstream:track)%00%(upstream:remotename)%00%(upstream:remoteref) refs/heads/main refs/remotes/main [1ms]
[2022-07-21T23:02:58.264Z] > git remote --verbose [1ms]
[2022-07-21T23:02:58.264Z] > git for-each-ref --sort -committerdate --format %(refname) %(objectname) %(*objectname) [7ms]
[2022-07-21T23:02:58.274Z] > git config --get commit.template [2ms]
[2022-07-21T23:03:04.275Z] > git status -z -uall [1ms]
[2022-07-21T23:03:04.282Z] > git symbolic-ref --short HEAD [0ms]
[2022-07-21T23:03:04.290Z] > git for-each-ref --format=%(refname)%00%(upstream:short)%00%(objectname)%00%(upstream:track)%00%(upstream:remotename)%00%(upstream:remoteref) refs/heads/main refs/remotes/main [1ms]
[2022-07-21T23:03:04.304Z] > git remote --verbose [1ms]
[2022-07-21T23:03:04.304Z] > git for-each-ref --sort -committerdate --format %(refname) %(objectname) %(*objectname) [8ms]
[2022-07-21T23:03:04.312Z] > git config --get commit.template [1ms]
[2022-07-21T23:03:05.114Z] > git show --textconv :src/main.js [8ms]
[2022-07-21T23:03:05.114Z] > git ls-files --stage -- /home/diedose/coding/2022_portfolio/src/main.js [1ms]
[2022-07-21T23:03:05.121Z] > git cat-file -s eedade80bfb8466db3eba40502ec70f5cd16d257 [2ms]
[2022-07-21T23:03:09.321Z] > git status -z -uall [1ms]
[2022-07-21T23:03:09.328Z] > git symbolic-ref --short HEAD [1ms]
[2022-07-21T23:03:09.334Z] > git for-each-ref --format=%(refname)%00%(upstream:short)%00%(objectname)%00%(upstream:track)%00%(upstream:remotename)%00%(upstream:remoteref) refs/heads/main refs/remotes/main [0ms]
[2022-07-21T23:03:09.346Z] > git remote --verbose [1ms]
[2022-07-21T23:03:09.346Z] > git for-each-ref --sort -committerdate --format %(refname) %(objectname) %(*objectname) [6ms]
[2022-07-21T23:03:09.354Z] > git config --get commit.template [0ms]
[2022-07-21T23:06:13.858Z] > git show --textconv :src/main.js [7ms]
[2022-07-21T23:06:13.858Z] > git ls-files --stage -- /home/diedose/coding/2022_portfolio/src/main.js [1ms]
[2022-07-21T23:06:13.864Z] > git cat-file -s eedade80bfb8466db3eba40502ec70f5cd16d257 [0ms]
[2022-07-21T23:06:16.408Z] > git status -z -uall [1ms]
[2022-07-21T23:06:16.416Z] > git symbolic-ref --short HEAD [1ms]
[2022-07-21T23:06:16.424Z] > git for-each-ref --format=%(refname)%00%(upstream:short)%00%(objectname)%00%(upstream:track)%00%(upstream:remotename)%00%(upstream:remoteref) refs/heads/main refs/remotes/main [1ms]
[2022-07-21T23:06:16.438Z] > git remote --verbose [1ms]
[2022-07-21T23:06:16.438Z] > git for-each-ref --sort -committerdate --format %(refname) %(objectname) %(*objectname) [8ms]
[2022-07-21T23:06:16.448Z] > git config --get commit.template [1ms]
[2022-07-21T23:06:16.979Z] > git show --textconv :src/App.vue [10ms]
[2022-07-21T23:06:16.980Z] > git ls-files --stage -- /home/diedose/coding/2022_portfolio/src/App.vue [3ms]
[2022-07-21T23:06:16.988Z] > git cat-file -s e864195002371619c22d0454351235745b2a4f3f [1ms]
[2022-07-21T23:06:21.457Z] > git status -z -uall [1ms]
[2022-07-21T23:06:21.464Z] > git symbolic-ref --short HEAD [1ms]
[2022-07-21T23:06:21.471Z] > git for-each-ref --format=%(refname)%00%(upstream:short)%00%(objectname)%00%(upstream:track)%00%(upstream:remotename)%00%(upstream:remoteref) refs/heads/main refs/remotes/main [1ms]
[2022-07-21T23:06:21.484Z] > git remote --verbose [1ms]
[2022-07-21T23:06:21.484Z] > git for-each-ref --sort -committerdate --format %(refname) %(objectname) %(*objectname) [6ms]
[2022-07-21T23:06:21.493Z] > git config --get commit.template [1ms]
[2022-07-21T23:06:28.641Z] > git status -z -uall [1ms]
[2022-07-21T23:06:28.648Z] > git symbolic-ref --short HEAD [1ms]
[2022-07-21T23:06:28.655Z] > git for-each-ref --format=%(refname)%00%(upstream:short)%00%(objectname)%00%(upstream:track)%00%(upstream:remotename)%00%(upstream:remoteref) refs/heads/main refs/remotes/main [0ms]
[2022-07-21T23:06:28.669Z] > git remote --verbose [1ms]
[2022-07-21T23:06:28.669Z] > git for-each-ref --sort -committerdate --format %(refname) %(objectname) %(*objectname) [7ms]
[2022-07-21T23:06:28.677Z] > git config --get commit.template [0ms]
[2022-07-21T23:06:49.461Z] > git show --textconv :src/App.vue [10ms]
[2022-07-21T23:06:49.462Z] > git ls-files --stage -- /home/diedose/coding/2022_portfolio/src/App.vue [2ms]
[2022-07-21T23:06:49.471Z] > git cat-file -s e864195002371619c22d0454351235745b2a4f3f [1ms]
[2022-07-21T23:06:56.555Z] > git status -z -uall [1ms]
[2022-07-21T23:06:56.562Z] > git symbolic-ref --short HEAD [1ms]
[2022-07-21T23:06:56.568Z] > git for-each-ref --format=%(refname)%00%(upstream:short)%00%(objectname)%00%(upstream:track)%00%(upstream:remotename)%00%(upstream:remoteref) refs/heads/main refs/remotes/main [0ms]
[2022-07-21T23:06:56.579Z] > git remote --verbose [1ms]
[2022-07-21T23:06:56.579Z] > git for-each-ref --sort -committerdate --format %(refname) %(objectname) %(*objectname) [5ms]
[2022-07-21T23:06:56.587Z] > git config --get commit.template [0ms]
[2022-07-21T23:07:15.848Z] > git show --textconv :.eslintrc.js [8ms]
[2022-07-21T23:07:15.849Z] > git ls-files --stage -- /home/diedose/coding/2022_portfolio/.eslintrc.js [2ms]
[2022-07-21T23:07:16.507Z] > git show --textconv :src/App.vue [8ms]
[2022-07-21T23:07:16.507Z] > git ls-files --stage -- /home/diedose/coding/2022_portfolio/src/App.vue [1ms]
[2022-07-21T23:07:16.515Z] > git cat-file -s e864195002371619c22d0454351235745b2a4f3f [1ms]
[2022-07-21T23:07:19.761Z] > git status -z -uall [1ms]
[2022-07-21T23:07:19.769Z] > git symbolic-ref --short HEAD [1ms]
[2022-07-21T23:07:19.775Z] > git for-each-ref --format=%(refname)%00%(upstream:short)%00%(objectname)%00%(upstream:track)%00%(upstream:remotename)%00%(upstream:remoteref) refs/heads/main refs/remotes/main [0ms]
[2022-07-21T23:07:19.787Z] > git remote --verbose [1ms]
[2022-07-21T23:07:19.787Z] > git for-each-ref --sort -committerdate --format %(refname) %(objectname) %(*objectname) [6ms]
[2022-07-21T23:07:19.796Z] > git config --get commit.template [1ms]
[2022-07-21T23:07:38.469Z] > git status -z -uall [1ms]
[2022-07-21T23:07:38.477Z] > git symbolic-ref --short HEAD [1ms]
[2022-07-21T23:07:38.484Z] > git for-each-ref --format=%(refname)%00%(upstream:short)%00%(objectname)%00%(upstream:track)%00%(upstream:remotename)%00%(upstream:remoteref) refs/heads/main refs/remotes/main [1ms]
[2022-07-21T23:07:38.498Z] > git for-each-ref --sort -committerdate --format %(refname) %(objectname) %(*objectname) [7ms]
[2022-07-21T23:07:38.499Z] > git remote --verbose [1ms]
[2022-07-21T23:07:38.508Z] > git config --get commit.template [1ms]
