[2022-07-21T22:47:44.725Z] Log level: Info
[2022-07-21T22:47:44.730Z] [info] Validating found git in: git
[2022-07-21T22:47:44.758Z] [info] Using git 2.25.1 from git
[2022-07-21T22:47:44.775Z] > git rev-parse --show-toplevel [3ms]
[2022-07-21T22:47:44.781Z] > git rev-parse --git-dir --git-common-dir [1ms]
[2022-07-21T22:47:44.787Z] [info] Open repository: /home/diedose/coding/2022_portfolio
[2022-07-21T22:47:44.795Z] > git status -z -uall [1ms]
[2022-07-21T22:47:44.801Z] > git symbolic-ref --short HEAD [1ms]
[2022-07-21T22:47:44.805Z] > git for-each-ref --format=%(refname)%00%(upstream:short)%00%(objectname)%00%(upstream:track)%00%(upstream:remotename)%00%(upstream:remoteref) refs/heads/main refs/remotes/main [1ms]
[2022-07-21T22:47:44.815Z] > git remote --verbose [2ms]
[2022-07-21T22:47:44.815Z] > git for-each-ref --sort -committerdate --format %(refname) %(objectname) %(*objectname) [6ms]
[2022-07-21T22:47:44.823Z] > git config --get commit.template [1ms]
[2022-07-21T22:47:44.831Z] > git status -z -uall [1ms]
[2022-07-21T22:47:44.836Z] > git symbolic-ref --short HEAD [0ms]
[2022-07-21T22:47:44.842Z] > git for-each-ref --format=%(refname)%00%(upstream:short)%00%(objectname)%00%(upstream:track)%00%(upstream:remotename)%00%(upstream:remoteref) refs/heads/main refs/remotes/main [1ms]
[2022-07-21T22:47:44.847Z] > git remote --verbose [1ms]
[2022-07-21T22:47:44.847Z] > git for-each-ref --sort -committerdate --format %(refname) %(objectname) %(*objectname) [3ms]
[2022-07-21T22:47:44.852Z] > git config --get commit.template [0ms]
[2022-07-21T22:47:45.641Z] > git check-ignore -v -z --stdin [91ms]
[2022-07-21T22:47:49.657Z] > git show --textconv :README.md [7ms]
[2022-07-21T22:47:49.658Z] > git ls-files --stage -- /home/diedose/coding/2022_portfolio/README.md [2ms]
[2022-07-21T22:47:49.664Z] > git cat-file -s 8a600c2f3325e10de472d65a0bae6d972b8c4464 [1ms]
[2022-07-21T22:47:59.622Z] > git check-ignore -v -z --stdin [0ms]
[2022-07-21T22:48:00.909Z] > git show --textconv :src/App.vue [6ms]
[2022-07-21T22:48:00.911Z] > git ls-files --stage -- /home/diedose/coding/2022_portfolio/src/App.vue [2ms]
[2022-07-21T22:48:00.917Z] > git cat-file -s e864195002371619c22d0454351235745b2a4f3f [1ms]
[2022-07-21T22:49:13.262Z] > git show --textconv :package.json [9ms]
[2022-07-21T22:49:13.263Z] > git ls-files --stage -- /home/diedose/coding/2022_portfolio/package.json [4ms]
[2022-07-21T22:49:13.269Z] > git cat-file -s d56bbedae615abf61a33999dd8fae953b08ba91d [1ms]
[2022-07-21T22:49:28.808Z] > git show --textconv :jsconfig.json [6ms]
[2022-07-21T22:49:28.808Z] > git ls-files --stage -- /home/diedose/coding/2022_portfolio/jsconfig.json [1ms]
[2022-07-21T22:49:29.028Z] > git check-ignore -v -z --stdin [1ms]
[2022-07-21T22:49:29.538Z] > git status -z -uall [1ms]
[2022-07-21T22:49:29.545Z] > git symbolic-ref --short HEAD [1ms]
[2022-07-21T22:49:29.551Z] > git for-each-ref --format=%(refname)%00%(upstream:short)%00%(objectname)%00%(upstream:track)%00%(upstream:remotename)%00%(upstream:remoteref) refs/heads/main refs/remotes/main [1ms]
[2022-07-21T22:49:29.560Z] > git remote --verbose [1ms]
[2022-07-21T22:49:29.560Z] > git for-each-ref --sort -committerdate --format %(refname) %(objectname) %(*objectname) [5ms]
[2022-07-21T22:49:29.569Z] > git config --get commit.template [1ms]
[2022-07-21T22:49:34.577Z] > git status -z -uall [1ms]
[2022-07-21T22:49:34.582Z] > git symbolic-ref --short HEAD [1ms]
[2022-07-21T22:49:34.587Z] > git for-each-ref --format=%(refname)%00%(upstream:short)%00%(objectname)%00%(upstream:track)%00%(upstream:remotename)%00%(upstream:remoteref) refs/heads/main refs/remotes/main [0ms]
[2022-07-21T22:49:34.597Z] > git remote --verbose [0ms]
[2022-07-21T22:49:34.598Z] > git for-each-ref --sort -committerdate --format %(refname) %(objectname) %(*objectname) [6ms]
[2022-07-21T22:49:34.605Z] > git config --get commit.template [1ms]
[2022-07-21T22:49:36.579Z] > git show --textconv :.gitignore [4ms]
[2022-07-21T22:49:36.580Z] > git ls-files --stage -- /home/diedose/coding/2022_portfolio/.gitignore [1ms]
[2022-07-21T22:49:36.586Z] > git cat-file -s 38adffa64e8300a31b749218081149e1fe3deaaa [1ms]
[2022-07-21T22:50:01.286Z] > git show --textconv :jsconfig.json [7ms]
[2022-07-21T22:50:01.286Z] > git ls-files --stage -- /home/diedose/coding/2022_portfolio/jsconfig.json [1ms]
