[2022-07-21T22:36:29.165Z] Log level: Info
[2022-07-21T22:36:29.170Z] [info] Validating found git in: git
[2022-07-21T22:36:29.191Z] [info] Using git 2.25.1 from git
[2022-07-21T22:36:29.203Z] > git rev-parse --show-toplevel [3ms]
[2022-07-21T22:36:29.209Z] > git rev-parse --git-dir --git-common-dir [1ms]
[2022-07-21T22:36:29.214Z] [info] Open repository: /home/diedose/coding/2022_portfolio
[2022-07-21T22:36:29.221Z] > git status -z -uall [1ms]
[2022-07-21T22:36:29.227Z] > git symbolic-ref --short HEAD [0ms]
[2022-07-21T22:36:29.232Z] > git for-each-ref --format=%(refname)%00%(upstream:short)%00%(objectname)%00%(upstream:track)%00%(upstream:remotename)%00%(upstream:remoteref) refs/heads/main refs/remotes/main [1ms]
[2022-07-21T22:36:29.241Z] > git remote --verbose [2ms]
[2022-07-21T22:36:29.242Z] > git for-each-ref --sort -committerdate --format %(refname) %(objectname) %(*objectname) [6ms]
[2022-07-21T22:36:29.249Z] > git config --get commit.template [1ms]
[2022-07-21T22:36:29.254Z] > git status -z -uall [1ms]
[2022-07-21T22:36:29.258Z] > git symbolic-ref --short HEAD [1ms]
[2022-07-21T22:36:29.262Z] > git for-each-ref --format=%(refname)%00%(upstream:short)%00%(objectname)%00%(upstream:track)%00%(upstream:remotename)%00%(upstream:remoteref) refs/heads/main refs/remotes/main [1ms]
[2022-07-21T22:36:29.270Z] > git for-each-ref --sort -committerdate --format %(refname) %(objectname) %(*objectname) [5ms]
[2022-07-21T22:36:29.270Z] > git remote --verbose [1ms]
[2022-07-21T22:36:29.276Z] > git config --get commit.template [1ms]
[2022-07-21T22:36:30.039Z] > git check-ignore -v -z --stdin [66ms]
[2022-07-21T22:36:31.137Z] > git show --textconv :vite.config.js [20ms]
[2022-07-21T22:36:31.137Z] > git ls-files --stage -- /home/diedose/coding/2022_portfolio/vite.config.js [9ms]
[2022-07-21T22:36:33.493Z] > git status -z -uall [1ms]
[2022-07-21T22:36:33.498Z] > git symbolic-ref --short HEAD [1ms]
[2022-07-21T22:36:33.502Z] > git for-each-ref --format=%(refname)%00%(upstream:short)%00%(objectname)%00%(upstream:track)%00%(upstream:remotename)%00%(upstream:remoteref) refs/heads/main refs/remotes/main [0ms]
[2022-07-21T22:36:33.510Z] > git remote --verbose [1ms]
[2022-07-21T22:36:33.510Z] > git for-each-ref --sort -committerdate --format %(refname) %(objectname) %(*objectname) [4ms]
[2022-07-21T22:36:33.517Z] > git config --get commit.template [1ms]
[2022-07-21T22:36:36.101Z] > git show --textconv :package.json [9ms]
[2022-07-21T22:36:36.103Z] > git ls-files --stage -- /home/diedose/coding/2022_portfolio/package.json [3ms]
[2022-07-21T22:36:37.947Z] > git show --textconv :package-lock.json [8ms]
[2022-07-21T22:36:37.947Z] > git ls-files --stage -- /home/diedose/coding/2022_portfolio/package-lock.json [1ms]
[2022-07-21T22:36:38.980Z] > git status -z -uall [1ms]
[2022-07-21T22:36:38.986Z] > git symbolic-ref --short HEAD [0ms]
[2022-07-21T22:36:38.992Z] > git for-each-ref --format=%(refname)%00%(upstream:short)%00%(objectname)%00%(upstream:track)%00%(upstream:remotename)%00%(upstream:remoteref) refs/heads/main refs/remotes/main [0ms]
[2022-07-21T22:36:39.004Z] > git remote --verbose [1ms]
[2022-07-21T22:36:39.005Z] > git for-each-ref --sort -committerdate --format %(refname) %(objectname) %(*objectname) [7ms]
[2022-07-21T22:36:39.013Z] > git config --get commit.template [1ms]
[2022-07-21T22:36:44.021Z] > git status -z -uall [1ms]
[2022-07-21T22:36:44.026Z] > git symbolic-ref --short HEAD [1ms]
[2022-07-21T22:36:44.032Z] > git for-each-ref --format=%(refname)%00%(upstream:short)%00%(objectname)%00%(upstream:track)%00%(upstream:remotename)%00%(upstream:remoteref) refs/heads/main refs/remotes/main [0ms]
[2022-07-21T22:36:44.040Z] > git remote --verbose [1ms]
[2022-07-21T22:36:44.040Z] > git for-each-ref --sort -committerdate --format %(refname) %(objectname) %(*objectname) [4ms]
[2022-07-21T22:36:44.048Z] > git config --get commit.template [1ms]
