[2022-07-21T22:29:47.933Z] Log level: Info
[2022-07-21T22:29:47.940Z] [info] Validating found git in: git
[2022-07-21T22:29:47.995Z] [info] Using git 2.25.1 from git
[2022-07-21T22:29:48.044Z] > git rev-parse --show-toplevel [31ms]
[2022-07-21T22:29:48.074Z] > git rev-parse --git-dir --git-common-dir [14ms]
[2022-07-21T22:29:48.086Z] [info] Open repository: /home/diedose/coding/2022_portfolio
[2022-07-21T22:29:48.097Z] > git status -z -uall [3ms]
[2022-07-21T22:29:48.105Z] > git symbolic-ref --short HEAD [2ms]
[2022-07-21T22:29:48.115Z] > git for-each-ref --format=%(refname)%00%(upstream:short)%00%(objectname)%00%(upstream:track)%00%(upstream:remotename)%00%(upstream:remoteref) refs/heads/main refs/remotes/main [3ms]
[2022-07-21T22:29:48.130Z] > git remote --verbose [2ms]
[2022-07-21T22:29:48.131Z] > git for-each-ref --sort -committerdate --format %(refname) %(objectname) %(*objectname) [10ms]
[2022-07-21T22:29:48.166Z] > git config --get commit.template [17ms]
[2022-07-21T22:29:48.177Z] > git status -z -uall [2ms]
[2022-07-21T22:29:48.217Z] > git symbolic-ref --short HEAD [34ms]
[2022-07-21T22:29:48.225Z] > git for-each-ref --format=%(refname)%00%(upstream:short)%00%(objectname)%00%(upstream:track)%00%(upstream:remotename)%00%(upstream:remoteref) refs/heads/main refs/remotes/main [1ms]
[2022-07-21T22:29:48.238Z] > git remote --verbose [2ms]
[2022-07-21T22:29:48.238Z] > git for-each-ref --sort -committerdate --format %(refname) %(objectname) %(*objectname) [6ms]
[2022-07-21T22:29:48.250Z] > git config --get commit.template [1ms]
[2022-07-21T22:29:48.999Z] > git show --textconv :src/App.vue [27ms]
[2022-07-21T22:29:49.002Z] > git ls-files --stage -- /home/diedose/coding/2022_portfolio/src/App.vue [23ms]
[2022-07-21T22:29:49.037Z] > git check-ignore -v -z --stdin [7ms]
