[2022-07-21T22:37:04.795Z] Log level: Info
[2022-07-21T22:37:04.800Z] [info] Validating found git in: git
[2022-07-21T22:37:04.827Z] [info] Using git 2.25.1 from git
[2022-07-21T22:37:05.114Z] > git rev-parse --show-toplevel [277ms]
[2022-07-21T22:37:05.183Z] > git rev-parse --git-dir --git-common-dir [58ms]
[2022-07-21T22:37:05.189Z] [info] Open repository: /home/diedose/coding/2022_portfolio
[2022-07-21T22:37:05.207Z] > git status -z -uall [11ms]
[2022-07-21T22:37:05.213Z] > git symbolic-ref --short HEAD [1ms]
[2022-07-21T22:37:05.220Z] > git for-each-ref --format=%(refname)%00%(upstream:short)%00%(objectname)%00%(upstream:track)%00%(upstream:remotename)%00%(upstream:remoteref) refs/heads/main refs/remotes/main [3ms]
[2022-07-21T22:37:05.232Z] > git remote --verbose [1ms]
[2022-07-21T22:37:05.233Z] > git for-each-ref --sort -committerdate --format %(refname) %(objectname) %(*objectname) [7ms]
[2022-07-21T22:37:05.243Z] > git config --get commit.template [0ms]
[2022-07-21T22:37:05.251Z] > git status -z -uall [1ms]
[2022-07-21T22:37:05.256Z] > git symbolic-ref --short HEAD [1ms]
[2022-07-21T22:37:05.261Z] > git for-each-ref --format=%(refname)%00%(upstream:short)%00%(objectname)%00%(upstream:track)%00%(upstream:remotename)%00%(upstream:remoteref) refs/heads/main refs/remotes/main [1ms]
[2022-07-21T22:37:05.274Z] > git for-each-ref --sort -committerdate --format %(refname) %(objectname) %(*objectname) [8ms]
[2022-07-21T22:37:05.274Z] > git remote --verbose [3ms]
[2022-07-21T22:37:05.281Z] > git config --get commit.template [0ms]
[2022-07-21T22:37:05.850Z] > git check-ignore -v -z --stdin [0ms]
[2022-07-21T22:37:06.620Z] > git check-ignore -v -z --stdin [0ms]
[2022-07-21T22:37:14.925Z] > git status -z -uall [1ms]
[2022-07-21T22:37:14.928Z] > git symbolic-ref --short HEAD [0ms]
[2022-07-21T22:37:14.932Z] > git for-each-ref --format=%(refname)%00%(upstream:short)%00%(objectname)%00%(upstream:track)%00%(upstream:remotename)%00%(upstream:remoteref) refs/heads/main refs/remotes/main [0ms]
[2022-07-21T22:37:14.938Z] > git remote --verbose [1ms]
[2022-07-21T22:37:14.938Z] > git for-each-ref --sort -committerdate --format %(refname) %(objectname) %(*objectname) [3ms]
[2022-07-21T22:37:14.944Z] > git config --get commit.template [0ms]
[2022-07-21T22:37:26.956Z] > git status -z -uall [1ms]
[2022-07-21T22:37:26.960Z] > git symbolic-ref --short HEAD [1ms]
[2022-07-21T22:37:26.964Z] > git for-each-ref --format=%(refname)%00%(upstream:short)%00%(objectname)%00%(upstream:track)%00%(upstream:remotename)%00%(upstream:remoteref) refs/heads/main refs/remotes/main [1ms]
[2022-07-21T22:37:26.970Z] > git remote --verbose [1ms]
[2022-07-21T22:37:26.970Z] > git for-each-ref --sort -committerdate --format %(refname) %(objectname) %(*objectname) [3ms]
[2022-07-21T22:37:26.977Z] > git config --get commit.template [1ms]
[2022-07-21T22:37:31.983Z] > git status -z -uall [1ms]
[2022-07-21T22:37:31.988Z] > git symbolic-ref --short HEAD [1ms]
[2022-07-21T22:37:31.992Z] > git for-each-ref --format=%(refname)%00%(upstream:short)%00%(objectname)%00%(upstream:track)%00%(upstream:remotename)%00%(upstream:remoteref) refs/heads/main refs/remotes/main [0ms]
[2022-07-21T22:37:31.999Z] > git remote --verbose [1ms]
[2022-07-21T22:37:32.000Z] > git for-each-ref --sort -committerdate --format %(refname) %(objectname) %(*objectname) [5ms]
[2022-07-21T22:37:32.006Z] > git config --get commit.template [1ms]
[2022-07-21T22:38:23.311Z] > git status -z -uall [1ms]
[2022-07-21T22:38:23.315Z] > git symbolic-ref --short HEAD [1ms]
[2022-07-21T22:38:23.319Z] > git for-each-ref --format=%(refname)%00%(upstream:short)%00%(objectname)%00%(upstream:track)%00%(upstream:remotename)%00%(upstream:remoteref) refs/heads/main refs/remotes/main [1ms]
[2022-07-21T22:38:23.328Z] > git remote --verbose [4ms]
[2022-07-21T22:38:23.328Z] > git for-each-ref --sort -committerdate --format %(refname) %(objectname) %(*objectname) [6ms]
[2022-07-21T22:38:23.337Z] > git check-ignore -v -z --stdin [10ms]
[2022-07-21T22:38:23.338Z] > git config --get commit.template [1ms]
[2022-07-21T22:38:43.574Z] > git status -z -uall [0ms]
[2022-07-21T22:38:43.578Z] > git symbolic-ref --short HEAD [0ms]
[2022-07-21T22:38:43.582Z] > git for-each-ref --format=%(refname)%00%(upstream:short)%00%(objectname)%00%(upstream:track)%00%(upstream:remotename)%00%(upstream:remoteref) refs/heads/main refs/remotes/main [1ms]
[2022-07-21T22:38:43.587Z] > git remote --verbose [0ms]
[2022-07-21T22:38:43.588Z] > git for-each-ref --sort -committerdate --format %(refname) %(objectname) %(*objectname) [4ms]
[2022-07-21T22:38:43.593Z] > git config --get commit.template [1ms]
[2022-07-21T22:39:05.913Z] > git status -z -uall [1ms]
[2022-07-21T22:39:05.918Z] > git symbolic-ref --short HEAD [1ms]
[2022-07-21T22:39:05.921Z] > git for-each-ref --format=%(refname)%00%(upstream:short)%00%(objectname)%00%(upstream:track)%00%(upstream:remotename)%00%(upstream:remoteref) refs/heads/main refs/remotes/main [0ms]
[2022-07-21T22:39:05.927Z] > git remote --verbose [1ms]
[2022-07-21T22:39:05.928Z] > git for-each-ref --sort -committerdate --format %(refname) %(objectname) %(*objectname) [4ms]
[2022-07-21T22:39:05.934Z] > git config --get commit.template [1ms]
[2022-07-21T22:43:49.605Z] > git check-ignore -v -z --stdin [1ms]
[2022-07-21T22:44:20.745Z] > git status -z -uall [1ms]
[2022-07-21T22:44:20.749Z] > git symbolic-ref --short HEAD [1ms]
[2022-07-21T22:44:20.753Z] > git for-each-ref --format=%(refname)%00%(upstream:short)%00%(objectname)%00%(upstream:track)%00%(upstream:remotename)%00%(upstream:remoteref) refs/heads/main refs/remotes/main [1ms]
[2022-07-21T22:44:20.759Z] > git remote --verbose [1ms]
[2022-07-21T22:44:20.759Z] > git for-each-ref --sort -committerdate --format %(refname) %(objectname) %(*objectname) [3ms]
[2022-07-21T22:44:20.766Z] > git config --get commit.template [3ms]
