[2022-07-21T22:20:27.222Z] Log level: Info
[2022-07-21T22:20:27.227Z] [info] Validating found git in: git
[2022-07-21T22:20:27.307Z] [info] Using git 2.25.1 from git
[2022-07-21T22:20:27.340Z] > git rev-parse --show-toplevel [11ms]
[2022-07-21T22:20:27.351Z] > git rev-parse --git-dir --git-common-dir [2ms]
[2022-07-21T22:20:27.361Z] [info] Open repository: /home/diedose/coding/2022_portfolio
[2022-07-21T22:20:27.380Z] > git status -z -uall [11ms]
[2022-07-21T22:20:27.676Z] > git symbolic-ref --short HEAD [292ms]
[2022-07-21T22:20:27.687Z] > git for-each-ref --format=%(refname)%00%(upstream:short)%00%(objectname)%00%(upstream:track)%00%(upstream:remotename)%00%(upstream:remoteref) refs/heads/main refs/remotes/main [6ms]
[2022-07-21T22:20:27.762Z] > git remote --verbose [62ms]
[2022-07-21T22:20:27.763Z] > git for-each-ref --sort -committerdate --format %(refname) %(objectname) %(*objectname) [69ms]
[2022-07-21T22:20:27.785Z] > git config --get commit.template [3ms]
[2022-07-21T22:20:27.797Z] > git status -z -uall [3ms]
[2022-07-21T22:20:27.807Z] > git symbolic-ref --short HEAD [4ms]
[2022-07-21T22:20:27.813Z] > git for-each-ref --format=%(refname)%00%(upstream:short)%00%(objectname)%00%(upstream:track)%00%(upstream:remotename)%00%(upstream:remoteref) refs/heads/main refs/remotes/main [1ms]
[2022-07-21T22:20:27.823Z] > git remote --verbose [1ms]
[2022-07-21T22:20:27.824Z] > git for-each-ref --sort -committerdate --format %(refname) %(objectname) %(*objectname) [7ms]
[2022-07-21T22:20:27.833Z] > git config --get commit.template [2ms]
[2022-07-21T22:20:27.890Z] > git check-ignore -v -z --stdin [2ms]
[2022-07-21T22:20:49.507Z] > git show --textconv :src/App.vue [7ms]
[2022-07-21T22:20:49.507Z] > git ls-files --stage -- /home/diedose/coding/2022_portfolio/src/App.vue [1ms]
[2022-07-21T22:20:55.627Z] > git status -z -uall [1ms]
[2022-07-21T22:20:55.635Z] > git symbolic-ref --short HEAD [1ms]
[2022-07-21T22:20:55.644Z] > git for-each-ref --format=%(refname)%00%(upstream:short)%00%(objectname)%00%(upstream:track)%00%(upstream:remotename)%00%(upstream:remoteref) refs/heads/main refs/remotes/main [1ms]
[2022-07-21T22:20:55.659Z] > git remote --verbose [1ms]
[2022-07-21T22:20:55.659Z] > git for-each-ref --sort -committerdate --format %(refname) %(objectname) %(*objectname) [7ms]
[2022-07-21T22:20:55.670Z] > git config --get commit.template [1ms]
[2022-07-21T22:21:27.766Z] > git show --textconv :src/App.vue [8ms]
[2022-07-21T22:21:27.766Z] > git ls-files --stage -- /home/diedose/coding/2022_portfolio/src/App.vue [1ms]
[2022-07-21T22:22:21.314Z] > git show --textconv :src/App.vue [7ms]
[2022-07-21T22:22:21.315Z] > git ls-files --stage -- /home/diedose/coding/2022_portfolio/src/App.vue [1ms]
[2022-07-21T22:22:23.753Z] > git status -z -uall [1ms]
[2022-07-21T22:22:23.760Z] > git symbolic-ref --short HEAD [1ms]
[2022-07-21T22:22:23.768Z] > git for-each-ref --format=%(refname)%00%(upstream:short)%00%(objectname)%00%(upstream:track)%00%(upstream:remotename)%00%(upstream:remoteref) refs/heads/main refs/remotes/main [2ms]
[2022-07-21T22:22:23.781Z] > git remote --verbose [1ms]
[2022-07-21T22:22:23.782Z] > git for-each-ref --sort -committerdate --format %(refname) %(objectname) %(*objectname) [7ms]
[2022-07-21T22:22:23.791Z] > git config --get commit.template [1ms]
[2022-07-21T22:22:40.821Z] > git show --textconv :src/router/index.js [13ms]
[2022-07-21T22:22:40.821Z] > git ls-files --stage -- /home/diedose/coding/2022_portfolio/src/router/index.js [1ms]
[2022-07-21T22:22:42.868Z] > git status -z -uall [2ms]
[2022-07-21T22:22:42.874Z] > git symbolic-ref --short HEAD [0ms]
[2022-07-21T22:22:42.881Z] > git for-each-ref --format=%(refname)%00%(upstream:short)%00%(objectname)%00%(upstream:track)%00%(upstream:remotename)%00%(upstream:remoteref) refs/heads/main refs/remotes/main [1ms]
[2022-07-21T22:22:42.893Z] > git remote --verbose [1ms]
[2022-07-21T22:22:42.893Z] > git for-each-ref --sort -committerdate --format %(refname) %(objectname) %(*objectname) [6ms]
[2022-07-21T22:22:42.903Z] > git config --get commit.template [2ms]
[2022-07-21T22:22:47.911Z] > git status -z -uall [1ms]
[2022-07-21T22:22:47.918Z] > git symbolic-ref --short HEAD [1ms]
[2022-07-21T22:22:47.925Z] > git for-each-ref --format=%(refname)%00%(upstream:short)%00%(objectname)%00%(upstream:track)%00%(upstream:remotename)%00%(upstream:remoteref) refs/heads/main refs/remotes/main [0ms]
[2022-07-21T22:22:47.938Z] > git remote --verbose [2ms]
[2022-07-21T22:22:47.938Z] > git for-each-ref --sort -committerdate --format %(refname) %(objectname) %(*objectname) [6ms]
[2022-07-21T22:22:47.948Z] > git config --get commit.template [0ms]
[2022-07-21T22:22:52.956Z] > git status -z -uall [1ms]
[2022-07-21T22:22:52.962Z] > git symbolic-ref --short HEAD [0ms]
[2022-07-21T22:22:52.969Z] > git for-each-ref --format=%(refname)%00%(upstream:short)%00%(objectname)%00%(upstream:track)%00%(upstream:remotename)%00%(upstream:remoteref) refs/heads/main refs/remotes/main [1ms]
[2022-07-21T22:22:52.978Z] > git remote --verbose [1ms]
[2022-07-21T22:22:52.978Z] > git for-each-ref --sort -committerdate --format %(refname) %(objectname) %(*objectname) [5ms]
[2022-07-21T22:22:52.986Z] > git config --get commit.template [1ms]
[2022-07-21T22:22:57.994Z] > git status -z -uall [1ms]
[2022-07-21T22:22:58.000Z] > git symbolic-ref --short HEAD [0ms]
[2022-07-21T22:22:58.006Z] > git for-each-ref --format=%(refname)%00%(upstream:short)%00%(objectname)%00%(upstream:track)%00%(upstream:remotename)%00%(upstream:remoteref) refs/heads/main refs/remotes/main [1ms]
[2022-07-21T22:22:58.017Z] > git remote --verbose [1ms]
[2022-07-21T22:22:58.017Z] > git for-each-ref --sort -committerdate --format %(refname) %(objectname) %(*objectname) [6ms]
[2022-07-21T22:22:58.025Z] > git config --get commit.template [1ms]
