[2022-07-21T20:51:35.833Z] Log level: Info
[2022-07-21T20:51:35.835Z] [info] Validating found git in: git
[2022-07-21T20:51:35.856Z] [info] Using git 2.25.1 from git
[2022-07-21T20:51:35.871Z] > git rev-parse --show-toplevel [4ms]
[2022-07-21T20:51:35.881Z] > git rev-parse --git-dir --git-common-dir [4ms]
[2022-07-21T20:51:35.887Z] [info] Open repository: /home/diedose/coding/2022_portfolio
[2022-07-21T20:51:35.900Z] > git status -z -uall [8ms]
[2022-07-21T20:51:35.906Z] > git symbolic-ref --short HEAD [3ms]
[2022-07-21T20:51:35.923Z] > git for-each-ref --format=%(refname)%00%(upstream:short)%00%(objectname)%00%(upstream:track)%00%(upstream:remotename)%00%(upstream:remoteref) refs/heads/main refs/remotes/main [14ms]
[2022-07-21T20:51:35.929Z] > git for-each-ref --sort -committerdate --format %(refname) %(objectname) %(*objectname) [3ms]
[2022-07-21T20:51:35.930Z] > git remote --verbose [2ms]
[2022-07-21T20:51:35.941Z] > git config --get commit.template [5ms]
[2022-07-21T20:51:35.948Z] > git status -z -uall [2ms]
[2022-07-21T20:51:35.952Z] > git symbolic-ref --short HEAD [1ms]
[2022-07-21T20:51:35.957Z] > git for-each-ref --format=%(refname)%00%(upstream:short)%00%(objectname)%00%(upstream:track)%00%(upstream:remotename)%00%(upstream:remoteref) refs/heads/main refs/remotes/main [2ms]
[2022-07-21T20:51:35.962Z] > git remote --verbose [1ms]
[2022-07-21T20:51:35.963Z] > git for-each-ref --sort -committerdate --format %(refname) %(objectname) %(*objectname) [4ms]
[2022-07-21T20:51:35.967Z] > git config --get commit.template [1ms]
[2022-07-21T20:51:36.402Z] > git check-ignore -v -z --stdin [0ms]
[2022-07-21T20:54:45.245Z] > git show --textconv :README.md [6ms]
[2022-07-21T20:54:45.246Z] > git ls-files --stage -- /home/diedose/coding/2022_portfolio/README.md [2ms]
[2022-07-21T20:54:45.251Z] > git cat-file -s 1d625694239bc023e8ab2584a8e430bde3d6c48d [2ms]
[2022-07-21T21:20:58.696Z] > git status -z -uall [1ms]
[2022-07-21T21:20:58.699Z] > git symbolic-ref --short HEAD [0ms]
[2022-07-21T21:20:58.702Z] > git for-each-ref --format=%(refname)%00%(upstream:short)%00%(objectname)%00%(upstream:track)%00%(upstream:remotename)%00%(upstream:remoteref) refs/heads/main refs/remotes/main [1ms]
[2022-07-21T21:20:58.707Z] > git remote --verbose [1ms]
[2022-07-21T21:20:58.707Z] > git for-each-ref --sort -committerdate --format %(refname) %(objectname) %(*objectname) [3ms]
[2022-07-21T21:20:58.713Z] > git config --get commit.template [1ms]
[2022-07-21T21:21:03.717Z] > git status -z -uall [0ms]
[2022-07-21T21:21:03.720Z] > git symbolic-ref --short HEAD [0ms]
[2022-07-21T21:21:03.723Z] > git for-each-ref --format=%(refname)%00%(upstream:short)%00%(objectname)%00%(upstream:track)%00%(upstream:remotename)%00%(upstream:remoteref) refs/heads/main refs/remotes/main [0ms]
[2022-07-21T21:21:03.728Z] > git for-each-ref --sort -committerdate --format %(refname) %(objectname) %(*objectname) [2ms]
[2022-07-21T21:21:03.728Z] > git remote --verbose [1ms]
[2022-07-21T21:21:03.732Z] > git config --get commit.template [1ms]
[2022-07-21T21:21:03.743Z] > git ls-files --stage -- /home/diedose/coding/2022_portfolio/README.md [0ms]
[2022-07-21T21:21:03.747Z] > git cat-file -s b95a9c46d29cb658c3ebff1b3f3ebe9a93a0dbd9 [1ms]
[2022-07-21T21:21:03.755Z] > git show --textconv :README.md [1ms]
[2022-07-21T21:21:12.773Z] > git status -z -uall [1ms]
[2022-07-21T21:21:12.776Z] > git symbolic-ref --short HEAD [1ms]
[2022-07-21T21:21:12.779Z] > git for-each-ref --format=%(refname)%00%(upstream:short)%00%(objectname)%00%(upstream:track)%00%(upstream:remotename)%00%(upstream:remoteref) refs/heads/main refs/remotes/main [1ms]
[2022-07-21T21:21:12.784Z] > git remote --verbose [0ms]
[2022-07-21T21:21:12.785Z] > git for-each-ref --sort -committerdate --format %(refname) %(objectname) %(*objectname) [4ms]
[2022-07-21T21:21:12.789Z] > git config --get commit.template [1ms]
[2022-07-21T21:21:12.877Z] > git ls-files --stage -- /home/diedose/coding/2022_portfolio/README.md [0ms]
[2022-07-21T21:21:12.880Z] > git cat-file -s b95a9c46d29cb658c3ebff1b3f3ebe9a93a0dbd9 [0ms]
[2022-07-21T21:21:12.889Z] > git show --textconv :README.md [2ms]
[2022-07-21T21:21:26.548Z] > git -c user.useConfigOnly=true commit --quiet --allow-empty-message --file - [1ms]
[2022-07-21T21:21:26.548Z] 
*** Please tell me who you are.

Run

  git config --global user.email "you@example.com"
  git config --global user.name "Your Name"

to set your account's default identity.
Omit --global to set the identity only in this repository.

fatal: no email was given and auto-detection is disabled
[2022-07-21T21:21:26.551Z] > git config --get-all user.name [0ms]
[2022-07-21T21:22:19.225Z] > git status -z -uall [1ms]
[2022-07-21T21:22:19.228Z] > git symbolic-ref --short HEAD [0ms]
[2022-07-21T21:22:19.233Z] > git for-each-ref --format=%(refname)%00%(upstream:short)%00%(objectname)%00%(upstream:track)%00%(upstream:remotename)%00%(upstream:remoteref) refs/heads/main refs/remotes/main [1ms]
[2022-07-21T21:22:19.237Z] > git for-each-ref --sort -committerdate --format %(refname) %(objectname) %(*objectname) [2ms]
[2022-07-21T21:22:19.237Z] > git remote --verbose [1ms]
[2022-07-21T21:22:19.242Z] > git config --get commit.template [1ms]
[2022-07-21T21:22:19.330Z] > git ls-files --stage -- /home/diedose/coding/2022_portfolio/README.md [1ms]
[2022-07-21T21:22:19.333Z] > git cat-file -s b95a9c46d29cb658c3ebff1b3f3ebe9a93a0dbd9 [1ms]
[2022-07-21T21:22:19.342Z] > git show --textconv :README.md [1ms]
[2022-07-21T21:22:23.020Z] > git ls-files --stage -- /home/diedose/coding/2022_portfolio/README.md [2ms]
[2022-07-21T21:22:23.024Z] > git cat-file -s b95a9c46d29cb658c3ebff1b3f3ebe9a93a0dbd9 [1ms]
[2022-07-21T21:22:23.034Z] > git show --textconv :README.md [1ms]
[2022-07-21T21:22:27.351Z] > git status -z -uall [2ms]
[2022-07-21T21:22:27.355Z] > git symbolic-ref --short HEAD [0ms]
[2022-07-21T21:22:27.360Z] > git for-each-ref --format=%(refname)%00%(upstream:short)%00%(objectname)%00%(upstream:track)%00%(upstream:remotename)%00%(upstream:remoteref) refs/heads/main refs/remotes/main [1ms]
[2022-07-21T21:22:27.366Z] > git for-each-ref --sort -committerdate --format %(refname) %(objectname) %(*objectname) [4ms]
[2022-07-21T21:22:27.367Z] > git remote --verbose [1ms]
[2022-07-21T21:22:27.372Z] > git config --get commit.template [0ms]
[2022-07-21T21:46:23.615Z] > git status -z -uall [0ms]
[2022-07-21T21:46:49.528Z] > git rev-parse --show-toplevel [0ms]
[2022-07-21T21:46:49.531Z] > git rev-parse --git-dir --git-common-dir [0ms]
[2022-07-21T21:46:49.534Z] [info] Open repository: /home/diedose/coding/2022_portfolio
[2022-07-21T21:46:49.539Z] > git status -z -uall [2ms]
[2022-07-21T21:46:49.542Z] > git symbolic-ref --short HEAD [1ms]
[2022-07-21T21:46:49.545Z] > git for-each-ref --format=%(refname)%00%(upstream:short)%00%(objectname)%00%(upstream:track)%00%(upstream:remotename)%00%(upstream:remoteref) refs/heads/main refs/remotes/main [1ms]
[2022-07-21T21:46:49.549Z] > git for-each-ref --sort -committerdate --format %(refname) %(objectname) %(*objectname) [2ms]
[2022-07-21T21:46:49.549Z] > git remote --verbose [1ms]
[2022-07-21T21:46:49.554Z] > git config --get commit.template [1ms]
[2022-07-21T21:46:50.201Z] > git check-ignore -v -z --stdin [0ms]
[2022-07-21T21:47:34.148Z] > git status -z -uall [1ms]
[2022-07-21T21:47:34.151Z] > git symbolic-ref --short HEAD [0ms]
[2022-07-21T21:47:34.155Z] > git for-each-ref --format=%(refname)%00%(upstream:short)%00%(objectname)%00%(upstream:track)%00%(upstream:remotename)%00%(upstream:remoteref) refs/heads/main refs/remotes/main [1ms]
[2022-07-21T21:47:34.161Z] > git remote --verbose [0ms]
[2022-07-21T21:47:34.162Z] > git for-each-ref --sort -committerdate --format %(refname) %(objectname) %(*objectname) [4ms]
[2022-07-21T21:47:34.167Z] > git config --get commit.template [1ms]
[2022-07-21T21:47:34.813Z] > git check-ignore -v -z --stdin [0ms]
[2022-07-21T21:47:40.832Z] > git status -z -uall [1ms]
[2022-07-21T21:47:40.835Z] > git symbolic-ref --short HEAD [0ms]
[2022-07-21T21:47:40.839Z] > git for-each-ref --format=%(refname)%00%(upstream:short)%00%(objectname)%00%(upstream:track)%00%(upstream:remotename)%00%(upstream:remoteref) refs/heads/main refs/remotes/main [1ms]
[2022-07-21T21:47:40.846Z] > git remote --verbose [0ms]
[2022-07-21T21:47:40.846Z] > git for-each-ref --sort -committerdate --format %(refname) %(objectname) %(*objectname) [4ms]
[2022-07-21T21:47:40.850Z] > git config --get commit.template [0ms]
[2022-07-21T21:47:57.625Z] > git check-ignore -v -z --stdin [0ms]
[2022-07-21T21:48:00.786Z] > git check-ignore -v -z --stdin [1ms]
[2022-07-21T21:48:06.257Z] > git check-ignore -v -z --stdin [1ms]
[2022-07-21T21:48:11.684Z] > git show --textconv :src/App.vue [2ms]
[2022-07-21T21:48:11.685Z] > git ls-files --stage -- /home/diedose/coding/2022_portfolio/src/App.vue [2ms]
[2022-07-21T21:48:52.761Z] > git show --textconv :src/App.vue [3ms]
[2022-07-21T21:48:52.761Z] > git ls-files --stage -- /home/diedose/coding/2022_portfolio/src/App.vue [1ms]
[2022-07-21T21:49:30.562Z] > git show --textconv :src/App.vue [5ms]
[2022-07-21T21:49:30.562Z] > git ls-files --stage -- /home/diedose/coding/2022_portfolio/src/App.vue [1ms]
[2022-07-21T21:50:33.758Z] > git show --textconv :src/App.vue [3ms]
[2022-07-21T21:50:33.759Z] > git ls-files --stage -- /home/diedose/coding/2022_portfolio/src/App.vue [1ms]
[2022-07-21T21:50:51.036Z] > git show --textconv :src/router/index.js [7ms]
[2022-07-21T21:50:51.036Z] > git ls-files --stage -- /home/diedose/coding/2022_portfolio/src/router/index.js [1ms]
