Unable to load library file:///home/diedose/coding/2022_portfolio/src/vue-router.ts at /home/diedose/.vscode-server/bin/b06ae3b2d2dbfe28bca3134cc6be65935cdfea6a/extensions/node_modules/typescript/lib/file:/home/diedose/coding/2022_portfolio/src/vue-router.ts
Unable to load library file:///home/diedose/coding/2022_portfolio/src/vue-router.tsx at /home/diedose/.vscode-server/bin/b06ae3b2d2dbfe28bca3134cc6be65935cdfea6a/extensions/node_modules/typescript/lib/file:/home/diedose/coding/2022_portfolio/src/vue-router.tsx
Unable to load library file:///home/diedose/coding/2022_portfolio/src/vue-router.d.ts at /home/diedose/.vscode-server/bin/b06ae3b2d2dbfe28bca3134cc6be65935cdfea6a/extensions/node_modules/typescript/lib/file:/home/diedose/coding/2022_portfolio/src/vue-router.d.ts
Unable to load library file:///home/diedose/coding/2022_portfolio/vue-router.ts at /home/diedose/.vscode-server/bin/b06ae3b2d2dbfe28bca3134cc6be65935cdfea6a/extensions/node_modules/typescript/lib/file:/home/diedose/coding/2022_portfolio/vue-router.ts
Unable to load library file:///home/diedose/coding/2022_portfolio/vue-router.tsx at /home/diedose/.vscode-server/bin/b06ae3b2d2dbfe28bca3134cc6be65935cdfea6a/extensions/node_modules/typescript/lib/file:/home/diedose/coding/2022_portfolio/vue-router.tsx
Unable to load library file:///home/diedose/coding/2022_portfolio/vue-router.d.ts at /home/diedose/.vscode-server/bin/b06ae3b2d2dbfe28bca3134cc6be65935cdfea6a/extensions/node_modules/typescript/lib/file:/home/diedose/coding/2022_portfolio/vue-router.d.ts
Unable to load library file:///home/diedose/coding/vue-router.ts at /home/diedose/.vscode-server/bin/b06ae3b2d2dbfe28bca3134cc6be65935cdfea6a/extensions/node_modules/typescript/lib/file:/home/diedose/coding/vue-router.ts
Unable to load library file:///home/diedose/coding/vue-router.tsx at /home/diedose/.vscode-server/bin/b06ae3b2d2dbfe28bca3134cc6be65935cdfea6a/extensions/node_modules/typescript/lib/file:/home/diedose/coding/vue-router.tsx
Unable to load library file:///home/diedose/coding/vue-router.d.ts at /home/diedose/.vscode-server/bin/b06ae3b2d2dbfe28bca3134cc6be65935cdfea6a/extensions/node_modules/typescript/lib/file:/home/diedose/coding/vue-router.d.ts
Unable to load library file:///home/diedose/vue-router.ts at /home/diedose/.vscode-server/bin/b06ae3b2d2dbfe28bca3134cc6be65935cdfea6a/extensions/node_modules/typescript/lib/file:/home/diedose/vue-router.ts
Unable to load library file:///home/diedose/vue-router.tsx at /home/diedose/.vscode-server/bin/b06ae3b2d2dbfe28bca3134cc6be65935cdfea6a/extensions/node_modules/typescript/lib/file:/home/diedose/vue-router.tsx
Unable to load library file:///home/diedose/vue-router.d.ts at /home/diedose/.vscode-server/bin/b06ae3b2d2dbfe28bca3134cc6be65935cdfea6a/extensions/node_modules/typescript/lib/file:/home/diedose/vue-router.d.ts
Unable to load library file:///home/vue-router.ts at /home/diedose/.vscode-server/bin/b06ae3b2d2dbfe28bca3134cc6be65935cdfea6a/extensions/node_modules/typescript/lib/file:/home/vue-router.ts
Unable to load library file:///home/vue-router.tsx at /home/diedose/.vscode-server/bin/b06ae3b2d2dbfe28bca3134cc6be65935cdfea6a/extensions/node_modules/typescript/lib/file:/home/vue-router.tsx
Unable to load library file:///home/vue-router.d.ts at /home/diedose/.vscode-server/bin/b06ae3b2d2dbfe28bca3134cc6be65935cdfea6a/extensions/node_modules/typescript/lib/file:/home/vue-router.d.ts
Unable to load library file:///vue-router.ts at /home/diedose/.vscode-server/bin/b06ae3b2d2dbfe28bca3134cc6be65935cdfea6a/extensions/node_modules/typescript/lib/file:/vue-router.ts
Unable to load library file:///vue-router.tsx at /home/diedose/.vscode-server/bin/b06ae3b2d2dbfe28bca3134cc6be65935cdfea6a/extensions/node_modules/typescript/lib/file:/vue-router.tsx
Unable to load library file:///vue-router.d.ts at /home/diedose/.vscode-server/bin/b06ae3b2d2dbfe28bca3134cc6be65935cdfea6a/extensions/node_modules/typescript/lib/file:/vue-router.d.ts
Unable to load library file:///home/diedose/coding/2022_portfolio/src/node_modules/@types/vue-router/package.json at /home/diedose/.vscode-server/bin/b06ae3b2d2dbfe28bca3134cc6be65935cdfea6a/extensions/node_modules/typescript/lib/file:/home/diedose/coding/2022_portfolio/src/node_modules/@types/vue-router/package.json
Unable to load library file:///home/diedose/coding/2022_portfolio/src/node_modules/@types/vue-router.d.ts at /home/diedose/.vscode-server/bin/b06ae3b2d2dbfe28bca3134cc6be65935cdfea6a/extensions/node_modules/typescript/lib/file:/home/diedose/coding/2022_portfolio/src/node_modules/@types/vue-router.d.ts
Unable to load library file:///home/diedose/coding/2022_portfolio/src/node_modules/@types/vue-router/index.d.ts at /home/diedose/.vscode-server/bin/b06ae3b2d2dbfe28bca3134cc6be65935cdfea6a/extensions/node_modules/typescript/lib/file:/home/diedose/coding/2022_portfolio/src/node_modules/@types/vue-router/index.d.ts
Unable to load library file:///home/diedose/coding/2022_portfolio/node_modules/@types/vue-router/package.json at /home/diedose/.vscode-server/bin/b06ae3b2d2dbfe28bca3134cc6be65935cdfea6a/extensions/node_modules/typescript/lib/file:/home/diedose/coding/2022_portfolio/node_modules/@types/vue-router/package.json
Unable to load library file:///home/diedose/coding/2022_portfolio/node_modules/@types/vue-router.d.ts at /home/diedose/.vscode-server/bin/b06ae3b2d2dbfe28bca3134cc6be65935cdfea6a/extensions/node_modules/typescript/lib/file:/home/diedose/coding/2022_portfolio/node_modules/@types/vue-router.d.ts
Unable to load library file:///home/diedose/coding/2022_portfolio/node_modules/@types/vue-router/index.d.ts at /home/diedose/.vscode-server/bin/b06ae3b2d2dbfe28bca3134cc6be65935cdfea6a/extensions/node_modules/typescript/lib/file:/home/diedose/coding/2022_portfolio/node_modules/@types/vue-router/index.d.ts
Unable to load library file:///home/diedose/coding/node_modules/@types/vue-router/package.json at /home/diedose/.vscode-server/bin/b06ae3b2d2dbfe28bca3134cc6be65935cdfea6a/extensions/node_modules/typescript/lib/file:/home/diedose/coding/node_modules/@types/vue-router/package.json
Unable to load library file:///home/diedose/coding/node_modules/@types/vue-router.d.ts at /home/diedose/.vscode-server/bin/b06ae3b2d2dbfe28bca3134cc6be65935cdfea6a/extensions/node_modules/typescript/lib/file:/home/diedose/coding/node_modules/@types/vue-router.d.ts
Unable to load library file:///home/diedose/coding/node_modules/@types/vue-router/index.d.ts at /home/diedose/.vscode-server/bin/b06ae3b2d2dbfe28bca3134cc6be65935cdfea6a/extensions/node_modules/typescript/lib/file:/home/diedose/coding/node_modules/@types/vue-router/index.d.ts
Unable to load library file:///home/diedose/node_modules/@types/vue-router/package.json at /home/diedose/.vscode-server/bin/b06ae3b2d2dbfe28bca3134cc6be65935cdfea6a/extensions/node_modules/typescript/lib/file:/home/diedose/node_modules/@types/vue-router/package.json
Unable to load library file:///home/diedose/node_modules/@types/vue-router.d.ts at /home/diedose/.vscode-server/bin/b06ae3b2d2dbfe28bca3134cc6be65935cdfea6a/extensions/node_modules/typescript/lib/file:/home/diedose/node_modules/@types/vue-router.d.ts
Unable to load library file:///home/diedose/node_modules/@types/vue-router/index.d.ts at /home/diedose/.vscode-server/bin/b06ae3b2d2dbfe28bca3134cc6be65935cdfea6a/extensions/node_modules/typescript/lib/file:/home/diedose/node_modules/@types/vue-router/index.d.ts
Unable to load library file:///home/node_modules/@types/vue-router/package.json at /home/diedose/.vscode-server/bin/b06ae3b2d2dbfe28bca3134cc6be65935cdfea6a/extensions/node_modules/typescript/lib/file:/home/node_modules/@types/vue-router/package.json
Unable to load library file:///home/node_modules/@types/vue-router.d.ts at /home/diedose/.vscode-server/bin/b06ae3b2d2dbfe28bca3134cc6be65935cdfea6a/extensions/node_modules/typescript/lib/file:/home/node_modules/@types/vue-router.d.ts
Unable to load library file:///home/node_modules/@types/vue-router/index.d.ts at /home/diedose/.vscode-server/bin/b06ae3b2d2dbfe28bca3134cc6be65935cdfea6a/extensions/node_modules/typescript/lib/file:/home/node_modules/@types/vue-router/index.d.ts
Unable to load library file:///node_modules/@types/vue-router/package.json at /home/diedose/.vscode-server/bin/b06ae3b2d2dbfe28bca3134cc6be65935cdfea6a/extensions/node_modules/typescript/lib/file:/node_modules/@types/vue-router/package.json
Unable to load library file:///node_modules/@types/vue-router.d.ts at /home/diedose/.vscode-server/bin/b06ae3b2d2dbfe28bca3134cc6be65935cdfea6a/extensions/node_modules/typescript/lib/file:/node_modules/@types/vue-router.d.ts
Unable to load library file:///node_modules/@types/vue-router/index.d.ts at /home/diedose/.vscode-server/bin/b06ae3b2d2dbfe28bca3134cc6be65935cdfea6a/extensions/node_modules/typescript/lib/file:/node_modules/@types/vue-router/index.d.ts
Unable to load library file:///home/diedose/coding/2022_portfolio/src/vue-router.js at /home/diedose/.vscode-server/bin/b06ae3b2d2dbfe28bca3134cc6be65935cdfea6a/extensions/node_modules/typescript/lib/file:/home/diedose/coding/2022_portfolio/src/vue-router.js
Unable to load library file:///home/diedose/coding/2022_portfolio/src/vue-router.jsx at /home/diedose/.vscode-server/bin/b06ae3b2d2dbfe28bca3134cc6be65935cdfea6a/extensions/node_modules/typescript/lib/file:/home/diedose/coding/2022_portfolio/src/vue-router.jsx
Unable to load library file:///home/diedose/coding/2022_portfolio/vue-router.js at /home/diedose/.vscode-server/bin/b06ae3b2d2dbfe28bca3134cc6be65935cdfea6a/extensions/node_modules/typescript/lib/file:/home/diedose/coding/2022_portfolio/vue-router.js
Unable to load library file:///home/diedose/coding/2022_portfolio/vue-router.jsx at /home/diedose/.vscode-server/bin/b06ae3b2d2dbfe28bca3134cc6be65935cdfea6a/extensions/node_modules/typescript/lib/file:/home/diedose/coding/2022_portfolio/vue-router.jsx
Unable to load library file:///home/diedose/coding/vue-router.js at /home/diedose/.vscode-server/bin/b06ae3b2d2dbfe28bca3134cc6be65935cdfea6a/extensions/node_modules/typescript/lib/file:/home/diedose/coding/vue-router.js
Unable to load library file:///home/diedose/coding/vue-router.jsx at /home/diedose/.vscode-server/bin/b06ae3b2d2dbfe28bca3134cc6be65935cdfea6a/extensions/node_modules/typescript/lib/file:/home/diedose/coding/vue-router.jsx
Unable to load library file:///home/diedose/vue-router.js at /home/diedose/.vscode-server/bin/b06ae3b2d2dbfe28bca3134cc6be65935cdfea6a/extensions/node_modules/typescript/lib/file:/home/diedose/vue-router.js
Unable to load library file:///home/diedose/vue-router.jsx at /home/diedose/.vscode-server/bin/b06ae3b2d2dbfe28bca3134cc6be65935cdfea6a/extensions/node_modules/typescript/lib/file:/home/diedose/vue-router.jsx
Unable to load library file:///home/vue-router.js at /home/diedose/.vscode-server/bin/b06ae3b2d2dbfe28bca3134cc6be65935cdfea6a/extensions/node_modules/typescript/lib/file:/home/vue-router.js
Unable to load library file:///home/vue-router.jsx at /home/diedose/.vscode-server/bin/b06ae3b2d2dbfe28bca3134cc6be65935cdfea6a/extensions/node_modules/typescript/lib/file:/home/vue-router.jsx
Unable to load library file:///vue-router.js at /home/diedose/.vscode-server/bin/b06ae3b2d2dbfe28bca3134cc6be65935cdfea6a/extensions/node_modules/typescript/lib/file:/vue-router.js
Unable to load library file:///vue-router.jsx at /home/diedose/.vscode-server/bin/b06ae3b2d2dbfe28bca3134cc6be65935cdfea6a/extensions/node_modules/typescript/lib/file:/vue-router.jsx
Unable to load library file:///home/diedose/coding/2022_portfolio/src/components/HelloWorld.vue.ts at /home/diedose/.vscode-server/bin/b06ae3b2d2dbfe28bca3134cc6be65935cdfea6a/extensions/node_modules/typescript/lib/file:/home/diedose/coding/2022_portfolio/src/components/HelloWorld.vue.ts
Unable to load library file:///home/diedose/coding/2022_portfolio/src/components/HelloWorld.vue.tsx at /home/diedose/.vscode-server/bin/b06ae3b2d2dbfe28bca3134cc6be65935cdfea6a/extensions/node_modules/typescript/lib/file:/home/diedose/coding/2022_portfolio/src/components/HelloWorld.vue.tsx
Unable to load library file:///home/diedose/coding/2022_portfolio/src/components/HelloWorld.vue.d.ts at /home/diedose/.vscode-server/bin/b06ae3b2d2dbfe28bca3134cc6be65935cdfea6a/extensions/node_modules/typescript/lib/file:/home/diedose/coding/2022_portfolio/src/components/HelloWorld.vue.d.ts
Unable to load library file:///home/diedose/coding/2022_portfolio/src/components/HelloWorld.vue.js at /home/diedose/.vscode-server/bin/b06ae3b2d2dbfe28bca3134cc6be65935cdfea6a/extensions/node_modules/typescript/lib/file:/home/diedose/coding/2022_portfolio/src/components/HelloWorld.vue.js
Unable to load library file:///home/diedose/coding/2022_portfolio/src/components/HelloWorld.vue.jsx at /home/diedose/.vscode-server/bin/b06ae3b2d2dbfe28bca3134cc6be65935cdfea6a/extensions/node_modules/typescript/lib/file:/home/diedose/coding/2022_portfolio/src/components/HelloWorld.vue.jsx
