[2022-07-21T22:25:19.859Z] Log level: Info
[2022-07-21T22:25:19.864Z] [info] Validating found git in: git
[2022-07-21T22:25:19.902Z] [info] Using git 2.25.1 from git
[2022-07-21T22:25:19.935Z] > git rev-parse --show-toplevel [16ms]
[2022-07-21T22:25:19.948Z] > git rev-parse --git-dir --git-common-dir [2ms]
[2022-07-21T22:25:19.958Z] [info] Open repository: /home/diedose/coding/2022_portfolio
[2022-07-21T22:25:19.971Z] > git status -z -uall [3ms]
[2022-07-21T22:25:19.979Z] > git symbolic-ref --short HEAD [1ms]
[2022-07-21T22:25:19.984Z] > git for-each-ref --format=%(refname)%00%(upstream:short)%00%(objectname)%00%(upstream:track)%00%(upstream:remotename)%00%(upstream:remoteref) refs/heads/main refs/remotes/main [1ms]
[2022-07-21T22:25:19.994Z] > git remote --verbose [1ms]
[2022-07-21T22:25:19.995Z] > git for-each-ref --sort -committerdate --format %(refname) %(objectname) %(*objectname) [6ms]
[2022-07-21T22:25:20.003Z] > git config --get commit.template [0ms]
[2022-07-21T22:25:20.014Z] > git status -z -uall [4ms]
[2022-07-21T22:25:20.020Z] > git symbolic-ref --short HEAD [1ms]
[2022-07-21T22:25:20.029Z] > git for-each-ref --format=%(refname)%00%(upstream:short)%00%(objectname)%00%(upstream:track)%00%(upstream:remotename)%00%(upstream:remoteref) refs/heads/main refs/remotes/main [4ms]
[2022-07-21T22:25:20.039Z] > git for-each-ref --sort -committerdate --format %(refname) %(objectname) %(*objectname) [7ms]
[2022-07-21T22:25:20.040Z] > git remote --verbose [4ms]
[2022-07-21T22:25:20.534Z] > git config --get commit.template [487ms]
[2022-07-21T22:25:20.592Z] > git check-ignore -v -z --stdin [42ms]
[2022-07-21T22:25:20.593Z] > git show --textconv :src/App.vue [18ms]
[2022-07-21T22:25:20.602Z] > git ls-files --stage -- /home/diedose/coding/2022_portfolio/src/App.vue [20ms]
[2022-07-21T22:25:23.663Z] > git status -z -uall [1ms]
[2022-07-21T22:25:23.672Z] > git symbolic-ref --short HEAD [3ms]
[2022-07-21T22:25:23.679Z] > git for-each-ref --format=%(refname)%00%(upstream:short)%00%(objectname)%00%(upstream:track)%00%(upstream:remotename)%00%(upstream:remoteref) refs/heads/main refs/remotes/main [1ms]
[2022-07-21T22:25:23.695Z] > git remote --verbose [2ms]
[2022-07-21T22:25:23.695Z] > git for-each-ref --sort -committerdate --format %(refname) %(objectname) %(*objectname) [9ms]
[2022-07-21T22:25:23.704Z] > git config --get commit.template [1ms]
[2022-07-21T22:26:36.878Z] > git status -z -uall [1ms]
[2022-07-21T22:26:36.884Z] > git symbolic-ref --short HEAD [1ms]
[2022-07-21T22:26:36.890Z] > git for-each-ref --format=%(refname)%00%(upstream:short)%00%(objectname)%00%(upstream:track)%00%(upstream:remotename)%00%(upstream:remoteref) refs/heads/main refs/remotes/main [0ms]
[2022-07-21T22:26:36.901Z] > git remote --verbose [0ms]
[2022-07-21T22:26:36.901Z] > git for-each-ref --sort -committerdate --format %(refname) %(objectname) %(*objectname) [6ms]
[2022-07-21T22:26:36.910Z] > git config --get commit.template [2ms]
