[2022-07-21T23:07:44.217Z] Log level: Info
[2022-07-21T23:07:44.224Z] [info] Validating found git in: git
[2022-07-21T23:07:44.280Z] [info] Using git 2.25.1 from git
[2022-07-21T23:07:44.321Z] > git rev-parse --show-toplevel [11ms]
[2022-07-21T23:07:44.337Z] > git rev-parse --git-dir --git-common-dir [4ms]
[2022-07-21T23:07:44.349Z] [info] Open repository: /home/diedose/coding/2022_portfolio
[2022-07-21T23:07:44.365Z] > git status -z -uall [4ms]
[2022-07-21T23:07:44.383Z] > git symbolic-ref --short HEAD [9ms]
[2022-07-21T23:07:44.848Z] > git for-each-ref --format=%(refname)%00%(upstream:short)%00%(objectname)%00%(upstream:track)%00%(upstream:remotename)%00%(upstream:remoteref) refs/heads/main refs/remotes/main [459ms]
[2022-07-21T23:07:44.965Z] > git remote --verbose [107ms]
[2022-07-21T23:07:44.966Z] > git for-each-ref --sort -committerdate --format %(refname) %(objectname) %(*objectname) [113ms]
[2022-07-21T23:07:45.025Z] > git check-ignore -v -z --stdin [43ms]
[2022-07-21T23:07:45.026Z] > git show --textconv :src/App.vue [15ms]
[2022-07-21T23:07:45.026Z] > git ls-files --stage -- /home/diedose/coding/2022_portfolio/src/App.vue [10ms]
[2022-07-21T23:07:45.034Z] > git config --get commit.template [37ms]
[2022-07-21T23:07:45.056Z] > git status -z -uall [15ms]
[2022-07-21T23:07:45.062Z] > git cat-file -s e864195002371619c22d0454351235745b2a4f3f [29ms]
[2022-07-21T23:07:45.065Z] > git symbolic-ref --short HEAD [4ms]
[2022-07-21T23:07:45.096Z] > git for-each-ref --format=%(refname)%00%(upstream:short)%00%(objectname)%00%(upstream:track)%00%(upstream:remotename)%00%(upstream:remoteref) refs/heads/main refs/remotes/main [25ms]
[2022-07-21T23:07:45.125Z] > git remote --verbose [18ms]
[2022-07-21T23:07:45.126Z] > git for-each-ref --sort -committerdate --format %(refname) %(objectname) %(*objectname) [24ms]
[2022-07-21T23:07:45.151Z] > git config --get commit.template [13ms]
[2022-07-21T23:07:50.345Z] > git status -z -uall [0ms]
[2022-07-21T23:07:50.352Z] > git symbolic-ref --short HEAD [1ms]
[2022-07-21T23:07:50.359Z] > git for-each-ref --format=%(refname)%00%(upstream:short)%00%(objectname)%00%(upstream:track)%00%(upstream:remotename)%00%(upstream:remoteref) refs/heads/main refs/remotes/main [2ms]
[2022-07-21T23:07:50.371Z] > git remote --verbose [1ms]
[2022-07-21T23:07:50.371Z] > git for-each-ref --sort -committerdate --format %(refname) %(objectname) %(*objectname) [6ms]
[2022-07-21T23:07:50.379Z] > git config --get commit.template [1ms]
[2022-07-21T23:07:59.520Z] > git status -z -uall [1ms]
[2022-07-21T23:07:59.526Z] > git symbolic-ref --short HEAD [0ms]
[2022-07-21T23:07:59.532Z] > git for-each-ref --format=%(refname)%00%(upstream:short)%00%(objectname)%00%(upstream:track)%00%(upstream:remotename)%00%(upstream:remoteref) refs/heads/main refs/remotes/main [1ms]
[2022-07-21T23:07:59.543Z] > git remote --verbose [1ms]
[2022-07-21T23:07:59.543Z] > git for-each-ref --sort -committerdate --format %(refname) %(objectname) %(*objectname) [6ms]
[2022-07-21T23:07:59.549Z] > git config --get commit.template [0ms]
[2022-07-21T23:08:01.281Z] > git show --textconv :src/App.vue [5ms]
[2022-07-21T23:08:01.282Z] > git ls-files --stage -- /home/diedose/coding/2022_portfolio/src/App.vue [1ms]
[2022-07-21T23:08:01.288Z] > git cat-file -s e864195002371619c22d0454351235745b2a4f3f [1ms]
[2022-07-21T23:08:48.421Z] > git show --textconv :.eslintrc.js [78ms]
[2022-07-21T23:08:48.421Z] > git ls-files --stage -- /home/diedose/coding/2022_portfolio/.eslintrc.js [4ms]
[2022-07-21T23:08:50.945Z] > git show --textconv :src/main.js [6ms]
[2022-07-21T23:08:50.947Z] > git ls-files --stage -- /home/diedose/coding/2022_portfolio/src/main.js [1ms]
[2022-07-21T23:08:50.953Z] > git cat-file -s eedade80bfb8466db3eba40502ec70f5cd16d257 [1ms]
[2022-07-21T23:08:54.580Z] > git show --textconv :src/main.js [7ms]
[2022-07-21T23:08:54.581Z] > git ls-files --stage -- /home/diedose/coding/2022_portfolio/src/main.js [1ms]
[2022-07-21T23:08:54.588Z] > git cat-file -s eedade80bfb8466db3eba40502ec70f5cd16d257 [1ms]
[2022-07-21T23:09:18.506Z] > git show --textconv :src/main.js [8ms]
[2022-07-21T23:09:18.506Z] > git ls-files --stage -- /home/diedose/coding/2022_portfolio/src/main.js [1ms]
[2022-07-21T23:09:18.514Z] > git cat-file -s eedade80bfb8466db3eba40502ec70f5cd16d257 [2ms]
[2022-07-21T23:09:21.008Z] > git show --textconv :src/App.vue [6ms]
[2022-07-21T23:09:21.008Z] > git ls-files --stage -- /home/diedose/coding/2022_portfolio/src/App.vue [1ms]
[2022-07-21T23:09:21.015Z] > git cat-file -s e864195002371619c22d0454351235745b2a4f3f [1ms]
[2022-07-21T23:09:44.739Z] > git show --textconv :src/main.js [7ms]
[2022-07-21T23:09:44.739Z] > git ls-files --stage -- /home/diedose/coding/2022_portfolio/src/main.js [1ms]
[2022-07-21T23:09:44.746Z] > git cat-file -s eedade80bfb8466db3eba40502ec70f5cd16d257 [1ms]
[2022-07-21T23:10:38.152Z] > git show --textconv :src/main.js [7ms]
[2022-07-21T23:10:38.152Z] > git ls-files --stage -- /home/diedose/coding/2022_portfolio/src/main.js [1ms]
[2022-07-21T23:10:38.160Z] > git cat-file -s eedade80bfb8466db3eba40502ec70f5cd16d257 [1ms]
[2022-07-21T23:10:41.891Z] > git status -z -uall [1ms]
[2022-07-21T23:10:41.898Z] > git symbolic-ref --short HEAD [1ms]
[2022-07-21T23:10:41.904Z] > git for-each-ref --format=%(refname)%00%(upstream:short)%00%(objectname)%00%(upstream:track)%00%(upstream:remotename)%00%(upstream:remoteref) refs/heads/main refs/remotes/main [1ms]
[2022-07-21T23:10:41.914Z] > git remote --verbose [1ms]
[2022-07-21T23:10:41.915Z] > git for-each-ref --sort -committerdate --format %(refname) %(objectname) %(*objectname) [6ms]
[2022-07-21T23:10:41.925Z] > git config --get commit.template [2ms]
[2022-07-21T23:10:43.078Z] > git show --textconv :src/App.vue [7ms]
[2022-07-21T23:10:43.078Z] > git ls-files --stage -- /home/diedose/coding/2022_portfolio/src/App.vue [1ms]
[2022-07-21T23:10:43.085Z] > git cat-file -s e864195002371619c22d0454351235745b2a4f3f [1ms]
[2022-07-21T23:10:46.934Z] > git status -z -uall [1ms]
[2022-07-21T23:10:46.941Z] > git symbolic-ref --short HEAD [0ms]
[2022-07-21T23:10:46.947Z] > git for-each-ref --format=%(refname)%00%(upstream:short)%00%(objectname)%00%(upstream:track)%00%(upstream:remotename)%00%(upstream:remoteref) refs/heads/main refs/remotes/main [0ms]
[2022-07-21T23:10:46.958Z] > git remote --verbose [1ms]
[2022-07-21T23:10:46.958Z] > git for-each-ref --sort -committerdate --format %(refname) %(objectname) %(*objectname) [6ms]
[2022-07-21T23:10:46.966Z] > git config --get commit.template [0ms]
[2022-07-21T23:11:09.818Z] > git status -z -uall [1ms]
[2022-07-21T23:11:09.825Z] > git symbolic-ref --short HEAD [1ms]
[2022-07-21T23:11:09.831Z] > git for-each-ref --format=%(refname)%00%(upstream:short)%00%(objectname)%00%(upstream:track)%00%(upstream:remotename)%00%(upstream:remoteref) refs/heads/main refs/remotes/main [1ms]
[2022-07-21T23:11:09.843Z] > git remote --verbose [1ms]
[2022-07-21T23:11:09.844Z] > git for-each-ref --sort -committerdate --format %(refname) %(objectname) %(*objectname) [7ms]
[2022-07-21T23:11:09.852Z] > git config --get commit.template [1ms]
[2022-07-21T23:11:25.285Z] > git show --textconv :src/App.vue [6ms]
[2022-07-21T23:11:25.286Z] > git ls-files --stage -- /home/diedose/coding/2022_portfolio/src/App.vue [2ms]
[2022-07-21T23:11:25.292Z] > git cat-file -s e864195002371619c22d0454351235745b2a4f3f [0ms]
[2022-07-21T23:11:31.336Z] > git check-ignore -v -z --stdin [1ms]
[2022-07-21T23:11:34.091Z] > git check-ignore -v -z --stdin [1ms]
[2022-07-21T23:11:39.631Z] > git show --textconv :src/components/HelloWorld.vue [7ms]
[2022-07-21T23:11:39.632Z] > git ls-files --stage -- /home/diedose/coding/2022_portfolio/src/components/HelloWorld.vue [2ms]
[2022-07-21T23:11:39.637Z] > git cat-file -s 1b8faac1521345513353e96050dd24d94610d432 [0ms]
[2022-07-21T23:11:47.392Z] > git show --textconv :src/components/TheWelcome.vue [8ms]
[2022-07-21T23:11:47.393Z] > git ls-files --stage -- /home/diedose/coding/2022_portfolio/src/components/TheWelcome.vue [2ms]
[2022-07-21T23:11:47.402Z] > git cat-file -s d3d2e7acc8a9deeb26e48169ee3cbc64d2b54f2f [3ms]
[2022-07-21T23:11:48.878Z] > git show --textconv :src/components/HelloWorld.vue [5ms]
[2022-07-21T23:11:48.878Z] > git ls-files --stage -- /home/diedose/coding/2022_portfolio/src/components/HelloWorld.vue [0ms]
[2022-07-21T23:11:48.886Z] > git cat-file -s 1b8faac1521345513353e96050dd24d94610d432 [1ms]
[2022-07-21T23:11:49.243Z] > git show --textconv :src/components/TheWelcome.vue [7ms]
[2022-07-21T23:11:49.244Z] > git ls-files --stage -- /home/diedose/coding/2022_portfolio/src/components/TheWelcome.vue [2ms]
[2022-07-21T23:11:49.251Z] > git cat-file -s d3d2e7acc8a9deeb26e48169ee3cbc64d2b54f2f [1ms]
[2022-07-21T23:11:49.882Z] > git show --textconv :src/components/HelloWorld.vue [6ms]
[2022-07-21T23:11:49.883Z] > git ls-files --stage -- /home/diedose/coding/2022_portfolio/src/components/HelloWorld.vue [1ms]
[2022-07-21T23:11:49.889Z] > git cat-file -s 1b8faac1521345513353e96050dd24d94610d432 [0ms]
[2022-07-21T23:11:52.440Z] > git show --textconv :src/App.vue [9ms]
[2022-07-21T23:11:52.441Z] > git ls-files --stage -- /home/diedose/coding/2022_portfolio/src/App.vue [3ms]
[2022-07-21T23:11:52.449Z] > git cat-file -s e864195002371619c22d0454351235745b2a4f3f [0ms]
[2022-07-21T23:11:57.559Z] > git show --textconv :src/main.js [6ms]
[2022-07-21T23:11:57.560Z] > git ls-files --stage -- /home/diedose/coding/2022_portfolio/src/main.js [1ms]
[2022-07-21T23:11:57.566Z] > git cat-file -s eedade80bfb8466db3eba40502ec70f5cd16d257 [0ms]
[2022-07-21T23:12:00.443Z] > git show --textconv :src/App.vue [6ms]
[2022-07-21T23:12:00.443Z] > git ls-files --stage -- /home/diedose/coding/2022_portfolio/src/App.vue [1ms]
[2022-07-21T23:12:00.450Z] > git cat-file -s e864195002371619c22d0454351235745b2a4f3f [1ms]
[2022-07-21T23:12:06.249Z] > git show --textconv :src/components/HelloWorld.vue [7ms]
[2022-07-21T23:12:06.249Z] > git ls-files --stage -- /home/diedose/coding/2022_portfolio/src/components/HelloWorld.vue [1ms]
[2022-07-21T23:12:06.256Z] > git cat-file -s 1b8faac1521345513353e96050dd24d94610d432 [1ms]
[2022-07-21T23:12:13.012Z] > git show --textconv :src/components/WelcomeItem.vue [7ms]
[2022-07-21T23:12:13.012Z] > git ls-files --stage -- /home/diedose/coding/2022_portfolio/src/components/WelcomeItem.vue [1ms]
[2022-07-21T23:12:13.019Z] > git cat-file -s ba0def33c0e523d8c82426d76d76c39b482b21e0 [1ms]
[2022-07-21T23:12:21.992Z] > git check-ignore -v -z --stdin [0ms]
[2022-07-21T23:12:22.497Z] > git show --textconv :src/components/icons/IconCommunity.vue [7ms]
[2022-07-21T23:12:22.498Z] > git ls-files --stage -- /home/diedose/coding/2022_portfolio/src/components/icons/IconCommunity.vue [2ms]
[2022-07-21T23:12:22.504Z] > git cat-file -s 2dc8b055253af30fb797037e2fe260505f0cf711 [1ms]
[2022-07-21T23:12:22.875Z] > git show --textconv :src/components/icons/IconDocumentation.vue [8ms]
[2022-07-21T23:12:22.876Z] > git ls-files --stage -- /home/diedose/coding/2022_portfolio/src/components/icons/IconDocumentation.vue [2ms]
[2022-07-21T23:12:22.882Z] > git cat-file -s 6d4791cfbcf2782b3e5ffbabd042d4c47b2fbbed [1ms]
[2022-07-21T23:12:23.213Z] > git show --textconv :src/components/icons/IconEcosystem.vue [7ms]
[2022-07-21T23:12:23.214Z] > git ls-files --stage -- /home/diedose/coding/2022_portfolio/src/components/icons/IconEcosystem.vue [1ms]
[2022-07-21T23:12:23.221Z] > git cat-file -s c3a4f078c0bd340a33c61ea9ecd8a755d03571ed [1ms]
[2022-07-21T23:12:25.265Z] > git check-ignore -v -z --stdin [0ms]
[2022-07-21T23:12:27.305Z] > git show --textconv :src/assets/main.css [8ms]
[2022-07-21T23:12:27.305Z] > git ls-files --stage -- /home/diedose/coding/2022_portfolio/src/assets/main.css [1ms]
[2022-07-21T23:12:27.312Z] > git cat-file -s c133f9156b43080992482c4805bb9d6ad813c187 [1ms]
[2022-07-21T23:12:30.821Z] > git show --textconv :src/App.vue [8ms]
[2022-07-21T23:12:30.822Z] > git ls-files --stage -- /home/diedose/coding/2022_portfolio/src/App.vue [2ms]
[2022-07-21T23:12:30.831Z] > git cat-file -s e864195002371619c22d0454351235745b2a4f3f [3ms]
[2022-07-21T23:12:31.576Z] > git show --textconv :src/assets/logo.svg [8ms]
[2022-07-21T23:12:31.576Z] > git ls-files --stage -- /home/diedose/coding/2022_portfolio/src/assets/logo.svg [1ms]
[2022-07-21T23:12:31.584Z] > git cat-file -s bc826fed80ad0c846e5ca25978776f555f4a2370 [1ms]
[2022-07-21T23:12:32.599Z] > git show --textconv :src/App.vue [8ms]
[2022-07-21T23:12:32.600Z] > git ls-files --stage -- /home/diedose/coding/2022_portfolio/src/App.vue [2ms]
[2022-07-21T23:12:32.608Z] > git cat-file -s e864195002371619c22d0454351235745b2a4f3f [1ms]
[2022-07-21T23:12:34.458Z] > git show --textconv :src/components/WelcomeItem.vue [6ms]
[2022-07-21T23:12:34.459Z] > git ls-files --stage -- /home/diedose/coding/2022_portfolio/src/components/WelcomeItem.vue [1ms]
[2022-07-21T23:12:34.467Z] > git cat-file -s ba0def33c0e523d8c82426d76d76c39b482b21e0 [1ms]
[2022-07-21T23:12:40.046Z] > git show --textconv :src/App.vue [5ms]
[2022-07-21T23:12:40.047Z] > git ls-files --stage -- /home/diedose/coding/2022_portfolio/src/App.vue [1ms]
[2022-07-21T23:12:40.053Z] > git cat-file -s e864195002371619c22d0454351235745b2a4f3f [1ms]
[2022-07-21T23:12:49.105Z] > git show --textconv :src/router/index.js [9ms]
[2022-07-21T23:12:49.106Z] > git ls-files --stage -- /home/diedose/coding/2022_portfolio/src/router/index.js [3ms]
[2022-07-21T23:12:49.113Z] > git cat-file -s a49ae507f39bdb792025d7c4bd1573b876e8cc96 [1ms]
[2022-07-21T23:12:58.457Z] > git check-ignore -v -z --stdin [0ms]
[2022-07-21T23:13:01.030Z] > git show --textconv :src/views/AboutView.vue [7ms]
[2022-07-21T23:13:01.031Z] > git ls-files --stage -- /home/diedose/coding/2022_portfolio/src/views/AboutView.vue [2ms]
[2022-07-21T23:13:01.038Z] > git cat-file -s 756ad2a17909837834858538422308120cf09dab [1ms]
[2022-07-21T23:13:02.065Z] > git show --textconv :src/views/HomeView.vue [7ms]
[2022-07-21T23:13:02.066Z] > git ls-files --stage -- /home/diedose/coding/2022_portfolio/src/views/HomeView.vue [2ms]
[2022-07-21T23:13:02.072Z] > git cat-file -s 225d93a9f55aaa8d79b7f1487e636afc2898dd5a [1ms]
[2022-07-21T23:13:03.618Z] > git show --textconv :src/views/AboutView.vue [6ms]
[2022-07-21T23:13:03.619Z] > git ls-files --stage -- /home/diedose/coding/2022_portfolio/src/views/AboutView.vue [2ms]
[2022-07-21T23:13:03.625Z] > git cat-file -s 756ad2a17909837834858538422308120cf09dab [1ms]
[2022-07-21T23:13:04.323Z] > git show --textconv :src/views/HomeView.vue [6ms]
[2022-07-21T23:13:04.324Z] > git ls-files --stage -- /home/diedose/coding/2022_portfolio/src/views/HomeView.vue [2ms]
[2022-07-21T23:13:04.332Z] > git cat-file -s 225d93a9f55aaa8d79b7f1487e636afc2898dd5a [2ms]
[2022-07-21T23:13:04.696Z] > git show --textconv :src/views/AboutView.vue [5ms]
[2022-07-21T23:13:04.697Z] > git ls-files --stage -- /home/diedose/coding/2022_portfolio/src/views/AboutView.vue [1ms]
[2022-07-21T23:13:04.703Z] > git cat-file -s 756ad2a17909837834858538422308120cf09dab [0ms]
[2022-07-21T23:13:05.059Z] > git show --textconv :src/views/HomeView.vue [5ms]
[2022-07-21T23:13:05.060Z] > git ls-files --stage -- /home/diedose/coding/2022_portfolio/src/views/HomeView.vue [1ms]
[2022-07-21T23:13:05.065Z] > git cat-file -s 225d93a9f55aaa8d79b7f1487e636afc2898dd5a [0ms]
[2022-07-21T23:13:05.403Z] > git show --textconv :src/views/AboutView.vue [7ms]
[2022-07-21T23:13:05.404Z] > git ls-files --stage -- /home/diedose/coding/2022_portfolio/src/views/AboutView.vue [2ms]
[2022-07-21T23:13:05.410Z] > git cat-file -s 756ad2a17909837834858538422308120cf09dab [1ms]
[2022-07-21T23:13:05.978Z] > git show --textconv :src/views/HomeView.vue [6ms]
[2022-07-21T23:13:05.978Z] > git ls-files --stage -- /home/diedose/coding/2022_portfolio/src/views/HomeView.vue [1ms]
[2022-07-21T23:13:05.984Z] > git cat-file -s 225d93a9f55aaa8d79b7f1487e636afc2898dd5a [0ms]
[2022-07-21T23:13:06.420Z] > git show --textconv :src/views/AboutView.vue [6ms]
[2022-07-21T23:13:06.421Z] > git ls-files --stage -- /home/diedose/coding/2022_portfolio/src/views/AboutView.vue [2ms]
[2022-07-21T23:13:06.426Z] > git cat-file -s 756ad2a17909837834858538422308120cf09dab [1ms]
[2022-07-21T23:13:06.961Z] > git show --textconv :src/views/HomeView.vue [6ms]
[2022-07-21T23:13:06.962Z] > git ls-files --stage -- /home/diedose/coding/2022_portfolio/src/views/HomeView.vue [1ms]
[2022-07-21T23:13:06.968Z] > git cat-file -s 225d93a9f55aaa8d79b7f1487e636afc2898dd5a [1ms]
[2022-07-21T23:13:07.295Z] > git show --textconv :src/views/AboutView.vue [6ms]
[2022-07-21T23:13:07.296Z] > git ls-files --stage -- /home/diedose/coding/2022_portfolio/src/views/AboutView.vue [1ms]
[2022-07-21T23:13:07.303Z] > git cat-file -s 756ad2a17909837834858538422308120cf09dab [0ms]
[2022-07-21T23:13:08.040Z] > git show --textconv :src/views/HomeView.vue [5ms]
[2022-07-21T23:13:08.041Z] > git ls-files --stage -- /home/diedose/coding/2022_portfolio/src/views/HomeView.vue [1ms]
[2022-07-21T23:13:08.047Z] > git cat-file -s 225d93a9f55aaa8d79b7f1487e636afc2898dd5a [0ms]
[2022-07-21T23:13:14.161Z] > git show --textconv :src/views/AboutView.vue [7ms]
[2022-07-21T23:13:14.162Z] > git ls-files --stage -- /home/diedose/coding/2022_portfolio/src/views/AboutView.vue [1ms]
[2022-07-21T23:13:14.170Z] > git cat-file -s 756ad2a17909837834858538422308120cf09dab [1ms]
[2022-07-21T23:13:18.680Z] > git show --textconv :src/views/HomeView.vue [5ms]
[2022-07-21T23:13:18.680Z] > git ls-files --stage -- /home/diedose/coding/2022_portfolio/src/views/HomeView.vue [1ms]
[2022-07-21T23:13:18.686Z] > git cat-file -s 225d93a9f55aaa8d79b7f1487e636afc2898dd5a [1ms]
[2022-07-21T23:13:27.827Z] > git show --textconv :src/App.vue [7ms]
[2022-07-21T23:13:27.828Z] > git ls-files --stage -- /home/diedose/coding/2022_portfolio/src/App.vue [1ms]
[2022-07-21T23:13:27.835Z] > git cat-file -s e864195002371619c22d0454351235745b2a4f3f [0ms]
[2022-07-21T23:13:40.759Z] > git show --textconv :src/views/HomeView.vue [6ms]
[2022-07-21T23:13:40.759Z] > git ls-files --stage -- /home/diedose/coding/2022_portfolio/src/views/HomeView.vue [1ms]
[2022-07-21T23:13:40.765Z] > git cat-file -s 225d93a9f55aaa8d79b7f1487e636afc2898dd5a [0ms]
[2022-07-21T23:13:42.941Z] > git show --textconv :src/views/AboutView.vue [6ms]
[2022-07-21T23:13:42.942Z] > git ls-files --stage -- /home/diedose/coding/2022_portfolio/src/views/AboutView.vue [1ms]
[2022-07-21T23:13:42.948Z] > git cat-file -s 756ad2a17909837834858538422308120cf09dab [1ms]
[2022-07-21T23:13:43.555Z] > git show --textconv :src/views/HomeView.vue [8ms]
[2022-07-21T23:13:43.556Z] > git ls-files --stage -- /home/diedose/coding/2022_portfolio/src/views/HomeView.vue [2ms]
[2022-07-21T23:13:43.562Z] > git cat-file -s 225d93a9f55aaa8d79b7f1487e636afc2898dd5a [1ms]
[2022-07-21T23:13:45.736Z] > git show --textconv :src/App.vue [6ms]
[2022-07-21T23:13:45.737Z] > git ls-files --stage -- /home/diedose/coding/2022_portfolio/src/App.vue [1ms]
[2022-07-21T23:13:45.744Z] > git cat-file -s e864195002371619c22d0454351235745b2a4f3f [1ms]
[2022-07-21T23:13:50.912Z] > git show --textconv :src/views/HomeView.vue [7ms]
[2022-07-21T23:13:50.913Z] > git ls-files --stage -- /home/diedose/coding/2022_portfolio/src/views/HomeView.vue [1ms]
[2022-07-21T23:13:50.919Z] > git cat-file -s 225d93a9f55aaa8d79b7f1487e636afc2898dd5a [0ms]
[2022-07-21T23:13:54.475Z] > git show --textconv :src/main.js [7ms]
[2022-07-21T23:13:54.476Z] > git ls-files --stage -- /home/diedose/coding/2022_portfolio/src/main.js [1ms]
[2022-07-21T23:13:54.483Z] > git cat-file -s eedade80bfb8466db3eba40502ec70f5cd16d257 [1ms]
[2022-07-21T23:13:55.753Z] > git show --textconv :src/App.vue [7ms]
[2022-07-21T23:13:55.754Z] > git ls-files --stage -- /home/diedose/coding/2022_portfolio/src/App.vue [2ms]
[2022-07-21T23:13:55.760Z] > git cat-file -s e864195002371619c22d0454351235745b2a4f3f [1ms]
[2022-07-21T23:14:00.143Z] > git show --textconv :src/router/index.js [9ms]
[2022-07-21T23:14:00.144Z] > git ls-files --stage -- /home/diedose/coding/2022_portfolio/src/router/index.js [2ms]
[2022-07-21T23:14:00.150Z] > git cat-file -s a49ae507f39bdb792025d7c4bd1573b876e8cc96 [0ms]
[2022-07-21T23:14:42.100Z] > git show --textconv :src/App.vue [6ms]
[2022-07-21T23:14:42.101Z] > git ls-files --stage -- /home/diedose/coding/2022_portfolio/src/App.vue [1ms]
[2022-07-21T23:14:42.109Z] > git cat-file -s e864195002371619c22d0454351235745b2a4f3f [3ms]
[2022-07-21T23:15:02.774Z] > git status -z -uall [1ms]
[2022-07-21T23:15:02.781Z] > git symbolic-ref --short HEAD [1ms]
[2022-07-21T23:15:02.788Z] > git for-each-ref --format=%(refname)%00%(upstream:short)%00%(objectname)%00%(upstream:track)%00%(upstream:remotename)%00%(upstream:remoteref) refs/heads/main refs/remotes/main [1ms]
[2022-07-21T23:15:02.797Z] > git remote --verbose [0ms]
[2022-07-21T23:15:02.798Z] > git for-each-ref --sort -committerdate --format %(refname) %(objectname) %(*objectname) [6ms]
[2022-07-21T23:15:02.806Z] > git config --get commit.template [1ms]
[2022-07-21T23:15:16.860Z] > git status -z -uall [1ms]
[2022-07-21T23:15:16.866Z] > git symbolic-ref --short HEAD [1ms]
[2022-07-21T23:15:16.872Z] > git for-each-ref --format=%(refname)%00%(upstream:short)%00%(objectname)%00%(upstream:track)%00%(upstream:remotename)%00%(upstream:remoteref) refs/heads/main refs/remotes/main [1ms]
[2022-07-21T23:15:16.882Z] > git remote --verbose [1ms]
[2022-07-21T23:15:16.882Z] > git for-each-ref --sort -committerdate --format %(refname) %(objectname) %(*objectname) [6ms]
[2022-07-21T23:15:16.890Z] > git config --get commit.template [1ms]
[2022-07-21T23:15:16.965Z] > git ls-files --stage -- /home/diedose/coding/2022_portfolio/src/App.vue [1ms]
[2022-07-21T23:15:16.971Z] > git cat-file -s c04d0a541d481785122fad301535a9cbd7ecee41 [1ms]
[2022-07-21T23:15:16.986Z] > git show --textconv :src/App.vue [3ms]
[2022-07-21T23:15:32.764Z] > git status -z -uall [1ms]
[2022-07-21T23:15:32.772Z] > git symbolic-ref --short HEAD [1ms]
[2022-07-21T23:15:32.778Z] > git for-each-ref --format=%(refname)%00%(upstream:short)%00%(objectname)%00%(upstream:track)%00%(upstream:remotename)%00%(upstream:remoteref) refs/heads/main refs/remotes/main [1ms]
[2022-07-21T23:15:32.789Z] > git remote --verbose [0ms]
[2022-07-21T23:15:32.790Z] > git for-each-ref --sort -committerdate --format %(refname) %(objectname) %(*objectname) [7ms]
[2022-07-21T23:15:32.799Z] > git config --get commit.template [1ms]
[2022-07-21T23:15:32.869Z] > git ls-files --stage -- /home/diedose/coding/2022_portfolio/src/App.vue [1ms]
[2022-07-21T23:15:32.875Z] > git cat-file -s c04d0a541d481785122fad301535a9cbd7ecee41 [1ms]
[2022-07-21T23:15:32.886Z] > git show --textconv :src/App.vue [1ms]
[2022-07-21T23:15:36.314Z] > git ls-files --stage -- /home/diedose/coding/2022_portfolio/src/App.vue [0ms]
[2022-07-21T23:15:36.321Z] > git cat-file -s c04d0a541d481785122fad301535a9cbd7ecee41 [1ms]
[2022-07-21T23:15:36.333Z] > git show --textconv :src/App.vue [1ms]
[2022-07-21T23:15:37.807Z] > git status -z -uall [1ms]
[2022-07-21T23:15:37.813Z] > git symbolic-ref --short HEAD [0ms]
[2022-07-21T23:15:37.820Z] > git for-each-ref --format=%(refname)%00%(upstream:short)%00%(objectname)%00%(upstream:track)%00%(upstream:remotename)%00%(upstream:remoteref) refs/heads/main refs/remotes/main [1ms]
[2022-07-21T23:15:37.830Z] > git remote --verbose [0ms]
[2022-07-21T23:15:37.831Z] > git for-each-ref --sort -committerdate --format %(refname) %(objectname) %(*objectname) [6ms]
[2022-07-21T23:15:37.840Z] > git config --get commit.template [2ms]
