[2022-07-21T22:33:21.201Z] Log level: Info
[2022-07-21T22:33:21.208Z] [info] Validating found git in: git
[2022-07-21T22:33:21.254Z] [info] Using git 2.25.1 from git
[2022-07-21T22:33:21.304Z] > git rev-parse --show-toplevel [22ms]
[2022-07-21T22:33:21.316Z] > git rev-parse --git-dir --git-common-dir [2ms]
[2022-07-21T22:33:21.327Z] [info] Open repository: /home/diedose/coding/2022_portfolio
[2022-07-21T22:33:21.339Z] > git status -z -uall [3ms]
[2022-07-21T22:33:21.347Z] > git symbolic-ref --short HEAD [1ms]
[2022-07-21T22:33:21.355Z] > git for-each-ref --format=%(refname)%00%(upstream:short)%00%(objectname)%00%(upstream:track)%00%(upstream:remotename)%00%(upstream:remoteref) refs/heads/main refs/remotes/main [3ms]
[2022-07-21T22:33:21.368Z] > git remote --verbose [2ms]
[2022-07-21T22:33:21.369Z] > git for-each-ref --sort -committerdate --format %(refname) %(objectname) %(*objectname) [8ms]
[2022-07-21T22:33:21.380Z] > git config --get commit.template [1ms]
[2022-07-21T22:33:21.394Z] > git status -z -uall [2ms]
[2022-07-21T22:33:21.399Z] > git symbolic-ref --short HEAD [1ms]
[2022-07-21T22:33:21.406Z] > git for-each-ref --format=%(refname)%00%(upstream:short)%00%(objectname)%00%(upstream:track)%00%(upstream:remotename)%00%(upstream:remoteref) refs/heads/main refs/remotes/main [2ms]
[2022-07-21T22:33:21.416Z] > git remote --verbose [1ms]
[2022-07-21T22:33:21.416Z] > git for-each-ref --sort -committerdate --format %(refname) %(objectname) %(*objectname) [5ms]
[2022-07-21T22:33:21.448Z] > git config --get commit.template [25ms]
[2022-07-21T22:33:22.078Z] > git show --textconv :src/App.vue [14ms]
[2022-07-21T22:33:22.078Z] > git check-ignore -v -z --stdin [2ms]
[2022-07-21T22:33:22.080Z] > git ls-files --stage -- /home/diedose/coding/2022_portfolio/src/App.vue [10ms]
[2022-07-21T22:33:24.049Z] > git show --textconv :.eslintrc.cjs [104ms]
[2022-07-21T22:33:24.049Z] > git ls-files --stage -- /home/diedose/coding/2022_portfolio/.eslintrc.cjs [3ms]
[2022-07-21T22:33:25.006Z] > git show --textconv :.eslintrc.json [7ms]
[2022-07-21T22:33:25.007Z] > git ls-files --stage -- /home/diedose/coding/2022_portfolio/.eslintrc.json [2ms]
[2022-07-21T22:33:36.798Z] > git show --textconv :src/App.vue [10ms]
[2022-07-21T22:33:36.799Z] > git ls-files --stage -- /home/diedose/coding/2022_portfolio/src/App.vue [2ms]
[2022-07-21T22:33:38.579Z] > git status -z -uall [0ms]
[2022-07-21T22:33:38.586Z] > git symbolic-ref --short HEAD [1ms]
[2022-07-21T22:33:38.593Z] > git for-each-ref --format=%(refname)%00%(upstream:short)%00%(objectname)%00%(upstream:track)%00%(upstream:remotename)%00%(upstream:remoteref) refs/heads/main refs/remotes/main [0ms]
[2022-07-21T22:33:38.606Z] > git remote --verbose [1ms]
[2022-07-21T22:33:38.606Z] > git for-each-ref --sort -committerdate --format %(refname) %(objectname) %(*objectname) [6ms]
[2022-07-21T22:33:38.621Z] > git config --get commit.template [6ms]
[2022-07-21T22:33:58.876Z] > git show --textconv :package.json [7ms]
[2022-07-21T22:33:58.876Z] > git ls-files --stage -- /home/diedose/coding/2022_portfolio/package.json [1ms]
[2022-07-21T22:35:37.897Z] > git status -z -uall [1ms]
[2022-07-21T22:35:37.903Z] > git symbolic-ref --short HEAD [1ms]
[2022-07-21T22:35:37.909Z] > git for-each-ref --format=%(refname)%00%(upstream:short)%00%(objectname)%00%(upstream:track)%00%(upstream:remotename)%00%(upstream:remoteref) refs/heads/main refs/remotes/main [1ms]
[2022-07-21T22:35:37.920Z] > git remote --verbose [2ms]
[2022-07-21T22:35:37.921Z] > git for-each-ref --sort -committerdate --format %(refname) %(objectname) %(*objectname) [7ms]
[2022-07-21T22:35:37.929Z] > git config --get commit.template [1ms]
[2022-07-21T22:35:39.365Z] > git check-ignore -v -z --stdin [1ms]
[2022-07-21T22:35:42.936Z] > git status -z -uall [0ms]
[2022-07-21T22:35:42.942Z] > git symbolic-ref --short HEAD [0ms]
[2022-07-21T22:35:42.948Z] > git for-each-ref --format=%(refname)%00%(upstream:short)%00%(objectname)%00%(upstream:track)%00%(upstream:remotename)%00%(upstream:remoteref) refs/heads/main refs/remotes/main [0ms]
[2022-07-21T22:35:42.959Z] > git remote --verbose [1ms]
[2022-07-21T22:35:42.959Z] > git for-each-ref --sort -committerdate --format %(refname) %(objectname) %(*objectname) [6ms]
[2022-07-21T22:35:42.965Z] > git config --get commit.template [0ms]
[2022-07-21T22:35:44.684Z] > git show --textconv :.gitignore [4ms]
[2022-07-21T22:35:44.685Z] > git ls-files --stage -- /home/diedose/coding/2022_portfolio/.gitignore [1ms]
[2022-07-21T22:35:47.000Z] > git show --textconv :2022_portfolio.code-workspace [7ms]
[2022-07-21T22:35:47.000Z] > git ls-files --stage -- /home/diedose/coding/2022_portfolio/2022_portfolio.code-workspace [1ms]
[2022-07-21T22:35:47.972Z] > git status -z -uall [1ms]
[2022-07-21T22:35:47.978Z] > git symbolic-ref --short HEAD [1ms]
[2022-07-21T22:35:47.984Z] > git for-each-ref --format=%(refname)%00%(upstream:short)%00%(objectname)%00%(upstream:track)%00%(upstream:remotename)%00%(upstream:remoteref) refs/heads/main refs/remotes/main [1ms]
[2022-07-21T22:35:48.003Z] > git remote --verbose [9ms]
[2022-07-21T22:35:48.003Z] > git for-each-ref --sort -committerdate --format %(refname) %(objectname) %(*objectname) [13ms]
[2022-07-21T22:35:48.010Z] > git config --get commit.template [0ms]
[2022-07-21T22:35:51.041Z] > git show --textconv :index.html [8ms]
[2022-07-21T22:35:51.042Z] > git ls-files --stage -- /home/diedose/coding/2022_portfolio/index.html [2ms]
[2022-07-21T22:35:52.117Z] > git show --textconv :2022_portfolio.code-workspace [6ms]
[2022-07-21T22:35:52.118Z] > git ls-files --stage -- /home/diedose/coding/2022_portfolio/2022_portfolio.code-workspace [1ms]
[2022-07-21T22:35:52.729Z] > git show --textconv :jsconfig.json [6ms]
[2022-07-21T22:35:52.729Z] > git ls-files --stage -- /home/diedose/coding/2022_portfolio/jsconfig.json [1ms]
[2022-07-21T22:35:53.282Z] > git status -z -uall [1ms]
[2022-07-21T22:35:53.288Z] > git symbolic-ref --short HEAD [0ms]
[2022-07-21T22:35:53.295Z] > git for-each-ref --format=%(refname)%00%(upstream:short)%00%(objectname)%00%(upstream:track)%00%(upstream:remotename)%00%(upstream:remoteref) refs/heads/main refs/remotes/main [1ms]
[2022-07-21T22:35:53.306Z] > git remote --verbose [1ms]
[2022-07-21T22:35:53.306Z] > git for-each-ref --sort -committerdate --format %(refname) %(objectname) %(*objectname) [6ms]
[2022-07-21T22:35:53.314Z] > git config --get commit.template [1ms]
[2022-07-21T22:35:53.631Z] > git show --textconv :2022_portfolio.code-workspace [7ms]
[2022-07-21T22:35:53.632Z] > git ls-files --stage -- /home/diedose/coding/2022_portfolio/2022_portfolio.code-workspace [2ms]
