[Error - 12:35:55 AM] Sending notification textDocument/didChange failed.
Error: Starting server failed
    at b.$start (/home/diedose/.vscode-server/bin/3b889b090b5ad5793f524b5d1d39fda662b96a2a/extensions/json-language-features/client/dist/node/jsonClientMain.js:1:461476)
    at processTicksAndRejections (node:internal/process/task_queues:96:5)
    at b.sendNotification (/home/diedose/.vscode-server/bin/3b889b090b5ad5793f524b5d1d39fda662b96a2a/extensions/json-language-features/client/dist/node/jsonClientMain.js:1:447761)
    at n (/home/diedose/.vscode-server/bin/3b889b090b5ad5793f524b5d1d39fda662b96a2a/extensions/json-language-features/client/dist/node/jsonClientMain.js:1:596498)
    at async Promise.all (index 0)
[Error - 12:35:55 AM] Sending notification json/schemaContent failed.
Error: Starting server failed
    at b.$start (/home/diedose/.vscode-server/bin/3b889b090b5ad5793f524b5d1d39fda662b96a2a/extensions/json-language-features/client/dist/node/jsonClientMain.js:1:461476)
    at processTicksAndRejections (node:internal/process/task_queues:96:5)
    at b.sendNotification (/home/diedose/.vscode-server/bin/3b889b090b5ad5793f524b5d1d39fda662b96a2a/extensions/json-language-features/client/dist/node/jsonClientMain.js:1:447761)
[Error - 12:35:55 AM] Sending request textDocument/documentLink failed.
Error: Starting server failed
    at b.$start (/home/diedose/.vscode-server/bin/3b889b090b5ad5793f524b5d1d39fda662b96a2a/extensions/json-language-features/client/dist/node/jsonClientMain.js:1:461476)
    at processTicksAndRejections (node:internal/process/task_queues:96:5)
    at b.sendRequest (/home/diedose/.vscode-server/bin/3b889b090b5ad5793f524b5d1d39fda662b96a2a/extensions/json-language-features/client/dist/node/jsonClientMain.js:1:446807)
    at Te.provideLinks (/home/diedose/.vscode-server/bin/3b889b090b5ad5793f524b5d1d39fda662b96a2a/out/vs/workbench/api/node/extensionHostProcess.js:87:60541)
[Error - 12:35:55 AM] Sending request textDocument/foldingRange failed.
Error: Starting server failed
    at b.$start (/home/diedose/.vscode-server/bin/3b889b090b5ad5793f524b5d1d39fda662b96a2a/extensions/json-language-features/client/dist/node/jsonClientMain.js:1:461476)
    at processTicksAndRejections (node:internal/process/task_queues:96:5)
    at b.sendRequest (/home/diedose/.vscode-server/bin/3b889b090b5ad5793f524b5d1d39fda662b96a2a/extensions/json-language-features/client/dist/node/jsonClientMain.js:1:446807)
    at Pe.provideFoldingRanges (/home/diedose/.vscode-server/bin/3b889b090b5ad5793f524b5d1d39fda662b96a2a/out/vs/workbench/api/node/extensionHostProcess.js:87:62074)
[Error - 12:35:55 AM] Request textDocument/documentLink failed.
Error: Starting server failed
    at b.$start (/home/diedose/.vscode-server/bin/3b889b090b5ad5793f524b5d1d39fda662b96a2a/extensions/json-language-features/client/dist/node/jsonClientMain.js:1:461476)
    at processTicksAndRejections (node:internal/process/task_queues:96:5)
    at b.sendRequest (/home/diedose/.vscode-server/bin/3b889b090b5ad5793f524b5d1d39fda662b96a2a/extensions/json-language-features/client/dist/node/jsonClientMain.js:1:446807)
    at Te.provideLinks (/home/diedose/.vscode-server/bin/3b889b090b5ad5793f524b5d1d39fda662b96a2a/out/vs/workbench/api/node/extensionHostProcess.js:87:60541)
[Error - 12:35:55 AM] Request textDocument/foldingRange failed.
Error: Starting server failed
    at b.$start (/home/diedose/.vscode-server/bin/3b889b090b5ad5793f524b5d1d39fda662b96a2a/extensions/json-language-features/client/dist/node/jsonClientMain.js:1:461476)
    at processTicksAndRejections (node:internal/process/task_queues:96:5)
    at b.sendRequest (/home/diedose/.vscode-server/bin/3b889b090b5ad5793f524b5d1d39fda662b96a2a/extensions/json-language-features/client/dist/node/jsonClientMain.js:1:446807)
    at Pe.provideFoldingRanges (/home/diedose/.vscode-server/bin/3b889b090b5ad5793f524b5d1d39fda662b96a2a/out/vs/workbench/api/node/extensionHostProcess.js:87:62074)
[Error - 12:35:55 AM] Sending document notification textDocument/didChange failed
Error: Starting server failed
    at b.$start (/home/diedose/.vscode-server/bin/3b889b090b5ad5793f524b5d1d39fda662b96a2a/extensions/json-language-features/client/dist/node/jsonClientMain.js:1:461476)
    at processTicksAndRejections (node:internal/process/task_queues:96:5)
    at b.sendNotification (/home/diedose/.vscode-server/bin/3b889b090b5ad5793f524b5d1d39fda662b96a2a/extensions/json-language-features/client/dist/node/jsonClientMain.js:1:447761)
    at n (/home/diedose/.vscode-server/bin/3b889b090b5ad5793f524b5d1d39fda662b96a2a/extensions/json-language-features/client/dist/node/jsonClientMain.js:1:596498)
    at async Promise.all (index 0)
