[2022-07-21T23:41:07.064Z] Log level: Info
[2022-07-21T23:41:07.071Z] [info] Validating found git in: git
[2022-07-21T23:41:07.099Z] [info] Using git 2.25.1 from git
[2022-07-21T23:41:07.125Z] > git rev-parse --show-toplevel [11ms]
[2022-07-21T23:41:07.133Z] > git rev-parse --git-dir --git-common-dir [1ms]
[2022-07-21T23:41:07.141Z] [info] Open repository: /home/diedose/coding/2022_portfolio
[2022-07-21T23:41:07.158Z] > git status -z -uall [10ms]
[2022-07-21T23:41:07.164Z] > git symbolic-ref --short HEAD [0ms]
[2022-07-21T23:41:07.173Z] > git for-each-ref --format=%(refname)%00%(upstream:short)%00%(objectname)%00%(upstream:track)%00%(upstream:remotename)%00%(upstream:remoteref) refs/heads/main refs/remotes/main [5ms]
[2022-07-21T23:41:07.182Z] > git remote --verbose [2ms]
[2022-07-21T23:41:07.182Z] > git for-each-ref --sort -committerdate --format %(refname) %(objectname) %(*objectname) [5ms]
[2022-07-21T23:41:07.193Z] > git config --get commit.template [2ms]
[2022-07-21T23:41:07.201Z] > git status -z -uall [3ms]
[2022-07-21T23:41:07.207Z] > git symbolic-ref --short HEAD [2ms]
[2022-07-21T23:41:07.212Z] > git for-each-ref --format=%(refname)%00%(upstream:short)%00%(objectname)%00%(upstream:track)%00%(upstream:remotename)%00%(upstream:remoteref) refs/heads/main refs/remotes/main [1ms]
[2022-07-21T23:41:07.218Z] > git for-each-ref --sort -committerdate --format %(refname) %(objectname) %(*objectname) [3ms]
[2022-07-21T23:41:07.219Z] > git remote --verbose [1ms]
[2022-07-21T23:41:07.483Z] > git config --get commit.template [260ms]
[2022-07-21T23:41:07.878Z] > git check-ignore -v -z --stdin [15ms]
[2022-07-21T23:41:08.363Z] > git show --textconv :src/App.vue [7ms]
[2022-07-21T23:41:08.365Z] > git ls-files --stage -- /home/diedose/coding/2022_portfolio/src/App.vue [3ms]
[2022-07-21T23:41:08.371Z] > git cat-file -s c04d0a541d481785122fad301535a9cbd7ecee41 [1ms]
[2022-07-22T01:29:15.766Z] > git ls-files --stage -- /home/diedose/coding/2022_portfolio/src/views/HomeView.vue [1ms]
[2022-07-22T01:29:15.770Z] > git show --textconv :src/views/HomeView.vue [9ms]
[2022-07-22T01:29:15.772Z] > git cat-file -s 225d93a9f55aaa8d79b7f1487e636afc2898dd5a [2ms]
[2022-07-22T01:29:19.786Z] > git show --textconv :src/main.js [6ms]
[2022-07-22T01:29:19.787Z] > git ls-files --stage -- /home/diedose/coding/2022_portfolio/src/main.js [2ms]
[2022-07-22T01:29:19.791Z] > git cat-file -s eedade80bfb8466db3eba40502ec70f5cd16d257 [1ms]
[2022-07-22T01:29:20.601Z] > git show --textconv :src/App.vue [6ms]
[2022-07-22T01:29:20.602Z] > git ls-files --stage -- /home/diedose/coding/2022_portfolio/src/App.vue [1ms]
[2022-07-22T01:29:20.606Z] > git cat-file -s c04d0a541d481785122fad301535a9cbd7ecee41 [1ms]
[2022-07-22T01:29:36.527Z] > git show --textconv :src/views/HomeView.vue [4ms]
[2022-07-22T01:29:36.527Z] > git ls-files --stage -- /home/diedose/coding/2022_portfolio/src/views/HomeView.vue [1ms]
[2022-07-22T01:29:36.531Z] > git cat-file -s 225d93a9f55aaa8d79b7f1487e636afc2898dd5a [1ms]
[2022-07-22T01:29:39.101Z] > git show --textconv :src/App.vue [4ms]
[2022-07-22T01:29:39.102Z] > git ls-files --stage -- /home/diedose/coding/2022_portfolio/src/App.vue [2ms]
[2022-07-22T01:29:39.105Z] > git cat-file -s c04d0a541d481785122fad301535a9cbd7ecee41 [0ms]
[2022-07-22T01:29:43.855Z] > git show --textconv :src/views/HomeView.vue [3ms]
[2022-07-22T01:29:43.856Z] > git ls-files --stage -- /home/diedose/coding/2022_portfolio/src/views/HomeView.vue [1ms]
[2022-07-22T01:29:43.860Z] > git cat-file -s 225d93a9f55aaa8d79b7f1487e636afc2898dd5a [1ms]
[2022-07-22T01:29:44.250Z] > git show --textconv :src/views/AboutView.vue [4ms]
[2022-07-22T01:29:44.251Z] > git ls-files --stage -- /home/diedose/coding/2022_portfolio/src/views/AboutView.vue [1ms]
[2022-07-22T01:29:44.256Z] > git cat-file -s 756ad2a17909837834858538422308120cf09dab [2ms]
[2022-07-22T01:29:44.898Z] > git show --textconv :src/router/index.js [4ms]
[2022-07-22T01:29:44.898Z] > git ls-files --stage -- /home/diedose/coding/2022_portfolio/src/router/index.js [1ms]
[2022-07-22T01:29:44.903Z] > git cat-file -s a49ae507f39bdb792025d7c4bd1573b876e8cc96 [1ms]
[2022-07-22T01:29:51.345Z] > git show --textconv :src/main.js [4ms]
[2022-07-22T01:29:51.346Z] > git ls-files --stage -- /home/diedose/coding/2022_portfolio/src/main.js [1ms]
[2022-07-22T01:29:51.350Z] > git cat-file -s eedade80bfb8466db3eba40502ec70f5cd16d257 [1ms]
[2022-07-22T01:29:52.555Z] > git show --textconv :index.html [5ms]
[2022-07-22T01:29:52.556Z] > git ls-files --stage -- /home/diedose/coding/2022_portfolio/index.html [1ms]
[2022-07-22T01:29:52.563Z] > git cat-file -s 030a6ff51bfc6f6adcc472f6d8c02db92ce947a8 [0ms]
[2022-07-22T01:30:13.287Z] > git ls-files --stage -- /home/diedose/coding/2022_portfolio/src/components/TheWelcome.vue [1ms]
[2022-07-22T01:30:13.292Z] > git show --textconv :src/components/TheWelcome.vue [10ms]
[2022-07-22T01:30:13.292Z] > git cat-file -s d3d2e7acc8a9deeb26e48169ee3cbc64d2b54f2f [1ms]
[2022-07-22T01:30:13.842Z] > git show --textconv :src/components/HelloWorld.vue [4ms]
[2022-07-22T01:30:13.843Z] > git ls-files --stage -- /home/diedose/coding/2022_portfolio/src/components/HelloWorld.vue [1ms]
[2022-07-22T01:30:13.847Z] > git cat-file -s 1b8faac1521345513353e96050dd24d94610d432 [1ms]
[2022-07-22T01:30:14.780Z] > git show --textconv :src/assets/main.css [5ms]
[2022-07-22T01:30:14.780Z] > git ls-files --stage -- /home/diedose/coding/2022_portfolio/src/assets/main.css [1ms]
[2022-07-22T01:30:14.784Z] > git cat-file -s c133f9156b43080992482c4805bb9d6ad813c187 [0ms]
[2022-07-22T01:30:17.188Z] > git check-ignore -v -z --stdin [1ms]
[2022-07-22T01:30:23.040Z] > git show --textconv :package.json [9ms]
[2022-07-22T01:30:23.042Z] > git ls-files --stage -- /home/diedose/coding/2022_portfolio/package.json [3ms]
[2022-07-22T01:30:23.048Z] > git cat-file -s ef9560987611c650a052b27c0b766b658b8bc420 [1ms]
[2022-07-22T01:30:33.770Z] > git show --textconv :src/components/HelloWorld.vue [6ms]
[2022-07-22T01:30:33.770Z] > git ls-files --stage -- /home/diedose/coding/2022_portfolio/src/components/HelloWorld.vue [2ms]
[2022-07-22T01:30:33.775Z] > git cat-file -s 1b8faac1521345513353e96050dd24d94610d432 [1ms]
[2022-07-22T01:30:40.468Z] > git show --textconv :src/components/TheWelcome.vue [4ms]
[2022-07-22T01:30:40.469Z] > git ls-files --stage -- /home/diedose/coding/2022_portfolio/src/components/TheWelcome.vue [1ms]
[2022-07-22T01:30:40.473Z] > git cat-file -s d3d2e7acc8a9deeb26e48169ee3cbc64d2b54f2f [1ms]
[2022-07-22T01:30:48.381Z] > git ls-files --stage -- /home/diedose/coding/2022_portfolio/src/components/WelcomeItem.vue [1ms]
[2022-07-22T01:30:48.385Z] > git show --textconv :src/components/WelcomeItem.vue [9ms]
[2022-07-22T01:30:48.386Z] > git cat-file -s ba0def33c0e523d8c82426d76d76c39b482b21e0 [1ms]
[2022-07-22T01:30:49.071Z] > git show --textconv :src/components/HelloWorld.vue [4ms]
[2022-07-22T01:30:49.072Z] > git ls-files --stage -- /home/diedose/coding/2022_portfolio/src/components/HelloWorld.vue [1ms]
[2022-07-22T01:30:49.076Z] > git cat-file -s 1b8faac1521345513353e96050dd24d94610d432 [1ms]
[2022-07-22T01:30:58.866Z] > git show --textconv :src/router/index.js [4ms]
[2022-07-22T01:30:58.866Z] > git ls-files --stage -- /home/diedose/coding/2022_portfolio/src/router/index.js [0ms]
[2022-07-22T01:30:58.871Z] > git cat-file -s a49ae507f39bdb792025d7c4bd1573b876e8cc96 [0ms]
[2022-07-22T01:31:58.378Z] > git status -z -uall [1ms]
[2022-07-22T01:31:58.385Z] > git symbolic-ref --short HEAD [0ms]
[2022-07-22T01:31:58.392Z] > git for-each-ref --format=%(refname)%00%(upstream:short)%00%(objectname)%00%(upstream:track)%00%(upstream:remotename)%00%(upstream:remoteref) refs/heads/main refs/remotes/main [1ms]
[2022-07-22T01:31:58.405Z] > git remote --verbose [1ms]
[2022-07-22T01:31:58.405Z] > git for-each-ref --sort -committerdate --format %(refname) %(objectname) %(*objectname) [7ms]
[2022-07-22T01:31:58.416Z] > git config --get commit.template [0ms]
[2022-07-22T01:32:09.918Z] > git status -z -uall [1ms]
[2022-07-22T01:32:09.924Z] > git symbolic-ref --short HEAD [1ms]
[2022-07-22T01:32:09.930Z] > git for-each-ref --format=%(refname)%00%(upstream:short)%00%(objectname)%00%(upstream:track)%00%(upstream:remotename)%00%(upstream:remoteref) refs/heads/main refs/remotes/main [0ms]
[2022-07-22T01:32:09.942Z] > git remote --verbose [1ms]
[2022-07-22T01:32:09.942Z] > git for-each-ref --sort -committerdate --format %(refname) %(objectname) %(*objectname) [7ms]
[2022-07-22T01:32:09.951Z] > git config --get commit.template [1ms]
[2022-07-22T01:32:36.589Z] > git status -z -uall [1ms]
[2022-07-22T01:32:36.595Z] > git symbolic-ref --short HEAD [0ms]
[2022-07-22T01:32:36.601Z] > git for-each-ref --format=%(refname)%00%(upstream:short)%00%(objectname)%00%(upstream:track)%00%(upstream:remotename)%00%(upstream:remoteref) refs/heads/main refs/remotes/main [0ms]
[2022-07-22T01:32:36.612Z] > git remote --verbose [0ms]
[2022-07-22T01:32:36.613Z] > git for-each-ref --sort -committerdate --format %(refname) %(objectname) %(*objectname) [7ms]
[2022-07-22T01:32:36.622Z] > git config --get commit.template [2ms]
[2022-07-22T01:32:39.353Z] > git show --textconv :src/App.vue [6ms]
[2022-07-22T01:32:39.354Z] > git ls-files --stage -- /home/diedose/coding/2022_portfolio/src/App.vue [1ms]
[2022-07-22T01:32:39.359Z] > git cat-file -s c04d0a541d481785122fad301535a9cbd7ecee41 [0ms]
[2022-07-22T01:32:43.517Z] > git show --textconv :src/views/AboutView.vue [5ms]
[2022-07-22T01:32:43.518Z] > git ls-files --stage -- /home/diedose/coding/2022_portfolio/src/views/AboutView.vue [1ms]
[2022-07-22T01:32:43.523Z] > git cat-file -s 756ad2a17909837834858538422308120cf09dab [0ms]
[2022-07-22T01:32:43.902Z] > git show --textconv :src/views/HomeView.vue [5ms]
[2022-07-22T01:32:43.902Z] > git ls-files --stage -- /home/diedose/coding/2022_portfolio/src/views/HomeView.vue [0ms]
[2022-07-22T01:32:43.908Z] > git cat-file -s 225d93a9f55aaa8d79b7f1487e636afc2898dd5a [1ms]
[2022-07-22T01:32:49.334Z] > git show --textconv :src/components/HelloWorld.vue [6ms]
[2022-07-22T01:32:49.335Z] > git ls-files --stage -- /home/diedose/coding/2022_portfolio/src/components/HelloWorld.vue [1ms]
[2022-07-22T01:32:49.341Z] > git cat-file -s 1b8faac1521345513353e96050dd24d94610d432 [1ms]
[2022-07-22T01:32:52.636Z] > git show --textconv :src/App.vue [7ms]
[2022-07-22T01:32:52.637Z] > git ls-files --stage -- /home/diedose/coding/2022_portfolio/src/App.vue [2ms]
[2022-07-22T01:32:52.644Z] > git cat-file -s c04d0a541d481785122fad301535a9cbd7ecee41 [1ms]
[2022-07-22T01:33:02.094Z] > git show --textconv :src/router/index.js [7ms]
[2022-07-22T01:33:02.094Z] > git ls-files --stage -- /home/diedose/coding/2022_portfolio/src/router/index.js [0ms]
[2022-07-22T01:33:02.104Z] > git cat-file -s a49ae507f39bdb792025d7c4bd1573b876e8cc96 [3ms]
[2022-07-22T01:33:06.420Z] > git show --textconv :src/views/HomeView.vue [7ms]
[2022-07-22T01:33:06.420Z] > git ls-files --stage -- /home/diedose/coding/2022_portfolio/src/views/HomeView.vue [1ms]
[2022-07-22T01:33:06.428Z] > git cat-file -s 225d93a9f55aaa8d79b7f1487e636afc2898dd5a [1ms]
[2022-07-22T01:33:11.782Z] > git show --textconv :src/components/TheWelcome.vue [8ms]
[2022-07-22T01:33:11.784Z] > git ls-files --stage -- /home/diedose/coding/2022_portfolio/src/components/TheWelcome.vue [3ms]
[2022-07-22T01:33:11.790Z] > git cat-file -s d3d2e7acc8a9deeb26e48169ee3cbc64d2b54f2f [0ms]
[2022-07-22T01:33:18.830Z] > git show --textconv :src/App.vue [6ms]
[2022-07-22T01:33:18.831Z] > git ls-files --stage -- /home/diedose/coding/2022_portfolio/src/App.vue [2ms]
[2022-07-22T01:33:18.836Z] > git cat-file -s c04d0a541d481785122fad301535a9cbd7ecee41 [1ms]
[2022-07-22T01:33:25.187Z] > git show --textconv :src/components/TheWelcome.vue [6ms]
[2022-07-22T01:33:25.187Z] > git ls-files --stage -- /home/diedose/coding/2022_portfolio/src/components/TheWelcome.vue [0ms]
[2022-07-22T01:33:25.194Z] > git cat-file -s d3d2e7acc8a9deeb26e48169ee3cbc64d2b54f2f [1ms]
[2022-07-22T01:33:25.577Z] > git show --textconv :src/components/WelcomeItem.vue [7ms]
[2022-07-22T01:33:25.578Z] > git ls-files --stage -- /home/diedose/coding/2022_portfolio/src/components/WelcomeItem.vue [2ms]
[2022-07-22T01:33:25.583Z] > git cat-file -s ba0def33c0e523d8c82426d76d76c39b482b21e0 [0ms]
[2022-07-22T01:33:26.241Z] > git show --textconv :src/components/HelloWorld.vue [7ms]
[2022-07-22T01:33:26.242Z] > git ls-files --stage -- /home/diedose/coding/2022_portfolio/src/components/HelloWorld.vue [1ms]
[2022-07-22T01:33:26.249Z] > git cat-file -s 1b8faac1521345513353e96050dd24d94610d432 [2ms]
[2022-07-22T01:33:29.093Z] > git show --textconv :src/components/TheWelcome.vue [6ms]
[2022-07-22T01:33:29.094Z] > git ls-files --stage -- /home/diedose/coding/2022_portfolio/src/components/TheWelcome.vue [1ms]
[2022-07-22T01:33:29.099Z] > git cat-file -s d3d2e7acc8a9deeb26e48169ee3cbc64d2b54f2f [0ms]
[2022-07-22T01:33:31.697Z] > git show --textconv :src/router/index.js [7ms]
[2022-07-22T01:33:31.697Z] > git ls-files --stage -- /home/diedose/coding/2022_portfolio/src/router/index.js [1ms]
[2022-07-22T01:33:31.704Z] > git cat-file -s a49ae507f39bdb792025d7c4bd1573b876e8cc96 [1ms]
[2022-07-22T01:33:33.043Z] > git show --textconv :src/views/AboutView.vue [6ms]
[2022-07-22T01:33:33.044Z] > git ls-files --stage -- /home/diedose/coding/2022_portfolio/src/views/AboutView.vue [2ms]
[2022-07-22T01:33:33.049Z] > git cat-file -s 756ad2a17909837834858538422308120cf09dab [0ms]
[2022-07-22T01:33:33.586Z] > git show --textconv :src/App.vue [5ms]
[2022-07-22T01:33:33.587Z] > git ls-files --stage -- /home/diedose/coding/2022_portfolio/src/App.vue [1ms]
[2022-07-22T01:33:33.593Z] > git cat-file -s c04d0a541d481785122fad301535a9cbd7ecee41 [1ms]
[2022-07-22T01:33:40.404Z] > git show --textconv :src/views/HomeView.vue [6ms]
[2022-07-22T01:33:40.405Z] > git ls-files --stage -- /home/diedose/coding/2022_portfolio/src/views/HomeView.vue [2ms]
[2022-07-22T01:33:40.411Z] > git cat-file -s 225d93a9f55aaa8d79b7f1487e636afc2898dd5a [1ms]
[2022-07-22T01:33:48.463Z] > git show --textconv :src/components/TheWelcome.vue [9ms]
[2022-07-22T01:33:48.463Z] > git ls-files --stage -- /home/diedose/coding/2022_portfolio/src/components/TheWelcome.vue [2ms]
[2022-07-22T01:33:48.472Z] > git cat-file -s d3d2e7acc8a9deeb26e48169ee3cbc64d2b54f2f [0ms]
[2022-07-22T01:33:53.688Z] > git check-ignore -v -z --stdin [1ms]
[2022-07-22T01:34:04.872Z] > git show --textconv :src/components/HelloWorld.vue [6ms]
[2022-07-22T01:34:04.873Z] > git ls-files --stage -- /home/diedose/coding/2022_portfolio/src/components/HelloWorld.vue [1ms]
[2022-07-22T01:34:04.880Z] > git cat-file -s 1b8faac1521345513353e96050dd24d94610d432 [1ms]
[2022-07-22T01:34:08.085Z] > git show --textconv :src/App.vue [5ms]
[2022-07-22T01:34:08.086Z] > git ls-files --stage -- /home/diedose/coding/2022_portfolio/src/App.vue [1ms]
[2022-07-22T01:34:08.091Z] > git cat-file -s c04d0a541d481785122fad301535a9cbd7ecee41 [0ms]
[2022-07-22T01:37:03.951Z] > git show --textconv :src/views/HomeView.vue [6ms]
[2022-07-22T01:37:03.952Z] > git ls-files --stage -- /home/diedose/coding/2022_portfolio/src/views/HomeView.vue [1ms]
[2022-07-22T01:37:03.958Z] > git cat-file -s 225d93a9f55aaa8d79b7f1487e636afc2898dd5a [0ms]
[2022-07-22T01:37:05.590Z] > git show --textconv :src/main.js [7ms]
[2022-07-22T01:37:05.590Z] > git ls-files --stage -- /home/diedose/coding/2022_portfolio/src/main.js [1ms]
[2022-07-22T01:37:05.596Z] > git cat-file -s eedade80bfb8466db3eba40502ec70f5cd16d257 [1ms]
[2022-07-22T01:37:05.863Z] > git show --textconv :src/App.vue [6ms]
[2022-07-22T01:37:05.864Z] > git ls-files --stage -- /home/diedose/coding/2022_portfolio/src/App.vue [2ms]
[2022-07-22T01:37:05.870Z] > git cat-file -s c04d0a541d481785122fad301535a9cbd7ecee41 [0ms]
[2022-07-22T01:37:07.030Z] > git show --textconv :src/views/HomeView.vue [5ms]
[2022-07-22T01:37:07.031Z] > git ls-files --stage -- /home/diedose/coding/2022_portfolio/src/views/HomeView.vue [1ms]
[2022-07-22T01:37:07.036Z] > git cat-file -s 225d93a9f55aaa8d79b7f1487e636afc2898dd5a [0ms]
[2022-07-22T01:37:08.626Z] > git show --textconv :src/App.vue [5ms]
[2022-07-22T01:37:08.627Z] > git ls-files --stage -- /home/diedose/coding/2022_portfolio/src/App.vue [1ms]
[2022-07-22T01:37:08.632Z] > git cat-file -s c04d0a541d481785122fad301535a9cbd7ecee41 [0ms]
[2022-07-22T01:39:52.651Z] > git status -z -uall [1ms]
[2022-07-22T01:39:52.658Z] > git symbolic-ref --short HEAD [1ms]
[2022-07-22T01:39:52.663Z] > git for-each-ref --format=%(refname)%00%(upstream:short)%00%(objectname)%00%(upstream:track)%00%(upstream:remotename)%00%(upstream:remoteref) refs/heads/main refs/remotes/main [1ms]
[2022-07-22T01:39:52.676Z] > git remote --verbose [1ms]
[2022-07-22T01:39:52.676Z] > git for-each-ref --sort -committerdate --format %(refname) %(objectname) %(*objectname) [8ms]
[2022-07-22T01:39:52.684Z] > git config --get commit.template [1ms]
[2022-07-22T01:39:57.691Z] > git status -z -uall [1ms]
[2022-07-22T01:39:57.697Z] > git symbolic-ref --short HEAD [1ms]
[2022-07-22T01:39:57.702Z] > git for-each-ref --format=%(refname)%00%(upstream:short)%00%(objectname)%00%(upstream:track)%00%(upstream:remotename)%00%(upstream:remoteref) refs/heads/main refs/remotes/main [0ms]
[2022-07-22T01:39:57.711Z] > git remote --verbose [0ms]
[2022-07-22T01:39:57.712Z] > git for-each-ref --sort -committerdate --format %(refname) %(objectname) %(*objectname) [5ms]
[2022-07-22T01:39:57.717Z] > git config --get commit.template [0ms]
[2022-07-22T01:39:58.097Z] > git show --textconv :src/router/index.js [6ms]
[2022-07-22T01:39:58.097Z] > git ls-files --stage -- /home/diedose/coding/2022_portfolio/src/router/index.js [1ms]
[2022-07-22T01:39:58.103Z] > git cat-file -s a49ae507f39bdb792025d7c4bd1573b876e8cc96 [0ms]
[2022-07-22T01:39:59.345Z] > git show --textconv :src/main.js [9ms]
[2022-07-22T01:39:59.345Z] > git ls-files --stage -- /home/diedose/coding/2022_portfolio/src/main.js [1ms]
[2022-07-22T01:39:59.353Z] > git cat-file -s eedade80bfb8466db3eba40502ec70f5cd16d257 [1ms]
[2022-07-22T01:40:06.752Z] > git status -z -uall [1ms]
[2022-07-22T01:40:06.758Z] > git symbolic-ref --short HEAD [0ms]
[2022-07-22T01:40:06.764Z] > git for-each-ref --format=%(refname)%00%(upstream:short)%00%(objectname)%00%(upstream:track)%00%(upstream:remotename)%00%(upstream:remoteref) refs/heads/main refs/remotes/main [0ms]
[2022-07-22T01:40:06.775Z] > git remote --verbose [1ms]
[2022-07-22T01:40:06.775Z] > git for-each-ref --sort -committerdate --format %(refname) %(objectname) %(*objectname) [5ms]
[2022-07-22T01:40:06.782Z] > git config --get commit.template [0ms]
[2022-07-22T01:40:35.872Z] > git status -z -uall [1ms]
[2022-07-22T01:40:35.878Z] > git symbolic-ref --short HEAD [1ms]
[2022-07-22T01:40:35.884Z] > git for-each-ref --format=%(refname)%00%(upstream:short)%00%(objectname)%00%(upstream:track)%00%(upstream:remotename)%00%(upstream:remoteref) refs/heads/main refs/remotes/main [1ms]
[2022-07-22T01:40:35.896Z] > git remote --verbose [1ms]
[2022-07-22T01:40:35.896Z] > git for-each-ref --sort -committerdate --format %(refname) %(objectname) %(*objectname) [7ms]
[2022-07-22T01:40:35.903Z] > git config --get commit.template [0ms]
[2022-07-22T01:40:42.052Z] > git show --textconv :.eslintrc.js [7ms]
[2022-07-22T01:40:42.052Z] > git ls-files --stage -- /home/diedose/coding/2022_portfolio/.eslintrc.js [1ms]
[2022-07-22T01:40:42.059Z] > git cat-file -s 162bddade0c145c8b8c9ab23fbc5e8d472072a61 [1ms]
[2022-07-22T01:40:46.992Z] > git show --textconv :jsconfig.json [7ms]
[2022-07-22T01:40:46.992Z] > git ls-files --stage -- /home/diedose/coding/2022_portfolio/jsconfig.json [1ms]
[2022-07-22T01:40:46.998Z] > git cat-file -s ff7794168cbb355a73f469a501754f3e0a05d5a3 [1ms]
[2022-07-22T01:40:49.178Z] > git show --textconv :2022_portfolio.code-workspace [9ms]
[2022-07-22T01:40:49.178Z] > git ls-files --stage -- /home/diedose/coding/2022_portfolio/2022_portfolio.code-workspace [3ms]
[2022-07-22T01:40:49.189Z] > git cat-file -s 362d7c25bb405a5cc76d0c7518cc240999a574f4 [5ms]
[2022-07-22T01:40:49.623Z] > git show --textconv :index.html [6ms]
[2022-07-22T01:40:49.623Z] > git ls-files --stage -- /home/diedose/coding/2022_portfolio/index.html [1ms]
[2022-07-22T01:40:49.630Z] > git cat-file -s 030a6ff51bfc6f6adcc472f6d8c02db92ce947a8 [1ms]
[2022-07-22T01:44:53.955Z] > git check-ignore -v -z --stdin [1ms]
[2022-07-22T01:44:54.460Z] > git status -z -uall [1ms]
[2022-07-22T01:44:54.468Z] > git symbolic-ref --short HEAD [1ms]
[2022-07-22T01:44:54.484Z] > git for-each-ref --format=%(refname)%00%(upstream:short)%00%(objectname)%00%(upstream:track)%00%(upstream:remotename)%00%(upstream:remoteref) refs/heads/master refs/remotes/master [1ms]
[2022-07-22T01:44:54.503Z] > git remote --verbose [1ms]
[2022-07-22T01:44:54.503Z] > git for-each-ref --sort -committerdate --format %(refname) %(objectname) %(*objectname) [9ms]
[2022-07-22T01:44:54.517Z] > git config --get commit.template [1ms]
[2022-07-22T01:44:59.647Z] > git status -z -uall [1ms]
[2022-07-22T01:44:59.653Z] > git symbolic-ref --short HEAD [1ms]
[2022-07-22T01:44:59.659Z] > git for-each-ref --format=%(refname)%00%(upstream:short)%00%(objectname)%00%(upstream:track)%00%(upstream:remotename)%00%(upstream:remoteref) refs/heads/master refs/remotes/master [1ms]
[2022-07-22T01:44:59.670Z] > git remote --verbose [2ms]
[2022-07-22T01:44:59.670Z] > git for-each-ref --sort -committerdate --format %(refname) %(objectname) %(*objectname) [6ms]
[2022-07-22T01:44:59.677Z] > git config --get commit.template [1ms]
[2022-07-22T01:44:59.753Z] > git ls-files --stage -- /home/diedose/coding/2022_portfolio/index.html [1ms]
[2022-07-22T01:44:59.763Z] > git show --textconv :index.html [1ms]
[2022-07-22T01:46:44.647Z] > git status -z -uall [1ms]
[2022-07-22T01:46:44.653Z] > git symbolic-ref --short HEAD [1ms]
[2022-07-22T01:46:44.658Z] > git for-each-ref --format=%(refname)%00%(upstream:short)%00%(objectname)%00%(upstream:track)%00%(upstream:remotename)%00%(upstream:remoteref) refs/heads/master refs/remotes/master [0ms]
[2022-07-22T01:46:44.669Z] > git remote --verbose [1ms]
[2022-07-22T01:46:44.669Z] > git for-each-ref --sort -committerdate --format %(refname) %(objectname) %(*objectname) [6ms]
[2022-07-22T01:46:44.676Z] > git config --get commit.template [1ms]
[2022-07-22T01:47:37.160Z] > git status -z -uall [1ms]
[2022-07-22T01:47:40.914Z] > git rev-parse --show-toplevel [1ms]
[2022-07-22T01:47:40.914Z] fatal: not a git repository (or any of the parent directories): .git
[2022-07-22T01:47:52.500Z] > git rev-parse --show-toplevel [1ms]
[2022-07-22T01:47:52.505Z] > git rev-parse --git-dir --git-common-dir [0ms]
[2022-07-22T01:47:52.509Z] [info] Open repository: /home/diedose/coding/2022_portfolio
[2022-07-22T01:47:52.516Z] > git status -z -uall [0ms]
[2022-07-22T01:47:52.522Z] > git symbolic-ref --short HEAD [0ms]
[2022-07-22T01:47:52.528Z] > git for-each-ref --format=%(refname)%00%(upstream:short)%00%(objectname)%00%(upstream:track)%00%(upstream:remotename)%00%(upstream:remoteref) refs/heads/main refs/remotes/main [1ms]
[2022-07-22T01:47:52.540Z] > git remote --verbose [1ms]
[2022-07-22T01:47:52.540Z] > git for-each-ref --sort -committerdate --format %(refname) %(objectname) %(*objectname) [7ms]
[2022-07-22T01:47:52.551Z] > git config --get commit.template [1ms]
[2022-07-22T01:47:53.061Z] > git check-ignore -v -z --stdin [1ms]
[2022-07-22T01:48:20.633Z] > git status -z -uall [1ms]
[2022-07-22T01:48:20.639Z] > git symbolic-ref --short HEAD [1ms]
[2022-07-22T01:48:20.645Z] > git for-each-ref --format=%(refname)%00%(upstream:short)%00%(objectname)%00%(upstream:track)%00%(upstream:remotename)%00%(upstream:remoteref) refs/heads/main refs/remotes/main [1ms]
[2022-07-22T01:48:20.655Z] > git remote --verbose [1ms]
[2022-07-22T01:48:20.655Z] > git for-each-ref --sort -committerdate --format %(refname) %(objectname) %(*objectname) [5ms]
[2022-07-22T01:48:20.663Z] > git config --get commit.template [1ms]
[2022-07-22T01:48:45.764Z] > git status -z -uall [1ms]
[2022-07-22T01:48:45.770Z] > git symbolic-ref --short HEAD [1ms]
[2022-07-22T01:48:45.776Z] > git for-each-ref --format=%(refname)%00%(upstream:short)%00%(objectname)%00%(upstream:track)%00%(upstream:remotename)%00%(upstream:remoteref) refs/heads/main refs/remotes/main [0ms]
[2022-07-22T01:48:45.788Z] > git for-each-ref --sort -committerdate --format %(refname) %(objectname) %(*objectname) [7ms]
[2022-07-22T01:48:45.788Z] > git remote --verbose [1ms]
[2022-07-22T01:48:45.796Z] > git config --get commit.template [0ms]
[2022-07-22T01:48:58.179Z] > git status -z -uall [1ms]
[2022-07-22T01:48:58.186Z] > git symbolic-ref --short HEAD [1ms]
[2022-07-22T01:48:58.192Z] > git for-each-ref --format=%(refname)%00%(upstream:short)%00%(objectname)%00%(upstream:track)%00%(upstream:remotename)%00%(upstream:remoteref) refs/heads/main refs/remotes/main [0ms]
[2022-07-22T01:48:58.204Z] > git remote --verbose [1ms]
[2022-07-22T01:48:58.204Z] > git for-each-ref --sort -committerdate --format %(refname) %(objectname) %(*objectname) [6ms]
[2022-07-22T01:48:58.213Z] > git config --get commit.template [1ms]
[2022-07-22T01:50:01.203Z] > git show --textconv :jsconfig.json [6ms]
[2022-07-22T01:50:01.204Z] > git ls-files --stage -- /home/diedose/coding/2022_portfolio/jsconfig.json [1ms]
[2022-07-22T01:50:01.210Z] > git cat-file -s ff7794168cbb355a73f469a501754f3e0a05d5a3 [1ms]
[2022-07-22T01:51:03.374Z] > git check-ignore -v -z --stdin [0ms]
[2022-07-22T01:51:10.044Z] > git show --textconv :src/App.vue [5ms]
[2022-07-22T01:51:10.045Z] > git ls-files --stage -- /home/diedose/coding/2022_portfolio/src/App.vue [1ms]
[2022-07-22T01:51:10.054Z] > git cat-file -s c04d0a541d481785122fad301535a9cbd7ecee41 [1ms]
[2022-07-22T01:51:13.839Z] > git show --textconv :src/components/HelloWorld.vue [8ms]
[2022-07-22T01:51:13.839Z] > git ls-files --stage -- /home/diedose/coding/2022_portfolio/src/components/HelloWorld.vue [1ms]
[2022-07-22T01:51:13.847Z] > git cat-file -s 1b8faac1521345513353e96050dd24d94610d432 [1ms]
[2022-07-22T01:51:16.884Z] > git status -z -uall [1ms]
[2022-07-22T01:51:16.890Z] > git symbolic-ref --short HEAD [0ms]
[2022-07-22T01:51:16.896Z] > git for-each-ref --format=%(refname)%00%(upstream:short)%00%(objectname)%00%(upstream:track)%00%(upstream:remotename)%00%(upstream:remoteref) refs/heads/main refs/remotes/main [0ms]
[2022-07-22T01:51:16.906Z] > git remote --verbose [0ms]
[2022-07-22T01:51:16.907Z] > git for-each-ref --sort -committerdate --format %(refname) %(objectname) %(*objectname) [6ms]
[2022-07-22T01:51:16.918Z] > git config --get commit.template [1ms]
[2022-07-22T01:51:20.138Z] > git show --textconv :src/App.vue [7ms]
[2022-07-22T01:51:20.139Z] > git ls-files --stage -- /home/diedose/coding/2022_portfolio/src/App.vue [1ms]
[2022-07-22T01:51:20.145Z] > git cat-file -s c04d0a541d481785122fad301535a9cbd7ecee41 [0ms]
[2022-07-22T01:51:21.926Z] > git status -z -uall [1ms]
[2022-07-22T01:51:21.932Z] > git symbolic-ref --short HEAD [0ms]
[2022-07-22T01:51:21.938Z] > git for-each-ref --format=%(refname)%00%(upstream:short)%00%(objectname)%00%(upstream:track)%00%(upstream:remotename)%00%(upstream:remoteref) refs/heads/main refs/remotes/main [0ms]
[2022-07-22T01:51:21.951Z] > git remote --verbose [0ms]
[2022-07-22T01:51:21.951Z] > git for-each-ref --sort -committerdate --format %(refname) %(objectname) %(*objectname) [6ms]
[2022-07-22T01:51:21.960Z] > git config --get commit.template [1ms]
[2022-07-22T01:51:26.969Z] > git status -z -uall [1ms]
[2022-07-22T01:51:26.976Z] > git symbolic-ref --short HEAD [1ms]
[2022-07-22T01:51:26.982Z] > git for-each-ref --format=%(refname)%00%(upstream:short)%00%(objectname)%00%(upstream:track)%00%(upstream:remotename)%00%(upstream:remoteref) refs/heads/main refs/remotes/main [0ms]
[2022-07-22T01:51:26.995Z] > git remote --verbose [1ms]
[2022-07-22T01:51:26.996Z] > git for-each-ref --sort -committerdate --format %(refname) %(objectname) %(*objectname) [8ms]
[2022-07-22T01:51:27.004Z] > git config --get commit.template [1ms]
[2022-07-22T01:51:41.934Z] > git show --textconv :src/main.js [8ms]
[2022-07-22T01:51:41.934Z] > git ls-files --stage -- /home/diedose/coding/2022_portfolio/src/main.js [1ms]
[2022-07-22T01:51:41.941Z] > git cat-file -s eedade80bfb8466db3eba40502ec70f5cd16d257 [2ms]
[2022-07-22T01:51:43.808Z] > git status -z -uall [1ms]
[2022-07-22T01:51:43.814Z] > git symbolic-ref --short HEAD [1ms]
[2022-07-22T01:51:43.819Z] > git for-each-ref --format=%(refname)%00%(upstream:short)%00%(objectname)%00%(upstream:track)%00%(upstream:remotename)%00%(upstream:remoteref) refs/heads/main refs/remotes/main [0ms]
[2022-07-22T01:51:43.830Z] > git remote --verbose [1ms]
[2022-07-22T01:51:43.830Z] > git for-each-ref --sort -committerdate --format %(refname) %(objectname) %(*objectname) [6ms]
[2022-07-22T01:51:43.838Z] > git config --get commit.template [1ms]
