[2022-07-21T21:53:42.641Z] Log level: Info
[2022-07-21T21:53:42.646Z] [info] Validating found git in: git
[2022-07-21T21:53:42.744Z] [info] Using git 2.25.1 from git
[2022-07-21T21:53:42.761Z] > git rev-parse --show-toplevel [6ms]
[2022-07-21T21:53:42.768Z] > git rev-parse --git-dir --git-common-dir [1ms]
[2022-07-21T21:53:42.775Z] [info] Open repository: /home/diedose/coding/2022_portfolio
[2022-07-21T21:53:42.785Z] > git status -z -uall [4ms]
[2022-07-21T21:53:42.791Z] > git symbolic-ref --short HEAD [2ms]
[2022-07-21T21:53:42.797Z] > git for-each-ref --format=%(refname)%00%(upstream:short)%00%(objectname)%00%(upstream:track)%00%(upstream:remotename)%00%(upstream:remoteref) refs/heads/main refs/remotes/main [2ms]
[2022-07-21T21:53:42.809Z] > git remote --verbose [2ms]
[2022-07-21T21:53:42.810Z] > git for-each-ref --sort -committerdate --format %(refname) %(objectname) %(*objectname) [9ms]
[2022-07-21T21:53:42.823Z] > git config --get commit.template [4ms]
[2022-07-21T21:53:42.832Z] > git status -z -uall [3ms]
[2022-07-21T21:53:42.837Z] > git symbolic-ref --short HEAD [0ms]
[2022-07-21T21:53:42.842Z] > git for-each-ref --format=%(refname)%00%(upstream:short)%00%(objectname)%00%(upstream:track)%00%(upstream:remotename)%00%(upstream:remoteref) refs/heads/main refs/remotes/main [2ms]
[2022-07-21T21:53:42.851Z] > git remote --verbose [2ms]
[2022-07-21T21:53:42.851Z] > git for-each-ref --sort -committerdate --format %(refname) %(objectname) %(*objectname) [6ms]
[2022-07-21T21:53:42.860Z] > git config --get commit.template [3ms]
[2022-07-21T21:53:43.333Z] > git show --textconv :README.md [5ms]
[2022-07-21T21:53:43.333Z] > git ls-files --stage -- /home/diedose/coding/2022_portfolio/README.md [1ms]
[2022-07-21T21:53:43.339Z] > git cat-file -s b95a9c46d29cb658c3ebff1b3f3ebe9a93a0dbd9 [2ms]
[2022-07-21T21:53:43.431Z] > git check-ignore -v -z --stdin [2ms]
[2022-07-21T21:56:57.654Z] > git check-ignore -v -z --stdin [1ms]
[2022-07-21T21:57:01.384Z] > git show --textconv :package.json [7ms]
[2022-07-21T21:57:01.385Z] > git ls-files --stage -- /home/diedose/coding/2022_portfolio/package.json [2ms]
[2022-07-21T21:57:28.440Z] > git show --textconv :jsconfig.json [4ms]
[2022-07-21T21:57:28.443Z] > git ls-files --stage -- /home/diedose/coding/2022_portfolio/jsconfig.json [3ms]
[2022-07-21T21:57:28.704Z] > git check-ignore -v -z --stdin [0ms]
[2022-07-21T21:57:29.258Z] > git status -z -uall [1ms]
[2022-07-21T21:57:29.262Z] > git symbolic-ref --short HEAD [1ms]
[2022-07-21T21:57:29.267Z] > git for-each-ref --format=%(refname)%00%(upstream:short)%00%(objectname)%00%(upstream:track)%00%(upstream:remotename)%00%(upstream:remoteref) refs/heads/main refs/remotes/main [1ms]
[2022-07-21T21:57:29.273Z] > git remote --verbose [1ms]
[2022-07-21T21:57:29.274Z] > git for-each-ref --sort -committerdate --format %(refname) %(objectname) %(*objectname) [4ms]
[2022-07-21T21:57:29.281Z] > git config --get commit.template [1ms]
[2022-07-21T21:57:38.752Z] > git status -z -uall [0ms]
[2022-07-21T21:57:38.756Z] > git symbolic-ref --short HEAD [0ms]
[2022-07-21T21:57:38.761Z] > git for-each-ref --format=%(refname)%00%(upstream:short)%00%(objectname)%00%(upstream:track)%00%(upstream:remotename)%00%(upstream:remoteref) refs/heads/main refs/remotes/main [1ms]
[2022-07-21T21:57:38.769Z] > git remote --verbose [1ms]
[2022-07-21T21:57:38.769Z] > git for-each-ref --sort -committerdate --format %(refname) %(objectname) %(*objectname) [4ms]
[2022-07-21T21:57:38.776Z] > git config --get commit.template [1ms]
[2022-07-21T21:57:54.684Z] > git show --textconv :package.json [6ms]
[2022-07-21T21:57:54.685Z] > git ls-files --stage -- /home/diedose/coding/2022_portfolio/package.json [2ms]
[2022-07-21T21:58:00.543Z] > git check-ignore -v -z --stdin [0ms]
[2022-07-21T21:58:01.561Z] > git show --textconv :src/App.vue [9ms]
[2022-07-21T21:58:01.561Z] > git ls-files --stage -- /home/diedose/coding/2022_portfolio/src/App.vue [2ms]
[2022-07-21T21:58:10.057Z] > git status -z -uall [1ms]
[2022-07-21T21:58:10.063Z] > git symbolic-ref --short HEAD [1ms]
[2022-07-21T21:58:10.069Z] > git for-each-ref --format=%(refname)%00%(upstream:short)%00%(objectname)%00%(upstream:track)%00%(upstream:remotename)%00%(upstream:remoteref) refs/heads/main refs/remotes/main [0ms]
[2022-07-21T21:58:10.083Z] > git remote --verbose [2ms]
[2022-07-21T21:58:10.083Z] > git for-each-ref --sort -committerdate --format %(refname) %(objectname) %(*objectname) [8ms]
[2022-07-21T21:58:10.093Z] > git config --get commit.template [1ms]
[2022-07-21T21:58:37.506Z] > git show --textconv :src/App.vue [5ms]
[2022-07-21T21:58:37.507Z] > git ls-files --stage -- /home/diedose/coding/2022_portfolio/src/App.vue [1ms]
[2022-07-21T21:58:40.132Z] > git status -z -uall [1ms]
[2022-07-21T21:58:40.138Z] > git symbolic-ref --short HEAD [0ms]
[2022-07-21T21:58:40.145Z] > git for-each-ref --format=%(refname)%00%(upstream:short)%00%(objectname)%00%(upstream:track)%00%(upstream:remotename)%00%(upstream:remoteref) refs/heads/main refs/remotes/main [0ms]
[2022-07-21T21:58:40.154Z] > git for-each-ref --sort -committerdate --format %(refname) %(objectname) %(*objectname) [4ms]
[2022-07-21T21:58:40.154Z] > git remote --verbose [1ms]
[2022-07-21T21:58:40.164Z] > git config --get commit.template [1ms]
[2022-07-21T21:58:45.172Z] > git status -z -uall [1ms]
[2022-07-21T21:58:45.179Z] > git symbolic-ref --short HEAD [1ms]
[2022-07-21T21:58:45.185Z] > git for-each-ref --format=%(refname)%00%(upstream:short)%00%(objectname)%00%(upstream:track)%00%(upstream:remotename)%00%(upstream:remoteref) refs/heads/main refs/remotes/main [1ms]
[2022-07-21T21:58:45.195Z] > git for-each-ref --sort -committerdate --format %(refname) %(objectname) %(*objectname) [5ms]
[2022-07-21T21:58:45.195Z] > git remote --verbose [1ms]
[2022-07-21T21:58:45.203Z] > git config --get commit.template [1ms]
