[2022-07-21T22:11:06.827Z] Log level: Info
[2022-07-21T22:11:06.834Z] [info] Validating found git in: git
[2022-07-21T22:11:06.871Z] [info] Using git 2.25.1 from git
[2022-07-21T22:11:07.072Z] > git rev-parse --show-toplevel [193ms]
[2022-07-21T22:11:07.120Z] > git rev-parse --git-dir --git-common-dir [41ms]
[2022-07-21T22:11:07.128Z] [info] Open repository: /home/diedose/coding/2022_portfolio
[2022-07-21T22:11:07.145Z] > git status -z -uall [7ms]
[2022-07-21T22:11:07.177Z] > git symbolic-ref --short HEAD [28ms]
[2022-07-21T22:11:07.193Z] > git for-each-ref --format=%(refname)%00%(upstream:short)%00%(objectname)%00%(upstream:track)%00%(upstream:remotename)%00%(upstream:remoteref) refs/heads/main refs/remotes/main [12ms]
[2022-07-21T22:11:07.207Z] > git remote --verbose [5ms]
[2022-07-21T22:11:07.208Z] > git for-each-ref --sort -committerdate --format %(refname) %(objectname) %(*objectname) [10ms]
[2022-07-21T22:11:07.222Z] > git config --get commit.template [3ms]
[2022-07-21T22:11:07.244Z] > git status -z -uall [17ms]
[2022-07-21T22:11:07.249Z] > git symbolic-ref --short HEAD [1ms]
[2022-07-21T22:11:07.254Z] > git for-each-ref --format=%(refname)%00%(upstream:short)%00%(objectname)%00%(upstream:track)%00%(upstream:remotename)%00%(upstream:remoteref) refs/heads/main refs/remotes/main [1ms]
[2022-07-21T22:11:07.261Z] > git for-each-ref --sort -committerdate --format %(refname) %(objectname) %(*objectname) [4ms]
[2022-07-21T22:11:07.262Z] > git remote --verbose [1ms]
[2022-07-21T22:11:07.269Z] > git config --get commit.template [0ms]
[2022-07-21T22:11:07.712Z] > git check-ignore -v -z --stdin [1ms]
[2022-07-21T22:11:10.935Z] > git show --textconv :src/App.vue [9ms]
[2022-07-21T22:11:10.936Z] > git ls-files --stage -- /home/diedose/coding/2022_portfolio/src/App.vue [2ms]
[2022-07-21T22:11:10.958Z] > git check-ignore -v -z --stdin [1ms]
[2022-07-21T22:11:14.375Z] > git status -z -uall [1ms]
[2022-07-21T22:11:14.380Z] > git symbolic-ref --short HEAD [1ms]
[2022-07-21T22:11:14.385Z] > git for-each-ref --format=%(refname)%00%(upstream:short)%00%(objectname)%00%(upstream:track)%00%(upstream:remotename)%00%(upstream:remoteref) refs/heads/main refs/remotes/main [1ms]
[2022-07-21T22:11:14.393Z] > git remote --verbose [1ms]
[2022-07-21T22:11:14.393Z] > git for-each-ref --sort -committerdate --format %(refname) %(objectname) %(*objectname) [4ms]
[2022-07-21T22:11:14.399Z] > git config --get commit.template [0ms]
[2022-07-21T22:11:21.834Z] > git status -z -uall [1ms]
[2022-07-21T22:11:21.840Z] > git symbolic-ref --short HEAD [0ms]
[2022-07-21T22:11:21.847Z] > git for-each-ref --format=%(refname)%00%(upstream:short)%00%(objectname)%00%(upstream:track)%00%(upstream:remotename)%00%(upstream:remoteref) refs/heads/main refs/remotes/main [1ms]
[2022-07-21T22:11:21.858Z] > git remote --verbose [0ms]
[2022-07-21T22:11:21.859Z] > git for-each-ref --sort -committerdate --format %(refname) %(objectname) %(*objectname) [7ms]
[2022-07-21T22:11:21.868Z] > git config --get commit.template [1ms]
[2022-07-21T22:11:27.669Z] > git status -z -uall [3ms]
[2022-07-21T22:11:27.675Z] > git symbolic-ref --short HEAD [1ms]
[2022-07-21T22:11:27.681Z] > git for-each-ref --format=%(refname)%00%(upstream:short)%00%(objectname)%00%(upstream:track)%00%(upstream:remotename)%00%(upstream:remoteref) refs/heads/main refs/remotes/main [1ms]
[2022-07-21T22:11:27.693Z] > git remote --verbose [1ms]
[2022-07-21T22:11:27.693Z] > git for-each-ref --sort -committerdate --format %(refname) %(objectname) %(*objectname) [6ms]
[2022-07-21T22:11:27.701Z] > git config --get commit.template [1ms]
[2022-07-21T22:11:32.708Z] > git status -z -uall [1ms]
[2022-07-21T22:11:32.713Z] > git symbolic-ref --short HEAD [1ms]
[2022-07-21T22:11:32.718Z] > git for-each-ref --format=%(refname)%00%(upstream:short)%00%(objectname)%00%(upstream:track)%00%(upstream:remotename)%00%(upstream:remoteref) refs/heads/main refs/remotes/main [1ms]
[2022-07-21T22:11:32.727Z] > git remote --verbose [1ms]
[2022-07-21T22:11:32.727Z] > git for-each-ref --sort -committerdate --format %(refname) %(objectname) %(*objectname) [5ms]
[2022-07-21T22:11:32.735Z] > git config --get commit.template [1ms]
[2022-07-21T22:12:01.799Z] > git check-ignore -v -z --stdin [1ms]
[2022-07-21T22:13:51.262Z] > git show --textconv :src/App.vue [7ms]
[2022-07-21T22:13:51.262Z] > git ls-files --stage -- /home/diedose/coding/2022_portfolio/src/App.vue [1ms]
[2022-07-21T22:13:54.595Z] > git status -z -uall [1ms]
[2022-07-21T22:13:54.601Z] > git symbolic-ref --short HEAD [1ms]
[2022-07-21T22:13:54.606Z] > git for-each-ref --format=%(refname)%00%(upstream:short)%00%(objectname)%00%(upstream:track)%00%(upstream:remotename)%00%(upstream:remoteref) refs/heads/main refs/remotes/main [1ms]
[2022-07-21T22:13:54.614Z] > git for-each-ref --sort -committerdate --format %(refname) %(objectname) %(*objectname) [5ms]
[2022-07-21T22:13:54.614Z] > git remote --verbose [1ms]
[2022-07-21T22:13:54.623Z] > git config --get commit.template [0ms]
[2022-07-21T22:13:59.630Z] > git status -z -uall [1ms]
[2022-07-21T22:13:59.634Z] > git symbolic-ref --short HEAD [0ms]
[2022-07-21T22:13:59.639Z] > git for-each-ref --format=%(refname)%00%(upstream:short)%00%(objectname)%00%(upstream:track)%00%(upstream:remotename)%00%(upstream:remoteref) refs/heads/main refs/remotes/main [1ms]
[2022-07-21T22:13:59.647Z] > git remote --verbose [1ms]
[2022-07-21T22:13:59.647Z] > git for-each-ref --sort -committerdate --format %(refname) %(objectname) %(*objectname) [4ms]
[2022-07-21T22:13:59.654Z] > git config --get commit.template [0ms]
[2022-07-21T22:14:29.975Z] > git show --textconv :src/App.vue [6ms]
[2022-07-21T22:14:29.975Z] > git ls-files --stage -- /home/diedose/coding/2022_portfolio/src/App.vue [1ms]
[2022-07-21T22:14:34.259Z] > git show --textconv :src/App.vue [6ms]
[2022-07-21T22:14:34.260Z] > git ls-files --stage -- /home/diedose/coding/2022_portfolio/src/App.vue [2ms]
[2022-07-21T22:14:36.418Z] > git status -z -uall [1ms]
[2022-07-21T22:14:36.424Z] > git symbolic-ref --short HEAD [1ms]
[2022-07-21T22:14:36.430Z] > git for-each-ref --format=%(refname)%00%(upstream:short)%00%(objectname)%00%(upstream:track)%00%(upstream:remotename)%00%(upstream:remoteref) refs/heads/main refs/remotes/main [1ms]
[2022-07-21T22:14:36.438Z] > git remote --verbose [1ms]
[2022-07-21T22:14:36.438Z] > git for-each-ref --sort -committerdate --format %(refname) %(objectname) %(*objectname) [4ms]
[2022-07-21T22:14:36.446Z] > git config --get commit.template [1ms]
[2022-07-21T22:14:42.557Z] > git show --textconv :README.md [75ms]
[2022-07-21T22:14:42.557Z] > git ls-files --stage -- /home/diedose/coding/2022_portfolio/README.md [68ms]
[2022-07-21T22:14:42.563Z] > git cat-file -s b95a9c46d29cb658c3ebff1b3f3ebe9a93a0dbd9 [1ms]
[2022-07-21T22:14:45.718Z] > git status -z -uall [1ms]
[2022-07-21T22:14:45.724Z] > git symbolic-ref --short HEAD [1ms]
[2022-07-21T22:14:45.730Z] > git for-each-ref --format=%(refname)%00%(upstream:short)%00%(objectname)%00%(upstream:track)%00%(upstream:remotename)%00%(upstream:remoteref) refs/heads/main refs/remotes/main [2ms]
[2022-07-21T22:14:45.739Z] > git remote --verbose [1ms]
[2022-07-21T22:14:45.739Z] > git for-each-ref --sort -committerdate --format %(refname) %(objectname) %(*objectname) [5ms]
[2022-07-21T22:14:45.749Z] > git config --get commit.template [3ms]
[2022-07-21T22:14:54.178Z] > git check-ignore -v -z --stdin [1ms]
[2022-07-21T22:14:55.079Z] > git show --textconv :src/router/index.js [12ms]
[2022-07-21T22:14:55.079Z] > git ls-files --stage -- /home/diedose/coding/2022_portfolio/src/router/index.js [4ms]
[2022-07-21T22:14:57.706Z] > git status -z -uall [1ms]
[2022-07-21T22:14:57.712Z] > git symbolic-ref --short HEAD [1ms]
[2022-07-21T22:14:57.718Z] > git for-each-ref --format=%(refname)%00%(upstream:short)%00%(objectname)%00%(upstream:track)%00%(upstream:remotename)%00%(upstream:remoteref) refs/heads/main refs/remotes/main [1ms]
[2022-07-21T22:14:57.728Z] > git remote --verbose [1ms]
[2022-07-21T22:14:57.728Z] > git for-each-ref --sort -committerdate --format %(refname) %(objectname) %(*objectname) [5ms]
[2022-07-21T22:14:57.736Z] > git config --get commit.template [0ms]
[2022-07-21T22:15:25.905Z] > git show --textconv :README.md [6ms]
[2022-07-21T22:15:25.906Z] > git ls-files --stage -- /home/diedose/coding/2022_portfolio/README.md [1ms]
[2022-07-21T22:15:25.913Z] > git cat-file -s b95a9c46d29cb658c3ebff1b3f3ebe9a93a0dbd9 [1ms]
[2022-07-21T22:15:27.422Z] > git status -z -uall [1ms]
[2022-07-21T22:15:27.428Z] > git symbolic-ref --short HEAD [0ms]
[2022-07-21T22:15:27.434Z] > git for-each-ref --format=%(refname)%00%(upstream:short)%00%(objectname)%00%(upstream:track)%00%(upstream:remotename)%00%(upstream:remoteref) refs/heads/main refs/remotes/main [0ms]
[2022-07-21T22:15:27.444Z] > git remote --verbose [0ms]
[2022-07-21T22:15:27.445Z] > git for-each-ref --sort -committerdate --format %(refname) %(objectname) %(*objectname) [6ms]
[2022-07-21T22:15:27.452Z] > git config --get commit.template [0ms]
[2022-07-21T22:15:27.859Z] > git show --textconv :src/router/index.js [6ms]
[2022-07-21T22:15:27.860Z] > git ls-files --stage -- /home/diedose/coding/2022_portfolio/src/router/index.js [2ms]
[2022-07-21T22:15:28.415Z] > git show --textconv :README.md [5ms]
[2022-07-21T22:15:28.416Z] > git ls-files --stage -- /home/diedose/coding/2022_portfolio/README.md [1ms]
[2022-07-21T22:15:28.422Z] > git cat-file -s b95a9c46d29cb658c3ebff1b3f3ebe9a93a0dbd9 [1ms]
[2022-07-21T22:15:30.219Z] > git show --textconv :src/router/index.js [6ms]
[2022-07-21T22:15:30.219Z] > git ls-files --stage -- /home/diedose/coding/2022_portfolio/src/router/index.js [0ms]
[2022-07-21T22:15:33.217Z] > git status -z -uall [0ms]
[2022-07-21T22:15:33.223Z] > git symbolic-ref --short HEAD [0ms]
[2022-07-21T22:15:33.229Z] > git for-each-ref --format=%(refname)%00%(upstream:short)%00%(objectname)%00%(upstream:track)%00%(upstream:remotename)%00%(upstream:remoteref) refs/heads/main refs/remotes/main [1ms]
[2022-07-21T22:15:33.241Z] > git remote --verbose [1ms]
[2022-07-21T22:15:33.241Z] > git for-each-ref --sort -committerdate --format %(refname) %(objectname) %(*objectname) [6ms]
[2022-07-21T22:15:33.249Z] > git config --get commit.template [1ms]
[2022-07-21T22:15:33.616Z] > git show --textconv :src/App.vue [7ms]
[2022-07-21T22:15:33.616Z] > git ls-files --stage -- /home/diedose/coding/2022_portfolio/src/App.vue [1ms]
[2022-07-21T22:15:38.257Z] > git status -z -uall [1ms]
[2022-07-21T22:15:38.263Z] > git symbolic-ref --short HEAD [0ms]
[2022-07-21T22:15:38.268Z] > git for-each-ref --format=%(refname)%00%(upstream:short)%00%(objectname)%00%(upstream:track)%00%(upstream:remotename)%00%(upstream:remoteref) refs/heads/main refs/remotes/main [0ms]
[2022-07-21T22:15:38.278Z] > git remote --verbose [1ms]
[2022-07-21T22:15:38.278Z] > git for-each-ref --sort -committerdate --format %(refname) %(objectname) %(*objectname) [5ms]
[2022-07-21T22:15:38.286Z] > git config --get commit.template [1ms]
[2022-07-21T22:15:43.295Z] > git status -z -uall [1ms]
[2022-07-21T22:15:43.302Z] > git symbolic-ref --short HEAD [1ms]
[2022-07-21T22:15:43.308Z] > git for-each-ref --format=%(refname)%00%(upstream:short)%00%(objectname)%00%(upstream:track)%00%(upstream:remotename)%00%(upstream:remoteref) refs/heads/main refs/remotes/main [1ms]
[2022-07-21T22:15:43.320Z] > git remote --verbose [1ms]
[2022-07-21T22:15:43.320Z] > git for-each-ref --sort -committerdate --format %(refname) %(objectname) %(*objectname) [6ms]
[2022-07-21T22:15:43.329Z] > git config --get commit.template [1ms]
