["INFO" - 12:14:12 AM] Extension Name: esbenp.prettier-vscode.
["INFO" - 12:14:12 AM] Extension Version: 9.5.0.
["INFO" - 12:15:26 AM] Formatting file:///home/diedose/coding/2022_portfolio/README.md
["INFO" - 12:15:26 AM] Using ignore file (if present) at /home/diedose/coding/2022_portfolio/.prettierignore
["INFO" - 12:15:26 AM] File Info:
{
  "ignored": false,
  "inferredParser": "markdown"
}
["INFO" - 12:15:26 AM] No local configuration (i.e. .prettierrc or .editorconfig) detected, falling back to VS Code configuration
["INFO" - 12:15:26 AM] Prettier Options:
{
  "arrowParens": "always",
  "bracketSpacing": true,
  "endOfLine": "lf",
  "htmlWhitespaceSensitivity": "css",
  "insertPragma": false,
  "jsxBracketSameLine": false,
  "jsxSingleQuote": false,
  "printWidth": 80,
  "proseWrap": "preserve",
  "quoteProps": "as-needed",
  "requirePragma": false,
  "semi": true,
  "singleQuote": false,
  "tabWidth": 2,
  "trailingComma": "es5",
  "useTabs": false,
  "vueIndentScriptAndStyle": false,
  "filepath": "/home/diedose/coding/2022_portfolio/README.md",
  "parser": "markdown"
}
["INFO" - 12:15:26 AM] Formatting completed in 0.06ms.
["INFO" - 12:15:32 AM] Formatting file:///home/diedose/coding/2022_portfolio/src/router/index.js
["INFO" - 12:15:32 AM] Using ignore file (if present) at /home/diedose/coding/2022_portfolio/.prettierignore
["INFO" - 12:15:32 AM] File Info:
{
  "ignored": false,
  "inferredParser": "babel"
}
["INFO" - 12:15:32 AM] No local configuration (i.e. .prettierrc or .editorconfig) detected, falling back to VS Code configuration
["INFO" - 12:15:32 AM] Prettier Options:
{
  "arrowParens": "always",
  "bracketSpacing": true,
  "endOfLine": "lf",
  "htmlWhitespaceSensitivity": "css",
  "insertPragma": false,
  "jsxBracketSameLine": false,
  "jsxSingleQuote": false,
  "printWidth": 80,
  "proseWrap": "preserve",
  "quoteProps": "as-needed",
  "requirePragma": false,
  "semi": true,
  "singleQuote": false,
  "tabWidth": 2,
  "trailingComma": "es5",
  "useTabs": false,
  "vueIndentScriptAndStyle": false,
  "filepath": "/home/diedose/coding/2022_portfolio/src/router/index.js",
  "parser": "babel"
}
["INFO" - 12:15:32 AM] Formatting completed in 0.058ms.
["INFO" - 12:18:57 AM] Formatting vscode-userdata:/c%3A/Users/DieDose/AppData/Roaming/Code/User/settings.json
["INFO" - 12:18:58 AM] File Info:
{
  "ignored": false,
  "inferredParser": "json"
}
["INFO" - 12:18:58 AM] No local configuration (i.e. .prettierrc or .editorconfig) detected, falling back to VS Code configuration
["INFO" - 12:18:58 AM] Prettier Options:
{
  "arrowParens": "always",
  "bracketSpacing": true,
  "endOfLine": "lf",
  "htmlWhitespaceSensitivity": "css",
  "insertPragma": false,
  "jsxBracketSameLine": false,
  "jsxSingleQuote": false,
  "printWidth": 80,
  "proseWrap": "preserve",
  "quoteProps": "as-needed",
  "requirePragma": false,
  "semi": true,
  "singleQuote": false,
  "tabWidth": 2,
  "trailingComma": "es5",
  "useTabs": false,
  "vueIndentScriptAndStyle": false,
  "filepath": "c:/Users/DieDose/AppData/Roaming/Code/User/settings.json",
  "parser": "json"
}
["INFO" - 12:18:58 AM] Formatting completed in 0.08ms.
